==============================================================
File generated on Wed Oct 18 12:22:31 PDT 2023
Vivado(TM) HLS - High-Level Synthesis from C, C++ and SystemC v2018.3 (64-bit)
SW Build 2405991 on Thu Dec  6 23:36:41 MST 2018
IP Build 2404404 on Fri Dec  7 01:43:56 MST 2018
Copyright 1986-2018 Xilinx, Inc. All Rights Reserved.
==============================================================
INFO: [XFORM 203-101] Allowed max sub elements number after partition is 4096.
INFO: [XFORM 203-1161] The maximum of name length is set into 80.
INFO: [HLS 200-10] Setting target device to 'xc7vx485tffg1761-2'
INFO: [SYN 201-201] Setting up clock 'default' with a period of 5ns.
INFO: [SYN 201-201] Setting up clock 'default' with an uncertainty of 0.625ns.
INFO: [SIM 211-2] *************** CSIM start ***************
INFO: [SIM 211-4] CSIM will launch GCC as the compiler.
INFO: [SIM 211-1] CSim done with 0 errors.
INFO: [SIM 211-3] *************** CSIM finish ***************
INFO: [SCHED 204-61] Option 'relax_ii_for_timing' is enabled, will increase II to preserve clock frequency constraints.
INFO: [HLS 200-10] Analyzing design file 'firmware/myproject.cpp' ... 
INFO: [HLS 200-111] Finished Linking Time (s): cpu = 00:00:16 ; elapsed = 00:00:26 . Memory (MB): peak = 413.668 ; gain = 0.000 ; free physical = 1506 ; free virtual = 39082
INFO: [HLS 200-111] Finished Checking Pragmas Time (s): cpu = 00:00:16 ; elapsed = 00:00:26 . Memory (MB): peak = 413.668 ; gain = 0.000 ; free physical = 1506 ; free virtual = 39082
INFO: [HLS 200-10] Starting code transformations ...
INFO: [XFORM 203-603] Inlining function 'nnet::product::mult<ap_fixed<16, 6, (ap_q_mode)5, (ap_o_mode)3, 0>, ap_fixed<16, 6, (ap_q_mode)5, (ap_o_mode)3, 0> >::product' into 'nnet::dense_latency<ap_fixed<16, 6, (ap_q_mode)5, (ap_o_mode)3, 0>, ap_fixed<16, 6, (ap_q_mode)5, (ap_o_mode)3, 0>, config2>' (firmware/nnet_utils/nnet_dense_latency.h:42).
INFO: [XFORM 203-603] Inlining function 'nnet::product::mult<ap_fixed<16, 6, (ap_q_mode)5, (ap_o_mode)3, 0>, ap_fixed<16, 6, (ap_q_mode)5, (ap_o_mode)3, 0> >::product' into 'nnet::dense_latency<ap_fixed<16, 6, (ap_q_mode)5, (ap_o_mode)3, 0>, ap_fixed<16, 6, (ap_q_mode)5, (ap_o_mode)3, 0>, config4>' (firmware/nnet_utils/nnet_dense_latency.h:42).
INFO: [XFORM 203-603] Inlining function 'nnet::product::mult<ap_fixed<16, 6, (ap_q_mode)5, (ap_o_mode)3, 0>, ap_fixed<16, 6, (ap_q_mode)5, (ap_o_mode)3, 0> >::product' into 'nnet::dense_latency<ap_fixed<16, 6, (ap_q_mode)5, (ap_o_mode)3, 0>, ap_fixed<16, 6, (ap_q_mode)5, (ap_o_mode)3, 0>, config6>' (firmware/nnet_utils/nnet_dense_latency.h:42).
INFO: [XFORM 203-603] Inlining function 'nnet::dense<ap_fixed<16, 6, (ap_q_mode)5, (ap_o_mode)3, 0>, ap_fixed<16, 6, (ap_q_mode)5, (ap_o_mode)3, 0>, config2>' into 'myproject' (firmware/myproject.cpp:39).
INFO: [XFORM 203-603] Inlining function 'nnet::dense<ap_fixed<16, 6, (ap_q_mode)5, (ap_o_mode)3, 0>, ap_fixed<16, 6, (ap_q_mode)5, (ap_o_mode)3, 0>, config4>' into 'myproject' (firmware/myproject.cpp:47).
INFO: [XFORM 203-603] Inlining function 'nnet::dense<ap_fixed<16, 6, (ap_q_mode)5, (ap_o_mode)3, 0>, ap_fixed<16, 6, (ap_q_mode)5, (ap_o_mode)3, 0>, config6>' into 'myproject' (firmware/myproject.cpp:55).
INFO: [HLS 200-111] Finished Standard Transforms Time (s): cpu = 00:00:16 ; elapsed = 00:00:27 . Memory (MB): peak = 539.668 ; gain = 126.000 ; free physical = 1465 ; free virtual = 39071
INFO: [HLS 200-10] Checking synthesizability ...
INFO: [XFORM 203-602] Inlining function 'nnet::cast<ap_fixed<16, 6, (ap_q_mode)5, (ap_o_mode)3, 0>, ap_fixed<16, 6, (ap_q_mode)5, (ap_o_mode)3, 0>, config2>' into 'nnet::dense_latency<ap_fixed<16, 6, (ap_q_mode)5, (ap_o_mode)3, 0>, ap_fixed<16, 6, (ap_q_mode)5, (ap_o_mode)3, 0>, config2>' (firmware/nnet_utils/nnet_dense_latency.h:66) automatically.
INFO: [XFORM 203-602] Inlining function 'nnet::cast<ap_fixed<16, 6, (ap_q_mode)5, (ap_o_mode)3, 0>, ap_fixed<16, 6, (ap_q_mode)5, (ap_o_mode)3, 0>, config4>' into 'nnet::dense_latency<ap_fixed<16, 6, (ap_q_mode)5, (ap_o_mode)3, 0>, ap_fixed<16, 6, (ap_q_mode)5, (ap_o_mode)3, 0>, config4>' (firmware/nnet_utils/nnet_dense_latency.h:66) automatically.
INFO: [XFORM 203-602] Inlining function 'nnet::cast<ap_fixed<16, 6, (ap_q_mode)5, (ap_o_mode)3, 0>, ap_fixed<16, 6, (ap_q_mode)5, (ap_o_mode)3, 0>, config6>' into 'nnet::dense_latency<ap_fixed<16, 6, (ap_q_mode)5, (ap_o_mode)3, 0>, ap_fixed<16, 6, (ap_q_mode)5, (ap_o_mode)3, 0>, config6>' (firmware/nnet_utils/nnet_dense_latency.h:66) automatically.
INFO: [HLS 200-111] Finished Checking Synthesizability Time (s): cpu = 00:00:17 ; elapsed = 00:00:28 . Memory (MB): peak = 539.668 ; gain = 126.000 ; free physical = 1451 ; free virtual = 39060
INFO: [XFORM 203-502] Unrolling all loops for pipelining in function 'nnet::dense_latency<ap_fixed<16, 6, (ap_q_mode)5, (ap_o_mode)3, 0>, ap_fixed<16, 6, (ap_q_mode)5, (ap_o_mode)3, 0>, config6>' (firmware/nnet_utils/nnet_dense_latency.h:13:43).
INFO: [XFORM 203-502] Unrolling all loops for pipelining in function 'nnet::relu<ap_fixed<16, 6, (ap_q_mode)5, (ap_o_mode)3, 0>, ap_fixed<16, 6, (ap_q_mode)5, (ap_o_mode)3, 0>, relu_config5>' (firmware/nnet_utils/nnet_activation.h:40:43).
INFO: [XFORM 203-502] Unrolling all loops for pipelining in function 'nnet::dense_latency<ap_fixed<16, 6, (ap_q_mode)5, (ap_o_mode)3, 0>, ap_fixed<16, 6, (ap_q_mode)5, (ap_o_mode)3, 0>, config4>' (firmware/nnet_utils/nnet_dense_latency.h:17:48).
INFO: [XFORM 203-502] Unrolling all loops for pipelining in function 'nnet::relu<ap_fixed<16, 6, (ap_q_mode)5, (ap_o_mode)3, 0>, ap_fixed<16, 6, (ap_q_mode)5, (ap_o_mode)3, 0>, relu_config3>' (firmware/nnet_utils/nnet_activation.h:40:43).
INFO: [XFORM 203-502] Unrolling all loops for pipelining in function 'nnet::dense_latency<ap_fixed<16, 6, (ap_q_mode)5, (ap_o_mode)3, 0>, ap_fixed<16, 6, (ap_q_mode)5, (ap_o_mode)3, 0>, config2>' (firmware/nnet_utils/nnet_dense_latency.h:17:48).
INFO: [HLS 200-489] Unrolling loop 'Product1' (firmware/nnet_utils/nnet_dense_latency.h:37) in function 'nnet::dense_latency<ap_fixed<16, 6, (ap_q_mode)5, (ap_o_mode)3, 0>, ap_fixed<16, 6, (ap_q_mode)5, (ap_o_mode)3, 0>, config6>' completely with a factor of 4.
INFO: [HLS 200-489] Unrolling loop 'Accum1' (firmware/nnet_utils/nnet_dense_latency.h:54) in function 'nnet::dense_latency<ap_fixed<16, 6, (ap_q_mode)5, (ap_o_mode)3, 0>, ap_fixed<16, 6, (ap_q_mode)5, (ap_o_mode)3, 0>, config6>' completely with a factor of 4.
INFO: [HLS 200-489] Unrolling loop 'Loop-1' (firmware/nnet_utils/nnet_activation.h:43) in function 'nnet::relu<ap_fixed<16, 6, (ap_q_mode)5, (ap_o_mode)3, 0>, ap_fixed<16, 6, (ap_q_mode)5, (ap_o_mode)3, 0>, relu_config5>' completely with a factor of 4.
INFO: [HLS 200-489] Unrolling loop 'Product1' (firmware/nnet_utils/nnet_dense_latency.h:37) in function 'nnet::dense_latency<ap_fixed<16, 6, (ap_q_mode)5, (ap_o_mode)3, 0>, ap_fixed<16, 6, (ap_q_mode)5, (ap_o_mode)3, 0>, config4>' completely with a factor of 8.
INFO: [HLS 200-489] Unrolling loop 'Product2' (firmware/nnet_utils/nnet_dense_latency.h:40) in function 'nnet::dense_latency<ap_fixed<16, 6, (ap_q_mode)5, (ap_o_mode)3, 0>, ap_fixed<16, 6, (ap_q_mode)5, (ap_o_mode)3, 0>, config4>' completely with a factor of 4.
INFO: [HLS 200-489] Unrolling loop 'ResetAccum' (firmware/nnet_utils/nnet_dense_latency.h:48) in function 'nnet::dense_latency<ap_fixed<16, 6, (ap_q_mode)5, (ap_o_mode)3, 0>, ap_fixed<16, 6, (ap_q_mode)5, (ap_o_mode)3, 0>, config4>' completely with a factor of 4.
INFO: [HLS 200-489] Unrolling loop 'Accum1' (firmware/nnet_utils/nnet_dense_latency.h:54) in function 'nnet::dense_latency<ap_fixed<16, 6, (ap_q_mode)5, (ap_o_mode)3, 0>, ap_fixed<16, 6, (ap_q_mode)5, (ap_o_mode)3, 0>, config4>' completely with a factor of 8.
INFO: [HLS 200-489] Unrolling loop 'Accum2' (firmware/nnet_utils/nnet_dense_latency.h:56) in function 'nnet::dense_latency<ap_fixed<16, 6, (ap_q_mode)5, (ap_o_mode)3, 0>, ap_fixed<16, 6, (ap_q_mode)5, (ap_o_mode)3, 0>, config4>' completely with a factor of 4.
INFO: [HLS 200-489] Unrolling loop 'Result' (firmware/nnet_utils/nnet_dense_latency.h:64) in function 'nnet::dense_latency<ap_fixed<16, 6, (ap_q_mode)5, (ap_o_mode)3, 0>, ap_fixed<16, 6, (ap_q_mode)5, (ap_o_mode)3, 0>, config4>' completely with a factor of 4.
INFO: [HLS 200-489] Unrolling loop 'Loop-1' (firmware/nnet_utils/nnet_activation.h:43) in function 'nnet::relu<ap_fixed<16, 6, (ap_q_mode)5, (ap_o_mode)3, 0>, ap_fixed<16, 6, (ap_q_mode)5, (ap_o_mode)3, 0>, relu_config3>' completely with a factor of 8.
INFO: [HLS 200-489] Unrolling loop 'Product1' (firmware/nnet_utils/nnet_dense_latency.h:37) in function 'nnet::dense_latency<ap_fixed<16, 6, (ap_q_mode)5, (ap_o_mode)3, 0>, ap_fixed<16, 6, (ap_q_mode)5, (ap_o_mode)3, 0>, config2>' completely with a factor of 2.
INFO: [HLS 200-489] Unrolling loop 'Product2' (firmware/nnet_utils/nnet_dense_latency.h:40) in function 'nnet::dense_latency<ap_fixed<16, 6, (ap_q_mode)5, (ap_o_mode)3, 0>, ap_fixed<16, 6, (ap_q_mode)5, (ap_o_mode)3, 0>, config2>' completely with a factor of 8.
INFO: [HLS 200-489] Unrolling loop 'ResetAccum' (firmware/nnet_utils/nnet_dense_latency.h:48) in function 'nnet::dense_latency<ap_fixed<16, 6, (ap_q_mode)5, (ap_o_mode)3, 0>, ap_fixed<16, 6, (ap_q_mode)5, (ap_o_mode)3, 0>, config2>' completely with a factor of 8.
INFO: [HLS 200-489] Unrolling loop 'Accum1' (firmware/nnet_utils/nnet_dense_latency.h:54) in function 'nnet::dense_latency<ap_fixed<16, 6, (ap_q_mode)5, (ap_o_mode)3, 0>, ap_fixed<16, 6, (ap_q_mode)5, (ap_o_mode)3, 0>, config2>' completely with a factor of 2.
INFO: [HLS 200-489] Unrolling loop 'Accum2' (firmware/nnet_utils/nnet_dense_latency.h:56) in function 'nnet::dense_latency<ap_fixed<16, 6, (ap_q_mode)5, (ap_o_mode)3, 0>, ap_fixed<16, 6, (ap_q_mode)5, (ap_o_mode)3, 0>, config2>' completely with a factor of 8.
INFO: [HLS 200-489] Unrolling loop 'Result' (firmware/nnet_utils/nnet_dense_latency.h:64) in function 'nnet::dense_latency<ap_fixed<16, 6, (ap_q_mode)5, (ap_o_mode)3, 0>, ap_fixed<16, 6, (ap_q_mode)5, (ap_o_mode)3, 0>, config2>' completely with a factor of 8.
INFO: [XFORM 203-131] Reshaping array 'input_8.V' (firmware/myproject.cpp:7) in dimension 1 completely.
INFO: [XFORM 203-101] Partitioning array 'layer7_out.V' (firmware/myproject.cpp:8) in dimension 1 completely.
INFO: [XFORM 203-101] Partitioning array 'layer2_out.V' (firmware/myproject.cpp:37) in dimension 1 completely.
INFO: [XFORM 203-101] Partitioning array 'layer3_out.V' (firmware/myproject.cpp:41) in dimension 1 completely.
INFO: [XFORM 203-101] Partitioning array 'layer4_out.V' (firmware/myproject.cpp:45) in dimension 1 completely.
INFO: [XFORM 203-101] Partitioning array 'layer5_out.V' (firmware/myproject.cpp:49) in dimension 1 completely.
INFO: [XFORM 203-101] Partitioning array 'layer6_out.V' (firmware/myproject.cpp:53) in dimension 1 completely.
INFO: [XFORM 203-101] Partitioning array 'b2.V'  in dimension 1 completely.
INFO: [XFORM 203-101] Partitioning array 'mult.V' (firmware/nnet_utils/nnet_dense_latency.h:17) in dimension 1 completely.
INFO: [XFORM 203-101] Partitioning array 'acc.V' (firmware/nnet_utils/nnet_dense_latency.h:18) in dimension 1 completely.
INFO: [XFORM 203-101] Partitioning array 'b6.V'  in dimension 1 completely.
INFO: [XFORM 203-101] Partitioning array 'mult.V' (firmware/nnet_utils/nnet_dense_latency.h:17) in dimension 1 completely.
INFO: [XFORM 203-101] Partitioning array 'acc.V' (firmware/nnet_utils/nnet_dense_latency.h:18) in dimension 1 completely.
INFO: [XFORM 203-101] Partitioning array 'b4.V'  in dimension 1 completely.
INFO: [XFORM 203-101] Partitioning array 'mult.V' (firmware/nnet_utils/nnet_dense_latency.h:17) in dimension 1 completely.
INFO: [XFORM 203-101] Partitioning array 'acc.V' (firmware/nnet_utils/nnet_dense_latency.h:18) in dimension 1 completely.
INFO: [XFORM 203-602] Inlining function 'nnet::cast<ap_fixed<16, 6, (ap_q_mode)5, (ap_o_mode)3, 0>, ap_fixed<16, 6, (ap_q_mode)5, (ap_o_mode)3, 0>, config2>' into 'nnet::dense_latency<ap_fixed<16, 6, (ap_q_mode)5, (ap_o_mode)3, 0>, ap_fixed<16, 6, (ap_q_mode)5, (ap_o_mode)3, 0>, config2>' (firmware/nnet_utils/nnet_dense_latency.h:66) automatically.
INFO: [XFORM 203-602] Inlining function 'nnet::cast<ap_fixed<16, 6, (ap_q_mode)5, (ap_o_mode)3, 0>, ap_fixed<16, 6, (ap_q_mode)5, (ap_o_mode)3, 0>, config4>' into 'nnet::dense_latency<ap_fixed<16, 6, (ap_q_mode)5, (ap_o_mode)3, 0>, ap_fixed<16, 6, (ap_q_mode)5, (ap_o_mode)3, 0>, config4>' (firmware/nnet_utils/nnet_dense_latency.h:66) automatically.
INFO: [XFORM 203-602] Inlining function 'nnet::cast<ap_fixed<16, 6, (ap_q_mode)5, (ap_o_mode)3, 0>, ap_fixed<16, 6, (ap_q_mode)5, (ap_o_mode)3, 0>, config6>' into 'nnet::dense_latency<ap_fixed<16, 6, (ap_q_mode)5, (ap_o_mode)3, 0>, ap_fixed<16, 6, (ap_q_mode)5, (ap_o_mode)3, 0>, config6>' (firmware/nnet_utils/nnet_dense_latency.h:66) automatically.
INFO: [XFORM 203-622] Instantiating function 'nnet::dense_latency<ap_fixed<16, 6, (ap_q_mode)5, (ap_o_mode)3, 0>, ap_fixed<16, 6, (ap_q_mode)5, (ap_o_mode)3, 0>, config6>'(firmware/nnet_utils/nnet_dense_latency.h:26:1) to 'nnet::dense_latency<ap_fixed<16, 6, (ap_q_mode)5, (ap_o_mode)3, 0>, ap_fixed<16, 6, (ap_q_mode)5, (ap_o_mode)3, 0>, config6>.0' at call site (firmware/nnet_utils/nnet_dense.h:41->firmware/myproject.cpp:55) by setting 'weights.V' to 'w6.V'.
INFO: [XFORM 203-622] Instantiating function 'nnet::dense_latency<ap_fixed<16, 6, (ap_q_mode)5, (ap_o_mode)3, 0>, ap_fixed<16, 6, (ap_q_mode)5, (ap_o_mode)3, 0>, config6>.0'(firmware/nnet_utils/nnet_dense_latency.h:26:1) to 'nnet::dense_latency<ap_fixed<16, 6, (ap_q_mode)5, (ap_o_mode)3, 0>, ap_fixed<16, 6, (ap_q_mode)5, (ap_o_mode)3, 0>, config6>.0.0' at call site (firmware/nnet_utils/nnet_dense.h:41->firmware/myproject.cpp:55) by setting 'biases.V' to 'b6.V.0'.
INFO: [XFORM 203-622] Instantiating function 'nnet::dense_latency<ap_fixed<16, 6, (ap_q_mode)5, (ap_o_mode)3, 0>, ap_fixed<16, 6, (ap_q_mode)5, (ap_o_mode)3, 0>, config4>'(firmware/nnet_utils/nnet_dense_latency.h:26:1) to 'nnet::dense_latency<ap_fixed<16, 6, (ap_q_mode)5, (ap_o_mode)3, 0>, ap_fixed<16, 6, (ap_q_mode)5, (ap_o_mode)3, 0>, config4>.0' at call site (firmware/nnet_utils/nnet_dense.h:41->firmware/myproject.cpp:47) by setting 'weights.V' to 'w4.V'.
INFO: [XFORM 203-622] Instantiating function 'nnet::dense_latency<ap_fixed<16, 6, (ap_q_mode)5, (ap_o_mode)3, 0>, ap_fixed<16, 6, (ap_q_mode)5, (ap_o_mode)3, 0>, config4>.0'(firmware/nnet_utils/nnet_dense_latency.h:26:1) to 'nnet::dense_latency<ap_fixed<16, 6, (ap_q_mode)5, (ap_o_mode)3, 0>, ap_fixed<16, 6, (ap_q_mode)5, (ap_o_mode)3, 0>, config4>.0.0' at call site (firmware/nnet_utils/nnet_dense.h:41->firmware/myproject.cpp:47) by setting 'biases[0].V' to 'b4.V.0'.
INFO: [XFORM 203-622] Instantiating function 'nnet::dense_latency<ap_fixed<16, 6, (ap_q_mode)5, (ap_o_mode)3, 0>, ap_fixed<16, 6, (ap_q_mode)5, (ap_o_mode)3, 0>, config4>.0.0'(firmware/nnet_utils/nnet_dense_latency.h:26:1) to 'nnet::dense_latency<ap_fixed<16, 6, (ap_q_mode)5, (ap_o_mode)3, 0>, ap_fixed<16, 6, (ap_q_mode)5, (ap_o_mode)3, 0>, config4>.0.0.0' at call site (firmware/nnet_utils/nnet_dense.h:41->firmware/myproject.cpp:47) by setting 'biases[1].V' to 'b4.V.1'.
INFO: [XFORM 203-622] Instantiating function 'nnet::dense_latency<ap_fixed<16, 6, (ap_q_mode)5, (ap_o_mode)3, 0>, ap_fixed<16, 6, (ap_q_mode)5, (ap_o_mode)3, 0>, config4>.0.0.0'(firmware/nnet_utils/nnet_dense_latency.h:26:1) to 'nnet::dense_latency<ap_fixed<16, 6, (ap_q_mode)5, (ap_o_mode)3, 0>, ap_fixed<16, 6, (ap_q_mode)5, (ap_o_mode)3, 0>, config4>.0.0.0.0' at call site (firmware/nnet_utils/nnet_dense.h:41->firmware/myproject.cpp:47) by setting 'biases[2].V' to 'b4.V.2'.
INFO: [XFORM 203-622] Instantiating function 'nnet::dense_latency<ap_fixed<16, 6, (ap_q_mode)5, (ap_o_mode)3, 0>, ap_fixed<16, 6, (ap_q_mode)5, (ap_o_mode)3, 0>, config4>.0.0.0.0'(firmware/nnet_utils/nnet_dense_latency.h:26:1) to 'nnet::dense_latency<ap_fixed<16, 6, (ap_q_mode)5, (ap_o_mode)3, 0>, ap_fixed<16, 6, (ap_q_mode)5, (ap_o_mode)3, 0>, config4>.0.0.0.0.0' at call site (firmware/nnet_utils/nnet_dense.h:41->firmware/myproject.cpp:47) by setting 'biases[3].V' to 'b4.V.3'.
INFO: [XFORM 203-622] Instantiating function 'nnet::dense_latency<ap_fixed<16, 6, (ap_q_mode)5, (ap_o_mode)3, 0>, ap_fixed<16, 6, (ap_q_mode)5, (ap_o_mode)3, 0>, config2>'(firmware/nnet_utils/nnet_dense_latency.h:26:1) to 'nnet::dense_latency<ap_fixed<16, 6, (ap_q_mode)5, (ap_o_mode)3, 0>, ap_fixed<16, 6, (ap_q_mode)5, (ap_o_mode)3, 0>, config2>.0' by setting 'weights.V' to 'w2.V'.
INFO: [XFORM 203-622] Instantiating function 'nnet::dense_latency<ap_fixed<16, 6, (ap_q_mode)5, (ap_o_mode)3, 0>, ap_fixed<16, 6, (ap_q_mode)5, (ap_o_mode)3, 0>, config2>.0'(firmware/nnet_utils/nnet_dense_latency.h:26:1) to 'nnet::dense_latency<ap_fixed<16, 6, (ap_q_mode)5, (ap_o_mode)3, 0>, ap_fixed<16, 6, (ap_q_mode)5, (ap_o_mode)3, 0>, config2>.0.0' by setting 'biases[0].V' to 'b2.V.0'.
INFO: [XFORM 203-622] Instantiating function 'nnet::dense_latency<ap_fixed<16, 6, (ap_q_mode)5, (ap_o_mode)3, 0>, ap_fixed<16, 6, (ap_q_mode)5, (ap_o_mode)3, 0>, config2>.0.0'(firmware/nnet_utils/nnet_dense_latency.h:26:1) to 'nnet::dense_latency<ap_fixed<16, 6, (ap_q_mode)5, (ap_o_mode)3, 0>, ap_fixed<16, 6, (ap_q_mode)5, (ap_o_mode)3, 0>, config2>.0.0.0' by setting 'biases[1].V' to 'b2.V.1'.
INFO: [XFORM 203-622] Instantiating function 'nnet::dense_latency<ap_fixed<16, 6, (ap_q_mode)5, (ap_o_mode)3, 0>, ap_fixed<16, 6, (ap_q_mode)5, (ap_o_mode)3, 0>, config2>.0.0.0'(firmware/nnet_utils/nnet_dense_latency.h:26:1) to 'nnet::dense_latency<ap_fixed<16, 6, (ap_q_mode)5, (ap_o_mode)3, 0>, ap_fixed<16, 6, (ap_q_mode)5, (ap_o_mode)3, 0>, config2>.0.0.0.0' by setting 'biases[2].V' to 'b2.V.2'.
INFO: [XFORM 203-622] Instantiating function 'nnet::dense_latency<ap_fixed<16, 6, (ap_q_mode)5, (ap_o_mode)3, 0>, ap_fixed<16, 6, (ap_q_mode)5, (ap_o_mode)3, 0>, config2>.0.0.0.0'(firmware/nnet_utils/nnet_dense_latency.h:26:1) to 'nnet::dense_latency<ap_fixed<16, 6, (ap_q_mode)5, (ap_o_mode)3, 0>, ap_fixed<16, 6, (ap_q_mode)5, (ap_o_mode)3, 0>, config2>.0.0.0.0.0' by setting 'biases[3].V' to 'b2.V.3'.
INFO: [XFORM 203-622] Instantiating function 'nnet::dense_latency<ap_fixed<16, 6, (ap_q_mode)5, (ap_o_mode)3, 0>, ap_fixed<16, 6, (ap_q_mode)5, (ap_o_mode)3, 0>, config2>.0.0.0.0.0'(firmware/nnet_utils/nnet_dense_latency.h:26:1) to 'nnet::dense_latency<ap_fixed<16, 6, (ap_q_mode)5, (ap_o_mode)3, 0>, ap_fixed<16, 6, (ap_q_mode)5, (ap_o_mode)3, 0>, config2>.0.0.0.0.0.0' by setting 'biases[4].V' to 'b2.V.4'.
INFO: [XFORM 203-622] Instantiating function 'nnet::dense_latency<ap_fixed<16, 6, (ap_q_mode)5, (ap_o_mode)3, 0>, ap_fixed<16, 6, (ap_q_mode)5, (ap_o_mode)3, 0>, config2>.0.0.0.0.0.0'(firmware/nnet_utils/nnet_dense_latency.h:26:1) to 'nnet::dense_latency<ap_fixed<16, 6, (ap_q_mode)5, (ap_o_mode)3, 0>, ap_fixed<16, 6, (ap_q_mode)5, (ap_o_mode)3, 0>, config2>.0.0.0.0.0.0.0' by setting 'biases[5].V' to 'b2.V.5'.
INFO: [XFORM 203-622] Instantiating function 'nnet::dense_latency<ap_fixed<16, 6, (ap_q_mode)5, (ap_o_mode)3, 0>, ap_fixed<16, 6, (ap_q_mode)5, (ap_o_mode)3, 0>, config2>.0.0.0.0.0.0.0'(firmware/nnet_utils/nnet_dense_latency.h:26:1) to 'nnet::dense_latency<ap_fixed<16, 6, (ap_q_mode)5, (ap_o_mode)3, 0>, ap_fixed<16, 6, (ap_q_mode)5, (ap_o_mode)3, 0>, config2>.0.0.0.0.0.0.0.0' by setting 'biases[6].V' to 'b2.V.6'.
INFO: [XFORM 203-622] Instantiating function 'nnet::dense_latency<ap_fixed<16, 6, (ap_q_mode)5, (ap_o_mode)3, 0>, ap_fixed<16, 6, (ap_q_mode)5, (ap_o_mode)3, 0>, config2>.0.0.0.0.0.0.0.0'(firmware/nnet_utils/nnet_dense_latency.h:26:1) to 'nnet::dense_latency<ap_fixed<16, 6, (ap_q_mode)5, (ap_o_mode)3, 0>, ap_fixed<16, 6, (ap_q_mode)5, (ap_o_mode)3, 0>, config2>.0.0.0.0.0.0.0.0.0' by setting 'biases[7].V' to 'b2.V.7'.
INFO: [XFORM 203-401] Performing if-conversion on hyperblock from (firmware/nnet_utils/nnet_activation.h:95:21) to (firmware/nnet_utils/nnet_activation.h:123:1) in function 'nnet::sigmoid<ap_fixed<16, 6, (ap_q_mode)5, (ap_o_mode)3, 0>, ap_fixed<16, 6, (ap_q_mode)5, (ap_o_mode)3, 0>, sigmoid_config7>'... converting 3 basic blocks.
INFO: [XFORM 203-11] Balancing expressions in function 'nnet::dense_latency<ap_fixed<16, 6, (ap_q_mode)5, (ap_o_mode)3, 0>, ap_fixed<16, 6, (ap_q_mode)5, (ap_o_mode)3, 0>, config6>.0.0' (firmware/nnet_utils/nnet_dense_latency.h:26:1)...4 expression(s) balanced.
INFO: [XFORM 203-11] Balancing expressions in function 'nnet::dense_latency<ap_fixed<16, 6, (ap_q_mode)5, (ap_o_mode)3, 0>, ap_fixed<16, 6, (ap_q_mode)5, (ap_o_mode)3, 0>, config4>.0.0.0.0.0' (firmware/nnet_utils/nnet_dense_latency.h:26:1)...31 expression(s) balanced.
INFO: [HLS 200-111] Finished Pre-synthesis Time (s): cpu = 00:00:17 ; elapsed = 00:00:28 . Memory (MB): peak = 539.668 ; gain = 126.000 ; free physical = 1406 ; free virtual = 39026
WARNING: [XFORM 203-631] Renaming function 'nnet::sigmoid<ap_fixed<16, 6, (ap_q_mode)5, (ap_o_mode)3, 0>, ap_fixed<16, 6, (ap_q_mode)5, (ap_o_mode)3, 0>, sigmoid_config7>' to 'sigmoid<ap_fixed<16, 6, 5, 3, 0>, ap_fixed<16, 6, 5, 3, 0>, sigmoid_config7>' (firmware/nnet_utils/nnet_activation.h:95)
WARNING: [XFORM 203-631] Renaming function 'nnet::relu<ap_fixed<16, 6, (ap_q_mode)5, (ap_o_mode)3, 0>, ap_fixed<16, 6, (ap_q_mode)5, (ap_o_mode)3, 0>, relu_config5>' to 'relu<ap_fixed<16, 6, 5, 3, 0>, ap_fixed<16, 6, 5, 3, 0>, relu_config5>' (firmware/nnet_utils/nnet_activation.h:39)
WARNING: [XFORM 203-631] Renaming function 'nnet::relu<ap_fixed<16, 6, (ap_q_mode)5, (ap_o_mode)3, 0>, ap_fixed<16, 6, (ap_q_mode)5, (ap_o_mode)3, 0>, relu_config3>' to 'relu<ap_fixed<16, 6, 5, 3, 0>, ap_fixed<16, 6, 5, 3, 0>, relu_config3>' (firmware/nnet_utils/nnet_activation.h:39)
WARNING: [XFORM 203-631] Renaming function 'nnet::dense_latency<ap_fixed<16, 6, (ap_q_mode)5, (ap_o_mode)3, 0>, ap_fixed<16, 6, (ap_q_mode)5, (ap_o_mode)3, 0>, config6>.0.0' to 'dense_latency<ap_fixed<16, 6, 5, 3, 0>, ap_fixed<16, 6, 5, 3, 0>, config6>.0.0' (firmware/nnet_utils/nnet_dense_latency.h:26:1)
WARNING: [XFORM 203-631] Renaming function 'nnet::dense_latency<ap_fixed<16, 6, (ap_q_mode)5, (ap_o_mode)3, 0>, ap_fixed<16, 6, (ap_q_mode)5, (ap_o_mode)3, 0>, config4>.0.0.0.0.0' to 'dense_latency<ap_fixed,ap_fixed<16,6,5,3,0>,config4>.0.0.0.0.0' (firmware/nnet_utils/nnet_dense_latency.h:26:1)
WARNING: [XFORM 203-631] Renaming function 'nnet::dense_latency<ap_fixed<16, 6, (ap_q_mode)5, (ap_o_mode)3, 0>, ap_fixed<16, 6, (ap_q_mode)5, (ap_o_mode)3, 0>, config2>.0.0.0.0.0.0.0.0.0' to 'dense_latency<ap_fixed,ap_fixed<16,6,5,3,0>,config2>.0.0.0.0.0.0.0.0.0' (firmware/nnet_utils/nnet_dense_latency.h:26:1)
INFO: [HLS 200-111] Finished Architecture Synthesis Time (s): cpu = 00:00:17 ; elapsed = 00:00:28 . Memory (MB): peak = 603.668 ; gain = 190.000 ; free physical = 1353 ; free virtual = 38973
INFO: [HLS 200-10] Starting hardware synthesis ...
INFO: [HLS 200-10] Synthesizing 'myproject' ...
WARNING: [SYN 201-103] Legalizing function name 'dense_latency<ap_fixed,ap_fixed<16,6,5,3,0>,config2>.0.0.0.0.0.0.0.0.0' to 'dense_latency_ap_fixed_ap_fixed_16_6_5_3_0_config2_0_0_0_0_0_0_0_0_0'.
WARNING: [SYN 201-103] Legalizing function name 'relu<ap_fixed<16, 6, 5, 3, 0>, ap_fixed<16, 6, 5, 3, 0>, relu_config3>' to 'relu_ap_fixed_16_6_5_3_0_ap_fixed_16_6_5_3_0_relu_config3_s'.
WARNING: [SYN 201-103] Legalizing function name 'dense_latency<ap_fixed,ap_fixed<16,6,5,3,0>,config4>.0.0.0.0.0' to 'dense_latency_ap_fixed_ap_fixed_16_6_5_3_0_config4_0_0_0_0_0'.
WARNING: [SYN 201-103] Legalizing function name 'relu<ap_fixed<16, 6, 5, 3, 0>, ap_fixed<16, 6, 5, 3, 0>, relu_config5>' to 'relu_ap_fixed_16_6_5_3_0_ap_fixed_16_6_5_3_0_relu_config5_s'.
WARNING: [SYN 201-103] Legalizing function name 'dense_latency<ap_fixed<16, 6, 5, 3, 0>, ap_fixed<16, 6, 5, 3, 0>, config6>.0.0' to 'dense_latency_ap_fixed_16_6_5_3_0_ap_fixed_16_6_5_3_0_config6_0_0'.
WARNING: [SYN 201-103] Legalizing function name 'sigmoid<ap_fixed<16, 6, 5, 3, 0>, ap_fixed<16, 6, 5, 3, 0>, sigmoid_config7>' to 'sigmoid_ap_fixed_16_6_5_3_0_ap_fixed_16_6_5_3_0_sigmoid_config7_s'.
INFO: [HLS 200-10] ----------------------------------------------------------------
INFO: [HLS 200-42] -- Implementing module 'dense_latency_ap_fixed_ap_fixed_16_6_5_3_0_config2_0_0_0_0_0_0_0_0_0' 
INFO: [HLS 200-10] ----------------------------------------------------------------
INFO: [SCHED 204-11] Starting scheduling ...
INFO: [SCHED 204-61] Pipelining function 'dense_latency<ap_fixed,ap_fixed<16,6,5,3,0>,config2>.0.0.0.0.0.0.0.0.0'.
INFO: [SCHED 204-61] Pipelining result : Target II = 1, Final II = 1, Depth = 2.
INFO: [SCHED 204-11] Finished scheduling.
INFO: [HLS 200-111]  Elapsed time: 28.42 seconds; current allocated memory: 162.858 MB.
INFO: [BIND 205-100] Starting micro-architecture generation ...
INFO: [BIND 205-101] Performing variable lifetime analysis.
INFO: [BIND 205-101] Exploring resource sharing.
INFO: [BIND 205-101] Binding ...
INFO: [BIND 205-100] Starting global binding ...
INFO: [BIND 205-100] Finished micro-architecture generation.
INFO: [HLS 200-111]  Elapsed time: 0.08 seconds; current allocated memory: 163.252 MB.
INFO: [HLS 200-10] ----------------------------------------------------------------
INFO: [HLS 200-42] -- Implementing module 'relu_ap_fixed_16_6_5_3_0_ap_fixed_16_6_5_3_0_relu_config3_s' 
INFO: [HLS 200-10] ----------------------------------------------------------------
INFO: [SCHED 204-11] Starting scheduling ...
INFO: [SCHED 204-61] Pipelining function 'relu<ap_fixed<16, 6, 5, 3, 0>, ap_fixed<16, 6, 5, 3, 0>, relu_config3>'.
INFO: [SCHED 204-61] Pipelining result : Target II = 1, Final II = 1, Depth = 1.
INFO: [SCHED 204-11] Finished scheduling.
INFO: [HLS 200-111]  Elapsed time: 0.08 seconds; current allocated memory: 163.499 MB.
INFO: [BIND 205-100] Starting micro-architecture generation ...
INFO: [BIND 205-101] Performing variable lifetime analysis.
INFO: [BIND 205-101] Exploring resource sharing.
INFO: [BIND 205-101] Binding ...
INFO: [BIND 205-100] Finished micro-architecture generation.
INFO: [HLS 200-111]  Elapsed time: 0.03 seconds; current allocated memory: 163.715 MB.
INFO: [HLS 200-10] ----------------------------------------------------------------
INFO: [HLS 200-42] -- Implementing module 'dense_latency_ap_fixed_ap_fixed_16_6_5_3_0_config4_0_0_0_0_0' 
INFO: [HLS 200-10] ----------------------------------------------------------------
INFO: [SCHED 204-11] Starting scheduling ...
INFO: [SCHED 204-61] Pipelining function 'dense_latency<ap_fixed,ap_fixed<16,6,5,3,0>,config4>.0.0.0.0.0'.
INFO: [SCHED 204-61] Pipelining result : Target II = 1, Final II = 1, Depth = 3.
INFO: [SCHED 204-11] Finished scheduling.
INFO: [HLS 200-111]  Elapsed time: 0.14 seconds; current allocated memory: 164.215 MB.
INFO: [BIND 205-100] Starting micro-architecture generation ...
INFO: [BIND 205-101] Performing variable lifetime analysis.
INFO: [BIND 205-101] Exploring resource sharing.
INFO: [BIND 205-101] Binding ...
INFO: [BIND 205-100] Starting global binding ...
INFO: [BIND 205-100] Finished micro-architecture generation.
INFO: [HLS 200-111]  Elapsed time: 0.08 seconds; current allocated memory: 164.946 MB.
INFO: [HLS 200-10] ----------------------------------------------------------------
INFO: [HLS 200-42] -- Implementing module 'relu_ap_fixed_16_6_5_3_0_ap_fixed_16_6_5_3_0_relu_config5_s' 
INFO: [HLS 200-10] ----------------------------------------------------------------
INFO: [SCHED 204-11] Starting scheduling ...
INFO: [SCHED 204-61] Pipelining function 'relu<ap_fixed<16, 6, 5, 3, 0>, ap_fixed<16, 6, 5, 3, 0>, relu_config5>'.
INFO: [SCHED 204-61] Pipelining result : Target II = 1, Final II = 1, Depth = 1.
INFO: [SCHED 204-11] Finished scheduling.
INFO: [HLS 200-111]  Elapsed time: 0.11 seconds; current allocated memory: 165.123 MB.
INFO: [BIND 205-100] Starting micro-architecture generation ...
INFO: [BIND 205-101] Performing variable lifetime analysis.
INFO: [BIND 205-101] Exploring resource sharing.
INFO: [BIND 205-101] Binding ...
INFO: [BIND 205-100] Finished micro-architecture generation.
INFO: [HLS 200-111]  Elapsed time: 0.01 seconds; current allocated memory: 165.244 MB.
INFO: [HLS 200-10] ----------------------------------------------------------------
INFO: [HLS 200-42] -- Implementing module 'dense_latency_ap_fixed_16_6_5_3_0_ap_fixed_16_6_5_3_0_config6_0_0' 
INFO: [HLS 200-10] ----------------------------------------------------------------
INFO: [SCHED 204-11] Starting scheduling ...
INFO: [SCHED 204-61] Pipelining function 'dense_latency<ap_fixed<16, 6, 5, 3, 0>, ap_fixed<16, 6, 5, 3, 0>, config6>.0.0'.
INFO: [SCHED 204-61] Pipelining result : Target II = 1, Final II = 1, Depth = 2.
INFO: [SCHED 204-11] Finished scheduling.
INFO: [HLS 200-111]  Elapsed time: 0.04 seconds; current allocated memory: 165.396 MB.
INFO: [BIND 205-100] Starting micro-architecture generation ...
INFO: [BIND 205-101] Performing variable lifetime analysis.
INFO: [BIND 205-101] Exploring resource sharing.
INFO: [BIND 205-101] Binding ...
INFO: [BIND 205-100] Starting global binding ...
INFO: [BIND 205-100] Finished micro-architecture generation.
INFO: [HLS 200-111]  Elapsed time: 0.02 seconds; current allocated memory: 165.526 MB.
INFO: [HLS 200-10] ----------------------------------------------------------------
INFO: [HLS 200-42] -- Implementing module 'sigmoid_ap_fixed_16_6_5_3_0_ap_fixed_16_6_5_3_0_sigmoid_config7_s' 
INFO: [HLS 200-10] ----------------------------------------------------------------
INFO: [SCHED 204-11] Starting scheduling ...
INFO: [SCHED 204-61] Pipelining function 'sigmoid<ap_fixed<16, 6, 5, 3, 0>, ap_fixed<16, 6, 5, 3, 0>, sigmoid_config7>'.
INFO: [SCHED 204-61] Pipelining result : Target II = 1, Final II = 1, Depth = 3.
INFO: [SCHED 204-11] Finished scheduling.
INFO: [HLS 200-111]  Elapsed time: 0.03 seconds; current allocated memory: 165.674 MB.
INFO: [BIND 205-100] Starting micro-architecture generation ...
INFO: [BIND 205-101] Performing variable lifetime analysis.
INFO: [BIND 205-101] Exploring resource sharing.
INFO: [BIND 205-101] Binding ...
INFO: [BIND 205-100] Finished micro-architecture generation.
INFO: [HLS 200-111]  Elapsed time: 0.02 seconds; current allocated memory: 165.814 MB.
INFO: [HLS 200-10] ----------------------------------------------------------------
INFO: [HLS 200-42] -- Implementing module 'myproject' 
INFO: [HLS 200-10] ----------------------------------------------------------------
INFO: [SCHED 204-11] Starting scheduling ...
INFO: [SCHED 204-61] Pipelining function 'myproject'.
INFO: [SCHED 204-61] Pipelining result : Target II = 1, Final II = 1, Depth = 13.
INFO: [SCHED 204-11] Finished scheduling.
INFO: [HLS 200-111]  Elapsed time: 0.04 seconds; current allocated memory: 165.979 MB.
INFO: [BIND 205-100] Starting micro-architecture generation ...
INFO: [BIND 205-101] Performing variable lifetime analysis.
INFO: [BIND 205-101] Exploring resource sharing.
INFO: [BIND 205-101] Binding ...
INFO: [BIND 205-100] Finished micro-architecture generation.
INFO: [HLS 200-111]  Elapsed time: 0.21 seconds; current allocated memory: 166.378 MB.
INFO: [HLS 200-10] ----------------------------------------------------------------
INFO: [HLS 200-10] -- Generating RTL for module 'dense_latency_ap_fixed_ap_fixed_16_6_5_3_0_config2_0_0_0_0_0_0_0_0_0' 
INFO: [HLS 200-10] ----------------------------------------------------------------
INFO: [RTGEN 206-100] Finished creating RTL model for 'dense_latency_ap_fixed_ap_fixed_16_6_5_3_0_config2_0_0_0_0_0_0_0_0_0'.
INFO: [HLS 200-111]  Elapsed time: 0.19 seconds; current allocated memory: 167.289 MB.
INFO: [HLS 200-10] ----------------------------------------------------------------
INFO: [HLS 200-10] -- Generating RTL for module 'relu_ap_fixed_16_6_5_3_0_ap_fixed_16_6_5_3_0_relu_config3_s' 
INFO: [HLS 200-10] ----------------------------------------------------------------
INFO: [RTGEN 206-100] Finished creating RTL model for 'relu_ap_fixed_16_6_5_3_0_ap_fixed_16_6_5_3_0_relu_config3_s'.
INFO: [HLS 200-111]  Elapsed time: 0.16 seconds; current allocated memory: 169.234 MB.
INFO: [HLS 200-10] ----------------------------------------------------------------
INFO: [HLS 200-10] -- Generating RTL for module 'dense_latency_ap_fixed_ap_fixed_16_6_5_3_0_config4_0_0_0_0_0' 
INFO: [HLS 200-10] ----------------------------------------------------------------
INFO: [RTGEN 206-100] Finished creating RTL model for 'dense_latency_ap_fixed_ap_fixed_16_6_5_3_0_config4_0_0_0_0_0'.
INFO: [HLS 200-111]  Elapsed time: 0.09 seconds; current allocated memory: 171.043 MB.
INFO: [HLS 200-10] ----------------------------------------------------------------
INFO: [HLS 200-10] -- Generating RTL for module 'relu_ap_fixed_16_6_5_3_0_ap_fixed_16_6_5_3_0_relu_config5_s' 
INFO: [HLS 200-10] ----------------------------------------------------------------
INFO: [RTGEN 206-100] Finished creating RTL model for 'relu_ap_fixed_16_6_5_3_0_ap_fixed_16_6_5_3_0_relu_config5_s'.
INFO: [HLS 200-111]  Elapsed time: 0.29 seconds; current allocated memory: 173.914 MB.
INFO: [HLS 200-10] ----------------------------------------------------------------
INFO: [HLS 200-10] -- Generating RTL for module 'dense_latency_ap_fixed_16_6_5_3_0_ap_fixed_16_6_5_3_0_config6_0_0' 
INFO: [HLS 200-10] ----------------------------------------------------------------
INFO: [RTGEN 206-100] Finished creating RTL model for 'dense_latency_ap_fixed_16_6_5_3_0_ap_fixed_16_6_5_3_0_config6_0_0'.
