

================================================================
== Vivado HLS Report for 'dense_latency_ap_fixed_ap_fixed_32_18_5_3_0_config4_0_0_0_0_0'
================================================================
* Date:           Tue Oct 31 15:29:30 2023

* Version:        2018.3 (Build 2405991 on Thu Dec 06 23:56:15 MST 2018)
* Project:        myproject_prj
* Solution:       solution1
* Product family: virtex7
* Target device:  xc7vx485tffg1761-2


================================================================
== Performance Estimates
================================================================
+ Timing (ns): 
    * Summary: 
    +--------+-------+----------+------------+
    |  Clock | Target| Estimated| Uncertainty|
    +--------+-------+----------+------------+
    |ap_clk  |   5.00|     4.108|        0.62|
    +--------+-------+----------+------------+

+ Latency (clock cycles): 
    * Summary: 
    +-----+-----+-----+-----+----------+
    |  Latency  |  Interval | Pipeline |
    | min | max | min | max |   Type   |
    +-----+-----+-----+-----+----------+
    |    5|    5|    1|    1| function |
    +-----+-----+-----+-----+----------+

    + Detail: 
        * Instance: 
        N/A

        * Loop: 
        N/A

============================================================
+ Verbose Summary: Synthesis Manager
============================================================
InlineROM: 1
ExposeGlobal: 0
============================================================
+ Verbose Summary: CDFG Model
============================================================
IsTopModel: 0
ResetActiveHigh: 1
IsCombinational: 0
IsDatapathOnly: 0
HasWiredReturn: 1
HasMFsm: 2
HasVarLatency: 0
IsPipeline: 1
IsRtlPipelined: 1
IsInstanceOverlapped: 0
IsDontTouch: 0
HasImplIP: 0
IsGatedGlobalClock: 0

+ Individual pipeline summary: 
  * Pipeline-0: initiation interval (II) = 1, depth = 6


============================================================
+ Verbose Summary: Schedule
============================================================
* Number of FSM states : 6
* Pipeline : 1
  Pipeline-0 : II = 1, D = 6, States = { 1 2 3 4 5 6 }
* Dataflow Pipeline: 0

* FSM state transitions: 
1 --> 
	2  / true
2 --> 
	3  / true
3 --> 
	4  / true
4 --> 
	5  / true
5 --> 
	6  / true
6 --> 

* FSM state operations: 

State 1 <SV = 0> <Delay = 4.10>
ST_1 : Operation 7 [1/1] (0.00ns)   --->   "%data_7_V_read_2 = call i32 @_ssdm_op_Read.ap_auto.i32(i32 %data_7_V_read)" [firmware/nnet_utils/nnet_dense_latency.h:13]   --->   Operation 7 'read' 'data_7_V_read_2' <Predicate = true> <Delay = 0.00>
ST_1 : Operation 8 [1/1] (0.00ns)   --->   "%data_6_V_read_2 = call i32 @_ssdm_op_Read.ap_auto.i32(i32 %data_6_V_read)" [firmware/nnet_utils/nnet_dense_latency.h:13]   --->   Operation 8 'read' 'data_6_V_read_2' <Predicate = true> <Delay = 0.00>
ST_1 : Operation 9 [1/1] (0.00ns)   --->   "%data_5_V_read_2 = call i32 @_ssdm_op_Read.ap_auto.i32(i32 %data_5_V_read)" [firmware/nnet_utils/nnet_dense_latency.h:13]   --->   Operation 9 'read' 'data_5_V_read_2' <Predicate = true> <Delay = 0.00>
ST_1 : Operation 10 [1/1] (0.00ns)   --->   "%data_4_V_read_2 = call i32 @_ssdm_op_Read.ap_auto.i32(i32 %data_4_V_read)" [firmware/nnet_utils/nnet_dense_latency.h:13]   --->   Operation 10 'read' 'data_4_V_read_2' <Predicate = true> <Delay = 0.00>
ST_1 : Operation 11 [1/1] (0.00ns)   --->   "%data_3_V_read_4 = call i32 @_ssdm_op_Read.ap_auto.i32(i32 %data_3_V_read)" [firmware/nnet_utils/nnet_dense_latency.h:13]   --->   Operation 11 'read' 'data_3_V_read_4' <Predicate = true> <Delay = 0.00>
ST_1 : Operation 12 [1/1] (0.00ns)   --->   "%data_2_V_read_4 = call i32 @_ssdm_op_Read.ap_auto.i32(i32 %data_2_V_read)" [firmware/nnet_utils/nnet_dense_latency.h:13]   --->   Operation 12 'read' 'data_2_V_read_4' <Predicate = true> <Delay = 0.00>
ST_1 : Operation 13 [1/1] (0.00ns)   --->   "%data_1_V_read_4 = call i32 @_ssdm_op_Read.ap_auto.i32(i32 %data_1_V_read)" [firmware/nnet_utils/nnet_dense_latency.h:13]   --->   Operation 13 'read' 'data_1_V_read_4' <Predicate = true> <Delay = 0.00>
ST_1 : Operation 14 [1/1] (0.00ns)   --->   "%data_0_V_read_4 = call i32 @_ssdm_op_Read.ap_auto.i32(i32 %data_0_V_read)" [firmware/nnet_utils/nnet_dense_latency.h:13]   --->   Operation 14 'read' 'data_0_V_read_4' <Predicate = true> <Delay = 0.00>
ST_1 : Operation 15 [1/1] (0.00ns)   --->   "%r_V_6_cast1 = sext i32 %data_6_V_read_2 to i44" [firmware/nnet_utils/nnet_mult.h:73->firmware/nnet_utils/nnet_dense_latency.h:42]   --->   Operation 15 'sext' 'r_V_6_cast1' <Predicate = true> <Delay = 0.00>
ST_1 : Operation 16 [1/1] (0.00ns)   --->   "%r_V_6_cast2 = sext i32 %data_6_V_read_2 to i42" [firmware/nnet_utils/nnet_mult.h:73->firmware/nnet_utils/nnet_dense_latency.h:42]   --->   Operation 16 'sext' 'r_V_6_cast2' <Predicate = true> <Delay = 0.00>
ST_1 : Operation 17 [1/1] (0.00ns)   --->   "%r_V_6_cast = sext i32 %data_6_V_read_2 to i46" [firmware/nnet_utils/nnet_mult.h:73->firmware/nnet_utils/nnet_dense_latency.h:42]   --->   Operation 17 'sext' 'r_V_6_cast' <Predicate = true> <Delay = 0.00>
ST_1 : Operation 18 [3/3] (4.10ns)   --->   "%r_V_8_6 = mul i46 %r_V_6_cast, -11504" [firmware/nnet_utils/nnet_mult.h:73->firmware/nnet_utils/nnet_dense_latency.h:42]   --->   Operation 18 'mul' 'r_V_8_6' <Predicate = true> <Delay = 4.10> <Core = "MulnS">   --->   Core 17 'MulnS' <Latency = 2> <II = 1> <Delay = 4.10> <FuncUnit> <Opcode : 'mul'> <InPorts = 2> <OutPorts = 1>
ST_1 : Operation 19 [3/3] (4.10ns)   --->   "%r_V_8_6_1 = mul i42 %r_V_6_cast2, -483" [firmware/nnet_utils/nnet_mult.h:73->firmware/nnet_utils/nnet_dense_latency.h:42]   --->   Operation 19 'mul' 'r_V_8_6_1' <Predicate = true> <Delay = 4.10> <Core = "MulnS">   --->   Core 17 'MulnS' <Latency = 2> <II = 1> <Delay = 4.10> <FuncUnit> <Opcode : 'mul'> <InPorts = 2> <OutPorts = 1>
ST_1 : Operation 20 [3/3] (4.10ns)   --->   "%r_V_8_6_2 = mul i44 %r_V_6_cast1, 1133" [firmware/nnet_utils/nnet_mult.h:73->firmware/nnet_utils/nnet_dense_latency.h:42]   --->   Operation 20 'mul' 'r_V_8_6_2' <Predicate = true> <Delay = 4.10> <Core = "MulnS">   --->   Core 17 'MulnS' <Latency = 2> <II = 1> <Delay = 4.10> <FuncUnit> <Opcode : 'mul'> <InPorts = 2> <OutPorts = 1>
ST_1 : Operation 21 [3/3] (4.10ns)   --->   "%r_V_8_6_3 = mul i42 %r_V_6_cast2, -462" [firmware/nnet_utils/nnet_mult.h:73->firmware/nnet_utils/nnet_dense_latency.h:42]   --->   Operation 21 'mul' 'r_V_8_6_3' <Predicate = true> <Delay = 4.10> <Core = "MulnS">   --->   Core 17 'MulnS' <Latency = 2> <II = 1> <Delay = 4.10> <FuncUnit> <Opcode : 'mul'> <InPorts = 2> <OutPorts = 1>
ST_1 : Operation 22 [1/1] (0.00ns)   --->   "%r_V_7_cast1 = sext i32 %data_7_V_read_2 to i45" [firmware/nnet_utils/nnet_mult.h:73->firmware/nnet_utils/nnet_dense_latency.h:42]   --->   Operation 22 'sext' 'r_V_7_cast1' <Predicate = true> <Delay = 0.00>
ST_1 : Operation 23 [1/1] (0.00ns)   --->   "%r_V_7_cast2 = sext i32 %data_7_V_read_2 to i43" [firmware/nnet_utils/nnet_mult.h:73->firmware/nnet_utils/nnet_dense_latency.h:42]   --->   Operation 23 'sext' 'r_V_7_cast2' <Predicate = true> <Delay = 0.00>
ST_1 : Operation 24 [1/1] (0.00ns)   --->   "%r_V_7_cast = sext i32 %data_7_V_read_2 to i46" [firmware/nnet_utils/nnet_mult.h:73->firmware/nnet_utils/nnet_dense_latency.h:42]   --->   Operation 24 'sext' 'r_V_7_cast' <Predicate = true> <Delay = 0.00>
ST_1 : Operation 25 [3/3] (4.10ns)   --->   "%r_V_8_7 = mul i46 %r_V_7_cast, 4836" [firmware/nnet_utils/nnet_mult.h:73->firmware/nnet_utils/nnet_dense_latency.h:42]   --->   Operation 25 'mul' 'r_V_8_7' <Predicate = true> <Delay = 4.10> <Core = "MulnS">   --->   Core 17 'MulnS' <Latency = 2> <II = 1> <Delay = 4.10> <FuncUnit> <Opcode : 'mul'> <InPorts = 2> <OutPorts = 1>
ST_1 : Operation 26 [3/3] (4.10ns)   --->   "%r_V_8_7_1 = mul i43 %r_V_7_cast2, -631" [firmware/nnet_utils/nnet_mult.h:73->firmware/nnet_utils/nnet_dense_latency.h:42]   --->   Operation 26 'mul' 'r_V_8_7_1' <Predicate = true> <Delay = 4.10> <Core = "MulnS">   --->   Core 17 'MulnS' <Latency = 2> <II = 1> <Delay = 4.10> <FuncUnit> <Opcode : 'mul'> <InPorts = 2> <OutPorts = 1>
ST_1 : Operation 27 [3/3] (4.10ns)   --->   "%r_V_8_7_2 = mul i45 %r_V_7_cast1, 3211" [firmware/nnet_utils/nnet_mult.h:73->firmware/nnet_utils/nnet_dense_latency.h:42]   --->   Operation 27 'mul' 'r_V_8_7_2' <Predicate = true> <Delay = 4.10> <Core = "MulnS">   --->   Core 17 'MulnS' <Latency = 2> <II = 1> <Delay = 4.10> <FuncUnit> <Opcode : 'mul'> <InPorts = 2> <OutPorts = 1>
ST_1 : Operation 28 [3/3] (4.10ns)   --->   "%r_V_8_7_3 = mul i45 %r_V_7_cast1, 2331" [firmware/nnet_utils/nnet_mult.h:73->firmware/nnet_utils/nnet_dense_latency.h:42]   --->   Operation 28 'mul' 'r_V_8_7_3' <Predicate = true> <Delay = 4.10> <Core = "MulnS">   --->   Core 17 'MulnS' <Latency = 2> <II = 1> <Delay = 4.10> <FuncUnit> <Opcode : 'mul'> <InPorts = 2> <OutPorts = 1>

State 2 <SV = 1> <Delay = 4.10>
ST_2 : Operation 29 [1/1] (0.00ns)   --->   "%r_V_4_cast1 = sext i32 %data_4_V_read_2 to i45" [firmware/nnet_utils/nnet_mult.h:73->firmware/nnet_utils/nnet_dense_latency.h:42]   --->   Operation 29 'sext' 'r_V_4_cast1' <Predicate = true> <Delay = 0.00>
ST_2 : Operation 30 [1/1] (0.00ns)   --->   "%r_V_4_cast2 = sext i32 %data_4_V_read_2 to i46" [firmware/nnet_utils/nnet_mult.h:73->firmware/nnet_utils/nnet_dense_latency.h:42]   --->   Operation 30 'sext' 'r_V_4_cast2' <Predicate = true> <Delay = 0.00>
ST_2 : Operation 31 [1/1] (0.00ns)   --->   "%r_V_4_cast = sext i32 %data_4_V_read_2 to i41" [firmware/nnet_utils/nnet_mult.h:73->firmware/nnet_utils/nnet_dense_latency.h:42]   --->   Operation 31 'sext' 'r_V_4_cast' <Predicate = true> <Delay = 0.00>
ST_2 : Operation 32 [3/3] (4.10ns)   --->   "%r_V_8_4 = mul i41 %r_V_4_cast, 164" [firmware/nnet_utils/nnet_mult.h:73->firmware/nnet_utils/nnet_dense_latency.h:42]   --->   Operation 32 'mul' 'r_V_8_4' <Predicate = true> <Delay = 4.10> <Core = "MulnS">   --->   Core 17 'MulnS' <Latency = 2> <II = 1> <Delay = 4.10> <FuncUnit> <Opcode : 'mul'> <InPorts = 2> <OutPorts = 1>
ST_2 : Operation 33 [3/3] (4.10ns)   --->   "%r_V_8_4_1 = mul i46 %r_V_4_cast2, 11271" [firmware/nnet_utils/nnet_mult.h:73->firmware/nnet_utils/nnet_dense_latency.h:42]   --->   Operation 33 'mul' 'r_V_8_4_1' <Predicate = true> <Delay = 4.10> <Core = "MulnS">   --->   Core 17 'MulnS' <Latency = 2> <II = 1> <Delay = 4.10> <FuncUnit> <Opcode : 'mul'> <InPorts = 2> <OutPorts = 1>
ST_2 : Operation 34 [3/3] (4.10ns)   --->   "%r_V_8_4_2 = mul i45 %r_V_4_cast1, -2143" [firmware/nnet_utils/nnet_mult.h:73->firmware/nnet_utils/nnet_dense_latency.h:42]   --->   Operation 34 'mul' 'r_V_8_4_2' <Predicate = true> <Delay = 4.10> <Core = "MulnS">   --->   Core 17 'MulnS' <Latency = 2> <II = 1> <Delay = 4.10> <FuncUnit> <Opcode : 'mul'> <InPorts = 2> <OutPorts = 1>
ST_2 : Operation 35 [3/3] (4.10ns)   --->   "%r_V_8_4_3 = mul i45 %r_V_4_cast1, -3511" [firmware/nnet_utils/nnet_mult.h:73->firmware/nnet_utils/nnet_dense_latency.h:42]   --->   Operation 35 'mul' 'r_V_8_4_3' <Predicate = true> <Delay = 4.10> <Core = "MulnS">   --->   Core 17 'MulnS' <Latency = 2> <II = 1> <Delay = 4.10> <FuncUnit> <Opcode : 'mul'> <InPorts = 2> <OutPorts = 1>
ST_2 : Operation 36 [1/1] (0.00ns)   --->   "%r_V_5_cast1 = sext i32 %data_5_V_read_2 to i43" [firmware/nnet_utils/nnet_mult.h:73->firmware/nnet_utils/nnet_dense_latency.h:42]   --->   Operation 36 'sext' 'r_V_5_cast1' <Predicate = true> <Delay = 0.00>
ST_2 : Operation 37 [1/1] (0.00ns)   --->   "%r_V_5_cast = sext i32 %data_5_V_read_2 to i46" [firmware/nnet_utils/nnet_mult.h:73->firmware/nnet_utils/nnet_dense_latency.h:42]   --->   Operation 37 'sext' 'r_V_5_cast' <Predicate = true> <Delay = 0.00>
ST_2 : Operation 38 [3/3] (4.10ns)   --->   "%r_V_8_5 = mul i46 %r_V_5_cast, 5284" [firmware/nnet_utils/nnet_mult.h:73->firmware/nnet_utils/nnet_dense_latency.h:42]   --->   Operation 38 'mul' 'r_V_8_5' <Predicate = true> <Delay = 4.10> <Core = "MulnS">   --->   Core 17 'MulnS' <Latency = 2> <II = 1> <Delay = 4.10> <FuncUnit> <Opcode : 'mul'> <InPorts = 2> <OutPorts = 1>
ST_2 : Operation 39 [3/3] (4.10ns)   --->   "%r_V_8_5_1 = mul i46 %r_V_5_cast, -11856" [firmware/nnet_utils/nnet_mult.h:73->firmware/nnet_utils/nnet_dense_latency.h:42]   --->   Operation 39 'mul' 'r_V_8_5_1' <Predicate = true> <Delay = 4.10> <Core = "MulnS">   --->   Core 17 'MulnS' <Latency = 2> <II = 1> <Delay = 4.10> <FuncUnit> <Opcode : 'mul'> <InPorts = 2> <OutPorts = 1>
ST_2 : Operation 40 [3/3] (4.10ns)   --->   "%r_V_8_5_2 = mul i46 %r_V_5_cast, 6917" [firmware/nnet_utils/nnet_mult.h:73->firmware/nnet_utils/nnet_dense_latency.h:42]   --->   Operation 40 'mul' 'r_V_8_5_2' <Predicate = true> <Delay = 4.10> <Core = "MulnS">   --->   Core 17 'MulnS' <Latency = 2> <II = 1> <Delay = 4.10> <FuncUnit> <Opcode : 'mul'> <InPorts = 2> <OutPorts = 1>
ST_2 : Operation 41 [3/3] (4.10ns)   --->   "%r_V_8_5_3 = mul i43 %r_V_5_cast1, 597" [firmware/nnet_utils/nnet_mult.h:73->firmware/nnet_utils/nnet_dense_latency.h:42]   --->   Operation 41 'mul' 'r_V_8_5_3' <Predicate = true> <Delay = 4.10> <Core = "MulnS">   --->   Core 17 'MulnS' <Latency = 2> <II = 1> <Delay = 4.10> <FuncUnit> <Opcode : 'mul'> <InPorts = 2> <OutPorts = 1>
ST_2 : Operation 42 [2/3] (4.10ns)   --->   "%r_V_8_6 = mul i46 %r_V_6_cast, -11504" [firmware/nnet_utils/nnet_mult.h:73->firmware/nnet_utils/nnet_dense_latency.h:42]   --->   Operation 42 'mul' 'r_V_8_6' <Predicate = true> <Delay = 4.10> <Core = "MulnS">   --->   Core 17 'MulnS' <Latency = 2> <II = 1> <Delay = 4.10> <FuncUnit> <Opcode : 'mul'> <InPorts = 2> <OutPorts = 1>
ST_2 : Operation 43 [2/3] (4.10ns)   --->   "%r_V_8_6_1 = mul i42 %r_V_6_cast2, -483" [firmware/nnet_utils/nnet_mult.h:73->firmware/nnet_utils/nnet_dense_latency.h:42]   --->   Operation 43 'mul' 'r_V_8_6_1' <Predicate = true> <Delay = 4.10> <Core = "MulnS">   --->   Core 17 'MulnS' <Latency = 2> <II = 1> <Delay = 4.10> <FuncUnit> <Opcode : 'mul'> <InPorts = 2> <OutPorts = 1>
ST_2 : Operation 44 [2/3] (4.10ns)   --->   "%r_V_8_6_2 = mul i44 %r_V_6_cast1, 1133" [firmware/nnet_utils/nnet_mult.h:73->firmware/nnet_utils/nnet_dense_latency.h:42]   --->   Operation 44 'mul' 'r_V_8_6_2' <Predicate = true> <Delay = 4.10> <Core = "MulnS">   --->   Core 17 'MulnS' <Latency = 2> <II = 1> <Delay = 4.10> <FuncUnit> <Opcode : 'mul'> <InPorts = 2> <OutPorts = 1>
ST_2 : Operation 45 [2/3] (4.10ns)   --->   "%r_V_8_6_3 = mul i42 %r_V_6_cast2, -462" [firmware/nnet_utils/nnet_mult.h:73->firmware/nnet_utils/nnet_dense_latency.h:42]   --->   Operation 45 'mul' 'r_V_8_6_3' <Predicate = true> <Delay = 4.10> <Core = "MulnS">   --->   Core 17 'MulnS' <Latency = 2> <II = 1> <Delay = 4.10> <FuncUnit> <Opcode : 'mul'> <InPorts = 2> <OutPorts = 1>
ST_2 : Operation 46 [2/3] (4.10ns)   --->   "%r_V_8_7 = mul i46 %r_V_7_cast, 4836" [firmware/nnet_utils/nnet_mult.h:73->firmware/nnet_utils/nnet_dense_latency.h:42]   --->   Operation 46 'mul' 'r_V_8_7' <Predicate = true> <Delay = 4.10> <Core = "MulnS">   --->   Core 17 'MulnS' <Latency = 2> <II = 1> <Delay = 4.10> <FuncUnit> <Opcode : 'mul'> <InPorts = 2> <OutPorts = 1>
ST_2 : Operation 47 [2/3] (4.10ns)   --->   "%r_V_8_7_1 = mul i43 %r_V_7_cast2, -631" [firmware/nnet_utils/nnet_mult.h:73->firmware/nnet_utils/nnet_dense_latency.h:42]   --->   Operation 47 'mul' 'r_V_8_7_1' <Predicate = true> <Delay = 4.10> <Core = "MulnS">   --->   Core 17 'MulnS' <Latency = 2> <II = 1> <Delay = 4.10> <FuncUnit> <Opcode : 'mul'> <InPorts = 2> <OutPorts = 1>
ST_2 : Operation 48 [2/3] (4.10ns)   --->   "%r_V_8_7_2 = mul i45 %r_V_7_cast1, 3211" [firmware/nnet_utils/nnet_mult.h:73->firmware/nnet_utils/nnet_dense_latency.h:42]   --->   Operation 48 'mul' 'r_V_8_7_2' <Predicate = true> <Delay = 4.10> <Core = "MulnS">   --->   Core 17 'MulnS' <Latency = 2> <II = 1> <Delay = 4.10> <FuncUnit> <Opcode : 'mul'> <InPorts = 2> <OutPorts = 1>
ST_2 : Operation 49 [2/3] (4.10ns)   --->   "%r_V_8_7_3 = mul i45 %r_V_7_cast1, 2331" [firmware/nnet_utils/nnet_mult.h:73->firmware/nnet_utils/nnet_dense_latency.h:42]   --->   Operation 49 'mul' 'r_V_8_7_3' <Predicate = true> <Delay = 4.10> <Core = "MulnS">   --->   Core 17 'MulnS' <Latency = 2> <II = 1> <Delay = 4.10> <FuncUnit> <Opcode : 'mul'> <InPorts = 2> <OutPorts = 1>

State 3 <SV = 2> <Delay = 4.10>
ST_3 : Operation 50 [1/1] (0.00ns)   --->   "%r_V_cast = sext i32 %data_0_V_read_4 to i46" [firmware/nnet_utils/nnet_mult.h:73->firmware/nnet_utils/nnet_dense_latency.h:42]   --->   Operation 50 'sext' 'r_V_cast' <Predicate = true> <Delay = 0.00>
ST_3 : Operation 51 [3/3] (4.10ns)   --->   "%r_V_8 = mul i46 %r_V_cast, 6309" [firmware/nnet_utils/nnet_mult.h:73->firmware/nnet_utils/nnet_dense_latency.h:42]   --->   Operation 51 'mul' 'r_V_8' <Predicate = true> <Delay = 4.10> <Core = "MulnS">   --->   Core 17 'MulnS' <Latency = 2> <II = 1> <Delay = 4.10> <FuncUnit> <Opcode : 'mul'> <InPorts = 2> <OutPorts = 1>
ST_3 : Operation 52 [3/3] (4.10ns)   --->   "%r_V_8_0_1 = mul i46 %r_V_cast, -5357" [firmware/nnet_utils/nnet_mult.h:73->firmware/nnet_utils/nnet_dense_latency.h:42]   --->   Operation 52 'mul' 'r_V_8_0_1' <Predicate = true> <Delay = 4.10> <Core = "MulnS">   --->   Core 17 'MulnS' <Latency = 2> <II = 1> <Delay = 4.10> <FuncUnit> <Opcode : 'mul'> <InPorts = 2> <OutPorts = 1>
ST_3 : Operation 53 [3/3] (4.10ns)   --->   "%r_V_8_0_2 = mul i46 %r_V_cast, 15100" [firmware/nnet_utils/nnet_mult.h:73->firmware/nnet_utils/nnet_dense_latency.h:42]   --->   Operation 53 'mul' 'r_V_8_0_2' <Predicate = true> <Delay = 4.10> <Core = "MulnS">   --->   Core 17 'MulnS' <Latency = 2> <II = 1> <Delay = 4.10> <FuncUnit> <Opcode : 'mul'> <InPorts = 2> <OutPorts = 1>
ST_3 : Operation 54 [1/1] (0.00ns)   --->   "%p_shl = call i42 @_ssdm_op_BitConcatenate.i42.i32.i10(i32 %data_0_V_read_4, i10 0)" [firmware/nnet_utils/nnet_mult.h:73->firmware/nnet_utils/nnet_dense_latency.h:42]   --->   Operation 54 'bitconcatenate' 'p_shl' <Predicate = true> <Delay = 0.00>
ST_3 : Operation 55 [1/1] (0.00ns)   --->   "%p_shl_cast = sext i42 %p_shl to i43" [firmware/nnet_utils/nnet_mult.h:73->firmware/nnet_utils/nnet_dense_latency.h:42]   --->   Operation 55 'sext' 'p_shl_cast' <Predicate = true> <Delay = 0.00>
ST_3 : Operation 56 [1/1] (0.00ns) (grouped into TernaryAdder)   --->   "%p_neg = sub i43 0, %p_shl_cast" [firmware/nnet_utils/nnet_mult.h:73->firmware/nnet_utils/nnet_dense_latency.h:42]   --->   Operation 56 'sub' 'p_neg' <Predicate = true> <Delay = 0.00> <Core = "TAddSub">   --->   Core 84 'TAddSub' <Latency = 0> <II = 1> <Delay = 1.12> <IPBlock> <Opcode : 'add' 'sub'> <InPorts = 3> <OutPorts = 1> <Sync> <CReg>
ST_3 : Operation 57 [1/1] (0.00ns)   --->   "%p_shl1 = call i37 @_ssdm_op_BitConcatenate.i37.i32.i5(i32 %data_0_V_read_4, i5 0)" [firmware/nnet_utils/nnet_mult.h:73->firmware/nnet_utils/nnet_dense_latency.h:42]   --->   Operation 57 'bitconcatenate' 'p_shl1' <Predicate = true> <Delay = 0.00>
ST_3 : Operation 58 [1/1] (0.00ns)   --->   "%p_shl1_cast = sext i37 %p_shl1 to i43" [firmware/nnet_utils/nnet_mult.h:73->firmware/nnet_utils/nnet_dense_latency.h:42]   --->   Operation 58 'sext' 'p_shl1_cast' <Predicate = true> <Delay = 0.00>
ST_3 : Operation 59 [1/1] (2.40ns) (root node of TernaryAdder)   --->   "%r_V_8_0_3 = sub i43 %p_neg, %p_shl1_cast" [firmware/nnet_utils/nnet_mult.h:73->firmware/nnet_utils/nnet_dense_latency.h:42]   --->   Operation 59 'sub' 'r_V_8_0_3' <Predicate = true> <Delay = 2.40> <Core = "TAddSub">   --->   Core 84 'TAddSub' <Latency = 0> <II = 1> <Delay = 1.12> <IPBlock> <Opcode : 'add' 'sub'> <InPorts = 3> <OutPorts = 1> <Sync> <CReg>
ST_3 : Operation 60 [1/1] (0.00ns)   --->   "%tmp_4 = call i29 @_ssdm_op_PartSelect.i29.i43.i32.i32(i43 %r_V_8_0_3, i32 14, i32 42)" [firmware/nnet_utils/nnet_dense_latency.h:42]   --->   Operation 60 'partselect' 'tmp_4' <Predicate = true> <Delay = 0.00>
ST_3 : Operation 61 [1/1] (0.00ns)   --->   "%r_V_1_cast1 = sext i32 %data_1_V_read_4 to i43" [firmware/nnet_utils/nnet_mult.h:73->firmware/nnet_utils/nnet_dense_latency.h:42]   --->   Operation 61 'sext' 'r_V_1_cast1' <Predicate = true> <Delay = 0.00>
ST_3 : Operation 62 [1/1] (0.00ns)   --->   "%r_V_1_cast = sext i32 %data_1_V_read_4 to i46" [firmware/nnet_utils/nnet_mult.h:73->firmware/nnet_utils/nnet_dense_latency.h:42]   --->   Operation 62 'sext' 'r_V_1_cast' <Predicate = true> <Delay = 0.00>
ST_3 : Operation 63 [3/3] (4.10ns)   --->   "%r_V_8_1 = mul i46 %r_V_1_cast, 10274" [firmware/nnet_utils/nnet_mult.h:73->firmware/nnet_utils/nnet_dense_latency.h:42]   --->   Operation 63 'mul' 'r_V_8_1' <Predicate = true> <Delay = 4.10> <Core = "MulnS">   --->   Core 17 'MulnS' <Latency = 2> <II = 1> <Delay = 4.10> <FuncUnit> <Opcode : 'mul'> <InPorts = 2> <OutPorts = 1>
ST_3 : Operation 64 [3/3] (4.10ns)   --->   "%r_V_8_1_1 = mul i43 %r_V_1_cast1, 712" [firmware/nnet_utils/nnet_mult.h:73->firmware/nnet_utils/nnet_dense_latency.h:42]   --->   Operation 64 'mul' 'r_V_8_1_1' <Predicate = true> <Delay = 4.10> <Core = "MulnS">   --->   Core 17 'MulnS' <Latency = 2> <II = 1> <Delay = 4.10> <FuncUnit> <Opcode : 'mul'> <InPorts = 2> <OutPorts = 1>
ST_3 : Operation 65 [3/3] (4.10ns)   --->   "%r_V_8_1_2 = mul i46 %r_V_1_cast, -13952" [firmware/nnet_utils/nnet_mult.h:73->firmware/nnet_utils/nnet_dense_latency.h:42]   --->   Operation 65 'mul' 'r_V_8_1_2' <Predicate = true> <Delay = 4.10> <Core = "MulnS">   --->   Core 17 'MulnS' <Latency = 2> <II = 1> <Delay = 4.10> <FuncUnit> <Opcode : 'mul'> <InPorts = 2> <OutPorts = 1>
ST_3 : Operation 66 [3/3] (4.10ns)   --->   "%r_V_8_1_3 = mul i46 %r_V_1_cast, 11493" [firmware/nnet_utils/nnet_mult.h:73->firmware/nnet_utils/nnet_dense_latency.h:42]   --->   Operation 66 'mul' 'r_V_8_1_3' <Predicate = true> <Delay = 4.10> <Core = "MulnS">   --->   Core 17 'MulnS' <Latency = 2> <II = 1> <Delay = 4.10> <FuncUnit> <Opcode : 'mul'> <InPorts = 2> <OutPorts = 1>
ST_3 : Operation 67 [1/1] (0.00ns)   --->   "%r_V_2_cast1 = sext i32 %data_2_V_read_4 to i46" [firmware/nnet_utils/nnet_mult.h:73->firmware/nnet_utils/nnet_dense_latency.h:42]   --->   Operation 67 'sext' 'r_V_2_cast1' <Predicate = true> <Delay = 0.00>
ST_3 : Operation 68 [1/1] (0.00ns)   --->   "%r_V_2_cast = sext i32 %data_2_V_read_4 to i45" [firmware/nnet_utils/nnet_mult.h:73->firmware/nnet_utils/nnet_dense_latency.h:42]   --->   Operation 68 'sext' 'r_V_2_cast' <Predicate = true> <Delay = 0.00>
ST_3 : Operation 69 [3/3] (4.10ns)   --->   "%r_V_8_2 = mul i45 %r_V_2_cast, 2765" [firmware/nnet_utils/nnet_mult.h:73->firmware/nnet_utils/nnet_dense_latency.h:42]   --->   Operation 69 'mul' 'r_V_8_2' <Predicate = true> <Delay = 4.10> <Core = "MulnS">   --->   Core 17 'MulnS' <Latency = 2> <II = 1> <Delay = 4.10> <FuncUnit> <Opcode : 'mul'> <InPorts = 2> <OutPorts = 1>
ST_3 : Operation 70 [3/3] (4.10ns)   --->   "%r_V_8_2_1 = mul i46 %r_V_2_cast1, -5977" [firmware/nnet_utils/nnet_mult.h:73->firmware/nnet_utils/nnet_dense_latency.h:42]   --->   Operation 70 'mul' 'r_V_8_2_1' <Predicate = true> <Delay = 4.10> <Core = "MulnS">   --->   Core 17 'MulnS' <Latency = 2> <II = 1> <Delay = 4.10> <FuncUnit> <Opcode : 'mul'> <InPorts = 2> <OutPorts = 1>
ST_3 : Operation 71 [3/3] (4.10ns)   --->   "%r_V_8_2_2 = mul i46 %r_V_2_cast1, 11214" [firmware/nnet_utils/nnet_mult.h:73->firmware/nnet_utils/nnet_dense_latency.h:42]   --->   Operation 71 'mul' 'r_V_8_2_2' <Predicate = true> <Delay = 4.10> <Core = "MulnS">   --->   Core 17 'MulnS' <Latency = 2> <II = 1> <Delay = 4.10> <FuncUnit> <Opcode : 'mul'> <InPorts = 2> <OutPorts = 1>
ST_3 : Operation 72 [3/3] (4.10ns)   --->   "%r_V_8_2_3 = mul i46 %r_V_2_cast1, 13258" [firmware/nnet_utils/nnet_mult.h:73->firmware/nnet_utils/nnet_dense_latency.h:42]   --->   Operation 72 'mul' 'r_V_8_2_3' <Predicate = true> <Delay = 4.10> <Core = "MulnS">   --->   Core 17 'MulnS' <Latency = 2> <II = 1> <Delay = 4.10> <FuncUnit> <Opcode : 'mul'> <InPorts = 2> <OutPorts = 1>
ST_3 : Operation 73 [1/1] (0.00ns)   --->   "%r_V_3_cast1 = sext i32 %data_3_V_read_4 to i46" [firmware/nnet_utils/nnet_mult.h:73->firmware/nnet_utils/nnet_dense_latency.h:42]   --->   Operation 73 'sext' 'r_V_3_cast1' <Predicate = true> <Delay = 0.00>
ST_3 : Operation 74 [1/1] (0.00ns)   --->   "%r_V_3_cast = sext i32 %data_3_V_read_4 to i45" [firmware/nnet_utils/nnet_mult.h:73->firmware/nnet_utils/nnet_dense_latency.h:42]   --->   Operation 74 'sext' 'r_V_3_cast' <Predicate = true> <Delay = 0.00>
ST_3 : Operation 75 [3/3] (4.10ns)   --->   "%r_V_8_3 = mul i45 %r_V_3_cast, 3246" [firmware/nnet_utils/nnet_mult.h:73->firmware/nnet_utils/nnet_dense_latency.h:42]   --->   Operation 75 'mul' 'r_V_8_3' <Predicate = true> <Delay = 4.10> <Core = "MulnS">   --->   Core 17 'MulnS' <Latency = 2> <II = 1> <Delay = 4.10> <FuncUnit> <Opcode : 'mul'> <InPorts = 2> <OutPorts = 1>
ST_3 : Operation 76 [3/3] (4.10ns)   --->   "%r_V_8_3_1 = mul i46 %r_V_3_cast1, -7617" [firmware/nnet_utils/nnet_mult.h:73->firmware/nnet_utils/nnet_dense_latency.h:42]   --->   Operation 76 'mul' 'r_V_8_3_1' <Predicate = true> <Delay = 4.10> <Core = "MulnS">   --->   Core 17 'MulnS' <Latency = 2> <II = 1> <Delay = 4.10> <FuncUnit> <Opcode : 'mul'> <InPorts = 2> <OutPorts = 1>
ST_3 : Operation 77 [3/3] (4.10ns)   --->   "%r_V_8_3_2 = mul i46 %r_V_3_cast1, 18878" [firmware/nnet_utils/nnet_mult.h:73->firmware/nnet_utils/nnet_dense_latency.h:42]   --->   Operation 77 'mul' 'r_V_8_3_2' <Predicate = true> <Delay = 4.10> <Core = "MulnS">   --->   Core 17 'MulnS' <Latency = 2> <II = 1> <Delay = 4.10> <FuncUnit> <Opcode : 'mul'> <InPorts = 2> <OutPorts = 1>
ST_3 : Operation 78 [3/3] (4.10ns)   --->   "%r_V_8_3_3 = mul i46 %r_V_3_cast1, -9415" [firmware/nnet_utils/nnet_mult.h:73->firmware/nnet_utils/nnet_dense_latency.h:42]   --->   Operation 78 'mul' 'r_V_8_3_3' <Predicate = true> <Delay = 4.10> <Core = "MulnS">   --->   Core 17 'MulnS' <Latency = 2> <II = 1> <Delay = 4.10> <FuncUnit> <Opcode : 'mul'> <InPorts = 2> <OutPorts = 1>
ST_3 : Operation 79 [2/3] (4.10ns)   --->   "%r_V_8_4 = mul i41 %r_V_4_cast, 164" [firmware/nnet_utils/nnet_mult.h:73->firmware/nnet_utils/nnet_dense_latency.h:42]   --->   Operation 79 'mul' 'r_V_8_4' <Predicate = true> <Delay = 4.10> <Core = "MulnS">   --->   Core 17 'MulnS' <Latency = 2> <II = 1> <Delay = 4.10> <FuncUnit> <Opcode : 'mul'> <InPorts = 2> <OutPorts = 1>
ST_3 : Operation 80 [2/3] (4.10ns)   --->   "%r_V_8_4_1 = mul i46 %r_V_4_cast2, 11271" [firmware/nnet_utils/nnet_mult.h:73->firmware/nnet_utils/nnet_dense_latency.h:42]   --->   Operation 80 'mul' 'r_V_8_4_1' <Predicate = true> <Delay = 4.10> <Core = "MulnS">   --->   Core 17 'MulnS' <Latency = 2> <II = 1> <Delay = 4.10> <FuncUnit> <Opcode : 'mul'> <InPorts = 2> <OutPorts = 1>
ST_3 : Operation 81 [2/3] (4.10ns)   --->   "%r_V_8_4_2 = mul i45 %r_V_4_cast1, -2143" [firmware/nnet_utils/nnet_mult.h:73->firmware/nnet_utils/nnet_dense_latency.h:42]   --->   Operation 81 'mul' 'r_V_8_4_2' <Predicate = true> <Delay = 4.10> <Core = "MulnS">   --->   Core 17 'MulnS' <Latency = 2> <II = 1> <Delay = 4.10> <FuncUnit> <Opcode : 'mul'> <InPorts = 2> <OutPorts = 1>
ST_3 : Operation 82 [2/3] (4.10ns)   --->   "%r_V_8_4_3 = mul i45 %r_V_4_cast1, -3511" [firmware/nnet_utils/nnet_mult.h:73->firmware/nnet_utils/nnet_dense_latency.h:42]   --->   Operation 82 'mul' 'r_V_8_4_3' <Predicate = true> <Delay = 4.10> <Core = "MulnS">   --->   Core 17 'MulnS' <Latency = 2> <II = 1> <Delay = 4.10> <FuncUnit> <Opcode : 'mul'> <InPorts = 2> <OutPorts = 1>
ST_3 : Operation 83 [2/3] (4.10ns)   --->   "%r_V_8_5 = mul i46 %r_V_5_cast, 5284" [firmware/nnet_utils/nnet_mult.h:73->firmware/nnet_utils/nnet_dense_latency.h:42]   --->   Operation 83 'mul' 'r_V_8_5' <Predicate = true> <Delay = 4.10> <Core = "MulnS">   --->   Core 17 'MulnS' <Latency = 2> <II = 1> <Delay = 4.10> <FuncUnit> <Opcode : 'mul'> <InPorts = 2> <OutPorts = 1>
ST_3 : Operation 84 [2/3] (4.10ns)   --->   "%r_V_8_5_1 = mul i46 %r_V_5_cast, -11856" [firmware/nnet_utils/nnet_mult.h:73->firmware/nnet_utils/nnet_dense_latency.h:42]   --->   Operation 84 'mul' 'r_V_8_5_1' <Predicate = true> <Delay = 4.10> <Core = "MulnS">   --->   Core 17 'MulnS' <Latency = 2> <II = 1> <Delay = 4.10> <FuncUnit> <Opcode : 'mul'> <InPorts = 2> <OutPorts = 1>
ST_3 : Operation 85 [2/3] (4.10ns)   --->   "%r_V_8_5_2 = mul i46 %r_V_5_cast, 6917" [firmware/nnet_utils/nnet_mult.h:73->firmware/nnet_utils/nnet_dense_latency.h:42]   --->   Operation 85 'mul' 'r_V_8_5_2' <Predicate = true> <Delay = 4.10> <Core = "MulnS">   --->   Core 17 'MulnS' <Latency = 2> <II = 1> <Delay = 4.10> <FuncUnit> <Opcode : 'mul'> <InPorts = 2> <OutPorts = 1>
ST_3 : Operation 86 [2/3] (4.10ns)   --->   "%r_V_8_5_3 = mul i43 %r_V_5_cast1, 597" [firmware/nnet_utils/nnet_mult.h:73->firmware/nnet_utils/nnet_dense_latency.h:42]   --->   Operation 86 'mul' 'r_V_8_5_3' <Predicate = true> <Delay = 4.10> <Core = "MulnS">   --->   Core 17 'MulnS' <Latency = 2> <II = 1> <Delay = 4.10> <FuncUnit> <Opcode : 'mul'> <InPorts = 2> <OutPorts = 1>
ST_3 : Operation 87 [1/3] (4.10ns)   --->   "%r_V_8_6 = mul i46 %r_V_6_cast, -11504" [firmware/nnet_utils/nnet_mult.h:73->firmware/nnet_utils/nnet_dense_latency.h:42]   --->   Operation 87 'mul' 'r_V_8_6' <Predicate = true> <Delay = 4.10> <Core = "MulnS">   --->   Core 17 'MulnS' <Latency = 2> <II = 1> <Delay = 4.10> <FuncUnit> <Opcode : 'mul'> <InPorts = 2> <OutPorts = 1>
ST_3 : Operation 88 [1/1] (0.00ns)   --->   "%tmp_17_6 = call i32 @_ssdm_op_PartSelect.i32.i46.i32.i32(i46 %r_V_8_6, i32 14, i32 45)" [firmware/nnet_utils/nnet_dense_latency.h:42]   --->   Operation 88 'partselect' 'tmp_17_6' <Predicate = true> <Delay = 0.00>
ST_3 : Operation 89 [1/3] (4.10ns)   --->   "%r_V_8_6_1 = mul i42 %r_V_6_cast2, -483" [firmware/nnet_utils/nnet_mult.h:73->firmware/nnet_utils/nnet_dense_latency.h:42]   --->   Operation 89 'mul' 'r_V_8_6_1' <Predicate = true> <Delay = 4.10> <Core = "MulnS">   --->   Core 17 'MulnS' <Latency = 2> <II = 1> <Delay = 4.10> <FuncUnit> <Opcode : 'mul'> <InPorts = 2> <OutPorts = 1>
ST_3 : Operation 90 [1/1] (0.00ns)   --->   "%tmp_17 = call i28 @_ssdm_op_PartSelect.i28.i42.i32.i32(i42 %r_V_8_6_1, i32 14, i32 41)" [firmware/nnet_utils/nnet_mult.h:73->firmware/nnet_utils/nnet_dense_latency.h:42]   --->   Operation 90 'partselect' 'tmp_17' <Predicate = true> <Delay = 0.00>
ST_3 : Operation 91 [1/3] (4.10ns)   --->   "%r_V_8_6_2 = mul i44 %r_V_6_cast1, 1133" [firmware/nnet_utils/nnet_mult.h:73->firmware/nnet_utils/nnet_dense_latency.h:42]   --->   Operation 91 'mul' 'r_V_8_6_2' <Predicate = true> <Delay = 4.10> <Core = "MulnS">   --->   Core 17 'MulnS' <Latency = 2> <II = 1> <Delay = 4.10> <FuncUnit> <Opcode : 'mul'> <InPorts = 2> <OutPorts = 1>
ST_3 : Operation 92 [1/1] (0.00ns)   --->   "%tmp_18 = call i30 @_ssdm_op_PartSelect.i30.i44.i32.i32(i44 %r_V_8_6_2, i32 14, i32 43)" [firmware/nnet_utils/nnet_dense_latency.h:42]   --->   Operation 92 'partselect' 'tmp_18' <Predicate = true> <Delay = 0.00>
ST_3 : Operation 93 [1/3] (4.10ns)   --->   "%r_V_8_6_3 = mul i42 %r_V_6_cast2, -462" [firmware/nnet_utils/nnet_mult.h:73->firmware/nnet_utils/nnet_dense_latency.h:42]   --->   Operation 93 'mul' 'r_V_8_6_3' <Predicate = true> <Delay = 4.10> <Core = "MulnS">   --->   Core 17 'MulnS' <Latency = 2> <II = 1> <Delay = 4.10> <FuncUnit> <Opcode : 'mul'> <InPorts = 2> <OutPorts = 1>
ST_3 : Operation 94 [1/1] (0.00ns)   --->   "%tmp_20 = call i28 @_ssdm_op_PartSelect.i28.i42.i32.i32(i42 %r_V_8_6_3, i32 14, i32 41)" [firmware/nnet_utils/nnet_dense_latency.h:42]   --->   Operation 94 'partselect' 'tmp_20' <Predicate = true> <Delay = 0.00>
ST_3 : Operation 95 [1/3] (4.10ns)   --->   "%r_V_8_7 = mul i46 %r_V_7_cast, 4836" [firmware/nnet_utils/nnet_mult.h:73->firmware/nnet_utils/nnet_dense_latency.h:42]   --->   Operation 95 'mul' 'r_V_8_7' <Predicate = true> <Delay = 4.10> <Core = "MulnS">   --->   Core 17 'MulnS' <Latency = 2> <II = 1> <Delay = 4.10> <FuncUnit> <Opcode : 'mul'> <InPorts = 2> <OutPorts = 1>
ST_3 : Operation 96 [1/1] (0.00ns)   --->   "%tmp_17_7 = call i32 @_ssdm_op_PartSelect.i32.i46.i32.i32(i46 %r_V_8_7, i32 14, i32 45)" [firmware/nnet_utils/nnet_dense_latency.h:42]   --->   Operation 96 'partselect' 'tmp_17_7' <Predicate = true> <Delay = 0.00>
ST_3 : Operation 97 [1/3] (4.10ns)   --->   "%r_V_8_7_1 = mul i43 %r_V_7_cast2, -631" [firmware/nnet_utils/nnet_mult.h:73->firmware/nnet_utils/nnet_dense_latency.h:42]   --->   Operation 97 'mul' 'r_V_8_7_1' <Predicate = true> <Delay = 4.10> <Core = "MulnS">   --->   Core 17 'MulnS' <Latency = 2> <II = 1> <Delay = 4.10> <FuncUnit> <Opcode : 'mul'> <InPorts = 2> <OutPorts = 1>
ST_3 : Operation 98 [1/1] (0.00ns)   --->   "%tmp_22 = call i29 @_ssdm_op_PartSelect.i29.i43.i32.i32(i43 %r_V_8_7_1, i32 14, i32 42)" [firmware/nnet_utils/nnet_mult.h:73->firmware/nnet_utils/nnet_dense_latency.h:42]   --->   Operation 98 'partselect' 'tmp_22' <Predicate = true> <Delay = 0.00>
ST_3 : Operation 99 [1/3] (4.10ns)   --->   "%r_V_8_7_2 = mul i45 %r_V_7_cast1, 3211" [firmware/nnet_utils/nnet_mult.h:73->firmware/nnet_utils/nnet_dense_latency.h:42]   --->   Operation 99 'mul' 'r_V_8_7_2' <Predicate = true> <Delay = 4.10> <Core = "MulnS">   --->   Core 17 'MulnS' <Latency = 2> <II = 1> <Delay = 4.10> <FuncUnit> <Opcode : 'mul'> <InPorts = 2> <OutPorts = 1>
ST_3 : Operation 100 [1/1] (0.00ns)   --->   "%tmp_23 = call i31 @_ssdm_op_PartSelect.i31.i45.i32.i32(i45 %r_V_8_7_2, i32 14, i32 44)" [firmware/nnet_utils/nnet_dense_latency.h:42]   --->   Operation 100 'partselect' 'tmp_23' <Predicate = true> <Delay = 0.00>
ST_3 : Operation 101 [1/3] (4.10ns)   --->   "%r_V_8_7_3 = mul i45 %r_V_7_cast1, 2331" [firmware/nnet_utils/nnet_mult.h:73->firmware/nnet_utils/nnet_dense_latency.h:42]   --->   Operation 101 'mul' 'r_V_8_7_3' <Predicate = true> <Delay = 4.10> <Core = "MulnS">   --->   Core 17 'MulnS' <Latency = 2> <II = 1> <Delay = 4.10> <FuncUnit> <Opcode : 'mul'> <InPorts = 2> <OutPorts = 1>
ST_3 : Operation 102 [1/1] (0.00ns)   --->   "%tmp_25 = call i31 @_ssdm_op_PartSelect.i31.i45.i32.i32(i45 %r_V_8_7_3, i32 14, i32 44)" [firmware/nnet_utils/nnet_dense_latency.h:42]   --->   Operation 102 'partselect' 'tmp_25' <Predicate = true> <Delay = 0.00>

State 4 <SV = 3> <Delay = 4.10>
ST_4 : Operation 103 [2/3] (4.10ns)   --->   "%r_V_8 = mul i46 %r_V_cast, 6309" [firmware/nnet_utils/nnet_mult.h:73->firmware/nnet_utils/nnet_dense_latency.h:42]   --->   Operation 103 'mul' 'r_V_8' <Predicate = true> <Delay = 4.10> <Core = "MulnS">   --->   Core 17 'MulnS' <Latency = 2> <II = 1> <Delay = 4.10> <FuncUnit> <Opcode : 'mul'> <InPorts = 2> <OutPorts = 1>
ST_4 : Operation 104 [2/3] (4.10ns)   --->   "%r_V_8_0_1 = mul i46 %r_V_cast, -5357" [firmware/nnet_utils/nnet_mult.h:73->firmware/nnet_utils/nnet_dense_latency.h:42]   --->   Operation 104 'mul' 'r_V_8_0_1' <Predicate = true> <Delay = 4.10> <Core = "MulnS">   --->   Core 17 'MulnS' <Latency = 2> <II = 1> <Delay = 4.10> <FuncUnit> <Opcode : 'mul'> <InPorts = 2> <OutPorts = 1>
ST_4 : Operation 105 [2/3] (4.10ns)   --->   "%r_V_8_0_2 = mul i46 %r_V_cast, 15100" [firmware/nnet_utils/nnet_mult.h:73->firmware/nnet_utils/nnet_dense_latency.h:42]   --->   Operation 105 'mul' 'r_V_8_0_2' <Predicate = true> <Delay = 4.10> <Core = "MulnS">   --->   Core 17 'MulnS' <Latency = 2> <II = 1> <Delay = 4.10> <FuncUnit> <Opcode : 'mul'> <InPorts = 2> <OutPorts = 1>
ST_4 : Operation 106 [2/3] (4.10ns)   --->   "%r_V_8_1 = mul i46 %r_V_1_cast, 10274" [firmware/nnet_utils/nnet_mult.h:73->firmware/nnet_utils/nnet_dense_latency.h:42]   --->   Operation 106 'mul' 'r_V_8_1' <Predicate = true> <Delay = 4.10> <Core = "MulnS">   --->   Core 17 'MulnS' <Latency = 2> <II = 1> <Delay = 4.10> <FuncUnit> <Opcode : 'mul'> <InPorts = 2> <OutPorts = 1>
ST_4 : Operation 107 [2/3] (4.10ns)   --->   "%r_V_8_1_1 = mul i43 %r_V_1_cast1, 712" [firmware/nnet_utils/nnet_mult.h:73->firmware/nnet_utils/nnet_dense_latency.h:42]   --->   Operation 107 'mul' 'r_V_8_1_1' <Predicate = true> <Delay = 4.10> <Core = "MulnS">   --->   Core 17 'MulnS' <Latency = 2> <II = 1> <Delay = 4.10> <FuncUnit> <Opcode : 'mul'> <InPorts = 2> <OutPorts = 1>
ST_4 : Operation 108 [2/3] (4.10ns)   --->   "%r_V_8_1_2 = mul i46 %r_V_1_cast, -13952" [firmware/nnet_utils/nnet_mult.h:73->firmware/nnet_utils/nnet_dense_latency.h:42]   --->   Operation 108 'mul' 'r_V_8_1_2' <Predicate = true> <Delay = 4.10> <Core = "MulnS">   --->   Core 17 'MulnS' <Latency = 2> <II = 1> <Delay = 4.10> <FuncUnit> <Opcode : 'mul'> <InPorts = 2> <OutPorts = 1>
ST_4 : Operation 109 [2/3] (4.10ns)   --->   "%r_V_8_1_3 = mul i46 %r_V_1_cast, 11493" [firmware/nnet_utils/nnet_mult.h:73->firmware/nnet_utils/nnet_dense_latency.h:42]   --->   Operation 109 'mul' 'r_V_8_1_3' <Predicate = true> <Delay = 4.10> <Core = "MulnS">   --->   Core 17 'MulnS' <Latency = 2> <II = 1> <Delay = 4.10> <FuncUnit> <Opcode : 'mul'> <InPorts = 2> <OutPorts = 1>
ST_4 : Operation 110 [2/3] (4.10ns)   --->   "%r_V_8_2 = mul i45 %r_V_2_cast, 2765" [firmware/nnet_utils/nnet_mult.h:73->firmware/nnet_utils/nnet_dense_latency.h:42]   --->   Operation 110 'mul' 'r_V_8_2' <Predicate = true> <Delay = 4.10> <Core = "MulnS">   --->   Core 17 'MulnS' <Latency = 2> <II = 1> <Delay = 4.10> <FuncUnit> <Opcode : 'mul'> <InPorts = 2> <OutPorts = 1>
ST_4 : Operation 111 [2/3] (4.10ns)   --->   "%r_V_8_2_1 = mul i46 %r_V_2_cast1, -5977" [firmware/nnet_utils/nnet_mult.h:73->firmware/nnet_utils/nnet_dense_latency.h:42]   --->   Operation 111 'mul' 'r_V_8_2_1' <Predicate = true> <Delay = 4.10> <Core = "MulnS">   --->   Core 17 'MulnS' <Latency = 2> <II = 1> <Delay = 4.10> <FuncUnit> <Opcode : 'mul'> <InPorts = 2> <OutPorts = 1>
ST_4 : Operation 112 [2/3] (4.10ns)   --->   "%r_V_8_2_2 = mul i46 %r_V_2_cast1, 11214" [firmware/nnet_utils/nnet_mult.h:73->firmware/nnet_utils/nnet_dense_latency.h:42]   --->   Operation 112 'mul' 'r_V_8_2_2' <Predicate = true> <Delay = 4.10> <Core = "MulnS">   --->   Core 17 'MulnS' <Latency = 2> <II = 1> <Delay = 4.10> <FuncUnit> <Opcode : 'mul'> <InPorts = 2> <OutPorts = 1>
ST_4 : Operation 113 [2/3] (4.10ns)   --->   "%r_V_8_2_3 = mul i46 %r_V_2_cast1, 13258" [firmware/nnet_utils/nnet_mult.h:73->firmware/nnet_utils/nnet_dense_latency.h:42]   --->   Operation 113 'mul' 'r_V_8_2_3' <Predicate = true> <Delay = 4.10> <Core = "MulnS">   --->   Core 17 'MulnS' <Latency = 2> <II = 1> <Delay = 4.10> <FuncUnit> <Opcode : 'mul'> <InPorts = 2> <OutPorts = 1>
ST_4 : Operation 114 [2/3] (4.10ns)   --->   "%r_V_8_3 = mul i45 %r_V_3_cast, 3246" [firmware/nnet_utils/nnet_mult.h:73->firmware/nnet_utils/nnet_dense_latency.h:42]   --->   Operation 114 'mul' 'r_V_8_3' <Predicate = true> <Delay = 4.10> <Core = "MulnS">   --->   Core 17 'MulnS' <Latency = 2> <II = 1> <Delay = 4.10> <FuncUnit> <Opcode : 'mul'> <InPorts = 2> <OutPorts = 1>
ST_4 : Operation 115 [2/3] (4.10ns)   --->   "%r_V_8_3_1 = mul i46 %r_V_3_cast1, -7617" [firmware/nnet_utils/nnet_mult.h:73->firmware/nnet_utils/nnet_dense_latency.h:42]   --->   Operation 115 'mul' 'r_V_8_3_1' <Predicate = true> <Delay = 4.10> <Core = "MulnS">   --->   Core 17 'MulnS' <Latency = 2> <II = 1> <Delay = 4.10> <FuncUnit> <Opcode : 'mul'> <InPorts = 2> <OutPorts = 1>
ST_4 : Operation 116 [2/3] (4.10ns)   --->   "%r_V_8_3_2 = mul i46 %r_V_3_cast1, 18878" [firmware/nnet_utils/nnet_mult.h:73->firmware/nnet_utils/nnet_dense_latency.h:42]   --->   Operation 116 'mul' 'r_V_8_3_2' <Predicate = true> <Delay = 4.10> <Core = "MulnS">   --->   Core 17 'MulnS' <Latency = 2> <II = 1> <Delay = 4.10> <FuncUnit> <Opcode : 'mul'> <InPorts = 2> <OutPorts = 1>
ST_4 : Operation 117 [2/3] (4.10ns)   --->   "%r_V_8_3_3 = mul i46 %r_V_3_cast1, -9415" [firmware/nnet_utils/nnet_mult.h:73->firmware/nnet_utils/nnet_dense_latency.h:42]   --->   Operation 117 'mul' 'r_V_8_3_3' <Predicate = true> <Delay = 4.10> <Core = "MulnS">   --->   Core 17 'MulnS' <Latency = 2> <II = 1> <Delay = 4.10> <FuncUnit> <Opcode : 'mul'> <InPorts = 2> <OutPorts = 1>
ST_4 : Operation 118 [1/3] (4.10ns)   --->   "%r_V_8_4 = mul i41 %r_V_4_cast, 164" [firmware/nnet_utils/nnet_mult.h:73->firmware/nnet_utils/nnet_dense_latency.h:42]   --->   Operation 118 'mul' 'r_V_8_4' <Predicate = true> <Delay = 4.10> <Core = "MulnS">   --->   Core 17 'MulnS' <Latency = 2> <II = 1> <Delay = 4.10> <FuncUnit> <Opcode : 'mul'> <InPorts = 2> <OutPorts = 1>
ST_4 : Operation 119 [1/1] (0.00ns)   --->   "%tmp_9 = call i27 @_ssdm_op_PartSelect.i27.i41.i32.i32(i41 %r_V_8_4, i32 14, i32 40)" [firmware/nnet_utils/nnet_dense_latency.h:42]   --->   Operation 119 'partselect' 'tmp_9' <Predicate = true> <Delay = 0.00>
ST_4 : Operation 120 [1/3] (4.10ns)   --->   "%r_V_8_4_1 = mul i46 %r_V_4_cast2, 11271" [firmware/nnet_utils/nnet_mult.h:73->firmware/nnet_utils/nnet_dense_latency.h:42]   --->   Operation 120 'mul' 'r_V_8_4_1' <Predicate = true> <Delay = 4.10> <Core = "MulnS">   --->   Core 17 'MulnS' <Latency = 2> <II = 1> <Delay = 4.10> <FuncUnit> <Opcode : 'mul'> <InPorts = 2> <OutPorts = 1>
ST_4 : Operation 121 [1/1] (0.00ns)   --->   "%tmp_17_4_1 = call i32 @_ssdm_op_PartSelect.i32.i46.i32.i32(i46 %r_V_8_4_1, i32 14, i32 45)" [firmware/nnet_utils/nnet_dense_latency.h:42]   --->   Operation 121 'partselect' 'tmp_17_4_1' <Predicate = true> <Delay = 0.00>
ST_4 : Operation 122 [1/3] (4.10ns)   --->   "%r_V_8_4_2 = mul i45 %r_V_4_cast1, -2143" [firmware/nnet_utils/nnet_mult.h:73->firmware/nnet_utils/nnet_dense_latency.h:42]   --->   Operation 122 'mul' 'r_V_8_4_2' <Predicate = true> <Delay = 4.10> <Core = "MulnS">   --->   Core 17 'MulnS' <Latency = 2> <II = 1> <Delay = 4.10> <FuncUnit> <Opcode : 'mul'> <InPorts = 2> <OutPorts = 1>
ST_4 : Operation 123 [1/1] (0.00ns)   --->   "%tmp_11 = call i31 @_ssdm_op_PartSelect.i31.i45.i32.i32(i45 %r_V_8_4_2, i32 14, i32 44)" [firmware/nnet_utils/nnet_dense_latency.h:42]   --->   Operation 123 'partselect' 'tmp_11' <Predicate = true> <Delay = 0.00>
ST_4 : Operation 124 [1/3] (4.10ns)   --->   "%r_V_8_4_3 = mul i45 %r_V_4_cast1, -3511" [firmware/nnet_utils/nnet_mult.h:73->firmware/nnet_utils/nnet_dense_latency.h:42]   --->   Operation 124 'mul' 'r_V_8_4_3' <Predicate = true> <Delay = 4.10> <Core = "MulnS">   --->   Core 17 'MulnS' <Latency = 2> <II = 1> <Delay = 4.10> <FuncUnit> <Opcode : 'mul'> <InPorts = 2> <OutPorts = 1>
ST_4 : Operation 125 [1/1] (0.00ns)   --->   "%tmp_13 = call i31 @_ssdm_op_PartSelect.i31.i45.i32.i32(i45 %r_V_8_4_3, i32 14, i32 44)" [firmware/nnet_utils/nnet_dense_latency.h:42]   --->   Operation 125 'partselect' 'tmp_13' <Predicate = true> <Delay = 0.00>
ST_4 : Operation 126 [1/3] (4.10ns)   --->   "%r_V_8_5 = mul i46 %r_V_5_cast, 5284" [firmware/nnet_utils/nnet_mult.h:73->firmware/nnet_utils/nnet_dense_latency.h:42]   --->   Operation 126 'mul' 'r_V_8_5' <Predicate = true> <Delay = 4.10> <Core = "MulnS">   --->   Core 17 'MulnS' <Latency = 2> <II = 1> <Delay = 4.10> <FuncUnit> <Opcode : 'mul'> <InPorts = 2> <OutPorts = 1>
ST_4 : Operation 127 [1/1] (0.00ns)   --->   "%tmp_17_5 = call i32 @_ssdm_op_PartSelect.i32.i46.i32.i32(i46 %r_V_8_5, i32 14, i32 45)" [firmware/nnet_utils/nnet_dense_latency.h:42]   --->   Operation 127 'partselect' 'tmp_17_5' <Predicate = true> <Delay = 0.00>
ST_4 : Operation 128 [1/3] (4.10ns)   --->   "%r_V_8_5_1 = mul i46 %r_V_5_cast, -11856" [firmware/nnet_utils/nnet_mult.h:73->firmware/nnet_utils/nnet_dense_latency.h:42]   --->   Operation 128 'mul' 'r_V_8_5_1' <Predicate = true> <Delay = 4.10> <Core = "MulnS">   --->   Core 17 'MulnS' <Latency = 2> <II = 1> <Delay = 4.10> <FuncUnit> <Opcode : 'mul'> <InPorts = 2> <OutPorts = 1>
ST_4 : Operation 129 [1/1] (0.00ns)   --->   "%tmp_17_5_1 = call i32 @_ssdm_op_PartSelect.i32.i46.i32.i32(i46 %r_V_8_5_1, i32 14, i32 45)" [firmware/nnet_utils/nnet_dense_latency.h:42]   --->   Operation 129 'partselect' 'tmp_17_5_1' <Predicate = true> <Delay = 0.00>
ST_4 : Operation 130 [1/3] (4.10ns)   --->   "%r_V_8_5_2 = mul i46 %r_V_5_cast, 6917" [firmware/nnet_utils/nnet_mult.h:73->firmware/nnet_utils/nnet_dense_latency.h:42]   --->   Operation 130 'mul' 'r_V_8_5_2' <Predicate = true> <Delay = 4.10> <Core = "MulnS">   --->   Core 17 'MulnS' <Latency = 2> <II = 1> <Delay = 4.10> <FuncUnit> <Opcode : 'mul'> <InPorts = 2> <OutPorts = 1>
ST_4 : Operation 131 [1/1] (0.00ns)   --->   "%tmp_17_5_2 = call i32 @_ssdm_op_PartSelect.i32.i46.i32.i32(i46 %r_V_8_5_2, i32 14, i32 45)" [firmware/nnet_utils/nnet_dense_latency.h:42]   --->   Operation 131 'partselect' 'tmp_17_5_2' <Predicate = true> <Delay = 0.00>
ST_4 : Operation 132 [1/3] (4.10ns)   --->   "%r_V_8_5_3 = mul i43 %r_V_5_cast1, 597" [firmware/nnet_utils/nnet_mult.h:73->firmware/nnet_utils/nnet_dense_latency.h:42]   --->   Operation 132 'mul' 'r_V_8_5_3' <Predicate = true> <Delay = 4.10> <Core = "MulnS">   --->   Core 17 'MulnS' <Latency = 2> <II = 1> <Delay = 4.10> <FuncUnit> <Opcode : 'mul'> <InPorts = 2> <OutPorts = 1>
ST_4 : Operation 133 [1/1] (0.00ns)   --->   "%tmp_15 = call i29 @_ssdm_op_PartSelect.i29.i43.i32.i32(i43 %r_V_8_5_3, i32 14, i32 42)" [firmware/nnet_utils/nnet_dense_latency.h:42]   --->   Operation 133 'partselect' 'tmp_15' <Predicate = true> <Delay = 0.00>
ST_4 : Operation 134 [1/1] (0.00ns)   --->   "%tmp_18_cast = sext i28 %tmp_17 to i30" [firmware/nnet_utils/nnet_mult.h:73->firmware/nnet_utils/nnet_dense_latency.h:42]   --->   Operation 134 'sext' 'tmp_18_cast' <Predicate = true> <Delay = 0.00>
ST_4 : Operation 135 [1/1] (0.00ns)   --->   "%tmp_19 = sext i30 %tmp_18 to i32" [firmware/nnet_utils/nnet_dense_latency.h:42]   --->   Operation 135 'sext' 'tmp_19' <Predicate = true> <Delay = 0.00>
ST_4 : Operation 136 [1/1] (0.00ns)   --->   "%tmp_21 = sext i28 %tmp_20 to i32" [firmware/nnet_utils/nnet_dense_latency.h:42]   --->   Operation 136 'sext' 'tmp_21' <Predicate = true> <Delay = 0.00>
ST_4 : Operation 137 [1/1] (0.00ns)   --->   "%tmp_24_cast = sext i29 %tmp_22 to i30" [firmware/nnet_utils/nnet_mult.h:73->firmware/nnet_utils/nnet_dense_latency.h:42]   --->   Operation 137 'sext' 'tmp_24_cast' <Predicate = true> <Delay = 0.00>
ST_4 : Operation 138 [1/1] (0.00ns)   --->   "%tmp_24 = sext i31 %tmp_23 to i32" [firmware/nnet_utils/nnet_dense_latency.h:42]   --->   Operation 138 'sext' 'tmp_24' <Predicate = true> <Delay = 0.00>
ST_4 : Operation 139 [1/1] (0.00ns)   --->   "%tmp_26 = sext i31 %tmp_25 to i32" [firmware/nnet_utils/nnet_dense_latency.h:42]   --->   Operation 139 'sext' 'tmp_26' <Predicate = true> <Delay = 0.00>
ST_4 : Operation 140 [1/1] (0.00ns) (grouped into TernaryAdder)   --->   "%tmp7 = add i32 %tmp_17_7, -4420" [firmware/nnet_utils/nnet_dense_latency.h:58]   --->   Operation 140 'add' 'tmp7' <Predicate = true> <Delay = 0.00> <Core = "TAddSub">   --->   Core 84 'TAddSub' <Latency = 0> <II = 1> <Delay = 1.12> <IPBlock> <Opcode : 'add' 'sub'> <InPorts = 3> <OutPorts = 1> <Sync> <CReg>
ST_4 : Operation 141 [1/1] (2.25ns) (root node of TernaryAdder)   --->   "%tmp6 = add i32 %tmp7, %tmp_17_6" [firmware/nnet_utils/nnet_dense_latency.h:58]   --->   Operation 141 'add' 'tmp6' <Predicate = true> <Delay = 2.25> <Core = "TAddSub">   --->   Core 84 'TAddSub' <Latency = 0> <II = 1> <Delay = 1.12> <IPBlock> <Opcode : 'add' 'sub'> <InPorts = 3> <OutPorts = 1> <Sync> <CReg>
ST_4 : Operation 142 [1/1] (0.00ns) (grouped into TernaryAdder)   --->   "%tmp12 = add i30 %tmp_24_cast, 2556" [firmware/nnet_utils/nnet_dense_latency.h:58]   --->   Operation 142 'add' 'tmp12' <Predicate = true> <Delay = 0.00> <Core = "TAddSub">   --->   Core 84 'TAddSub' <Latency = 0> <II = 1> <Delay = 1.12> <IPBlock> <Opcode : 'add' 'sub'> <InPorts = 3> <OutPorts = 1> <Sync> <CReg>
ST_4 : Operation 143 [1/1] (2.22ns) (root node of TernaryAdder)   --->   "%tmp13 = add i30 %tmp12, %tmp_18_cast" [firmware/nnet_utils/nnet_dense_latency.h:58]   --->   Operation 143 'add' 'tmp13' <Predicate = true> <Delay = 2.22> <Core = "TAddSub">   --->   Core 84 'TAddSub' <Latency = 0> <II = 1> <Delay = 1.12> <IPBlock> <Opcode : 'add' 'sub'> <InPorts = 3> <OutPorts = 1> <Sync> <CReg>
ST_4 : Operation 144 [1/1] (0.00ns) (grouped into TernaryAdder)   --->   "%tmp19 = add i32 %tmp_24, 5737" [firmware/nnet_utils/nnet_dense_latency.h:58]   --->   Operation 144 'add' 'tmp19' <Predicate = true> <Delay = 0.00> <Core = "TAddSub">   --->   Core 84 'TAddSub' <Latency = 0> <II = 1> <Delay = 1.12> <IPBlock> <Opcode : 'add' 'sub'> <InPorts = 3> <OutPorts = 1> <Sync> <CReg>
ST_4 : Operation 145 [1/1] (2.25ns) (root node of TernaryAdder)   --->   "%tmp20 = add i32 %tmp19, %tmp_19" [firmware/nnet_utils/nnet_dense_latency.h:58]   --->   Operation 145 'add' 'tmp20' <Predicate = true> <Delay = 2.25> <Core = "TAddSub">   --->   Core 84 'TAddSub' <Latency = 0> <II = 1> <Delay = 1.12> <IPBlock> <Opcode : 'add' 'sub'> <InPorts = 3> <OutPorts = 1> <Sync> <CReg>
ST_4 : Operation 146 [1/1] (0.00ns) (grouped into TernaryAdder)   --->   "%tmp26 = add i32 %tmp_26, -1818" [firmware/nnet_utils/nnet_dense_latency.h:58]   --->   Operation 146 'add' 'tmp26' <Predicate = true> <Delay = 0.00> <Core = "TAddSub">   --->   Core 84 'TAddSub' <Latency = 0> <II = 1> <Delay = 1.12> <IPBlock> <Opcode : 'add' 'sub'> <InPorts = 3> <OutPorts = 1> <Sync> <CReg>
ST_4 : Operation 147 [1/1] (2.25ns) (root node of TernaryAdder)   --->   "%tmp27 = add i32 %tmp26, %tmp_21" [firmware/nnet_utils/nnet_dense_latency.h:58]   --->   Operation 147 'add' 'tmp27' <Predicate = true> <Delay = 2.25> <Core = "TAddSub">   --->   Core 84 'TAddSub' <Latency = 0> <II = 1> <Delay = 1.12> <IPBlock> <Opcode : 'add' 'sub'> <InPorts = 3> <OutPorts = 1> <Sync> <CReg>

State 5 <SV = 4> <Delay = 4.10>
ST_5 : Operation 148 [1/3] (4.10ns)   --->   "%r_V_8 = mul i46 %r_V_cast, 6309" [firmware/nnet_utils/nnet_mult.h:73->firmware/nnet_utils/nnet_dense_latency.h:42]   --->   Operation 148 'mul' 'r_V_8' <Predicate = true> <Delay = 4.10> <Core = "MulnS">   --->   Core 17 'MulnS' <Latency = 2> <II = 1> <Delay = 4.10> <FuncUnit> <Opcode : 'mul'> <InPorts = 2> <OutPorts = 1>
ST_5 : Operation 149 [1/1] (0.00ns)   --->   "%tmp_1 = call i32 @_ssdm_op_PartSelect.i32.i46.i32.i32(i46 %r_V_8, i32 14, i32 45)" [firmware/nnet_utils/nnet_dense_latency.h:42]   --->   Operation 149 'partselect' 'tmp_1' <Predicate = true> <Delay = 0.00>
ST_5 : Operation 150 [1/3] (4.10ns)   --->   "%r_V_8_0_1 = mul i46 %r_V_cast, -5357" [firmware/nnet_utils/nnet_mult.h:73->firmware/nnet_utils/nnet_dense_latency.h:42]   --->   Operation 150 'mul' 'r_V_8_0_1' <Predicate = true> <Delay = 4.10> <Core = "MulnS">   --->   Core 17 'MulnS' <Latency = 2> <II = 1> <Delay = 4.10> <FuncUnit> <Opcode : 'mul'> <InPorts = 2> <OutPorts = 1>
ST_5 : Operation 151 [1/1] (0.00ns)   --->   "%tmp_17_0_1 = call i32 @_ssdm_op_PartSelect.i32.i46.i32.i32(i46 %r_V_8_0_1, i32 14, i32 45)" [firmware/nnet_utils/nnet_dense_latency.h:42]   --->   Operation 151 'partselect' 'tmp_17_0_1' <Predicate = true> <Delay = 0.00>
ST_5 : Operation 152 [1/3] (4.10ns)   --->   "%r_V_8_0_2 = mul i46 %r_V_cast, 15100" [firmware/nnet_utils/nnet_mult.h:73->firmware/nnet_utils/nnet_dense_latency.h:42]   --->   Operation 152 'mul' 'r_V_8_0_2' <Predicate = true> <Delay = 4.10> <Core = "MulnS">   --->   Core 17 'MulnS' <Latency = 2> <II = 1> <Delay = 4.10> <FuncUnit> <Opcode : 'mul'> <InPorts = 2> <OutPorts = 1>
ST_5 : Operation 153 [1/1] (0.00ns)   --->   "%tmp_17_0_2 = call i32 @_ssdm_op_PartSelect.i32.i46.i32.i32(i46 %r_V_8_0_2, i32 14, i32 45)" [firmware/nnet_utils/nnet_dense_latency.h:42]   --->   Operation 153 'partselect' 'tmp_17_0_2' <Predicate = true> <Delay = 0.00>
ST_5 : Operation 154 [1/3] (4.10ns)   --->   "%r_V_8_1 = mul i46 %r_V_1_cast, 10274" [firmware/nnet_utils/nnet_mult.h:73->firmware/nnet_utils/nnet_dense_latency.h:42]   --->   Operation 154 'mul' 'r_V_8_1' <Predicate = true> <Delay = 4.10> <Core = "MulnS">   --->   Core 17 'MulnS' <Latency = 2> <II = 1> <Delay = 4.10> <FuncUnit> <Opcode : 'mul'> <InPorts = 2> <OutPorts = 1>
ST_5 : Operation 155 [1/1] (0.00ns)   --->   "%tmp_17_1 = call i32 @_ssdm_op_PartSelect.i32.i46.i32.i32(i46 %r_V_8_1, i32 14, i32 45)" [firmware/nnet_utils/nnet_dense_latency.h:42]   --->   Operation 155 'partselect' 'tmp_17_1' <Predicate = true> <Delay = 0.00>
ST_5 : Operation 156 [1/3] (4.10ns)   --->   "%r_V_8_1_1 = mul i43 %r_V_1_cast1, 712" [firmware/nnet_utils/nnet_mult.h:73->firmware/nnet_utils/nnet_dense_latency.h:42]   --->   Operation 156 'mul' 'r_V_8_1_1' <Predicate = true> <Delay = 4.10> <Core = "MulnS">   --->   Core 17 'MulnS' <Latency = 2> <II = 1> <Delay = 4.10> <FuncUnit> <Opcode : 'mul'> <InPorts = 2> <OutPorts = 1>
ST_5 : Operation 157 [1/1] (0.00ns)   --->   "%tmp_7 = call i29 @_ssdm_op_PartSelect.i29.i43.i32.i32(i43 %r_V_8_1_1, i32 14, i32 42)" [firmware/nnet_utils/nnet_dense_latency.h:42]   --->   Operation 157 'partselect' 'tmp_7' <Predicate = true> <Delay = 0.00>
ST_5 : Operation 158 [1/3] (4.10ns)   --->   "%r_V_8_1_2 = mul i46 %r_V_1_cast, -13952" [firmware/nnet_utils/nnet_mult.h:73->firmware/nnet_utils/nnet_dense_latency.h:42]   --->   Operation 158 'mul' 'r_V_8_1_2' <Predicate = true> <Delay = 4.10> <Core = "MulnS">   --->   Core 17 'MulnS' <Latency = 2> <II = 1> <Delay = 4.10> <FuncUnit> <Opcode : 'mul'> <InPorts = 2> <OutPorts = 1>
ST_5 : Operation 159 [1/1] (0.00ns)   --->   "%tmp_17_1_2 = call i32 @_ssdm_op_PartSelect.i32.i46.i32.i32(i46 %r_V_8_1_2, i32 14, i32 45)" [firmware/nnet_utils/nnet_dense_latency.h:42]   --->   Operation 159 'partselect' 'tmp_17_1_2' <Predicate = true> <Delay = 0.00>
ST_5 : Operation 160 [1/3] (4.10ns)   --->   "%r_V_8_1_3 = mul i46 %r_V_1_cast, 11493" [firmware/nnet_utils/nnet_mult.h:73->firmware/nnet_utils/nnet_dense_latency.h:42]   --->   Operation 160 'mul' 'r_V_8_1_3' <Predicate = true> <Delay = 4.10> <Core = "MulnS">   --->   Core 17 'MulnS' <Latency = 2> <II = 1> <Delay = 4.10> <FuncUnit> <Opcode : 'mul'> <InPorts = 2> <OutPorts = 1>
ST_5 : Operation 161 [1/1] (0.00ns)   --->   "%tmp_17_1_3 = call i32 @_ssdm_op_PartSelect.i32.i46.i32.i32(i46 %r_V_8_1_3, i32 14, i32 45)" [firmware/nnet_utils/nnet_dense_latency.h:42]   --->   Operation 161 'partselect' 'tmp_17_1_3' <Predicate = true> <Delay = 0.00>
ST_5 : Operation 162 [1/3] (4.10ns)   --->   "%r_V_8_2 = mul i45 %r_V_2_cast, 2765" [firmware/nnet_utils/nnet_mult.h:73->firmware/nnet_utils/nnet_dense_latency.h:42]   --->   Operation 162 'mul' 'r_V_8_2' <Predicate = true> <Delay = 4.10> <Core = "MulnS">   --->   Core 17 'MulnS' <Latency = 2> <II = 1> <Delay = 4.10> <FuncUnit> <Opcode : 'mul'> <InPorts = 2> <OutPorts = 1>
ST_5 : Operation 163 [1/1] (0.00ns)   --->   "%tmp_s = call i31 @_ssdm_op_PartSelect.i31.i45.i32.i32(i45 %r_V_8_2, i32 14, i32 44)" [firmware/nnet_utils/nnet_dense_latency.h:42]   --->   Operation 163 'partselect' 'tmp_s' <Predicate = true> <Delay = 0.00>
ST_5 : Operation 164 [1/3] (4.10ns)   --->   "%r_V_8_2_1 = mul i46 %r_V_2_cast1, -5977" [firmware/nnet_utils/nnet_mult.h:73->firmware/nnet_utils/nnet_dense_latency.h:42]   --->   Operation 164 'mul' 'r_V_8_2_1' <Predicate = true> <Delay = 4.10> <Core = "MulnS">   --->   Core 17 'MulnS' <Latency = 2> <II = 1> <Delay = 4.10> <FuncUnit> <Opcode : 'mul'> <InPorts = 2> <OutPorts = 1>
ST_5 : Operation 165 [1/1] (0.00ns)   --->   "%tmp_17_2_1 = call i32 @_ssdm_op_PartSelect.i32.i46.i32.i32(i46 %r_V_8_2_1, i32 14, i32 45)" [firmware/nnet_utils/nnet_dense_latency.h:42]   --->   Operation 165 'partselect' 'tmp_17_2_1' <Predicate = true> <Delay = 0.00>
ST_5 : Operation 166 [1/3] (4.10ns)   --->   "%r_V_8_2_2 = mul i46 %r_V_2_cast1, 11214" [firmware/nnet_utils/nnet_mult.h:73->firmware/nnet_utils/nnet_dense_latency.h:42]   --->   Operation 166 'mul' 'r_V_8_2_2' <Predicate = true> <Delay = 4.10> <Core = "MulnS">   --->   Core 17 'MulnS' <Latency = 2> <II = 1> <Delay = 4.10> <FuncUnit> <Opcode : 'mul'> <InPorts = 2> <OutPorts = 1>
ST_5 : Operation 167 [1/1] (0.00ns)   --->   "%tmp_17_2_2 = call i32 @_ssdm_op_PartSelect.i32.i46.i32.i32(i46 %r_V_8_2_2, i32 14, i32 45)" [firmware/nnet_utils/nnet_dense_latency.h:42]   --->   Operation 167 'partselect' 'tmp_17_2_2' <Predicate = true> <Delay = 0.00>
ST_5 : Operation 168 [1/3] (4.10ns)   --->   "%r_V_8_2_3 = mul i46 %r_V_2_cast1, 13258" [firmware/nnet_utils/nnet_mult.h:73->firmware/nnet_utils/nnet_dense_latency.h:42]   --->   Operation 168 'mul' 'r_V_8_2_3' <Predicate = true> <Delay = 4.10> <Core = "MulnS">   --->   Core 17 'MulnS' <Latency = 2> <II = 1> <Delay = 4.10> <FuncUnit> <Opcode : 'mul'> <InPorts = 2> <OutPorts = 1>
ST_5 : Operation 169 [1/1] (0.00ns)   --->   "%tmp_17_2_3 = call i32 @_ssdm_op_PartSelect.i32.i46.i32.i32(i46 %r_V_8_2_3, i32 14, i32 45)" [firmware/nnet_utils/nnet_dense_latency.h:42]   --->   Operation 169 'partselect' 'tmp_17_2_3' <Predicate = true> <Delay = 0.00>
ST_5 : Operation 170 [1/3] (4.10ns)   --->   "%r_V_8_3 = mul i45 %r_V_3_cast, 3246" [firmware/nnet_utils/nnet_mult.h:73->firmware/nnet_utils/nnet_dense_latency.h:42]   --->   Operation 170 'mul' 'r_V_8_3' <Predicate = true> <Delay = 4.10> <Core = "MulnS">   --->   Core 17 'MulnS' <Latency = 2> <II = 1> <Delay = 4.10> <FuncUnit> <Opcode : 'mul'> <InPorts = 2> <OutPorts = 1>
ST_5 : Operation 171 [1/1] (0.00ns)   --->   "%tmp_3 = call i31 @_ssdm_op_PartSelect.i31.i45.i32.i32(i45 %r_V_8_3, i32 14, i32 44)" [firmware/nnet_utils/nnet_dense_latency.h:42]   --->   Operation 171 'partselect' 'tmp_3' <Predicate = true> <Delay = 0.00>
ST_5 : Operation 172 [1/3] (4.10ns)   --->   "%r_V_8_3_1 = mul i46 %r_V_3_cast1, -7617" [firmware/nnet_utils/nnet_mult.h:73->firmware/nnet_utils/nnet_dense_latency.h:42]   --->   Operation 172 'mul' 'r_V_8_3_1' <Predicate = true> <Delay = 4.10> <Core = "MulnS">   --->   Core 17 'MulnS' <Latency = 2> <II = 1> <Delay = 4.10> <FuncUnit> <Opcode : 'mul'> <InPorts = 2> <OutPorts = 1>
ST_5 : Operation 173 [1/1] (0.00ns)   --->   "%tmp_17_3_1 = call i32 @_ssdm_op_PartSelect.i32.i46.i32.i32(i46 %r_V_8_3_1, i32 14, i32 45)" [firmware/nnet_utils/nnet_dense_latency.h:42]   --->   Operation 173 'partselect' 'tmp_17_3_1' <Predicate = true> <Delay = 0.00>
ST_5 : Operation 174 [1/3] (4.10ns)   --->   "%r_V_8_3_2 = mul i46 %r_V_3_cast1, 18878" [firmware/nnet_utils/nnet_mult.h:73->firmware/nnet_utils/nnet_dense_latency.h:42]   --->   Operation 174 'mul' 'r_V_8_3_2' <Predicate = true> <Delay = 4.10> <Core = "MulnS">   --->   Core 17 'MulnS' <Latency = 2> <II = 1> <Delay = 4.10> <FuncUnit> <Opcode : 'mul'> <InPorts = 2> <OutPorts = 1>
ST_5 : Operation 175 [1/1] (0.00ns)   --->   "%tmp_17_3_2 = call i32 @_ssdm_op_PartSelect.i32.i46.i32.i32(i46 %r_V_8_3_2, i32 14, i32 45)" [firmware/nnet_utils/nnet_dense_latency.h:42]   --->   Operation 175 'partselect' 'tmp_17_3_2' <Predicate = true> <Delay = 0.00>
ST_5 : Operation 176 [1/3] (4.10ns)   --->   "%r_V_8_3_3 = mul i46 %r_V_3_cast1, -9415" [firmware/nnet_utils/nnet_mult.h:73->firmware/nnet_utils/nnet_dense_latency.h:42]   --->   Operation 176 'mul' 'r_V_8_3_3' <Predicate = true> <Delay = 4.10> <Core = "MulnS">   --->   Core 17 'MulnS' <Latency = 2> <II = 1> <Delay = 4.10> <FuncUnit> <Opcode : 'mul'> <InPorts = 2> <OutPorts = 1>
ST_5 : Operation 177 [1/1] (0.00ns)   --->   "%tmp_17_3_3 = call i32 @_ssdm_op_PartSelect.i32.i46.i32.i32(i46 %r_V_8_3_3, i32 14, i32 45)" [firmware/nnet_utils/nnet_dense_latency.h:42]   --->   Operation 177 'partselect' 'tmp_17_3_3' <Predicate = true> <Delay = 0.00>
ST_5 : Operation 178 [1/1] (0.00ns)   --->   "%tmp_10 = sext i27 %tmp_9 to i32" [firmware/nnet_utils/nnet_dense_latency.h:42]   --->   Operation 178 'sext' 'tmp_10' <Predicate = true> <Delay = 0.00>
ST_5 : Operation 179 [1/1] (0.00ns)   --->   "%tmp_12 = sext i31 %tmp_11 to i32" [firmware/nnet_utils/nnet_dense_latency.h:42]   --->   Operation 179 'sext' 'tmp_12' <Predicate = true> <Delay = 0.00>
ST_5 : Operation 180 [1/1] (0.00ns)   --->   "%tmp_14 = sext i31 %tmp_13 to i32" [firmware/nnet_utils/nnet_dense_latency.h:42]   --->   Operation 180 'sext' 'tmp_14' <Predicate = true> <Delay = 0.00>
ST_5 : Operation 181 [1/1] (0.00ns)   --->   "%tmp_16 = sext i29 %tmp_15 to i32" [firmware/nnet_utils/nnet_dense_latency.h:42]   --->   Operation 181 'sext' 'tmp_16' <Predicate = true> <Delay = 0.00>
ST_5 : Operation 182 [1/1] (0.00ns) (grouped into TernaryAdder)   --->   "%tmp5 = add i32 %tmp_10, %tmp_17_5" [firmware/nnet_utils/nnet_dense_latency.h:58]   --->   Operation 182 'add' 'tmp5' <Predicate = true> <Delay = 0.00> <Core = "TAddSub">   --->   Core 84 'TAddSub' <Latency = 0> <II = 1> <Delay = 1.12> <IPBlock> <Opcode : 'add' 'sub'> <InPorts = 3> <OutPorts = 1> <Sync> <CReg>
ST_5 : Operation 183 [1/1] (2.25ns) (root node of TernaryAdder)   --->   "%tmp4 = add i32 %tmp6, %tmp5" [firmware/nnet_utils/nnet_dense_latency.h:58]   --->   Operation 183 'add' 'tmp4' <Predicate = true> <Delay = 2.25> <Core = "TAddSub">   --->   Core 84 'TAddSub' <Latency = 0> <II = 1> <Delay = 1.12> <IPBlock> <Opcode : 'add' 'sub'> <InPorts = 3> <OutPorts = 1> <Sync> <CReg>
ST_5 : Operation 184 [1/1] (0.00ns) (grouped into TernaryAdder)   --->   "%tmp10 = add i32 %tmp_17_4_1, %tmp_17_5_1" [firmware/nnet_utils/nnet_dense_latency.h:58]   --->   Operation 184 'add' 'tmp10' <Predicate = true> <Delay = 0.00> <Core = "TAddSub">   --->   Core 84 'TAddSub' <Latency = 0> <II = 1> <Delay = 1.12> <IPBlock> <Opcode : 'add' 'sub'> <InPorts = 3> <OutPorts = 1> <Sync> <CReg>
ST_5 : Operation 185 [1/1] (0.00ns)   --->   "%tmp13_cast = sext i30 %tmp13 to i32" [firmware/nnet_utils/nnet_dense_latency.h:58]   --->   Operation 185 'sext' 'tmp13_cast' <Predicate = true> <Delay = 0.00>
ST_5 : Operation 186 [1/1] (2.25ns) (root node of TernaryAdder)   --->   "%tmp11 = add i32 %tmp13_cast, %tmp10" [firmware/nnet_utils/nnet_dense_latency.h:58]   --->   Operation 186 'add' 'tmp11' <Predicate = true> <Delay = 2.25> <Core = "TAddSub">   --->   Core 84 'TAddSub' <Latency = 0> <II = 1> <Delay = 1.12> <IPBlock> <Opcode : 'add' 'sub'> <InPorts = 3> <OutPorts = 1> <Sync> <CReg>
ST_5 : Operation 187 [1/1] (0.00ns) (grouped into TernaryAdder)   --->   "%tmp17 = add i32 %tmp_12, %tmp_17_5_2" [firmware/nnet_utils/nnet_dense_latency.h:58]   --->   Operation 187 'add' 'tmp17' <Predicate = true> <Delay = 0.00> <Core = "TAddSub">   --->   Core 84 'TAddSub' <Latency = 0> <II = 1> <Delay = 1.12> <IPBlock> <Opcode : 'add' 'sub'> <InPorts = 3> <OutPorts = 1> <Sync> <CReg>
ST_5 : Operation 188 [1/1] (2.25ns) (root node of TernaryAdder)   --->   "%tmp18 = add i32 %tmp20, %tmp17" [firmware/nnet_utils/nnet_dense_latency.h:58]   --->   Operation 188 'add' 'tmp18' <Predicate = true> <Delay = 2.25> <Core = "TAddSub">   --->   Core 84 'TAddSub' <Latency = 0> <II = 1> <Delay = 1.12> <IPBlock> <Opcode : 'add' 'sub'> <InPorts = 3> <OutPorts = 1> <Sync> <CReg>
ST_5 : Operation 189 [1/1] (0.00ns) (grouped into TernaryAdder)   --->   "%tmp24 = add i32 %tmp_14, %tmp_16" [firmware/nnet_utils/nnet_dense_latency.h:58]   --->   Operation 189 'add' 'tmp24' <Predicate = true> <Delay = 0.00> <Core = "TAddSub">   --->   Core 84 'TAddSub' <Latency = 0> <II = 1> <Delay = 1.12> <IPBlock> <Opcode : 'add' 'sub'> <InPorts = 3> <OutPorts = 1> <Sync> <CReg>
ST_5 : Operation 190 [1/1] (2.25ns) (root node of TernaryAdder)   --->   "%tmp25 = add i32 %tmp27, %tmp24" [firmware/nnet_utils/nnet_dense_latency.h:58]   --->   Operation 190 'add' 'tmp25' <Predicate = true> <Delay = 2.25> <Core = "TAddSub">   --->   Core 84 'TAddSub' <Latency = 0> <II = 1> <Delay = 1.12> <IPBlock> <Opcode : 'add' 'sub'> <InPorts = 3> <OutPorts = 1> <Sync> <CReg>

State 6 <SV = 5> <Delay = 3.76>
ST_6 : Operation 191 [1/1] (0.00ns)   --->   "call void (...)* @_ssdm_op_SpecPipeline(i32 1, i32 1, i32 1, i32 0, [1 x i8]* @p_str7) nounwind" [firmware/nnet_utils/nnet_dense_latency.h:26]   --->   Operation 191 'specpipeline' <Predicate = true> <Delay = 0.00>
ST_6 : Operation 192 [1/1] (0.00ns)   --->   "call void (...)* @_ssdm_op_SpecResourceLimit(i32 32, [4 x i8]* @p_str9, [1 x i8]* @p_str7, [1 x i8]* @p_str7, [1 x i8]* @p_str7) nounwind" [firmware/nnet_utils/nnet_dense_latency.h:33]   --->   Operation 192 'specresourcelimit' <Predicate = true> <Delay = 0.00>
ST_6 : Operation 193 [1/1] (0.00ns)   --->   "%tmp_5 = sext i29 %tmp_4 to i32" [firmware/nnet_utils/nnet_dense_latency.h:42]   --->   Operation 193 'sext' 'tmp_5' <Predicate = true> <Delay = 0.00>
ST_6 : Operation 194 [1/1] (0.00ns)   --->   "%tmp_8 = sext i29 %tmp_7 to i32" [firmware/nnet_utils/nnet_dense_latency.h:42]   --->   Operation 194 'sext' 'tmp_8' <Predicate = true> <Delay = 0.00>
ST_6 : Operation 195 [1/1] (0.00ns)   --->   "%tmp_2 = sext i31 %tmp_s to i32" [firmware/nnet_utils/nnet_dense_latency.h:42]   --->   Operation 195 'sext' 'tmp_2' <Predicate = true> <Delay = 0.00>
ST_6 : Operation 196 [1/1] (0.00ns)   --->   "%tmp_6 = sext i31 %tmp_3 to i32" [firmware/nnet_utils/nnet_dense_latency.h:42]   --->   Operation 196 'sext' 'tmp_6' <Predicate = true> <Delay = 0.00>
ST_6 : Operation 197 [1/1] (1.51ns)   --->   "%tmp2 = add i32 %tmp_1, %tmp_17_1" [firmware/nnet_utils/nnet_dense_latency.h:58]   --->   Operation 197 'add' 'tmp2' <Predicate = true> <Delay = 1.51> <Core = "AddSub">   --->   Core 14 'AddSub' <Latency = 0> <II = 1> <Delay = 1.51> <FuncUnit> <Opcode : 'add' 'sub'> <InPorts = 2> <OutPorts = 1>
ST_6 : Operation 198 [1/1] (1.50ns)   --->   "%tmp3 = add i32 %tmp_2, %tmp_6" [firmware/nnet_utils/nnet_dense_latency.h:58]   --->   Operation 198 'add' 'tmp3' <Predicate = true> <Delay = 1.50> <Core = "AddSub">   --->   Core 14 'AddSub' <Latency = 0> <II = 1> <Delay = 1.51> <FuncUnit> <Opcode : 'add' 'sub'> <InPorts = 2> <OutPorts = 1>
ST_6 : Operation 199 [1/1] (0.00ns) (grouped into TernaryAdder)   --->   "%tmp = add i32 %tmp3, %tmp2" [firmware/nnet_utils/nnet_dense_latency.h:58]   --->   Operation 199 'add' 'tmp' <Predicate = true> <Delay = 0.00> <Core = "TAddSub">   --->   Core 84 'TAddSub' <Latency = 0> <II = 1> <Delay = 1.12> <IPBlock> <Opcode : 'add' 'sub'> <InPorts = 3> <OutPorts = 1> <Sync> <CReg>
ST_6 : Operation 200 [1/1] (2.25ns) (root node of TernaryAdder)   --->   "%res_0_V_write_assign = add i32 %tmp4, %tmp" [firmware/nnet_utils/nnet_dense_latency.h:58]   --->   Operation 200 'add' 'res_0_V_write_assign' <Predicate = true> <Delay = 2.25> <Core = "TAddSub">   --->   Core 84 'TAddSub' <Latency = 0> <II = 1> <Delay = 1.12> <IPBlock> <Opcode : 'add' 'sub'> <InPorts = 3> <OutPorts = 1> <Sync> <CReg>
ST_6 : Operation 201 [1/1] (1.51ns)   --->   "%tmp9 = add i32 %tmp_17_0_1, %tmp_8" [firmware/nnet_utils/nnet_dense_latency.h:58]   --->   Operation 201 'add' 'tmp9' <Predicate = true> <Delay = 1.51> <Core = "AddSub">   --->   Core 14 'AddSub' <Latency = 0> <II = 1> <Delay = 1.51> <FuncUnit> <Opcode : 'add' 'sub'> <InPorts = 2> <OutPorts = 1>
ST_6 : Operation 202 [1/1] (1.51ns)   --->   "%tmp1 = add i32 %tmp_17_2_1, %tmp_17_3_1" [firmware/nnet_utils/nnet_dense_latency.h:58]   --->   Operation 202 'add' 'tmp1' <Predicate = true> <Delay = 1.51> <Core = "AddSub">   --->   Core 14 'AddSub' <Latency = 0> <II = 1> <Delay = 1.51> <FuncUnit> <Opcode : 'add' 'sub'> <InPorts = 2> <OutPorts = 1>
ST_6 : Operation 203 [1/1] (0.00ns) (grouped into TernaryAdder)   --->   "%tmp8 = add i32 %tmp1, %tmp9" [firmware/nnet_utils/nnet_dense_latency.h:58]   --->   Operation 203 'add' 'tmp8' <Predicate = true> <Delay = 0.00> <Core = "TAddSub">   --->   Core 84 'TAddSub' <Latency = 0> <II = 1> <Delay = 1.12> <IPBlock> <Opcode : 'add' 'sub'> <InPorts = 3> <OutPorts = 1> <Sync> <CReg>
ST_6 : Operation 204 [1/1] (2.25ns) (root node of TernaryAdder)   --->   "%acc_1_V = add i32 %tmp11, %tmp8" [firmware/nnet_utils/nnet_dense_latency.h:58]   --->   Operation 204 'add' 'acc_1_V' <Predicate = true> <Delay = 2.25> <Core = "TAddSub">   --->   Core 84 'TAddSub' <Latency = 0> <II = 1> <Delay = 1.12> <IPBlock> <Opcode : 'add' 'sub'> <InPorts = 3> <OutPorts = 1> <Sync> <CReg>
ST_6 : Operation 205 [1/1] (1.51ns)   --->   "%tmp14 = add i32 %tmp_17_0_2, %tmp_17_1_2" [firmware/nnet_utils/nnet_dense_latency.h:58]   --->   Operation 205 'add' 'tmp14' <Predicate = true> <Delay = 1.51> <Core = "AddSub">   --->   Core 14 'AddSub' <Latency = 0> <II = 1> <Delay = 1.51> <FuncUnit> <Opcode : 'add' 'sub'> <InPorts = 2> <OutPorts = 1>
ST_6 : Operation 206 [1/1] (1.51ns)   --->   "%tmp16 = add i32 %tmp_17_2_2, %tmp_17_3_2" [firmware/nnet_utils/nnet_dense_latency.h:58]   --->   Operation 206 'add' 'tmp16' <Predicate = true> <Delay = 1.51> <Core = "AddSub">   --->   Core 14 'AddSub' <Latency = 0> <II = 1> <Delay = 1.51> <FuncUnit> <Opcode : 'add' 'sub'> <InPorts = 2> <OutPorts = 1>
ST_6 : Operation 207 [1/1] (0.00ns) (grouped into TernaryAdder)   --->   "%tmp15 = add i32 %tmp16, %tmp14" [firmware/nnet_utils/nnet_dense_latency.h:58]   --->   Operation 207 'add' 'tmp15' <Predicate = true> <Delay = 0.00> <Core = "TAddSub">   --->   Core 84 'TAddSub' <Latency = 0> <II = 1> <Delay = 1.12> <IPBlock> <Opcode : 'add' 'sub'> <InPorts = 3> <OutPorts = 1> <Sync> <CReg>
ST_6 : Operation 208 [1/1] (2.25ns) (root node of TernaryAdder)   --->   "%acc_2_V = add i32 %tmp18, %tmp15" [firmware/nnet_utils/nnet_dense_latency.h:58]   --->   Operation 208 'add' 'acc_2_V' <Predicate = true> <Delay = 2.25> <Core = "TAddSub">   --->   Core 84 'TAddSub' <Latency = 0> <II = 1> <Delay = 1.12> <IPBlock> <Opcode : 'add' 'sub'> <InPorts = 3> <OutPorts = 1> <Sync> <CReg>
ST_6 : Operation 209 [1/1] (1.51ns)   --->   "%tmp21 = add i32 %tmp_5, %tmp_17_1_3" [firmware/nnet_utils/nnet_dense_latency.h:58]   --->   Operation 209 'add' 'tmp21' <Predicate = true> <Delay = 1.51> <Core = "AddSub">   --->   Core 14 'AddSub' <Latency = 0> <II = 1> <Delay = 1.51> <FuncUnit> <Opcode : 'add' 'sub'> <InPorts = 2> <OutPorts = 1>
ST_6 : Operation 210 [1/1] (1.51ns)   --->   "%tmp23 = add i32 %tmp_17_2_3, %tmp_17_3_3" [firmware/nnet_utils/nnet_dense_latency.h:58]   --->   Operation 210 'add' 'tmp23' <Predicate = true> <Delay = 1.51> <Core = "AddSub">   --->   Core 14 'AddSub' <Latency = 0> <II = 1> <Delay = 1.51> <FuncUnit> <Opcode : 'add' 'sub'> <InPorts = 2> <OutPorts = 1>
ST_6 : Operation 211 [1/1] (0.00ns) (grouped into TernaryAdder)   --->   "%tmp22 = add i32 %tmp23, %tmp21" [firmware/nnet_utils/nnet_dense_latency.h:58]   --->   Operation 211 'add' 'tmp22' <Predicate = true> <Delay = 0.00> <Core = "TAddSub">   --->   Core 84 'TAddSub' <Latency = 0> <II = 1> <Delay = 1.12> <IPBlock> <Opcode : 'add' 'sub'> <InPorts = 3> <OutPorts = 1> <Sync> <CReg>
ST_6 : Operation 212 [1/1] (2.25ns) (root node of TernaryAdder)   --->   "%acc_3_V = add i32 %tmp25, %tmp22" [firmware/nnet_utils/nnet_dense_latency.h:58]   --->   Operation 212 'add' 'acc_3_V' <Predicate = true> <Delay = 2.25> <Core = "TAddSub">   --->   Core 84 'TAddSub' <Latency = 0> <II = 1> <Delay = 1.12> <IPBlock> <Opcode : 'add' 'sub'> <InPorts = 3> <OutPorts = 1> <Sync> <CReg>
ST_6 : Operation 213 [1/1] (0.00ns)   --->   "%mrv = insertvalue { i32, i32, i32, i32 } undef, i32 %res_0_V_write_assign, 0" [firmware/nnet_utils/nnet_dense_latency.h:68]   --->   Operation 213 'insertvalue' 'mrv' <Predicate = true> <Delay = 0.00>
ST_6 : Operation 214 [1/1] (0.00ns)   --->   "%mrv_1 = insertvalue { i32, i32, i32, i32 } %mrv, i32 %acc_1_V, 1" [firmware/nnet_utils/nnet_dense_latency.h:68]   --->   Operation 214 'insertvalue' 'mrv_1' <Predicate = true> <Delay = 0.00>
ST_6 : Operation 215 [1/1] (0.00ns)   --->   "%mrv_2 = insertvalue { i32, i32, i32, i32 } %mrv_1, i32 %acc_2_V, 2" [firmware/nnet_utils/nnet_dense_latency.h:68]   --->   Operation 215 'insertvalue' 'mrv_2' <Predicate = true> <Delay = 0.00>
ST_6 : Operation 216 [1/1] (0.00ns)   --->   "%mrv_3 = insertvalue { i32, i32, i32, i32 } %mrv_2, i32 %acc_3_V, 3" [firmware/nnet_utils/nnet_dense_latency.h:68]   --->   Operation 216 'insertvalue' 'mrv_3' <Predicate = true> <Delay = 0.00>
ST_6 : Operation 217 [1/1] (0.00ns)   --->   "ret { i32, i32, i32, i32 } %mrv_3" [firmware/nnet_utils/nnet_dense_latency.h:68]   --->   Operation 217 'ret' <Predicate = true> <Delay = 0.00>


============================================================
+ Verbose Summary: Timing violations
============================================================
Target clock period: 5ns, clock uncertainty: 0.625ns.

 <State 1>: 4.11ns
The critical path consists of the following:
	wire read on port 'data_7_V_read' (firmware/nnet_utils/nnet_dense_latency.h:13) [9]  (0 ns)
	'mul' operation ('r_V_8_7', firmware/nnet_utils/nnet_mult.h:73->firmware/nnet_utils/nnet_dense_latency.h:42) [109]  (4.11 ns)

 <State 2>: 4.11ns
The critical path consists of the following:
	'mul' operation ('r_V_8_4_2', firmware/nnet_utils/nnet_mult.h:73->firmware/nnet_utils/nnet_dense_latency.h:42) [75]  (4.11 ns)

 <State 3>: 4.11ns
The critical path consists of the following:
	'mul' operation ('r_V_8', firmware/nnet_utils/nnet_mult.h:73->firmware/nnet_utils/nnet_dense_latency.h:42) [20]  (4.11 ns)

 <State 4>: 4.11ns
The critical path consists of the following:
	'mul' operation ('r_V_8', firmware/nnet_utils/nnet_mult.h:73->firmware/nnet_utils/nnet_dense_latency.h:42) [20]  (4.11 ns)

 <State 5>: 4.11ns
The critical path consists of the following:
	'mul' operation ('r_V_8', firmware/nnet_utils/nnet_mult.h:73->firmware/nnet_utils/nnet_dense_latency.h:42) [20]  (4.11 ns)

 <State 6>: 3.77ns
The critical path consists of the following:
	'add' operation ('tmp21', firmware/nnet_utils/nnet_dense_latency.h:58) [145]  (1.51 ns)
	'add' operation ('tmp22', firmware/nnet_utils/nnet_dense_latency.h:58) [147]  (0 ns)
	'add' operation ('acc[3].V', firmware/nnet_utils/nnet_dense_latency.h:58) [152]  (2.25 ns)


============================================================
+ Verbose Summary: Binding
============================================================
N/A
* FSMD analyzer results:
  - Output states:
 - Input state : 
  - Chain level:
	State 1
	State 2
	State 3
	State 4
	State 5
	State 6


============================================================
+ Verbose Summary: Datapath Resource usage 
============================================================
N/A
