

================================================================
== Vivado HLS Report for 'sigmoid_ap_fixed_32_18_5_3_0_ap_fixed_32_18_5_3_0_sigmoid_config7_s'
================================================================
* Date:           Tue Oct 31 15:29:32 2023

* Version:        2018.3 (Build 2405991 on Thu Dec 06 23:56:15 MST 2018)
* Project:        myproject_prj
* Solution:       solution1
* Product family: virtex7
* Target device:  xc7vx485tffg1761-2


================================================================
== Performance Estimates
================================================================
+ Timing (ns): 
    * Summary: 
    +--------+-------+----------+------------+
    |  Clock | Target| Estimated| Uncertainty|
    +--------+-------+----------+------------+
    |ap_clk  |   5.00|     3.857|        0.62|
    +--------+-------+----------+------------+

+ Latency (clock cycles): 
    * Summary: 
    +-----+-----+-----+-----+----------+
    |  Latency  |  Interval | Pipeline |
    | min | max | min | max |   Type   |
    +-----+-----+-----+-----+----------+
    |    3|    3|    1|    1| function |
    +-----+-----+-----+-----+----------+

    + Detail: 
        * Instance: 
        N/A

        * Loop: 
        N/A



================================================================
== Utilization Estimates
================================================================
* Summary: 
+-----------------+---------+-------+--------+--------+
|       Name      | BRAM_18K| DSP48E|   FF   |   LUT  |
+-----------------+---------+-------+--------+--------+
|DSP              |        -|      -|       -|       -|
|Expression       |        -|      -|       0|     235|
|FIFO             |        -|      -|       -|       -|
|Instance         |        -|      -|       -|       -|
|Memory           |        1|      -|       0|       0|
|Multiplexer      |        -|      -|       -|       -|
|Register         |        -|      -|      39|       -|
+-----------------+---------+-------+--------+--------+
|Total            |        1|      0|      39|     235|
+-----------------+---------+-------+--------+--------+
|Available        |     2060|   2800|  607200|  303600|
+-----------------+---------+-------+--------+--------+
|Utilization (%)  |    ~0   |      0|   ~0   |   ~0   |
+-----------------+---------+-------+--------+--------+

+ Detail: 
    * Instance: 
    N/A

    * DSP48: 
    N/A

    * Memory: 
    +------------------+----------------------------------------------------------------------------------+---------+---+----+------+-----+------+-------------+
    |      Memory      |                                      Module                                      | BRAM_18K| FF| LUT| Words| Bits| Banks| W*Bits*Banks|
    +------------------+----------------------------------------------------------------------------------+---------+---+----+------+-----+------+-------------+
    |sigmoid_table1_U  |sigmoid_ap_fixed_32_18_5_3_0_ap_fixed_32_18_5_3_0_sigmoid_config7_s_sigmoid_tbkb  |        1|  0|   0|  1024|   10|     1|        10240|
    +------------------+----------------------------------------------------------------------------------+---------+---+----+------+-----+------+-------------+
    |Total             |                                                                                  |        1|  0|   0|  1024|   10|     1|        10240|
    +------------------+----------------------------------------------------------------------------------+---------+---+----+------+-----+------+-------------+

    * FIFO: 
    N/A

    * Expression: 
    +-----------------------------+----------+-------+---+----+------------+------------+
    |        Variable Name        | Operation| DSP48E| FF| LUT| Bitwidth P0| Bitwidth P1|
    +-----------------------------+----------+-------+---+----+------------+------------+
    |index_cast_fu_165_p2         |     +    |      0|  0|  31|          10|          24|
    |index_fu_151_p2              |     +    |      0|  0|  32|          10|          25|
    |ret_V_fu_125_p2              |     +    |      0|  0|  32|           1|          25|
    |ap_block_pp0_stage0_11001    |    and   |      0|  0|   2|           1|           1|
    |icmp_fu_191_p2               |   icmp   |      0|  0|  13|          14|           1|
    |p_Result_s_fu_101_p2         |   icmp   |      0|  0|  24|          42|           5|
    |tmp_3_fu_119_p2              |   icmp   |      0|  0|  13|          14|           1|
    |ap_block_pp0_stage0_subdone  |    or    |      0|  0|   2|           1|           1|
    |index_1_fu_197_p3            |  select  |      0|  0|  10|           1|           2|
    |p_1_fu_170_p3                |  select  |      0|  0|  24|           1|           1|
    |p_2_fu_139_p3                |  select  |      0|  0|  25|           1|          25|
    |p_s_fu_131_p3                |  select  |      0|  0|  25|           1|          25|
    |ap_enable_pp0                |    xor   |      0|  0|   2|           1|           2|
    +-----------------------------+----------+-------+---+----+------------+------------+
    |Total                        |          |      0|  0| 235|          98|         138|
    +-----------------------------+----------+-------+---+----+------------+------------+

    * Multiplexer: 
    N/A

    * Register: 
    +-------------------------+----+----+-----+-----------+
    |           Name          | FF | LUT| Bits| Const Bits|
    +-------------------------+----+----+-----+-----------+
    |ap_CS_fsm                |   1|   0|    1|          0|
    |ap_enable_reg_pp0_iter1  |   1|   0|    1|          0|
    |ap_enable_reg_pp0_iter2  |   1|   0|    1|          0|
    |ap_enable_reg_pp0_iter3  |   1|   0|    1|          0|
    |index_1_reg_227          |  10|   0|   10|          0|
    |tmp_2_reg_217            |  24|   0|   24|          0|
    |tmp_4_reg_222            |   1|   0|    1|          0|
    +-------------------------+----+----+-----+-----------+
    |Total                    |  39|   0|   39|          0|
    +-------------------------+----+----+-----+-----------+



================================================================
== Interface
================================================================
* Summary: 
+-------------+-----+-----+------------+--------------------------------------------------------------------------------+--------------+
|  RTL Ports  | Dir | Bits|  Protocol  |                                  Source Object                                 |    C Type    |
+-------------+-----+-----+------------+--------------------------------------------------------------------------------+--------------+
|ap_clk       |  in |    1| ap_ctrl_hs | sigmoid<ap_fixed<32, 18, 5, 3, 0>, ap_fixed<32, 18, 5, 3, 0>, sigmoid_config7> | return value |
|ap_rst       |  in |    1| ap_ctrl_hs | sigmoid<ap_fixed<32, 18, 5, 3, 0>, ap_fixed<32, 18, 5, 3, 0>, sigmoid_config7> | return value |
|ap_start     |  in |    1| ap_ctrl_hs | sigmoid<ap_fixed<32, 18, 5, 3, 0>, ap_fixed<32, 18, 5, 3, 0>, sigmoid_config7> | return value |
|ap_done      | out |    1| ap_ctrl_hs | sigmoid<ap_fixed<32, 18, 5, 3, 0>, ap_fixed<32, 18, 5, 3, 0>, sigmoid_config7> | return value |
|ap_idle      | out |    1| ap_ctrl_hs | sigmoid<ap_fixed<32, 18, 5, 3, 0>, ap_fixed<32, 18, 5, 3, 0>, sigmoid_config7> | return value |
|ap_ready     | out |    1| ap_ctrl_hs | sigmoid<ap_fixed<32, 18, 5, 3, 0>, ap_fixed<32, 18, 5, 3, 0>, sigmoid_config7> | return value |
|ap_ce        |  in |    1| ap_ctrl_hs | sigmoid<ap_fixed<32, 18, 5, 3, 0>, ap_fixed<32, 18, 5, 3, 0>, sigmoid_config7> | return value |
|ap_return    | out |   14| ap_ctrl_hs | sigmoid<ap_fixed<32, 18, 5, 3, 0>, ap_fixed<32, 18, 5, 3, 0>, sigmoid_config7> | return value |
|data_V_read  |  in |   32|   ap_none  |                                   data_V_read                                  |    scalar    |
+-------------+-----+-----+------------+--------------------------------------------------------------------------------+--------------+

============================================================
+ Verbose Summary: Synthesis Manager
============================================================
InlineROM: 1
ExposeGlobal: 0
============================================================
+ Verbose Summary: CDFG Model
============================================================
IsTopModel: 0
ResetActiveHigh: 1
IsCombinational: 2
IsDatapathOnly: 2
HasWiredReturn: 1
HasMFsm: 2
HasVarLatency: 0
IsPipeline: 1
IsRtlPipelined: 1
IsInstanceOverlapped: 0
IsDontTouch: 0
HasImplIP: 0
IsGatedGlobalClock: 0

+ Individual pipeline summary: 
  * Pipeline-0: initiation interval (II) = 1, depth = 4


============================================================
+ Verbose Summary: Schedule
============================================================
* Number of FSM states : 4
* Pipeline : 1
  Pipeline-0 : II = 1, D = 4, States = { 1 2 3 4 }
* Dataflow Pipeline: 0

* FSM state transitions: 
1 --> 
	2  / true
2 --> 
	3  / true
3 --> 
	4  / true
4 --> 

* FSM state operations: 

State 1 <SV = 0> <Delay = 3.65>
ST_1 : Operation 5 [1/1] (0.00ns)   --->   "%data_V_read_1 = call i32 @_ssdm_op_Read.ap_auto.i32(i32 %data_V_read)" [firmware/nnet_utils/nnet_activation.h:95]   --->   Operation 5 'read' 'data_V_read_1' <Predicate = true> <Delay = 0.00>
ST_1 : Operation 6 [1/1] (0.00ns)   --->   "%r_V = call i42 @_ssdm_op_BitConcatenate.i42.i32.i10(i32 %data_V_read_1, i10 0)" [firmware/nnet_utils/nnet_activation.h:115]   --->   Operation 6 'bitconcatenate' 'r_V' <Predicate = true> <Delay = 0.00>
ST_1 : Operation 7 [1/1] (0.00ns)   --->   "%tmp = call i24 @_ssdm_op_PartSelect.i24.i32.i32.i32(i32 %data_V_read_1, i32 8, i32 31)" [firmware/nnet_utils/nnet_activation.h:115]   --->   Operation 7 'partselect' 'tmp' <Predicate = true> <Delay = 0.00>
ST_1 : Operation 8 [1/1] (0.00ns)   --->   "%ret_V_cast = sext i24 %tmp to i25" [firmware/nnet_utils/nnet_activation.h:115]   --->   Operation 8 'sext' 'ret_V_cast' <Predicate = true> <Delay = 0.00>
ST_1 : Operation 9 [1/1] (1.33ns)   --->   "%p_Result_s = icmp slt i42 %r_V, -15" [firmware/nnet_utils/nnet_activation.h:115]   --->   Operation 9 'icmp' 'p_Result_s' <Predicate = true> <Delay = 1.33> <Core = "Cmp">   --->   Core 25 'Cmp' <Latency = 0> <II = 1> <Delay = 1.10> <FuncUnit> <Opcode : 'icmp'> <InPorts = 2> <OutPorts = 1>
ST_1 : Operation 10 [1/1] (0.00ns)   --->   "%tmp_1 = trunc i32 %data_V_read_1 to i8" [firmware/nnet_utils/nnet_activation.h:95]   --->   Operation 10 'trunc' 'tmp_1' <Predicate = true> <Delay = 0.00>
ST_1 : Operation 11 [1/1] (0.00ns)   --->   "%p_Result_2 = call i14 @_ssdm_op_BitConcatenate.i14.i8.i6(i8 %tmp_1, i6 0)" [firmware/nnet_utils/nnet_activation.h:115]   --->   Operation 11 'bitconcatenate' 'p_Result_2' <Predicate = true> <Delay = 0.00>
ST_1 : Operation 12 [1/1] (1.10ns)   --->   "%tmp_3 = icmp eq i14 %p_Result_2, 0" [firmware/nnet_utils/nnet_activation.h:115]   --->   Operation 12 'icmp' 'tmp_3' <Predicate = true> <Delay = 1.10> <Core = "Cmp">   --->   Core 25 'Cmp' <Latency = 0> <II = 1> <Delay = 1.10> <FuncUnit> <Opcode : 'icmp'> <InPorts = 2> <OutPorts = 1>
ST_1 : Operation 13 [1/1] (1.41ns)   --->   "%ret_V = add i25 1, %ret_V_cast" [firmware/nnet_utils/nnet_activation.h:115]   --->   Operation 13 'add' 'ret_V' <Predicate = true> <Delay = 1.41> <Core = "AddSub">   --->   Core 14 'AddSub' <Latency = 0> <II = 1> <Delay = 1.42> <FuncUnit> <Opcode : 'add' 'sub'> <InPorts = 2> <OutPorts = 1>
ST_1 : Operation 14 [1/1] (0.00ns) (grouped into LUT with out node p_2)   --->   "%p_s = select i1 %tmp_3, i25 %ret_V_cast, i25 %ret_V" [firmware/nnet_utils/nnet_activation.h:115]   --->   Operation 14 'select' 'p_s' <Predicate = true> <Delay = 0.00> <Core = "Sel">   --->   Core 26 'Sel' <Latency = 0> <II = 1> <Delay = 0.82> <FuncUnit> <Opcode : 'select'> <InPorts = 3> <OutPorts = 1>
ST_1 : Operation 15 [1/1] (0.82ns) (out node of the LUT)   --->   "%p_2 = select i1 %p_Result_s, i25 %p_s, i25 %ret_V_cast" [firmware/nnet_utils/nnet_activation.h:115]   --->   Operation 15 'select' 'p_2' <Predicate = true> <Delay = 0.82> <Core = "Sel">   --->   Core 26 'Sel' <Latency = 0> <II = 1> <Delay = 0.82> <FuncUnit> <Opcode : 'select'> <InPorts = 3> <OutPorts = 1>
ST_1 : Operation 16 [1/1] (0.00ns)   --->   "%tmp_2 = trunc i25 %p_2 to i24" [firmware/nnet_utils/nnet_activation.h:115]   --->   Operation 16 'trunc' 'tmp_2' <Predicate = true> <Delay = 0.00>
ST_1 : Operation 17 [1/1] (1.42ns)   --->   "%index = add i25 512, %p_2" [firmware/nnet_utils/nnet_activation.h:116]   --->   Operation 17 'add' 'index' <Predicate = true> <Delay = 1.42> <Core = "AddSub">   --->   Core 14 'AddSub' <Latency = 0> <II = 1> <Delay = 1.42> <FuncUnit> <Opcode : 'add' 'sub'> <InPorts = 2> <OutPorts = 1>
ST_1 : Operation 18 [1/1] (0.00ns)   --->   "%tmp_4 = call i1 @_ssdm_op_BitSelect.i1.i25.i32(i25 %index, i32 24)" [firmware/nnet_utils/nnet_activation.h:117]   --->   Operation 18 'bitselect' 'tmp_4' <Predicate = true> <Delay = 0.00>

State 2 <SV = 1> <Delay = 3.85>
ST_2 : Operation 19 [1/1] (1.41ns)   --->   "%index_cast = add i24 512, %tmp_2" [firmware/nnet_utils/nnet_activation.h:116]   --->   Operation 19 'add' 'index_cast' <Predicate = (!tmp_4)> <Delay = 1.41> <Core = "AddSub">   --->   Core 14 'AddSub' <Latency = 0> <II = 1> <Delay = 1.42> <FuncUnit> <Opcode : 'add' 'sub'> <InPorts = 2> <OutPorts = 1>
ST_2 : Operation 20 [1/1] (0.82ns)   --->   "%p_1 = select i1 %tmp_4, i24 0, i24 %index_cast" [firmware/nnet_utils/nnet_activation.h:117]   --->   Operation 20 'select' 'p_1' <Predicate = true> <Delay = 0.82> <Core = "Sel">   --->   Core 26 'Sel' <Latency = 0> <II = 1> <Delay = 0.82> <FuncUnit> <Opcode : 'select'> <InPorts = 3> <OutPorts = 1>
ST_2 : Operation 21 [1/1] (0.00ns)   --->   "%tmp_5 = trunc i24 %p_1 to i10" [firmware/nnet_utils/nnet_activation.h:117]   --->   Operation 21 'trunc' 'tmp_5' <Predicate = true> <Delay = 0.00>
ST_2 : Operation 22 [1/1] (0.00ns)   --->   "%tmp_6 = call i14 @_ssdm_op_PartSelect.i14.i24.i32.i32(i24 %p_1, i32 10, i32 23)" [firmware/nnet_utils/nnet_activation.h:119]   --->   Operation 22 'partselect' 'tmp_6' <Predicate = true> <Delay = 0.00>
ST_2 : Operation 23 [1/1] (1.10ns)   --->   "%icmp = icmp ne i14 %tmp_6, 0" [firmware/nnet_utils/nnet_activation.h:119]   --->   Operation 23 'icmp' 'icmp' <Predicate = true> <Delay = 1.10> <Core = "Cmp">   --->   Core 25 'Cmp' <Latency = 0> <II = 1> <Delay = 1.10> <FuncUnit> <Opcode : 'icmp'> <InPorts = 2> <OutPorts = 1>
ST_2 : Operation 24 [1/1] (0.51ns)   --->   "%index_1 = select i1 %icmp, i10 -1, i10 %tmp_5" [firmware/nnet_utils/nnet_activation.h:119]   --->   Operation 24 'select' 'index_1' <Predicate = true> <Delay = 0.51> <Core = "Sel">   --->   Core 26 'Sel' <Latency = 0> <II = 1> <Delay = 0.82> <FuncUnit> <Opcode : 'select'> <InPorts = 3> <OutPorts = 1>

State 3 <SV = 2> <Delay = 2.26>
ST_3 : Operation 25 [1/1] (0.00ns)   --->   "%tmp_8 = zext i10 %index_1 to i64" [firmware/nnet_utils/nnet_activation.h:121]   --->   Operation 25 'zext' 'tmp_8' <Predicate = true> <Delay = 0.00>
ST_3 : Operation 26 [1/1] (0.00ns)   --->   "%sigmoid_table1_addr = getelementptr [1024 x i10]* @sigmoid_table1, i64 0, i64 %tmp_8" [firmware/nnet_utils/nnet_activation.h:121]   --->   Operation 26 'getelementptr' 'sigmoid_table1_addr' <Predicate = true> <Delay = 0.00>
ST_3 : Operation 27 [2/2] (2.26ns)   --->   "%p_Val2_s = load i10* %sigmoid_table1_addr, align 2" [firmware/nnet_utils/nnet_activation.h:121]   --->   Operation 27 'load' 'p_Val2_s' <Predicate = true> <Delay = 2.26> <Core = "ROM_nP">   --->   Core 52 'ROM_nP' <Latency = 1> <II = 1> <Delay = 2.26> <Storage> <Opcode : 'load'> <Ports = 0> <Width = 10> <Depth = 1024> <ROM>

State 4 <SV = 3> <Delay = 2.26>
ST_4 : Operation 28 [1/1] (0.00ns)   --->   "call void (...)* @_ssdm_op_SpecPipeline(i32 -1, i32 1, i32 1, i32 0, [1 x i8]* @p_str7) nounwind" [firmware/nnet_utils/nnet_activation.h:109]   --->   Operation 28 'specpipeline' <Predicate = true> <Delay = 0.00>
ST_4 : Operation 29 [1/2] (2.26ns)   --->   "%p_Val2_s = load i10* %sigmoid_table1_addr, align 2" [firmware/nnet_utils/nnet_activation.h:121]   --->   Operation 29 'load' 'p_Val2_s' <Predicate = true> <Delay = 2.26> <Core = "ROM_nP">   --->   Core 52 'ROM_nP' <Latency = 1> <II = 1> <Delay = 2.26> <Storage> <Opcode : 'load'> <Ports = 0> <Width = 10> <Depth = 1024> <ROM>
ST_4 : Operation 30 [1/1] (0.00ns)   --->   "%res_V_write_assign = call i14 @_ssdm_op_BitConcatenate.i14.i10.i4(i10 %p_Val2_s, i4 0)" [firmware/nnet_utils/nnet_activation.h:121]   --->   Operation 30 'bitconcatenate' 'res_V_write_assign' <Predicate = true> <Delay = 0.00>
ST_4 : Operation 31 [1/1] (0.00ns)   --->   "ret i14 %res_V_write_assign" [firmware/nnet_utils/nnet_activation.h:123]   --->   Operation 31 'ret' <Predicate = true> <Delay = 0.00>


============================================================
+ Verbose Summary: Binding
============================================================
STG Binding: 
---------------- STG Properties BEGIN ----------------
- Is combinational: 0
- Is one-state seq: 0
- Is datapath-only: 0
- Is pipelined: 1
- Is top level: 0
Port [ Return ] is wired: 1; IO mode=ap_ctrl_hs:ce=0
Port [ data_V_read]:  wired=1; compound=0; hidden=0; nouse=0; global=0; static=0; extern=0; dir=0; type=0; pingpong=0; private_global=0; IO mode=ap_none:ce=0
Port [ sigmoid_table1]:  wired=0; compound=1; hidden=1; nouse=0; global=1; static=1; extern=0; dir=0; type=1; pingpong=0; private_global=1; linkage=7; visibility=0; MemPort=[1]; IO mode=ap_memory:ce=0
---------------- STG Properties END ------------------

---------------- Datapath Model BEGIN ----------------

<LifeTime>
<method=bitvector/>
data_V_read_1       (read          ) [ 00000]
r_V                 (bitconcatenate) [ 00000]
tmp                 (partselect    ) [ 00000]
ret_V_cast          (sext          ) [ 00000]
p_Result_s          (icmp          ) [ 00000]
tmp_1               (trunc         ) [ 00000]
p_Result_2          (bitconcatenate) [ 00000]
tmp_3               (icmp          ) [ 00000]
ret_V               (add           ) [ 00000]
p_s                 (select        ) [ 00000]
p_2                 (select        ) [ 00000]
tmp_2               (trunc         ) [ 01100]
index               (add           ) [ 00000]
tmp_4               (bitselect     ) [ 01100]
index_cast          (add           ) [ 00000]
p_1                 (select        ) [ 00000]
tmp_5               (trunc         ) [ 00000]
tmp_6               (partselect    ) [ 00000]
icmp                (icmp          ) [ 00000]
index_1             (select        ) [ 01010]
tmp_8               (zext          ) [ 00000]
sigmoid_table1_addr (getelementptr ) [ 01001]
StgValue_28         (specpipeline  ) [ 00000]
p_Val2_s            (load          ) [ 00000]
res_V_write_assign  (bitconcatenate) [ 00000]
StgValue_31         (ret           ) [ 00000]
</LifeTime>

<model>

<comp_list>
<comp id="0" class="1000" name="data_V_read">
<pin_list>
<pin id="1" dir="1" index="0" bw="1" slack="0"/>
</pin_list>
<bind>
<StgValue><ssdm name="data_V_read"/></StgValue>
</bind>
</comp>

<comp id="2" class="1000" name="sigmoid_table1">
<pin_list>
<pin id="3" dir="1" index="0" bw="1" slack="0"/>
</pin_list>
<bind>
<StgValue><ssdm name="sigmoid_table1"/><MemPortTyVec>1 </MemPortTyVec>
</StgValue>
</bind>
</comp>

<comp id="4" class="1001" name="const_4">
<pin_list>
<pin id="5" dir="1" index="0" bw="1" slack="0"/>
</pin_list>
<bind>
<StgValue><ssdm name="_ssdm_op_Read.ap_auto.i32"/></StgValue>
</bind>
</comp>

<comp id="6" class="1001" name="const_6">
<pin_list>
<pin id="7" dir="1" index="0" bw="1" slack="0"/>
</pin_list>
<bind>
<StgValue><ssdm name="_ssdm_op_BitConcatenate.i42.i32.i10"/></StgValue>
</bind>
</comp>

<comp id="8" class="1001" name="const_8">
<pin_list>
<pin id="9" dir="1" index="0" bw="1" slack="0"/>
</pin_list>
<bind>
<StgValue><ssdm name=""/></StgValue>
</bind>
</comp>

<comp id="10" class="1001" name="const_10">
<pin_list>
<pin id="11" dir="1" index="0" bw="1" slack="0"/>
</pin_list>
<bind>
<StgValue><ssdm name="_ssdm_op_PartSelect.i24.i32.i32.i32"/></StgValue>
</bind>
</comp>

<comp id="12" class="1001" name="const_12">
<pin_list>
<pin id="13" dir="1" index="0" bw="1" slack="0"/>
</pin_list>
<bind>
<StgValue><ssdm name=""/></StgValue>
</bind>
</comp>

<comp id="14" class="1001" name="const_14">
<pin_list>
<pin id="15" dir="1" index="0" bw="1" slack="0"/>
</pin_list>
<bind>
<StgValue><ssdm name=""/></StgValue>
</bind>
</comp>

<comp id="16" class="1001" name="const_16">
<pin_list>
<pin id="17" dir="1" index="0" bw="1" slack="0"/>
</pin_list>
<bind>
<StgValue><ssdm name=""/></StgValue>
</bind>
</comp>

<comp id="18" class="1001" name="const_18">
<pin_list>
<pin id="19" dir="1" index="0" bw="1" slack="0"/>
</pin_list>
<bind>
<StgValue><ssdm name="_ssdm_op_BitConcatenate.i14.i8.i6"/></StgValue>
</bind>
</comp>

<comp id="20" class="1001" name="const_20">
<pin_list>
<pin id="21" dir="1" index="0" bw="1" slack="0"/>
</pin_list>
<bind>
<StgValue><ssdm name=""/></StgValue>
</bind>
</comp>

<comp id="22" class="1001" name="const_22">
<pin_list>
<pin id="23" dir="1" index="0" bw="1" slack="0"/>
</pin_list>
<bind>
<StgValue><ssdm name=""/></StgValue>
</bind>
</comp>

<comp id="24" class="1001" name="const_24">
<pin_list>
<pin id="25" dir="1" index="0" bw="1" slack="0"/>
</pin_list>
<bind>
<StgValue><ssdm name=""/></StgValue>
</bind>
</comp>

<comp id="26" class="1001" name="const_26">
<pin_list>
<pin id="27" dir="1" index="0" bw="1" slack="0"/>
</pin_list>
<bind>
<StgValue><ssdm name=""/></StgValue>
</bind>
</comp>

<comp id="28" class="1001" name="const_28">
<pin_list>
<pin id="29" dir="1" index="0" bw="1" slack="0"/>
</pin_list>
<bind>
<StgValue><ssdm name="_ssdm_op_BitSelect.i1.i25.i32"/></StgValue>
</bind>
</comp>

<comp id="30" class="1001" name="const_30">
<pin_list>
<pin id="31" dir="1" index="0" bw="1" slack="0"/>
</pin_list>
<bind>
<StgValue><ssdm name=""/></StgValue>
</bind>
</comp>

<comp id="32" class="1001" name="const_32">
<pin_list>
<pin id="33" dir="1" index="0" bw="1" slack="0"/>
</pin_list>
<bind>
<StgValue><ssdm name=""/></StgValue>
</bind>
</comp>

<comp id="34" class="1001" name="const_34">
<pin_list>
<pin id="35" dir="1" index="0" bw="1" slack="0"/>
</pin_list>
<bind>
<StgValue><ssdm name=""/></StgValue>
</bind>
</comp>

<comp id="36" class="1001" name="const_36">
<pin_list>
<pin id="37" dir="1" index="0" bw="1" slack="0"/>
</pin_list>
<bind>
<StgValue><ssdm name="_ssdm_op_PartSelect.i14.i24.i32.i32"/></StgValue>
</bind>
</comp>

<comp id="38" class="1001" name="const_38">
<pin_list>
<pin id="39" dir="1" index="0" bw="1" slack="0"/>
</pin_list>
<bind>
<StgValue><ssdm name=""/></StgValue>
</bind>
</comp>

<comp id="40" class="1001" name="const_40">
<pin_list>
<pin id="41" dir="1" index="0" bw="1" slack="0"/>
</pin_list>
<bind>
<StgValue><ssdm name=""/></StgValue>
</bind>
</comp>

<comp id="42" class="1001" name="const_42">
<pin_list>
<pin id="43" dir="1" index="0" bw="1" slack="0"/>
</pin_list>
<bind>
<StgValue><ssdm name=""/></StgValue>
</bind>
</comp>

<comp id="44" class="1001" name="const_44">
<pin_list>
<pin id="45" dir="1" index="0" bw="1" slack="0"/>
</pin_list>
<bind>
<StgValue><ssdm name=""/></StgValue>
</bind>
</comp>

<comp id="46" class="1001" name="const_46">
<pin_list>
<pin id="47" dir="1" index="0" bw="1" slack="2147483647"/>
</pin_list>
<bind>
<StgValue><ssdm name="_ssdm_op_SpecPipeline"/></StgValue>
</bind>
</comp>

<comp id="48" class="1001" name="const_48">
<pin_list>
<pin id="49" dir="1" index="0" bw="1" slack="2147483647"/>
</pin_list>
<bind>
<StgValue><ssdm name=""/></StgValue>
</bind>
</comp>

<comp id="50" class="1001" name="const_50">
<pin_list>
<pin id="51" dir="1" index="0" bw="1" slack="2147483647"/>
</pin_list>
<bind>
<StgValue><ssdm name=""/></StgValue>
</bind>
</comp>

<comp id="52" class="1001" name="const_52">
<pin_list>
<pin id="53" dir="1" index="0" bw="1" slack="2147483647"/>
</pin_list>
<bind>
<StgValue><ssdm name=""/></StgValue>
</bind>
</comp>

<comp id="54" class="1001" name="const_54">
<pin_list>
<pin id="55" dir="1" index="0" bw="1" slack="2147483647"/>
</pin_list>
<bind>
<StgValue><ssdm name="p_str7"/></StgValue>
</bind>
</comp>

<comp id="56" class="1001" name="const_56">
<pin_list>
<pin id="57" dir="1" index="0" bw="1" slack="0"/>
</pin_list>
<bind>
<StgValue><ssdm name="_ssdm_op_BitConcatenate.i14.i10.i4"/></StgValue>
</bind>
</comp>

<comp id="58" class="1001" name="const_58">
<pin_list>
<pin id="59" dir="1" index="0" bw="1" slack="0"/>
</pin_list>
<bind>
<StgValue><ssdm name=""/></StgValue>
</bind>
</comp>

<comp id="60" class="1004" name="data_V_read_1_read_fu_60">
<pin_list>
<pin id="61" dir="0" index="0" bw="32" slack="0"/>
<pin id="62" dir="0" index="1" bw="32" slack="0"/>
<pin id="63" dir="1" index="2" bw="32" slack="0"/>
</pin_list>
<bind>
<opcode="read(1150) " fcode="read"/>
<opset="data_V_read_1/1 "/>
</bind>
</comp>

<comp id="66" class="1004" name="sigmoid_table1_addr_gep_fu_66">
<pin_list>
<pin id="67" dir="0" index="0" bw="10" slack="0"/>
<pin id="68" dir="0" index="1" bw="1" slack="0"/>
<pin id="69" dir="0" index="2" bw="10" slack="0"/>
<pin id="70" dir="1" index="3" bw="10" slack="0"/>
</pin_list>
<bind>
<opcode="getelementptr(29) " fcode="getelementptr"/>
<opset="sigmoid_table1_addr/3 "/>
</bind>
</comp>

<comp id="73" class="1004" name="grp_access_fu_73">
<pin_list>
<pin id="74" dir="0" index="0" bw="10" slack="0"/>
<pin id="75" dir="0" index="1" bw="10" slack="2147483647"/>
<pin id="76" dir="0" index="2" bw="0" slack="2147483647"/>
<pin id="77" dir="1" index="3" bw="10" slack="0"/>
</pin_list>
<bind>
<opcode="load(27) " fcode="load"/>
<opset="p_Val2_s/3 "/>
</bind>
</comp>

<comp id="79" class="1004" name="r_V_fu_79">
<pin_list>
<pin id="80" dir="0" index="0" bw="42" slack="0"/>
<pin id="81" dir="0" index="1" bw="32" slack="0"/>
<pin id="82" dir="0" index="2" bw="1" slack="0"/>
<pin id="83" dir="1" index="3" bw="42" slack="0"/>
</pin_list>
<bind>
<opcode="bitconcatenate(1004) " fcode="bitconcatenate"/>
<opset="r_V/1 "/>
</bind>
</comp>

<comp id="87" class="1004" name="tmp_fu_87">
<pin_list>
<pin id="88" dir="0" index="0" bw="24" slack="0"/>
<pin id="89" dir="0" index="1" bw="32" slack="0"/>
<pin id="90" dir="0" index="2" bw="5" slack="0"/>
<pin id="91" dir="0" index="3" bw="6" slack="0"/>
<pin id="92" dir="1" index="4" bw="24" slack="0"/>
</pin_list>
<bind>
<opcode="partselect(1002) " fcode="partselect"/>
<opset="tmp/1 "/>
</bind>
</comp>

<comp id="97" class="1004" name="ret_V_cast_fu_97">
<pin_list>
<pin id="98" dir="0" index="0" bw="24" slack="0"/>
<pin id="99" dir="1" index="1" bw="25" slack="0"/>
</pin_list>
<bind>
<opcode="sext(35) " fcode="sext"/>
<opset="ret_V_cast/1 "/>
</bind>
</comp>

<comp id="101" class="1004" name="p_Result_s_fu_101">
<pin_list>
<pin id="102" dir="0" index="0" bw="42" slack="0"/>
<pin id="103" dir="0" index="1" bw="42" slack="0"/>
<pin id="104" dir="1" index="2" bw="1" slack="0"/>
</pin_list>
<bind>
<opcode="icmp(45) " fcode="icmp"/>
<opset="p_Result_s/1 "/>
</bind>
</comp>

<comp id="107" class="1004" name="tmp_1_fu_107">
<pin_list>
<pin id="108" dir="0" index="0" bw="32" slack="0"/>
<pin id="109" dir="1" index="1" bw="8" slack="0"/>
</pin_list>
<bind>
<opcode="trunc(33) " fcode="trunc"/>
<opset="tmp_1/1 "/>
</bind>
</comp>

<comp id="111" class="1004" name="p_Result_2_fu_111">
<pin_list>
<pin id="112" dir="0" index="0" bw="14" slack="0"/>
<pin id="113" dir="0" index="1" bw="8" slack="0"/>
<pin id="114" dir="0" index="2" bw="1" slack="0"/>
<pin id="115" dir="1" index="3" bw="14" slack="0"/>
</pin_list>
<bind>
<opcode="bitconcatenate(1004) " fcode="bitconcatenate"/>
<opset="p_Result_2/1 "/>
</bind>
</comp>

<comp id="119" class="1004" name="tmp_3_fu_119">
<pin_list>
<pin id="120" dir="0" index="0" bw="14" slack="0"/>
<pin id="121" dir="0" index="1" bw="14" slack="0"/>
<pin id="122" dir="1" index="2" bw="1" slack="0"/>
</pin_list>
<bind>
<opcode="icmp(45) " fcode="icmp"/>
<opset="tmp_3/1 "/>
</bind>
</comp>

<comp id="125" class="1004" name="ret_V_fu_125">
<pin_list>
<pin id="126" dir="0" index="0" bw="1" slack="0"/>
<pin id="127" dir="0" index="1" bw="24" slack="0"/>
<pin id="128" dir="1" index="2" bw="25" slack="0"/>
</pin_list>
<bind>
<opcode="add(8) " fcode="add"/>
<opset="ret_V/1 "/>
</bind>
</comp>

<comp id="131" class="1004" name="p_s_fu_131">
<pin_list>
<pin id="132" dir="0" index="0" bw="1" slack="0"/>
<pin id="133" dir="0" index="1" bw="25" slack="0"/>
<pin id="134" dir="0" index="2" bw="25" slack="0"/>
<pin id="135" dir="1" index="3" bw="25" slack="0"/>
</pin_list>
<bind>
<opcode="select(49) " fcode="select"/>
<opset="p_s/1 "/>
</bind>
</comp>

<comp id="139" class="1004" name="p_2_fu_139">
<pin_list>
<pin id="140" dir="0" index="0" bw="1" slack="0"/>
<pin id="141" dir="0" index="1" bw="25" slack="0"/>
<pin id="142" dir="0" index="2" bw="25" slack="0"/>
<pin id="143" dir="1" index="3" bw="25" slack="0"/>
</pin_list>
<bind>
<opcode="select(49) " fcode="select"/>
<opset="p_2/1 "/>
</bind>
</comp>

<comp id="147" class="1004" name="tmp_2_fu_147">
<pin_list>
<pin id="148" dir="0" index="0" bw="25" slack="0"/>
<pin id="149" dir="1" index="1" bw="24" slack="1"/>
</pin_list>
<bind>
<opcode="trunc(33) " fcode="trunc"/>
<opset="tmp_2/1 "/>
</bind>
</comp>

<comp id="151" class="1004" name="index_fu_151">
<pin_list>
<pin id="152" dir="0" index="0" bw="11" slack="0"/>
<pin id="153" dir="0" index="1" bw="25" slack="0"/>
<pin id="154" dir="1" index="2" bw="25" slack="0"/>
</pin_list>
<bind>
<opcode="add(8) " fcode="add"/>
<opset="index/1 "/>
</bind>
</comp>

<comp id="157" class="1004" name="tmp_4_fu_157">
<pin_list>
<pin id="158" dir="0" index="0" bw="1" slack="0"/>
<pin id="159" dir="0" index="1" bw="25" slack="0"/>
<pin id="160" dir="0" index="2" bw="6" slack="0"/>
<pin id="161" dir="1" index="3" bw="1" slack="1"/>
</pin_list>
<bind>
<opcode="bitselect(1000) " fcode="bitselect"/>
<opset="tmp_4/1 "/>
</bind>
</comp>

<comp id="165" class="1004" name="index_cast_fu_165">
<pin_list>
<pin id="166" dir="0" index="0" bw="11" slack="0"/>
<pin id="167" dir="0" index="1" bw="24" slack="1"/>
<pin id="168" dir="1" index="2" bw="24" slack="0"/>
</pin_list>
<bind>
<opcode="add(8) " fcode="add"/>
<opset="index_cast/2 "/>
</bind>
</comp>

<comp id="170" class="1004" name="p_1_fu_170">
<pin_list>
<pin id="171" dir="0" index="0" bw="1" slack="1"/>
<pin id="172" dir="0" index="1" bw="24" slack="0"/>
<pin id="173" dir="0" index="2" bw="24" slack="0"/>
<pin id="174" dir="1" index="3" bw="24" slack="0"/>
</pin_list>
<bind>
<opcode="select(49) " fcode="select"/>
<opset="p_1/2 "/>
</bind>
</comp>

<comp id="177" class="1004" name="tmp_5_fu_177">
<pin_list>
<pin id="178" dir="0" index="0" bw="24" slack="0"/>
<pin id="179" dir="1" index="1" bw="10" slack="0"/>
</pin_list>
<bind>
<opcode="trunc(33) " fcode="trunc"/>
<opset="tmp_5/2 "/>
</bind>
</comp>

<comp id="181" class="1004" name="tmp_6_fu_181">
<pin_list>
<pin id="182" dir="0" index="0" bw="14" slack="0"/>
<pin id="183" dir="0" index="1" bw="24" slack="0"/>
<pin id="184" dir="0" index="2" bw="5" slack="0"/>
<pin id="185" dir="0" index="3" bw="6" slack="0"/>
<pin id="186" dir="1" index="4" bw="14" slack="0"/>
</pin_list>
<bind>
<opcode="partselect(1002) " fcode="partselect"/>
<opset="tmp_6/2 "/>
</bind>
</comp>

<comp id="191" class="1004" name="icmp_fu_191">
<pin_list>
<pin id="192" dir="0" index="0" bw="14" slack="0"/>
<pin id="193" dir="0" index="1" bw="14" slack="0"/>
<pin id="194" dir="1" index="2" bw="1" slack="0"/>
</pin_list>
<bind>
<opcode="icmp(45) " fcode="icmp"/>
<opset="icmp/2 "/>
</bind>
</comp>

<comp id="197" class="1004" name="index_1_fu_197">
<pin_list>
<pin id="198" dir="0" index="0" bw="1" slack="0"/>
<pin id="199" dir="0" index="1" bw="10" slack="0"/>
<pin id="200" dir="0" index="2" bw="10" slack="0"/>
<pin id="201" dir="1" index="3" bw="10" slack="1"/>
</pin_list>
<bind>
<opcode="select(49) " fcode="select"/>
<opset="index_1/2 "/>
</bind>
</comp>

<comp id="205" class="1004" name="tmp_8_fu_205">
<pin_list>
<pin id="206" dir="0" index="0" bw="10" slack="1"/>
<pin id="207" dir="1" index="1" bw="64" slack="0"/>
</pin_list>
<bind>
<opcode="zext(34) " fcode="zext"/>
<opset="tmp_8/3 "/>
</bind>
</comp>

<comp id="209" class="1004" name="res_V_write_assign_fu_209">
<pin_list>
<pin id="210" dir="0" index="0" bw="14" slack="0"/>
<pin id="211" dir="0" index="1" bw="10" slack="0"/>
<pin id="212" dir="0" index="2" bw="1" slack="0"/>
<pin id="213" dir="1" index="3" bw="14" slack="2147483647"/>
</pin_list>
<bind>
<opcode="bitconcatenate(1004) " fcode="bitconcatenate"/>
<opset="res_V_write_assign/4 "/>
</bind>
</comp>

<comp id="217" class="1005" name="tmp_2_reg_217">
<pin_list>
<pin id="218" dir="0" index="0" bw="24" slack="1"/>
<pin id="219" dir="1" index="1" bw="24" slack="1"/>
</pin_list>
<bind>
<opset="tmp_2 "/>
</bind>
</comp>

<comp id="222" class="1005" name="tmp_4_reg_222">
<pin_list>
<pin id="223" dir="0" index="0" bw="1" slack="1"/>
<pin id="224" dir="1" index="1" bw="1" slack="1"/>
</pin_list>
<bind>
<opset="tmp_4 "/>
</bind>
</comp>

<comp id="227" class="1005" name="index_1_reg_227">
<pin_list>
<pin id="228" dir="0" index="0" bw="10" slack="1"/>
<pin id="229" dir="1" index="1" bw="10" slack="1"/>
</pin_list>
<bind>
<opset="index_1 "/>
</bind>
</comp>

<comp id="232" class="1005" name="sigmoid_table1_addr_reg_232">
<pin_list>
<pin id="233" dir="0" index="0" bw="10" slack="1"/>
<pin id="234" dir="1" index="1" bw="10" slack="1"/>
</pin_list>
<bind>
<opset="sigmoid_table1_addr "/>
</bind>
</comp>

</comp_list>

<net_list>
<net id="64"><net_src comp="4" pin="0"/><net_sink comp="60" pin=0"/></net>

<net id="65"><net_src comp="0" pin="0"/><net_sink comp="60" pin=1"/></net>

<net id="71"><net_src comp="2" pin="0"/><net_sink comp="66" pin=0"/></net>

<net id="72"><net_src comp="44" pin="0"/><net_sink comp="66" pin=1"/></net>

<net id="78"><net_src comp="66" pin="3"/><net_sink comp="73" pin=0"/></net>

<net id="84"><net_src comp="6" pin="0"/><net_sink comp="79" pin=0"/></net>

<net id="85"><net_src comp="60" pin="2"/><net_sink comp="79" pin=1"/></net>

<net id="86"><net_src comp="8" pin="0"/><net_sink comp="79" pin=2"/></net>

<net id="93"><net_src comp="10" pin="0"/><net_sink comp="87" pin=0"/></net>

<net id="94"><net_src comp="60" pin="2"/><net_sink comp="87" pin=1"/></net>

<net id="95"><net_src comp="12" pin="0"/><net_sink comp="87" pin=2"/></net>

<net id="96"><net_src comp="14" pin="0"/><net_sink comp="87" pin=3"/></net>

<net id="100"><net_src comp="87" pin="4"/><net_sink comp="97" pin=0"/></net>

<net id="105"><net_src comp="79" pin="3"/><net_sink comp="101" pin=0"/></net>

<net id="106"><net_src comp="16" pin="0"/><net_sink comp="101" pin=1"/></net>

<net id="110"><net_src comp="60" pin="2"/><net_sink comp="107" pin=0"/></net>

<net id="116"><net_src comp="18" pin="0"/><net_sink comp="111" pin=0"/></net>

<net id="117"><net_src comp="107" pin="1"/><net_sink comp="111" pin=1"/></net>

<net id="118"><net_src comp="20" pin="0"/><net_sink comp="111" pin=2"/></net>

<net id="123"><net_src comp="111" pin="3"/><net_sink comp="119" pin=0"/></net>

<net id="124"><net_src comp="22" pin="0"/><net_sink comp="119" pin=1"/></net>

<net id="129"><net_src comp="24" pin="0"/><net_sink comp="125" pin=0"/></net>

<net id="130"><net_src comp="97" pin="1"/><net_sink comp="125" pin=1"/></net>

<net id="136"><net_src comp="119" pin="2"/><net_sink comp="131" pin=0"/></net>

<net id="137"><net_src comp="97" pin="1"/><net_sink comp="131" pin=1"/></net>

<net id="138"><net_src comp="125" pin="2"/><net_sink comp="131" pin=2"/></net>

<net id="144"><net_src comp="101" pin="2"/><net_sink comp="139" pin=0"/></net>

<net id="145"><net_src comp="131" pin="3"/><net_sink comp="139" pin=1"/></net>

<net id="146"><net_src comp="97" pin="1"/><net_sink comp="139" pin=2"/></net>

<net id="150"><net_src comp="139" pin="3"/><net_sink comp="147" pin=0"/></net>

<net id="155"><net_src comp="26" pin="0"/><net_sink comp="151" pin=0"/></net>

<net id="156"><net_src comp="139" pin="3"/><net_sink comp="151" pin=1"/></net>

<net id="162"><net_src comp="28" pin="0"/><net_sink comp="157" pin=0"/></net>

<net id="163"><net_src comp="151" pin="2"/><net_sink comp="157" pin=1"/></net>

<net id="164"><net_src comp="30" pin="0"/><net_sink comp="157" pin=2"/></net>

<net id="169"><net_src comp="32" pin="0"/><net_sink comp="165" pin=0"/></net>

<net id="175"><net_src comp="34" pin="0"/><net_sink comp="170" pin=1"/></net>

<net id="176"><net_src comp="165" pin="2"/><net_sink comp="170" pin=2"/></net>

<net id="180"><net_src comp="170" pin="3"/><net_sink comp="177" pin=0"/></net>

<net id="187"><net_src comp="36" pin="0"/><net_sink comp="181" pin=0"/></net>

<net id="188"><net_src comp="170" pin="3"/><net_sink comp="181" pin=1"/></net>

<net id="189"><net_src comp="38" pin="0"/><net_sink comp="181" pin=2"/></net>

<net id="190"><net_src comp="40" pin="0"/><net_sink comp="181" pin=3"/></net>

<net id="195"><net_src comp="181" pin="4"/><net_sink comp="191" pin=0"/></net>

<net id="196"><net_src comp="22" pin="0"/><net_sink comp="191" pin=1"/></net>

<net id="202"><net_src comp="191" pin="2"/><net_sink comp="197" pin=0"/></net>

<net id="203"><net_src comp="42" pin="0"/><net_sink comp="197" pin=1"/></net>

<net id="204"><net_src comp="177" pin="1"/><net_sink comp="197" pin=2"/></net>

<net id="208"><net_src comp="205" pin="1"/><net_sink comp="66" pin=2"/></net>

<net id="214"><net_src comp="56" pin="0"/><net_sink comp="209" pin=0"/></net>

<net id="215"><net_src comp="73" pin="3"/><net_sink comp="209" pin=1"/></net>

<net id="216"><net_src comp="58" pin="0"/><net_sink comp="209" pin=2"/></net>

<net id="220"><net_src comp="147" pin="1"/><net_sink comp="217" pin=0"/></net>

<net id="221"><net_src comp="217" pin="1"/><net_sink comp="165" pin=1"/></net>

<net id="225"><net_src comp="157" pin="3"/><net_sink comp="222" pin=0"/></net>

<net id="226"><net_src comp="222" pin="1"/><net_sink comp="170" pin=0"/></net>

<net id="230"><net_src comp="197" pin="3"/><net_sink comp="227" pin=0"/></net>

<net id="231"><net_src comp="227" pin="1"/><net_sink comp="205" pin=0"/></net>

<net id="235"><net_src comp="66" pin="3"/><net_sink comp="232" pin=0"/></net>

<net id="236"><net_src comp="232" pin="1"/><net_sink comp="73" pin=0"/></net>

</net_list>

</model> 
---------------- Datapath Model END ------------------

* FSMD analyzer results:
  - Output states:
	Port: data_V_read | {}
	Port: sigmoid_table1 | {}
 - Input state : 
	Port: sigmoid<ap_fixed<32, 18, 5, 3, 0>, ap_fixed<32, 18, 5, 3, 0>, sigmoid_config7> : data_V_read | {1 }
	Port: sigmoid<ap_fixed<32, 18, 5, 3, 0>, ap_fixed<32, 18, 5, 3, 0>, sigmoid_config7> : sigmoid_table1 | {3 4 }
  - Chain level:
	State 1
		ret_V_cast : 1
		p_Result_s : 1
		p_Result_2 : 1
		tmp_3 : 2
		ret_V : 2
		p_s : 3
		p_2 : 4
		tmp_2 : 5
		index : 5
		tmp_4 : 6
	State 2
		p_1 : 1
		tmp_5 : 2
		tmp_6 : 2
		icmp : 3
		index_1 : 4
	State 3
		sigmoid_table1_addr : 1
		p_Val2_s : 2
	State 4
		res_V_write_assign : 1
		StgValue_31 : 2


============================================================
+ Verbose Summary: Datapath Resource usage 
============================================================

* Functional unit list:
|----------|---------------------------|---------|---------|
| Operation|      Functional Unit      |    FF   |   LUT   |
|----------|---------------------------|---------|---------|
|          |        ret_V_fu_125       |    0    |    31   |
|    add   |        index_fu_151       |    0    |    32   |
|          |     index_cast_fu_165     |    0    |    31   |
|----------|---------------------------|---------|---------|
|          |         p_s_fu_131        |    0    |    25   |
|  select  |         p_2_fu_139        |    0    |    25   |
|          |         p_1_fu_170        |    0    |    24   |
|          |       index_1_fu_197      |    0    |    10   |
|----------|---------------------------|---------|---------|
|          |     p_Result_s_fu_101     |    0    |    24   |
|   icmp   |        tmp_3_fu_119       |    0    |    13   |
|          |        icmp_fu_191        |    0    |    13   |
|----------|---------------------------|---------|---------|
|   read   |  data_V_read_1_read_fu_60 |    0    |    0    |
|----------|---------------------------|---------|---------|
|          |         r_V_fu_79         |    0    |    0    |
|bitconcatenate|     p_Result_2_fu_111     |    0    |    0    |
|          | res_V_write_assign_fu_209 |    0    |    0    |
|----------|---------------------------|---------|---------|
|partselect|         tmp_fu_87         |    0    |    0    |
|          |        tmp_6_fu_181       |    0    |    0    |
|----------|---------------------------|---------|---------|
|   sext   |      ret_V_cast_fu_97     |    0    |    0    |
|----------|---------------------------|---------|---------|
|          |        tmp_1_fu_107       |    0    |    0    |
|   trunc  |        tmp_2_fu_147       |    0    |    0    |
|          |        tmp_5_fu_177       |    0    |    0    |
|----------|---------------------------|---------|---------|
| bitselect|        tmp_4_fu_157       |    0    |    0    |
|----------|---------------------------|---------|---------|
|   zext   |        tmp_8_fu_205       |    0    |    0    |
|----------|---------------------------|---------|---------|
|   Total  |                           |    0    |   228   |
|----------|---------------------------|---------|---------|

Memories:
N/A

* Register list:
+---------------------------+--------+
|                           |   FF   |
+---------------------------+--------+
|      index_1_reg_227      |   10   |
|sigmoid_table1_addr_reg_232|   10   |
|       tmp_2_reg_217       |   24   |
|       tmp_4_reg_222       |    1   |
+---------------------------+--------+
|           Total           |   45   |
+---------------------------+--------+

* Multiplexer (MUX) list: 
|------------------|------|------|------|--------||---------||---------|
|       Comp       |  Pin | Size |  BW  | S x BW ||  Delay  ||   LUT   |
|------------------|------|------|------|--------||---------||---------|
| grp_access_fu_73 |  p0  |   2  |  10  |   20   ||    9    |
|------------------|------|------|------|--------||---------||---------|
|       Total      |      |      |      |   20   ||   0.85  ||    9    |
|------------------|------|------|------|--------||---------||---------|



* Summary:
+-----------+--------+--------+--------+
|           |  Delay |   FF   |   LUT  |
+-----------+--------+--------+--------+
|  Function |    -   |    0   |   228  |
|   Memory  |    -   |    -   |    -   |
|Multiplexer|    0   |    -   |    9   |
|  Register |    -   |   45   |    -   |
+-----------+--------+--------+--------+
|   Total   |    0   |   45   |   237  |
+-----------+--------+--------+--------+
