

================================================================
== Vivado HLS Report for 'dense_latency_ap_fixed_16_6_5_3_0_ap_fixed_16_6_5_3_0_config6_0_0'
================================================================
* Date:           Wed Oct 18 13:28:34 2023

* Version:        2018.3 (Build 2405991 on Thu Dec 06 23:56:15 MST 2018)
* Project:        myproject_prj
* Solution:       solution1
* Product family: virtex7
* Target device:  xc7vx485tffg1761-2


================================================================
== Performance Estimates
================================================================
+ Timing (ns): 
    * Summary: 
    +--------+-------+----------+------------+
    |  Clock | Target| Estimated| Uncertainty|
    +--------+-------+----------+------------+
    |ap_clk  |   5.00|     4.082|        0.62|
    +--------+-------+----------+------------+

+ Latency (clock cycles): 
    * Summary: 
    +-----+-----+-----+-----+----------+
    |  Latency  |  Interval | Pipeline |
    | min | max | min | max |   Type   |
    +-----+-----+-----+-----+----------+
    |    2|    2|    1|    1| function |
    +-----+-----+-----+-----+----------+

    + Detail: 
        * Instance: 
        N/A

        * Loop: 
        N/A

============================================================
+ Verbose Summary: Synthesis Manager
============================================================
InlineROM: 1
ExposeGlobal: 0
============================================================
+ Verbose Summary: CDFG Model
============================================================
IsTopModel: 0
ResetActiveHigh: 1
IsCombinational: 0
IsDatapathOnly: 0
HasWiredReturn: 1
HasMFsm: 2
HasVarLatency: 0
IsPipeline: 1
IsRtlPipelined: 1
IsInstanceOverlapped: 0
IsDontTouch: 0
HasImplIP: 0
IsGatedGlobalClock: 0

+ Individual pipeline summary: 
  * Pipeline-0: initiation interval (II) = 1, depth = 3


============================================================
+ Verbose Summary: Schedule
============================================================
* Number of FSM states : 3
* Pipeline : 1
  Pipeline-0 : II = 1, D = 3, States = { 1 2 3 }
* Dataflow Pipeline: 0

* FSM state transitions: 
1 --> 
	2  / true
2 --> 
	3  / true
3 --> 

* FSM state operations: 

State 1 <SV = 0> <Delay = 3.72>
ST_1 : Operation 4 [1/1] (0.00ns)   --->   "%data_15_V_read_3 = call i16 @_ssdm_op_Read.ap_auto.i16(i16 %data_15_V_read)" [firmware/nnet_utils/nnet_dense_latency.h:13]   --->   Operation 4 'read' 'data_15_V_read_3' <Predicate = true> <Delay = 0.00>
ST_1 : Operation 5 [1/1] (0.00ns)   --->   "%data_14_V_read_3 = call i16 @_ssdm_op_Read.ap_auto.i16(i16 %data_14_V_read)" [firmware/nnet_utils/nnet_dense_latency.h:13]   --->   Operation 5 'read' 'data_14_V_read_3' <Predicate = true> <Delay = 0.00>
ST_1 : Operation 6 [1/1] (0.00ns)   --->   "%data_13_V_read_3 = call i16 @_ssdm_op_Read.ap_auto.i16(i16 %data_13_V_read)" [firmware/nnet_utils/nnet_dense_latency.h:13]   --->   Operation 6 'read' 'data_13_V_read_3' <Predicate = true> <Delay = 0.00>
ST_1 : Operation 7 [1/1] (0.00ns)   --->   "%data_12_V_read_3 = call i16 @_ssdm_op_Read.ap_auto.i16(i16 %data_12_V_read)" [firmware/nnet_utils/nnet_dense_latency.h:13]   --->   Operation 7 'read' 'data_12_V_read_3' <Predicate = true> <Delay = 0.00>
ST_1 : Operation 8 [1/1] (0.00ns)   --->   "%data_11_V_read12 = call i16 @_ssdm_op_Read.ap_auto.i16(i16 %data_11_V_read)" [firmware/nnet_utils/nnet_dense_latency.h:13]   --->   Operation 8 'read' 'data_11_V_read12' <Predicate = true> <Delay = 0.00>
ST_1 : Operation 9 [1/1] (0.00ns)   --->   "%data_10_V_read11 = call i16 @_ssdm_op_Read.ap_auto.i16(i16 %data_10_V_read)" [firmware/nnet_utils/nnet_dense_latency.h:13]   --->   Operation 9 'read' 'data_10_V_read11' <Predicate = true> <Delay = 0.00>
ST_1 : Operation 10 [1/1] (0.00ns)   --->   "%data_9_V_read_3 = call i16 @_ssdm_op_Read.ap_auto.i16(i16 %data_9_V_read)" [firmware/nnet_utils/nnet_dense_latency.h:13]   --->   Operation 10 'read' 'data_9_V_read_3' <Predicate = true> <Delay = 0.00>
ST_1 : Operation 11 [1/1] (0.00ns)   --->   "%data_8_V_read_3 = call i16 @_ssdm_op_Read.ap_auto.i16(i16 %data_8_V_read)" [firmware/nnet_utils/nnet_dense_latency.h:13]   --->   Operation 11 'read' 'data_8_V_read_3' <Predicate = true> <Delay = 0.00>
ST_1 : Operation 12 [1/1] (0.00ns)   --->   "%data_7_V_read_3 = call i16 @_ssdm_op_Read.ap_auto.i16(i16 %data_7_V_read)" [firmware/nnet_utils/nnet_dense_latency.h:13]   --->   Operation 12 'read' 'data_7_V_read_3' <Predicate = true> <Delay = 0.00>
ST_1 : Operation 13 [1/1] (0.00ns)   --->   "%data_6_V_read_3 = call i16 @_ssdm_op_Read.ap_auto.i16(i16 %data_6_V_read)" [firmware/nnet_utils/nnet_dense_latency.h:13]   --->   Operation 13 'read' 'data_6_V_read_3' <Predicate = true> <Delay = 0.00>
ST_1 : Operation 14 [1/1] (0.00ns)   --->   "%data_5_V_read_3 = call i16 @_ssdm_op_Read.ap_auto.i16(i16 %data_5_V_read)" [firmware/nnet_utils/nnet_dense_latency.h:13]   --->   Operation 14 'read' 'data_5_V_read_3' <Predicate = true> <Delay = 0.00>
ST_1 : Operation 15 [1/1] (0.00ns)   --->   "%data_4_V_read_3 = call i16 @_ssdm_op_Read.ap_auto.i16(i16 %data_4_V_read)" [firmware/nnet_utils/nnet_dense_latency.h:13]   --->   Operation 15 'read' 'data_4_V_read_3' <Predicate = true> <Delay = 0.00>
ST_1 : Operation 16 [1/1] (0.00ns)   --->   "%data_3_V_read_3 = call i16 @_ssdm_op_Read.ap_auto.i16(i16 %data_3_V_read)" [firmware/nnet_utils/nnet_dense_latency.h:13]   --->   Operation 16 'read' 'data_3_V_read_3' <Predicate = true> <Delay = 0.00>
ST_1 : Operation 17 [1/1] (0.00ns)   --->   "%data_2_V_read_3 = call i16 @_ssdm_op_Read.ap_auto.i16(i16 %data_2_V_read)" [firmware/nnet_utils/nnet_dense_latency.h:13]   --->   Operation 17 'read' 'data_2_V_read_3' <Predicate = true> <Delay = 0.00>
ST_1 : Operation 18 [1/1] (0.00ns)   --->   "%data_1_V_read_3 = call i16 @_ssdm_op_Read.ap_auto.i16(i16 %data_1_V_read)" [firmware/nnet_utils/nnet_dense_latency.h:13]   --->   Operation 18 'read' 'data_1_V_read_3' <Predicate = true> <Delay = 0.00>
ST_1 : Operation 19 [1/1] (0.00ns)   --->   "%data_0_V_read_3 = call i16 @_ssdm_op_Read.ap_auto.i16(i16 %data_0_V_read)" [firmware/nnet_utils/nnet_dense_latency.h:13]   --->   Operation 19 'read' 'data_0_V_read_3' <Predicate = true> <Delay = 0.00>
ST_1 : Operation 20 [1/1] (0.00ns)   --->   "%r_V_cast = sext i16 %data_0_V_read_3 to i26" [firmware/nnet_utils/nnet_mult.h:73->firmware/nnet_utils/nnet_dense_latency.h:42]   --->   Operation 20 'sext' 'r_V_cast' <Predicate = true> <Delay = 0.00>
ST_1 : Operation 21 [1/1] (3.72ns)   --->   "%r_V_6 = mul i26 %r_V_cast, -361" [firmware/nnet_utils/nnet_mult.h:73->firmware/nnet_utils/nnet_dense_latency.h:42]   --->   Operation 21 'mul' 'r_V_6' <Predicate = true> <Delay = 3.72> <Core = "Mul">   --->   Core 16 'Mul' <Latency = 0> <II = 1> <Delay = 3.72> <FuncUnit> <Opcode : 'mul'> <InPorts = 2> <OutPorts = 1>
ST_1 : Operation 22 [1/1] (0.00ns)   --->   "%tmp_5 = call i16 @_ssdm_op_PartSelect.i16.i26.i32.i32(i26 %r_V_6, i32 10, i32 25)" [firmware/nnet_utils/nnet_dense_latency.h:42]   --->   Operation 22 'partselect' 'tmp_5' <Predicate = true> <Delay = 0.00>
ST_1 : Operation 23 [1/1] (0.00ns)   --->   "%r_V_1_cast = sext i16 %data_1_V_read_3 to i26" [firmware/nnet_utils/nnet_mult.h:73->firmware/nnet_utils/nnet_dense_latency.h:42]   --->   Operation 23 'sext' 'r_V_1_cast' <Predicate = true> <Delay = 0.00>
ST_1 : Operation 24 [1/1] (3.72ns)   --->   "%r_V_6_1 = mul i26 %r_V_1_cast, -339" [firmware/nnet_utils/nnet_mult.h:73->firmware/nnet_utils/nnet_dense_latency.h:42]   --->   Operation 24 'mul' 'r_V_6_1' <Predicate = true> <Delay = 3.72> <Core = "Mul">   --->   Core 16 'Mul' <Latency = 0> <II = 1> <Delay = 3.72> <FuncUnit> <Opcode : 'mul'> <InPorts = 2> <OutPorts = 1>
ST_1 : Operation 25 [1/1] (0.00ns)   --->   "%tmp_5_1 = call i16 @_ssdm_op_PartSelect.i16.i26.i32.i32(i26 %r_V_6_1, i32 10, i32 25)" [firmware/nnet_utils/nnet_dense_latency.h:42]   --->   Operation 25 'partselect' 'tmp_5_1' <Predicate = true> <Delay = 0.00>
ST_1 : Operation 26 [1/1] (0.00ns)   --->   "%r_V_2_cast = sext i16 %data_2_V_read_3 to i26" [firmware/nnet_utils/nnet_mult.h:73->firmware/nnet_utils/nnet_dense_latency.h:42]   --->   Operation 26 'sext' 'r_V_2_cast' <Predicate = true> <Delay = 0.00>
ST_1 : Operation 27 [1/1] (3.72ns)   --->   "%r_V_6_2 = mul i26 %r_V_2_cast, 292" [firmware/nnet_utils/nnet_mult.h:73->firmware/nnet_utils/nnet_dense_latency.h:42]   --->   Operation 27 'mul' 'r_V_6_2' <Predicate = true> <Delay = 3.72> <Core = "Mul">   --->   Core 16 'Mul' <Latency = 0> <II = 1> <Delay = 3.72> <FuncUnit> <Opcode : 'mul'> <InPorts = 2> <OutPorts = 1>
ST_1 : Operation 28 [1/1] (0.00ns)   --->   "%tmp_5_2 = call i16 @_ssdm_op_PartSelect.i16.i26.i32.i32(i26 %r_V_6_2, i32 10, i32 25)" [firmware/nnet_utils/nnet_dense_latency.h:42]   --->   Operation 28 'partselect' 'tmp_5_2' <Predicate = true> <Delay = 0.00>
ST_1 : Operation 29 [1/1] (0.00ns)   --->   "%r_V_3_cast = sext i16 %data_3_V_read_3 to i26" [firmware/nnet_utils/nnet_mult.h:73->firmware/nnet_utils/nnet_dense_latency.h:42]   --->   Operation 29 'sext' 'r_V_3_cast' <Predicate = true> <Delay = 0.00>
ST_1 : Operation 30 [1/1] (3.72ns)   --->   "%r_V_6_3 = mul i26 %r_V_3_cast, 389" [firmware/nnet_utils/nnet_mult.h:73->firmware/nnet_utils/nnet_dense_latency.h:42]   --->   Operation 30 'mul' 'r_V_6_3' <Predicate = true> <Delay = 3.72> <Core = "Mul">   --->   Core 16 'Mul' <Latency = 0> <II = 1> <Delay = 3.72> <FuncUnit> <Opcode : 'mul'> <InPorts = 2> <OutPorts = 1>
ST_1 : Operation 31 [1/1] (0.00ns)   --->   "%tmp_5_3 = call i16 @_ssdm_op_PartSelect.i16.i26.i32.i32(i26 %r_V_6_3, i32 10, i32 25)" [firmware/nnet_utils/nnet_dense_latency.h:42]   --->   Operation 31 'partselect' 'tmp_5_3' <Predicate = true> <Delay = 0.00>
ST_1 : Operation 32 [1/1] (0.00ns)   --->   "%r_V_4_cast = sext i16 %data_4_V_read_3 to i26" [firmware/nnet_utils/nnet_mult.h:73->firmware/nnet_utils/nnet_dense_latency.h:42]   --->   Operation 32 'sext' 'r_V_4_cast' <Predicate = true> <Delay = 0.00>
ST_1 : Operation 33 [1/1] (3.72ns)   --->   "%r_V_6_4 = mul i26 %r_V_4_cast, 338" [firmware/nnet_utils/nnet_mult.h:73->firmware/nnet_utils/nnet_dense_latency.h:42]   --->   Operation 33 'mul' 'r_V_6_4' <Predicate = true> <Delay = 3.72> <Core = "Mul">   --->   Core 16 'Mul' <Latency = 0> <II = 1> <Delay = 3.72> <FuncUnit> <Opcode : 'mul'> <InPorts = 2> <OutPorts = 1>
ST_1 : Operation 34 [1/1] (0.00ns)   --->   "%tmp_5_4 = call i16 @_ssdm_op_PartSelect.i16.i26.i32.i32(i26 %r_V_6_4, i32 10, i32 25)" [firmware/nnet_utils/nnet_dense_latency.h:42]   --->   Operation 34 'partselect' 'tmp_5_4' <Predicate = true> <Delay = 0.00>
ST_1 : Operation 35 [1/1] (0.00ns)   --->   "%r_V_5_cast = sext i16 %data_5_V_read_3 to i26" [firmware/nnet_utils/nnet_mult.h:73->firmware/nnet_utils/nnet_dense_latency.h:42]   --->   Operation 35 'sext' 'r_V_5_cast' <Predicate = true> <Delay = 0.00>
ST_1 : Operation 36 [1/1] (3.72ns)   --->   "%r_V_6_5 = mul i26 %r_V_5_cast, 354" [firmware/nnet_utils/nnet_mult.h:73->firmware/nnet_utils/nnet_dense_latency.h:42]   --->   Operation 36 'mul' 'r_V_6_5' <Predicate = true> <Delay = 3.72> <Core = "Mul">   --->   Core 16 'Mul' <Latency = 0> <II = 1> <Delay = 3.72> <FuncUnit> <Opcode : 'mul'> <InPorts = 2> <OutPorts = 1>
ST_1 : Operation 37 [1/1] (0.00ns)   --->   "%tmp_5_5 = call i16 @_ssdm_op_PartSelect.i16.i26.i32.i32(i26 %r_V_6_5, i32 10, i32 25)" [firmware/nnet_utils/nnet_dense_latency.h:42]   --->   Operation 37 'partselect' 'tmp_5_5' <Predicate = true> <Delay = 0.00>
ST_1 : Operation 38 [1/1] (0.00ns)   --->   "%r_V_cast_26 = sext i16 %data_6_V_read_3 to i26" [firmware/nnet_utils/nnet_mult.h:73->firmware/nnet_utils/nnet_dense_latency.h:42]   --->   Operation 38 'sext' 'r_V_cast_26' <Predicate = true> <Delay = 0.00>
ST_1 : Operation 39 [1/1] (3.72ns)   --->   "%r_V_6_6 = mul i26 %r_V_cast_26, 306" [firmware/nnet_utils/nnet_mult.h:73->firmware/nnet_utils/nnet_dense_latency.h:42]   --->   Operation 39 'mul' 'r_V_6_6' <Predicate = true> <Delay = 3.72> <Core = "Mul">   --->   Core 16 'Mul' <Latency = 0> <II = 1> <Delay = 3.72> <FuncUnit> <Opcode : 'mul'> <InPorts = 2> <OutPorts = 1>
ST_1 : Operation 40 [1/1] (0.00ns)   --->   "%tmp_5_6 = call i16 @_ssdm_op_PartSelect.i16.i26.i32.i32(i26 %r_V_6_6, i32 10, i32 25)" [firmware/nnet_utils/nnet_dense_latency.h:42]   --->   Operation 40 'partselect' 'tmp_5_6' <Predicate = true> <Delay = 0.00>
ST_1 : Operation 41 [1/1] (0.00ns)   --->   "%r_V_7_cast = sext i16 %data_7_V_read_3 to i26" [firmware/nnet_utils/nnet_mult.h:73->firmware/nnet_utils/nnet_dense_latency.h:42]   --->   Operation 41 'sext' 'r_V_7_cast' <Predicate = true> <Delay = 0.00>
ST_1 : Operation 42 [1/1] (3.72ns)   --->   "%r_V_6_7 = mul i26 %r_V_7_cast, 440" [firmware/nnet_utils/nnet_mult.h:73->firmware/nnet_utils/nnet_dense_latency.h:42]   --->   Operation 42 'mul' 'r_V_6_7' <Predicate = true> <Delay = 3.72> <Core = "Mul">   --->   Core 16 'Mul' <Latency = 0> <II = 1> <Delay = 3.72> <FuncUnit> <Opcode : 'mul'> <InPorts = 2> <OutPorts = 1>
ST_1 : Operation 43 [1/1] (0.00ns)   --->   "%tmp_5_7 = call i16 @_ssdm_op_PartSelect.i16.i26.i32.i32(i26 %r_V_6_7, i32 10, i32 25)" [firmware/nnet_utils/nnet_dense_latency.h:42]   --->   Operation 43 'partselect' 'tmp_5_7' <Predicate = true> <Delay = 0.00>
ST_1 : Operation 44 [1/1] (0.00ns)   --->   "%r_V_8_cast = sext i16 %data_8_V_read_3 to i26" [firmware/nnet_utils/nnet_mult.h:73->firmware/nnet_utils/nnet_dense_latency.h:42]   --->   Operation 44 'sext' 'r_V_8_cast' <Predicate = true> <Delay = 0.00>
ST_1 : Operation 45 [1/1] (3.72ns)   --->   "%r_V_6_8 = mul i26 %r_V_8_cast, -296" [firmware/nnet_utils/nnet_mult.h:73->firmware/nnet_utils/nnet_dense_latency.h:42]   --->   Operation 45 'mul' 'r_V_6_8' <Predicate = true> <Delay = 3.72> <Core = "Mul">   --->   Core 16 'Mul' <Latency = 0> <II = 1> <Delay = 3.72> <FuncUnit> <Opcode : 'mul'> <InPorts = 2> <OutPorts = 1>
ST_1 : Operation 46 [1/1] (0.00ns)   --->   "%tmp_5_8 = call i16 @_ssdm_op_PartSelect.i16.i26.i32.i32(i26 %r_V_6_8, i32 10, i32 25)" [firmware/nnet_utils/nnet_dense_latency.h:42]   --->   Operation 46 'partselect' 'tmp_5_8' <Predicate = true> <Delay = 0.00>
ST_1 : Operation 47 [1/1] (0.00ns)   --->   "%r_V_9_cast = sext i16 %data_9_V_read_3 to i26" [firmware/nnet_utils/nnet_mult.h:73->firmware/nnet_utils/nnet_dense_latency.h:42]   --->   Operation 47 'sext' 'r_V_9_cast' <Predicate = true> <Delay = 0.00>
ST_1 : Operation 48 [1/1] (3.72ns)   --->   "%r_V_6_9 = mul i26 %r_V_9_cast, 299" [firmware/nnet_utils/nnet_mult.h:73->firmware/nnet_utils/nnet_dense_latency.h:42]   --->   Operation 48 'mul' 'r_V_6_9' <Predicate = true> <Delay = 3.72> <Core = "Mul">   --->   Core 16 'Mul' <Latency = 0> <II = 1> <Delay = 3.72> <FuncUnit> <Opcode : 'mul'> <InPorts = 2> <OutPorts = 1>
ST_1 : Operation 49 [1/1] (0.00ns)   --->   "%tmp_5_9 = call i16 @_ssdm_op_PartSelect.i16.i26.i32.i32(i26 %r_V_6_9, i32 10, i32 25)" [firmware/nnet_utils/nnet_dense_latency.h:42]   --->   Operation 49 'partselect' 'tmp_5_9' <Predicate = true> <Delay = 0.00>
ST_1 : Operation 50 [1/1] (0.00ns)   --->   "%r_V_10_cast = sext i16 %data_10_V_read11 to i26" [firmware/nnet_utils/nnet_mult.h:73->firmware/nnet_utils/nnet_dense_latency.h:42]   --->   Operation 50 'sext' 'r_V_10_cast' <Predicate = true> <Delay = 0.00>
ST_1 : Operation 51 [1/1] (3.72ns)   --->   "%r_V_6_s = mul i26 %r_V_10_cast, -292" [firmware/nnet_utils/nnet_mult.h:73->firmware/nnet_utils/nnet_dense_latency.h:42]   --->   Operation 51 'mul' 'r_V_6_s' <Predicate = true> <Delay = 3.72> <Core = "Mul">   --->   Core 16 'Mul' <Latency = 0> <II = 1> <Delay = 3.72> <FuncUnit> <Opcode : 'mul'> <InPorts = 2> <OutPorts = 1>
ST_1 : Operation 52 [1/1] (0.00ns)   --->   "%tmp_5_s = call i16 @_ssdm_op_PartSelect.i16.i26.i32.i32(i26 %r_V_6_s, i32 10, i32 25)" [firmware/nnet_utils/nnet_dense_latency.h:42]   --->   Operation 52 'partselect' 'tmp_5_s' <Predicate = true> <Delay = 0.00>
ST_1 : Operation 53 [1/1] (0.00ns)   --->   "%r_V_11_cast = sext i16 %data_11_V_read12 to i26" [firmware/nnet_utils/nnet_mult.h:73->firmware/nnet_utils/nnet_dense_latency.h:42]   --->   Operation 53 'sext' 'r_V_11_cast' <Predicate = true> <Delay = 0.00>
ST_1 : Operation 54 [1/1] (3.72ns)   --->   "%r_V_6_10 = mul i26 %r_V_11_cast, 412" [firmware/nnet_utils/nnet_mult.h:73->firmware/nnet_utils/nnet_dense_latency.h:42]   --->   Operation 54 'mul' 'r_V_6_10' <Predicate = true> <Delay = 3.72> <Core = "Mul">   --->   Core 16 'Mul' <Latency = 0> <II = 1> <Delay = 3.72> <FuncUnit> <Opcode : 'mul'> <InPorts = 2> <OutPorts = 1>
ST_1 : Operation 55 [1/1] (0.00ns)   --->   "%tmp_5_10 = call i16 @_ssdm_op_PartSelect.i16.i26.i32.i32(i26 %r_V_6_10, i32 10, i32 25)" [firmware/nnet_utils/nnet_dense_latency.h:42]   --->   Operation 55 'partselect' 'tmp_5_10' <Predicate = true> <Delay = 0.00>
ST_1 : Operation 56 [1/1] (0.00ns)   --->   "%r_V_12_cast = sext i16 %data_12_V_read_3 to i25" [firmware/nnet_utils/nnet_mult.h:73->firmware/nnet_utils/nnet_dense_latency.h:42]   --->   Operation 56 'sext' 'r_V_12_cast' <Predicate = true> <Delay = 0.00>
ST_1 : Operation 57 [1/1] (3.72ns)   --->   "%r_V_6_11 = mul i25 %r_V_12_cast, -194" [firmware/nnet_utils/nnet_mult.h:73->firmware/nnet_utils/nnet_dense_latency.h:42]   --->   Operation 57 'mul' 'r_V_6_11' <Predicate = true> <Delay = 3.72> <Core = "Mul">   --->   Core 16 'Mul' <Latency = 0> <II = 1> <Delay = 3.72> <FuncUnit> <Opcode : 'mul'> <InPorts = 2> <OutPorts = 1>
ST_1 : Operation 58 [1/1] (0.00ns)   --->   "%tmp_6 = call i15 @_ssdm_op_PartSelect.i15.i25.i32.i32(i25 %r_V_6_11, i32 10, i32 24)" [firmware/nnet_utils/nnet_dense_latency.h:42]   --->   Operation 58 'partselect' 'tmp_6' <Predicate = true> <Delay = 0.00>
ST_1 : Operation 59 [1/1] (0.00ns)   --->   "%r_V_13_cast = sext i16 %data_13_V_read_3 to i26" [firmware/nnet_utils/nnet_mult.h:73->firmware/nnet_utils/nnet_dense_latency.h:42]   --->   Operation 59 'sext' 'r_V_13_cast' <Predicate = true> <Delay = 0.00>
ST_1 : Operation 60 [1/1] (3.72ns)   --->   "%r_V_6_12 = mul i26 %r_V_13_cast, -364" [firmware/nnet_utils/nnet_mult.h:73->firmware/nnet_utils/nnet_dense_latency.h:42]   --->   Operation 60 'mul' 'r_V_6_12' <Predicate = true> <Delay = 3.72> <Core = "Mul">   --->   Core 16 'Mul' <Latency = 0> <II = 1> <Delay = 3.72> <FuncUnit> <Opcode : 'mul'> <InPorts = 2> <OutPorts = 1>
ST_1 : Operation 61 [1/1] (0.00ns)   --->   "%tmp_5_11 = call i16 @_ssdm_op_PartSelect.i16.i26.i32.i32(i26 %r_V_6_12, i32 10, i32 25)" [firmware/nnet_utils/nnet_dense_latency.h:42]   --->   Operation 61 'partselect' 'tmp_5_11' <Predicate = true> <Delay = 0.00>
ST_1 : Operation 62 [1/1] (0.00ns)   --->   "%r_V_14_cast = sext i16 %data_14_V_read_3 to i25" [firmware/nnet_utils/nnet_mult.h:73->firmware/nnet_utils/nnet_dense_latency.h:42]   --->   Operation 62 'sext' 'r_V_14_cast' <Predicate = true> <Delay = 0.00>
ST_1 : Operation 63 [1/1] (3.72ns)   --->   "%r_V_6_13 = mul i25 %r_V_14_cast, 174" [firmware/nnet_utils/nnet_mult.h:73->firmware/nnet_utils/nnet_dense_latency.h:42]   --->   Operation 63 'mul' 'r_V_6_13' <Predicate = true> <Delay = 3.72> <Core = "Mul">   --->   Core 16 'Mul' <Latency = 0> <II = 1> <Delay = 3.72> <FuncUnit> <Opcode : 'mul'> <InPorts = 2> <OutPorts = 1>
ST_1 : Operation 64 [1/1] (0.00ns)   --->   "%tmp_9 = call i15 @_ssdm_op_PartSelect.i15.i25.i32.i32(i25 %r_V_6_13, i32 10, i32 24)" [firmware/nnet_utils/nnet_dense_latency.h:42]   --->   Operation 64 'partselect' 'tmp_9' <Predicate = true> <Delay = 0.00>
ST_1 : Operation 65 [1/1] (0.00ns)   --->   "%r_V_15_cast = sext i16 %data_15_V_read_3 to i26" [firmware/nnet_utils/nnet_mult.h:73->firmware/nnet_utils/nnet_dense_latency.h:42]   --->   Operation 65 'sext' 'r_V_15_cast' <Predicate = true> <Delay = 0.00>
ST_1 : Operation 66 [1/1] (3.72ns)   --->   "%r_V_6_14 = mul i26 %r_V_15_cast, 388" [firmware/nnet_utils/nnet_mult.h:73->firmware/nnet_utils/nnet_dense_latency.h:42]   --->   Operation 66 'mul' 'r_V_6_14' <Predicate = true> <Delay = 3.72> <Core = "Mul">   --->   Core 16 'Mul' <Latency = 0> <II = 1> <Delay = 3.72> <FuncUnit> <Opcode : 'mul'> <InPorts = 2> <OutPorts = 1>
ST_1 : Operation 67 [1/1] (0.00ns)   --->   "%tmp_5_12 = call i16 @_ssdm_op_PartSelect.i16.i26.i32.i32(i26 %r_V_6_14, i32 10, i32 25)" [firmware/nnet_utils/nnet_dense_latency.h:42]   --->   Operation 67 'partselect' 'tmp_5_12' <Predicate = true> <Delay = 0.00>

State 2 <SV = 1> <Delay = 4.08>
ST_2 : Operation 68 [1/1] (0.00ns)   --->   "%tmp_7 = sext i15 %tmp_6 to i16" [firmware/nnet_utils/nnet_dense_latency.h:42]   --->   Operation 68 'sext' 'tmp_7' <Predicate = true> <Delay = 0.00>
ST_2 : Operation 69 [1/1] (0.00ns)   --->   "%tmp_s = sext i15 %tmp_9 to i16" [firmware/nnet_utils/nnet_dense_latency.h:42]   --->   Operation 69 'sext' 'tmp_s' <Predicate = true> <Delay = 0.00>
ST_2 : Operation 70 [1/1] (0.00ns) (grouped into TernaryAdder)   --->   "%tmp2 = add i16 %tmp_5, %tmp_5_1" [firmware/nnet_utils/nnet_dense_latency.h:58]   --->   Operation 70 'add' 'tmp2' <Predicate = true> <Delay = 0.00> <Core = "TAddSub">   --->   Core 84 'TAddSub' <Latency = 0> <II = 1> <Delay = 1.02> <IPBlock> <Opcode : 'add' 'sub'> <InPorts = 3> <OutPorts = 1> <Sync> <CReg>
ST_2 : Operation 71 [1/1] (1.30ns)   --->   "%tmp3 = add i16 %tmp_5_2, %tmp_5_3" [firmware/nnet_utils/nnet_dense_latency.h:58]   --->   Operation 71 'add' 'tmp3' <Predicate = true> <Delay = 1.30> <Core = "AddSub">   --->   Core 14 'AddSub' <Latency = 0> <II = 1> <Delay = 1.30> <FuncUnit> <Opcode : 'add' 'sub'> <InPorts = 2> <OutPorts = 1>
ST_2 : Operation 72 [1/1] (2.04ns) (root node of TernaryAdder)   --->   "%tmp1 = add i16 %tmp3, %tmp2" [firmware/nnet_utils/nnet_dense_latency.h:58]   --->   Operation 72 'add' 'tmp1' <Predicate = true> <Delay = 2.04> <Core = "TAddSub">   --->   Core 84 'TAddSub' <Latency = 0> <II = 1> <Delay = 1.02> <IPBlock> <Opcode : 'add' 'sub'> <InPorts = 3> <OutPorts = 1> <Sync> <CReg>
ST_2 : Operation 73 [1/1] (0.00ns) (grouped into TernaryAdder)   --->   "%tmp5 = add i16 %tmp_5_4, %tmp_5_5" [firmware/nnet_utils/nnet_dense_latency.h:58]   --->   Operation 73 'add' 'tmp5' <Predicate = true> <Delay = 0.00> <Core = "TAddSub">   --->   Core 84 'TAddSub' <Latency = 0> <II = 1> <Delay = 1.02> <IPBlock> <Opcode : 'add' 'sub'> <InPorts = 3> <OutPorts = 1> <Sync> <CReg>
ST_2 : Operation 74 [1/1] (1.30ns)   --->   "%tmp6 = add i16 %tmp_5_6, %tmp_5_7" [firmware/nnet_utils/nnet_dense_latency.h:58]   --->   Operation 74 'add' 'tmp6' <Predicate = true> <Delay = 1.30> <Core = "AddSub">   --->   Core 14 'AddSub' <Latency = 0> <II = 1> <Delay = 1.30> <FuncUnit> <Opcode : 'add' 'sub'> <InPorts = 2> <OutPorts = 1>
ST_2 : Operation 75 [1/1] (2.04ns) (root node of TernaryAdder)   --->   "%tmp4 = add i16 %tmp6, %tmp5" [firmware/nnet_utils/nnet_dense_latency.h:58]   --->   Operation 75 'add' 'tmp4' <Predicate = true> <Delay = 2.04> <Core = "TAddSub">   --->   Core 84 'TAddSub' <Latency = 0> <II = 1> <Delay = 1.02> <IPBlock> <Opcode : 'add' 'sub'> <InPorts = 3> <OutPorts = 1> <Sync> <CReg>
ST_2 : Operation 76 [1/1] (1.30ns)   --->   "%tmp9 = add i16 %tmp_5_8, %tmp_5_9" [firmware/nnet_utils/nnet_dense_latency.h:58]   --->   Operation 76 'add' 'tmp9' <Predicate = true> <Delay = 1.30> <Core = "AddSub">   --->   Core 14 'AddSub' <Latency = 0> <II = 1> <Delay = 1.30> <FuncUnit> <Opcode : 'add' 'sub'> <InPorts = 2> <OutPorts = 1>
ST_2 : Operation 77 [1/1] (1.30ns)   --->   "%tmp10 = add i16 %tmp_5_s, %tmp_5_10" [firmware/nnet_utils/nnet_dense_latency.h:58]   --->   Operation 77 'add' 'tmp10' <Predicate = true> <Delay = 1.30> <Core = "AddSub">   --->   Core 14 'AddSub' <Latency = 0> <II = 1> <Delay = 1.30> <FuncUnit> <Opcode : 'add' 'sub'> <InPorts = 2> <OutPorts = 1>
ST_2 : Operation 78 [1/1] (0.00ns) (grouped into TernaryAdder)   --->   "%tmp12 = add i16 %tmp_7, %tmp_5_11" [firmware/nnet_utils/nnet_dense_latency.h:58]   --->   Operation 78 'add' 'tmp12' <Predicate = true> <Delay = 0.00> <Core = "TAddSub">   --->   Core 84 'TAddSub' <Latency = 0> <II = 1> <Delay = 1.02> <IPBlock> <Opcode : 'add' 'sub'> <InPorts = 3> <OutPorts = 1> <Sync> <CReg>
ST_2 : Operation 79 [1/1] (0.00ns) (grouped into TernaryAdder)   --->   "%tmp14 = add i16 %tmp_5_12, -123" [firmware/nnet_utils/nnet_dense_latency.h:58]   --->   Operation 79 'add' 'tmp14' <Predicate = true> <Delay = 0.00> <Core = "TAddSub">   --->   Core 84 'TAddSub' <Latency = 0> <II = 1> <Delay = 1.02> <IPBlock> <Opcode : 'add' 'sub'> <InPorts = 3> <OutPorts = 1> <Sync> <CReg>
ST_2 : Operation 80 [1/1] (2.04ns) (root node of TernaryAdder)   --->   "%tmp13 = add i16 %tmp14, %tmp_s" [firmware/nnet_utils/nnet_dense_latency.h:58]   --->   Operation 80 'add' 'tmp13' <Predicate = true> <Delay = 2.04> <Core = "TAddSub">   --->   Core 84 'TAddSub' <Latency = 0> <II = 1> <Delay = 1.02> <IPBlock> <Opcode : 'add' 'sub'> <InPorts = 3> <OutPorts = 1> <Sync> <CReg>
ST_2 : Operation 81 [1/1] (2.04ns) (root node of TernaryAdder)   --->   "%tmp11 = add i16 %tmp13, %tmp12" [firmware/nnet_utils/nnet_dense_latency.h:58]   --->   Operation 81 'add' 'tmp11' <Predicate = true> <Delay = 2.04> <Core = "TAddSub">   --->   Core 84 'TAddSub' <Latency = 0> <II = 1> <Delay = 1.02> <IPBlock> <Opcode : 'add' 'sub'> <InPorts = 3> <OutPorts = 1> <Sync> <CReg>

State 3 <SV = 2> <Delay = 4.08>
ST_3 : Operation 82 [1/1] (0.00ns)   --->   "call void (...)* @_ssdm_op_SpecPipeline(i32 1, i32 1, i32 1, i32 0, [1 x i8]* @p_str7) nounwind" [firmware/nnet_utils/nnet_dense_latency.h:26]   --->   Operation 82 'specpipeline' <Predicate = true> <Delay = 0.00>
ST_3 : Operation 83 [1/1] (0.00ns)   --->   "call void (...)* @_ssdm_op_SpecResourceLimit(i32 16, [4 x i8]* @p_str9, [1 x i8]* @p_str7, [1 x i8]* @p_str7, [1 x i8]* @p_str7) nounwind" [firmware/nnet_utils/nnet_dense_latency.h:33]   --->   Operation 83 'specresourcelimit' <Predicate = true> <Delay = 0.00>
ST_3 : Operation 84 [1/1] (0.00ns)   --->   "call void (...)* @_ssdm_op_SpecLoopName([11 x i8]* @p_str12) nounwind" [firmware/nnet_utils/nnet_dense_latency.h:48]   --->   Operation 84 'specloopname' <Predicate = true> <Delay = 0.00>
ST_3 : Operation 85 [1/1] (0.00ns) (grouped into TernaryAdder)   --->   "%tmp = add i16 %tmp4, %tmp1" [firmware/nnet_utils/nnet_dense_latency.h:58]   --->   Operation 85 'add' 'tmp' <Predicate = true> <Delay = 0.00> <Core = "TAddSub">   --->   Core 84 'TAddSub' <Latency = 0> <II = 1> <Delay = 1.02> <IPBlock> <Opcode : 'add' 'sub'> <InPorts = 3> <OutPorts = 1> <Sync> <CReg>
ST_3 : Operation 86 [1/1] (0.00ns) (grouped into TernaryAdder)   --->   "%tmp8 = add i16 %tmp10, %tmp9" [firmware/nnet_utils/nnet_dense_latency.h:58]   --->   Operation 86 'add' 'tmp8' <Predicate = true> <Delay = 0.00> <Core = "TAddSub">   --->   Core 84 'TAddSub' <Latency = 0> <II = 1> <Delay = 1.02> <IPBlock> <Opcode : 'add' 'sub'> <InPorts = 3> <OutPorts = 1> <Sync> <CReg>
ST_3 : Operation 87 [1/1] (2.04ns) (root node of TernaryAdder)   --->   "%tmp7 = add i16 %tmp11, %tmp8" [firmware/nnet_utils/nnet_dense_latency.h:58]   --->   Operation 87 'add' 'tmp7' <Predicate = true> <Delay = 2.04> <Core = "TAddSub">   --->   Core 84 'TAddSub' <Latency = 0> <II = 1> <Delay = 1.02> <IPBlock> <Opcode : 'add' 'sub'> <InPorts = 3> <OutPorts = 1> <Sync> <CReg>
ST_3 : Operation 88 [1/1] (2.04ns) (root node of TernaryAdder)   --->   "%res_V_write_assign = add i16 %tmp7, %tmp" [firmware/nnet_utils/nnet_dense_latency.h:58]   --->   Operation 88 'add' 'res_V_write_assign' <Predicate = true> <Delay = 2.04> <Core = "TAddSub">   --->   Core 84 'TAddSub' <Latency = 0> <II = 1> <Delay = 1.02> <IPBlock> <Opcode : 'add' 'sub'> <InPorts = 3> <OutPorts = 1> <Sync> <CReg>
ST_3 : Operation 89 [1/1] (0.00ns)   --->   "call void (...)* @_ssdm_op_SpecLoopName([7 x i8]* @p_str15) nounwind" [firmware/nnet_utils/nnet_dense_latency.h:64]   --->   Operation 89 'specloopname' <Predicate = true> <Delay = 0.00>
ST_3 : Operation 90 [1/1] (0.00ns)   --->   "ret i16 %res_V_write_assign" [firmware/nnet_utils/nnet_dense_latency.h:68]   --->   Operation 90 'ret' <Predicate = true> <Delay = 0.00>


============================================================
+ Verbose Summary: Timing violations
============================================================
Target clock period: 5ns, clock uncertainty: 0.625ns.

 <State 1>: 3.72ns
The critical path consists of the following:
	wire read on port 'data_15_V_read' (firmware/nnet_utils/nnet_dense_latency.h:13) [17]  (0 ns)
	'mul' operation ('r_V_6_14', firmware/nnet_utils/nnet_mult.h:73->firmware/nnet_utils/nnet_dense_latency.h:42) [83]  (3.72 ns)

 <State 2>: 4.08ns
The critical path consists of the following:
	'add' operation ('tmp13', firmware/nnet_utils/nnet_dense_latency.h:58) [98]  (2.04 ns)
	'add' operation ('tmp11', firmware/nnet_utils/nnet_dense_latency.h:58) [99]  (2.04 ns)

 <State 3>: 4.08ns
The critical path consists of the following:
	'add' operation ('tmp8', firmware/nnet_utils/nnet_dense_latency.h:58) [95]  (0 ns)
	'add' operation ('tmp7', firmware/nnet_utils/nnet_dense_latency.h:58) [100]  (2.04 ns)
	'add' operation ('res.V', firmware/nnet_utils/nnet_dense_latency.h:58) [101]  (2.04 ns)


============================================================
+ Verbose Summary: Binding
============================================================
N/A
* FSMD analyzer results:
  - Output states:
 - Input state : 
  - Chain level:
	State 1
	State 2
	State 3


============================================================
+ Verbose Summary: Datapath Resource usage 
============================================================
N/A
