

================================================================
== Vivado HLS Report for 'relu_ap_fixed_16_6_5_3_0_ap_fixed_16_6_5_3_0_relu_config3_s'
================================================================
* Date:           Wed Oct 18 13:28:28 2023

* Version:        2018.3 (Build 2405991 on Thu Dec 06 23:56:15 MST 2018)
* Project:        myproject_prj
* Solution:       solution1
* Product family: virtex7
* Target device:  xc7vx485tffg1761-2


================================================================
== Performance Estimates
================================================================
+ Timing (ns): 
    * Summary: 
    +--------+-------+----------+------------+
    |  Clock | Target| Estimated| Uncertainty|
    +--------+-------+----------+------------+
    |ap_clk  |   5.00|     1.746|        0.62|
    +--------+-------+----------+------------+

+ Latency (clock cycles): 
    * Summary: 
    +-----+-----+-----+-----+----------+
    |  Latency  |  Interval | Pipeline |
    | min | max | min | max |   Type   |
    +-----+-----+-----+-----+----------+
    |    0|    0|    1|    1| function |
    +-----+-----+-----+-----+----------+

    + Detail: 
        * Instance: 
        N/A

        * Loop: 
        N/A

============================================================
+ Verbose Summary: Synthesis Manager
============================================================
InlineROM: 1
ExposeGlobal: 0
============================================================
+ Verbose Summary: CDFG Model
============================================================
IsTopModel: 0
ResetActiveHigh: 1
IsCombinational: 0
IsDatapathOnly: 0
HasWiredReturn: 1
HasMFsm: 2
HasVarLatency: 0
IsPipeline: 1
IsRtlPipelined: 0
IsInstanceOverlapped: 0
IsDontTouch: 0
HasImplIP: 0
IsGatedGlobalClock: 0

+ Individual pipeline summary: 
  * Pipeline-0: initiation interval (II) = 1, depth = 1


============================================================
+ Verbose Summary: Schedule
============================================================
* Number of FSM states : 1
* Pipeline : 1
  Pipeline-0 : II = 1, D = 1, States = { 1 }
* Dataflow Pipeline: 0

* FSM state transitions: 
1 --> 

* FSM state operations: 

State 1 <SV = 0> <Delay = 1.74>
ST_1 : Operation 2 [1/1] (0.00ns)   --->   "%data_31_V_read_1 = call i16 @_ssdm_op_Read.ap_auto.i16(i16 %data_31_V_read)" [firmware/nnet_utils/nnet_activation.h:39]   --->   Operation 2 'read' 'data_31_V_read_1' <Predicate = true> <Delay = 0.00>
ST_1 : Operation 3 [1/1] (0.00ns)   --->   "%data_30_V_read_1 = call i16 @_ssdm_op_Read.ap_auto.i16(i16 %data_30_V_read)" [firmware/nnet_utils/nnet_activation.h:39]   --->   Operation 3 'read' 'data_30_V_read_1' <Predicate = true> <Delay = 0.00>
ST_1 : Operation 4 [1/1] (0.00ns)   --->   "%data_29_V_read_1 = call i16 @_ssdm_op_Read.ap_auto.i16(i16 %data_29_V_read)" [firmware/nnet_utils/nnet_activation.h:39]   --->   Operation 4 'read' 'data_29_V_read_1' <Predicate = true> <Delay = 0.00>
ST_1 : Operation 5 [1/1] (0.00ns)   --->   "%data_28_V_read_1 = call i16 @_ssdm_op_Read.ap_auto.i16(i16 %data_28_V_read)" [firmware/nnet_utils/nnet_activation.h:39]   --->   Operation 5 'read' 'data_28_V_read_1' <Predicate = true> <Delay = 0.00>
ST_1 : Operation 6 [1/1] (0.00ns)   --->   "%data_27_V_read_1 = call i16 @_ssdm_op_Read.ap_auto.i16(i16 %data_27_V_read)" [firmware/nnet_utils/nnet_activation.h:39]   --->   Operation 6 'read' 'data_27_V_read_1' <Predicate = true> <Delay = 0.00>
ST_1 : Operation 7 [1/1] (0.00ns)   --->   "%data_26_V_read_1 = call i16 @_ssdm_op_Read.ap_auto.i16(i16 %data_26_V_read)" [firmware/nnet_utils/nnet_activation.h:39]   --->   Operation 7 'read' 'data_26_V_read_1' <Predicate = true> <Delay = 0.00>
ST_1 : Operation 8 [1/1] (0.00ns)   --->   "%data_25_V_read_1 = call i16 @_ssdm_op_Read.ap_auto.i16(i16 %data_25_V_read)" [firmware/nnet_utils/nnet_activation.h:39]   --->   Operation 8 'read' 'data_25_V_read_1' <Predicate = true> <Delay = 0.00>
ST_1 : Operation 9 [1/1] (0.00ns)   --->   "%data_24_V_read_1 = call i16 @_ssdm_op_Read.ap_auto.i16(i16 %data_24_V_read)" [firmware/nnet_utils/nnet_activation.h:39]   --->   Operation 9 'read' 'data_24_V_read_1' <Predicate = true> <Delay = 0.00>
ST_1 : Operation 10 [1/1] (0.00ns)   --->   "%data_23_V_read_1 = call i16 @_ssdm_op_Read.ap_auto.i16(i16 %data_23_V_read)" [firmware/nnet_utils/nnet_activation.h:39]   --->   Operation 10 'read' 'data_23_V_read_1' <Predicate = true> <Delay = 0.00>
ST_1 : Operation 11 [1/1] (0.00ns)   --->   "%data_22_V_read_1 = call i16 @_ssdm_op_Read.ap_auto.i16(i16 %data_22_V_read)" [firmware/nnet_utils/nnet_activation.h:39]   --->   Operation 11 'read' 'data_22_V_read_1' <Predicate = true> <Delay = 0.00>
ST_1 : Operation 12 [1/1] (0.00ns)   --->   "%data_21_V_read_1 = call i16 @_ssdm_op_Read.ap_auto.i16(i16 %data_21_V_read)" [firmware/nnet_utils/nnet_activation.h:39]   --->   Operation 12 'read' 'data_21_V_read_1' <Predicate = true> <Delay = 0.00>
ST_1 : Operation 13 [1/1] (0.00ns)   --->   "%data_20_V_read_1 = call i16 @_ssdm_op_Read.ap_auto.i16(i16 %data_20_V_read)" [firmware/nnet_utils/nnet_activation.h:39]   --->   Operation 13 'read' 'data_20_V_read_1' <Predicate = true> <Delay = 0.00>
ST_1 : Operation 14 [1/1] (0.00ns)   --->   "%data_19_V_read_1 = call i16 @_ssdm_op_Read.ap_auto.i16(i16 %data_19_V_read)" [firmware/nnet_utils/nnet_activation.h:39]   --->   Operation 14 'read' 'data_19_V_read_1' <Predicate = true> <Delay = 0.00>
ST_1 : Operation 15 [1/1] (0.00ns)   --->   "%data_18_V_read_1 = call i16 @_ssdm_op_Read.ap_auto.i16(i16 %data_18_V_read)" [firmware/nnet_utils/nnet_activation.h:39]   --->   Operation 15 'read' 'data_18_V_read_1' <Predicate = true> <Delay = 0.00>
ST_1 : Operation 16 [1/1] (0.00ns)   --->   "%data_17_V_read_1 = call i16 @_ssdm_op_Read.ap_auto.i16(i16 %data_17_V_read)" [firmware/nnet_utils/nnet_activation.h:39]   --->   Operation 16 'read' 'data_17_V_read_1' <Predicate = true> <Delay = 0.00>
ST_1 : Operation 17 [1/1] (0.00ns)   --->   "%data_16_V_read_1 = call i16 @_ssdm_op_Read.ap_auto.i16(i16 %data_16_V_read)" [firmware/nnet_utils/nnet_activation.h:39]   --->   Operation 17 'read' 'data_16_V_read_1' <Predicate = true> <Delay = 0.00>
ST_1 : Operation 18 [1/1] (0.00ns)   --->   "%data_15_V_read_2 = call i16 @_ssdm_op_Read.ap_auto.i16(i16 %data_15_V_read)" [firmware/nnet_utils/nnet_activation.h:39]   --->   Operation 18 'read' 'data_15_V_read_2' <Predicate = true> <Delay = 0.00>
ST_1 : Operation 19 [1/1] (0.00ns)   --->   "%data_14_V_read_2 = call i16 @_ssdm_op_Read.ap_auto.i16(i16 %data_14_V_read)" [firmware/nnet_utils/nnet_activation.h:39]   --->   Operation 19 'read' 'data_14_V_read_2' <Predicate = true> <Delay = 0.00>
ST_1 : Operation 20 [1/1] (0.00ns)   --->   "%data_13_V_read_2 = call i16 @_ssdm_op_Read.ap_auto.i16(i16 %data_13_V_read)" [firmware/nnet_utils/nnet_activation.h:39]   --->   Operation 20 'read' 'data_13_V_read_2' <Predicate = true> <Delay = 0.00>
ST_1 : Operation 21 [1/1] (0.00ns)   --->   "%data_12_V_read_2 = call i16 @_ssdm_op_Read.ap_auto.i16(i16 %data_12_V_read)" [firmware/nnet_utils/nnet_activation.h:39]   --->   Operation 21 'read' 'data_12_V_read_2' <Predicate = true> <Delay = 0.00>
ST_1 : Operation 22 [1/1] (0.00ns)   --->   "%data_11_V_read_2 = call i16 @_ssdm_op_Read.ap_auto.i16(i16 %data_11_V_read)" [firmware/nnet_utils/nnet_activation.h:39]   --->   Operation 22 'read' 'data_11_V_read_2' <Predicate = true> <Delay = 0.00>
ST_1 : Operation 23 [1/1] (0.00ns)   --->   "%data_10_V_read11 = call i16 @_ssdm_op_Read.ap_auto.i16(i16 %data_10_V_read)" [firmware/nnet_utils/nnet_activation.h:39]   --->   Operation 23 'read' 'data_10_V_read11' <Predicate = true> <Delay = 0.00>
ST_1 : Operation 24 [1/1] (0.00ns)   --->   "%data_9_V_read_2 = call i16 @_ssdm_op_Read.ap_auto.i16(i16 %data_9_V_read)" [firmware/nnet_utils/nnet_activation.h:39]   --->   Operation 24 'read' 'data_9_V_read_2' <Predicate = true> <Delay = 0.00>
ST_1 : Operation 25 [1/1] (0.00ns)   --->   "%data_8_V_read_2 = call i16 @_ssdm_op_Read.ap_auto.i16(i16 %data_8_V_read)" [firmware/nnet_utils/nnet_activation.h:39]   --->   Operation 25 'read' 'data_8_V_read_2' <Predicate = true> <Delay = 0.00>
ST_1 : Operation 26 [1/1] (0.00ns)   --->   "%data_7_V_read_2 = call i16 @_ssdm_op_Read.ap_auto.i16(i16 %data_7_V_read)" [firmware/nnet_utils/nnet_activation.h:39]   --->   Operation 26 'read' 'data_7_V_read_2' <Predicate = true> <Delay = 0.00>
ST_1 : Operation 27 [1/1] (0.00ns)   --->   "%data_6_V_read_2 = call i16 @_ssdm_op_Read.ap_auto.i16(i16 %data_6_V_read)" [firmware/nnet_utils/nnet_activation.h:39]   --->   Operation 27 'read' 'data_6_V_read_2' <Predicate = true> <Delay = 0.00>
ST_1 : Operation 28 [1/1] (0.00ns)   --->   "%data_5_V_read_2 = call i16 @_ssdm_op_Read.ap_auto.i16(i16 %data_5_V_read)" [firmware/nnet_utils/nnet_activation.h:39]   --->   Operation 28 'read' 'data_5_V_read_2' <Predicate = true> <Delay = 0.00>
ST_1 : Operation 29 [1/1] (0.00ns)   --->   "%data_4_V_read_2 = call i16 @_ssdm_op_Read.ap_auto.i16(i16 %data_4_V_read)" [firmware/nnet_utils/nnet_activation.h:39]   --->   Operation 29 'read' 'data_4_V_read_2' <Predicate = true> <Delay = 0.00>
ST_1 : Operation 30 [1/1] (0.00ns)   --->   "%data_3_V_read_2 = call i16 @_ssdm_op_Read.ap_auto.i16(i16 %data_3_V_read)" [firmware/nnet_utils/nnet_activation.h:39]   --->   Operation 30 'read' 'data_3_V_read_2' <Predicate = true> <Delay = 0.00>
ST_1 : Operation 31 [1/1] (0.00ns)   --->   "%data_2_V_read_2 = call i16 @_ssdm_op_Read.ap_auto.i16(i16 %data_2_V_read)" [firmware/nnet_utils/nnet_activation.h:39]   --->   Operation 31 'read' 'data_2_V_read_2' <Predicate = true> <Delay = 0.00>
ST_1 : Operation 32 [1/1] (0.00ns)   --->   "%data_1_V_read_2 = call i16 @_ssdm_op_Read.ap_auto.i16(i16 %data_1_V_read)" [firmware/nnet_utils/nnet_activation.h:39]   --->   Operation 32 'read' 'data_1_V_read_2' <Predicate = true> <Delay = 0.00>
ST_1 : Operation 33 [1/1] (0.00ns)   --->   "%data_0_V_read_2 = call i16 @_ssdm_op_Read.ap_auto.i16(i16 %data_0_V_read)" [firmware/nnet_utils/nnet_activation.h:39]   --->   Operation 33 'read' 'data_0_V_read_2' <Predicate = true> <Delay = 0.00>
ST_1 : Operation 34 [1/1] (0.00ns)   --->   "call void (...)* @_ssdm_op_SpecPipeline(i32 -1, i32 1, i32 1, i32 0, [1 x i8]* @p_str7) nounwind" [firmware/nnet_utils/nnet_activation.h:40]   --->   Operation 34 'specpipeline' <Predicate = true> <Delay = 0.00>
ST_1 : Operation 35 [1/1] (1.18ns)   --->   "%tmp_2 = icmp sgt i16 %data_0_V_read_2, 0" [firmware/nnet_utils/nnet_activation.h:45]   --->   Operation 35 'icmp' 'tmp_2' <Predicate = true> <Delay = 1.18> <Core = "Cmp">   --->   Core 25 'Cmp' <Latency = 0> <II = 1> <Delay = 1.18> <FuncUnit> <Opcode : 'icmp'> <InPorts = 2> <OutPorts = 1>
ST_1 : Operation 36 [1/1] (0.00ns)   --->   "%tmp = trunc i16 %data_0_V_read_2 to i15" [firmware/nnet_utils/nnet_activation.h:45]   --->   Operation 36 'trunc' 'tmp' <Predicate = (tmp_2)> <Delay = 0.00>
ST_1 : Operation 37 [1/1] (0.56ns)   --->   "%res_0_V_write_assign = select i1 %tmp_2, i15 %tmp, i15 0" [firmware/nnet_utils/nnet_activation.h:45]   --->   Operation 37 'select' 'res_0_V_write_assign' <Predicate = true> <Delay = 0.56> <Core = "Sel">   --->   Core 26 'Sel' <Latency = 0> <II = 1> <Delay = 0.56> <FuncUnit> <Opcode : 'select'> <InPorts = 3> <OutPorts = 1>
ST_1 : Operation 38 [1/1] (0.00ns)   --->   "%res_0_V_write_assign_cast = zext i15 %res_0_V_write_assign to i16" [firmware/nnet_utils/nnet_activation.h:45]   --->   Operation 38 'zext' 'res_0_V_write_assign_cast' <Predicate = true> <Delay = 0.00>
ST_1 : Operation 39 [1/1] (1.18ns)   --->   "%tmp_2_1 = icmp sgt i16 %data_1_V_read_2, 0" [firmware/nnet_utils/nnet_activation.h:45]   --->   Operation 39 'icmp' 'tmp_2_1' <Predicate = true> <Delay = 1.18> <Core = "Cmp">   --->   Core 25 'Cmp' <Latency = 0> <II = 1> <Delay = 1.18> <FuncUnit> <Opcode : 'icmp'> <InPorts = 2> <OutPorts = 1>
ST_1 : Operation 40 [1/1] (0.00ns)   --->   "%tmp_22 = trunc i16 %data_1_V_read_2 to i15" [firmware/nnet_utils/nnet_activation.h:45]   --->   Operation 40 'trunc' 'tmp_22' <Predicate = (tmp_2_1)> <Delay = 0.00>
ST_1 : Operation 41 [1/1] (0.56ns)   --->   "%res_1_V_write_assign = select i1 %tmp_2_1, i15 %tmp_22, i15 0" [firmware/nnet_utils/nnet_activation.h:45]   --->   Operation 41 'select' 'res_1_V_write_assign' <Predicate = true> <Delay = 0.56> <Core = "Sel">   --->   Core 26 'Sel' <Latency = 0> <II = 1> <Delay = 0.56> <FuncUnit> <Opcode : 'select'> <InPorts = 3> <OutPorts = 1>
ST_1 : Operation 42 [1/1] (0.00ns)   --->   "%res_1_V_write_assign_cast = zext i15 %res_1_V_write_assign to i16" [firmware/nnet_utils/nnet_activation.h:45]   --->   Operation 42 'zext' 'res_1_V_write_assign_cast' <Predicate = true> <Delay = 0.00>
ST_1 : Operation 43 [1/1] (1.18ns)   --->   "%tmp_2_2 = icmp sgt i16 %data_2_V_read_2, 0" [firmware/nnet_utils/nnet_activation.h:45]   --->   Operation 43 'icmp' 'tmp_2_2' <Predicate = true> <Delay = 1.18> <Core = "Cmp">   --->   Core 25 'Cmp' <Latency = 0> <II = 1> <Delay = 1.18> <FuncUnit> <Opcode : 'icmp'> <InPorts = 2> <OutPorts = 1>
ST_1 : Operation 44 [1/1] (0.00ns)   --->   "%tmp_23 = trunc i16 %data_2_V_read_2 to i15" [firmware/nnet_utils/nnet_activation.h:45]   --->   Operation 44 'trunc' 'tmp_23' <Predicate = (tmp_2_2)> <Delay = 0.00>
ST_1 : Operation 45 [1/1] (0.56ns)   --->   "%res_2_V_write_assign = select i1 %tmp_2_2, i15 %tmp_23, i15 0" [firmware/nnet_utils/nnet_activation.h:45]   --->   Operation 45 'select' 'res_2_V_write_assign' <Predicate = true> <Delay = 0.56> <Core = "Sel">   --->   Core 26 'Sel' <Latency = 0> <II = 1> <Delay = 0.56> <FuncUnit> <Opcode : 'select'> <InPorts = 3> <OutPorts = 1>
ST_1 : Operation 46 [1/1] (0.00ns)   --->   "%res_2_V_write_assign_cast = zext i15 %res_2_V_write_assign to i16" [firmware/nnet_utils/nnet_activation.h:45]   --->   Operation 46 'zext' 'res_2_V_write_assign_cast' <Predicate = true> <Delay = 0.00>
ST_1 : Operation 47 [1/1] (1.18ns)   --->   "%tmp_2_3 = icmp sgt i16 %data_3_V_read_2, 0" [firmware/nnet_utils/nnet_activation.h:45]   --->   Operation 47 'icmp' 'tmp_2_3' <Predicate = true> <Delay = 1.18> <Core = "Cmp">   --->   Core 25 'Cmp' <Latency = 0> <II = 1> <Delay = 1.18> <FuncUnit> <Opcode : 'icmp'> <InPorts = 2> <OutPorts = 1>
ST_1 : Operation 48 [1/1] (0.00ns)   --->   "%tmp_24 = trunc i16 %data_3_V_read_2 to i15" [firmware/nnet_utils/nnet_activation.h:45]   --->   Operation 48 'trunc' 'tmp_24' <Predicate = (tmp_2_3)> <Delay = 0.00>
ST_1 : Operation 49 [1/1] (0.56ns)   --->   "%res_3_V_write_assign = select i1 %tmp_2_3, i15 %tmp_24, i15 0" [firmware/nnet_utils/nnet_activation.h:45]   --->   Operation 49 'select' 'res_3_V_write_assign' <Predicate = true> <Delay = 0.56> <Core = "Sel">   --->   Core 26 'Sel' <Latency = 0> <II = 1> <Delay = 0.56> <FuncUnit> <Opcode : 'select'> <InPorts = 3> <OutPorts = 1>
ST_1 : Operation 50 [1/1] (0.00ns)   --->   "%res_3_V_write_assign_cast = zext i15 %res_3_V_write_assign to i16" [firmware/nnet_utils/nnet_activation.h:45]   --->   Operation 50 'zext' 'res_3_V_write_assign_cast' <Predicate = true> <Delay = 0.00>
ST_1 : Operation 51 [1/1] (1.18ns)   --->   "%tmp_2_4 = icmp sgt i16 %data_4_V_read_2, 0" [firmware/nnet_utils/nnet_activation.h:45]   --->   Operation 51 'icmp' 'tmp_2_4' <Predicate = true> <Delay = 1.18> <Core = "Cmp">   --->   Core 25 'Cmp' <Latency = 0> <II = 1> <Delay = 1.18> <FuncUnit> <Opcode : 'icmp'> <InPorts = 2> <OutPorts = 1>
ST_1 : Operation 52 [1/1] (0.00ns)   --->   "%tmp_25 = trunc i16 %data_4_V_read_2 to i15" [firmware/nnet_utils/nnet_activation.h:45]   --->   Operation 52 'trunc' 'tmp_25' <Predicate = (tmp_2_4)> <Delay = 0.00>
ST_1 : Operation 53 [1/1] (0.56ns)   --->   "%res_4_V_write_assign = select i1 %tmp_2_4, i15 %tmp_25, i15 0" [firmware/nnet_utils/nnet_activation.h:45]   --->   Operation 53 'select' 'res_4_V_write_assign' <Predicate = true> <Delay = 0.56> <Core = "Sel">   --->   Core 26 'Sel' <Latency = 0> <II = 1> <Delay = 0.56> <FuncUnit> <Opcode : 'select'> <InPorts = 3> <OutPorts = 1>
ST_1 : Operation 54 [1/1] (0.00ns)   --->   "%res_4_V_write_assign_cast = zext i15 %res_4_V_write_assign to i16" [firmware/nnet_utils/nnet_activation.h:45]   --->   Operation 54 'zext' 'res_4_V_write_assign_cast' <Predicate = true> <Delay = 0.00>
ST_1 : Operation 55 [1/1] (1.18ns)   --->   "%tmp_2_5 = icmp sgt i16 %data_5_V_read_2, 0" [firmware/nnet_utils/nnet_activation.h:45]   --->   Operation 55 'icmp' 'tmp_2_5' <Predicate = true> <Delay = 1.18> <Core = "Cmp">   --->   Core 25 'Cmp' <Latency = 0> <II = 1> <Delay = 1.18> <FuncUnit> <Opcode : 'icmp'> <InPorts = 2> <OutPorts = 1>
ST_1 : Operation 56 [1/1] (0.00ns)   --->   "%tmp_26 = trunc i16 %data_5_V_read_2 to i15" [firmware/nnet_utils/nnet_activation.h:45]   --->   Operation 56 'trunc' 'tmp_26' <Predicate = (tmp_2_5)> <Delay = 0.00>
ST_1 : Operation 57 [1/1] (0.56ns)   --->   "%res_5_V_write_assign = select i1 %tmp_2_5, i15 %tmp_26, i15 0" [firmware/nnet_utils/nnet_activation.h:45]   --->   Operation 57 'select' 'res_5_V_write_assign' <Predicate = true> <Delay = 0.56> <Core = "Sel">   --->   Core 26 'Sel' <Latency = 0> <II = 1> <Delay = 0.56> <FuncUnit> <Opcode : 'select'> <InPorts = 3> <OutPorts = 1>
ST_1 : Operation 58 [1/1] (0.00ns)   --->   "%res_5_V_write_assign_cast = zext i15 %res_5_V_write_assign to i16" [firmware/nnet_utils/nnet_activation.h:45]   --->   Operation 58 'zext' 'res_5_V_write_assign_cast' <Predicate = true> <Delay = 0.00>
ST_1 : Operation 59 [1/1] (1.18ns)   --->   "%tmp_2_6 = icmp sgt i16 %data_6_V_read_2, 0" [firmware/nnet_utils/nnet_activation.h:45]   --->   Operation 59 'icmp' 'tmp_2_6' <Predicate = true> <Delay = 1.18> <Core = "Cmp">   --->   Core 25 'Cmp' <Latency = 0> <II = 1> <Delay = 1.18> <FuncUnit> <Opcode : 'icmp'> <InPorts = 2> <OutPorts = 1>
ST_1 : Operation 60 [1/1] (0.00ns)   --->   "%tmp_27 = trunc i16 %data_6_V_read_2 to i15" [firmware/nnet_utils/nnet_activation.h:45]   --->   Operation 60 'trunc' 'tmp_27' <Predicate = (tmp_2_6)> <Delay = 0.00>
ST_1 : Operation 61 [1/1] (0.56ns)   --->   "%res_6_V_write_assign = select i1 %tmp_2_6, i15 %tmp_27, i15 0" [firmware/nnet_utils/nnet_activation.h:45]   --->   Operation 61 'select' 'res_6_V_write_assign' <Predicate = true> <Delay = 0.56> <Core = "Sel">   --->   Core 26 'Sel' <Latency = 0> <II = 1> <Delay = 0.56> <FuncUnit> <Opcode : 'select'> <InPorts = 3> <OutPorts = 1>
ST_1 : Operation 62 [1/1] (0.00ns)   --->   "%res_6_V_write_assign_cast = zext i15 %res_6_V_write_assign to i16" [firmware/nnet_utils/nnet_activation.h:45]   --->   Operation 62 'zext' 'res_6_V_write_assign_cast' <Predicate = true> <Delay = 0.00>
ST_1 : Operation 63 [1/1] (1.18ns)   --->   "%tmp_2_7 = icmp sgt i16 %data_7_V_read_2, 0" [firmware/nnet_utils/nnet_activation.h:45]   --->   Operation 63 'icmp' 'tmp_2_7' <Predicate = true> <Delay = 1.18> <Core = "Cmp">   --->   Core 25 'Cmp' <Latency = 0> <II = 1> <Delay = 1.18> <FuncUnit> <Opcode : 'icmp'> <InPorts = 2> <OutPorts = 1>
ST_1 : Operation 64 [1/1] (0.00ns)   --->   "%tmp_28 = trunc i16 %data_7_V_read_2 to i15" [firmware/nnet_utils/nnet_activation.h:45]   --->   Operation 64 'trunc' 'tmp_28' <Predicate = (tmp_2_7)> <Delay = 0.00>
ST_1 : Operation 65 [1/1] (0.56ns)   --->   "%res_7_V_write_assign = select i1 %tmp_2_7, i15 %tmp_28, i15 0" [firmware/nnet_utils/nnet_activation.h:45]   --->   Operation 65 'select' 'res_7_V_write_assign' <Predicate = true> <Delay = 0.56> <Core = "Sel">   --->   Core 26 'Sel' <Latency = 0> <II = 1> <Delay = 0.56> <FuncUnit> <Opcode : 'select'> <InPorts = 3> <OutPorts = 1>
ST_1 : Operation 66 [1/1] (0.00ns)   --->   "%res_7_V_write_assign_cast = zext i15 %res_7_V_write_assign to i16" [firmware/nnet_utils/nnet_activation.h:45]   --->   Operation 66 'zext' 'res_7_V_write_assign_cast' <Predicate = true> <Delay = 0.00>
ST_1 : Operation 67 [1/1] (1.18ns)   --->   "%tmp_2_8 = icmp sgt i16 %data_8_V_read_2, 0" [firmware/nnet_utils/nnet_activation.h:45]   --->   Operation 67 'icmp' 'tmp_2_8' <Predicate = true> <Delay = 1.18> <Core = "Cmp">   --->   Core 25 'Cmp' <Latency = 0> <II = 1> <Delay = 1.18> <FuncUnit> <Opcode : 'icmp'> <InPorts = 2> <OutPorts = 1>
ST_1 : Operation 68 [1/1] (0.00ns)   --->   "%tmp_29 = trunc i16 %data_8_V_read_2 to i15" [firmware/nnet_utils/nnet_activation.h:45]   --->   Operation 68 'trunc' 'tmp_29' <Predicate = (tmp_2_8)> <Delay = 0.00>
ST_1 : Operation 69 [1/1] (0.56ns)   --->   "%res_8_V_write_assign = select i1 %tmp_2_8, i15 %tmp_29, i15 0" [firmware/nnet_utils/nnet_activation.h:45]   --->   Operation 69 'select' 'res_8_V_write_assign' <Predicate = true> <Delay = 0.56> <Core = "Sel">   --->   Core 26 'Sel' <Latency = 0> <II = 1> <Delay = 0.56> <FuncUnit> <Opcode : 'select'> <InPorts = 3> <OutPorts = 1>
ST_1 : Operation 70 [1/1] (0.00ns)   --->   "%res_8_V_write_assign_cast = zext i15 %res_8_V_write_assign to i16" [firmware/nnet_utils/nnet_activation.h:45]   --->   Operation 70 'zext' 'res_8_V_write_assign_cast' <Predicate = true> <Delay = 0.00>
ST_1 : Operation 71 [1/1] (1.18ns)   --->   "%tmp_2_9 = icmp sgt i16 %data_9_V_read_2, 0" [firmware/nnet_utils/nnet_activation.h:45]   --->   Operation 71 'icmp' 'tmp_2_9' <Predicate = true> <Delay = 1.18> <Core = "Cmp">   --->   Core 25 'Cmp' <Latency = 0> <II = 1> <Delay = 1.18> <FuncUnit> <Opcode : 'icmp'> <InPorts = 2> <OutPorts = 1>
ST_1 : Operation 72 [1/1] (0.00ns)   --->   "%tmp_30 = trunc i16 %data_9_V_read_2 to i15" [firmware/nnet_utils/nnet_activation.h:45]   --->   Operation 72 'trunc' 'tmp_30' <Predicate = (tmp_2_9)> <Delay = 0.00>
ST_1 : Operation 73 [1/1] (0.56ns)   --->   "%res_9_V_write_assign = select i1 %tmp_2_9, i15 %tmp_30, i15 0" [firmware/nnet_utils/nnet_activation.h:45]   --->   Operation 73 'select' 'res_9_V_write_assign' <Predicate = true> <Delay = 0.56> <Core = "Sel">   --->   Core 26 'Sel' <Latency = 0> <II = 1> <Delay = 0.56> <FuncUnit> <Opcode : 'select'> <InPorts = 3> <OutPorts = 1>
ST_1 : Operation 74 [1/1] (0.00ns)   --->   "%res_9_V_write_assign_cast = zext i15 %res_9_V_write_assign to i16" [firmware/nnet_utils/nnet_activation.h:45]   --->   Operation 74 'zext' 'res_9_V_write_assign_cast' <Predicate = true> <Delay = 0.00>
ST_1 : Operation 75 [1/1] (1.18ns)   --->   "%tmp_2_s = icmp sgt i16 %data_10_V_read11, 0" [firmware/nnet_utils/nnet_activation.h:45]   --->   Operation 75 'icmp' 'tmp_2_s' <Predicate = true> <Delay = 1.18> <Core = "Cmp">   --->   Core 25 'Cmp' <Latency = 0> <II = 1> <Delay = 1.18> <FuncUnit> <Opcode : 'icmp'> <InPorts = 2> <OutPorts = 1>
ST_1 : Operation 76 [1/1] (0.00ns)   --->   "%tmp_31 = trunc i16 %data_10_V_read11 to i15" [firmware/nnet_utils/nnet_activation.h:45]   --->   Operation 76 'trunc' 'tmp_31' <Predicate = (tmp_2_s)> <Delay = 0.00>
ST_1 : Operation 77 [1/1] (0.56ns)   --->   "%res_10_V_write_assign = select i1 %tmp_2_s, i15 %tmp_31, i15 0" [firmware/nnet_utils/nnet_activation.h:45]   --->   Operation 77 'select' 'res_10_V_write_assign' <Predicate = true> <Delay = 0.56> <Core = "Sel">   --->   Core 26 'Sel' <Latency = 0> <II = 1> <Delay = 0.56> <FuncUnit> <Opcode : 'select'> <InPorts = 3> <OutPorts = 1>
ST_1 : Operation 78 [1/1] (0.00ns)   --->   "%res_10_V_write_assign_cast = zext i15 %res_10_V_write_assign to i16" [firmware/nnet_utils/nnet_activation.h:45]   --->   Operation 78 'zext' 'res_10_V_write_assign_cast' <Predicate = true> <Delay = 0.00>
ST_1 : Operation 79 [1/1] (1.18ns)   --->   "%tmp_2_10 = icmp sgt i16 %data_11_V_read_2, 0" [firmware/nnet_utils/nnet_activation.h:45]   --->   Operation 79 'icmp' 'tmp_2_10' <Predicate = true> <Delay = 1.18> <Core = "Cmp">   --->   Core 25 'Cmp' <Latency = 0> <II = 1> <Delay = 1.18> <FuncUnit> <Opcode : 'icmp'> <InPorts = 2> <OutPorts = 1>
ST_1 : Operation 80 [1/1] (0.00ns)   --->   "%tmp_32 = trunc i16 %data_11_V_read_2 to i15" [firmware/nnet_utils/nnet_activation.h:45]   --->   Operation 80 'trunc' 'tmp_32' <Predicate = (tmp_2_10)> <Delay = 0.00>
ST_1 : Operation 81 [1/1] (0.56ns)   --->   "%res_11_V_write_assign = select i1 %tmp_2_10, i15 %tmp_32, i15 0" [firmware/nnet_utils/nnet_activation.h:45]   --->   Operation 81 'select' 'res_11_V_write_assign' <Predicate = true> <Delay = 0.56> <Core = "Sel">   --->   Core 26 'Sel' <Latency = 0> <II = 1> <Delay = 0.56> <FuncUnit> <Opcode : 'select'> <InPorts = 3> <OutPorts = 1>
ST_1 : Operation 82 [1/1] (0.00ns)   --->   "%res_11_V_write_assign_cast = zext i15 %res_11_V_write_assign to i16" [firmware/nnet_utils/nnet_activation.h:45]   --->   Operation 82 'zext' 'res_11_V_write_assign_cast' <Predicate = true> <Delay = 0.00>
ST_1 : Operation 83 [1/1] (1.18ns)   --->   "%tmp_2_11 = icmp sgt i16 %data_12_V_read_2, 0" [firmware/nnet_utils/nnet_activation.h:45]   --->   Operation 83 'icmp' 'tmp_2_11' <Predicate = true> <Delay = 1.18> <Core = "Cmp">   --->   Core 25 'Cmp' <Latency = 0> <II = 1> <Delay = 1.18> <FuncUnit> <Opcode : 'icmp'> <InPorts = 2> <OutPorts = 1>
ST_1 : Operation 84 [1/1] (0.00ns)   --->   "%tmp_33 = trunc i16 %data_12_V_read_2 to i15" [firmware/nnet_utils/nnet_activation.h:45]   --->   Operation 84 'trunc' 'tmp_33' <Predicate = (tmp_2_11)> <Delay = 0.00>
ST_1 : Operation 85 [1/1] (0.56ns)   --->   "%res_12_V_write_assign = select i1 %tmp_2_11, i15 %tmp_33, i15 0" [firmware/nnet_utils/nnet_activation.h:45]   --->   Operation 85 'select' 'res_12_V_write_assign' <Predicate = true> <Delay = 0.56> <Core = "Sel">   --->   Core 26 'Sel' <Latency = 0> <II = 1> <Delay = 0.56> <FuncUnit> <Opcode : 'select'> <InPorts = 3> <OutPorts = 1>
ST_1 : Operation 86 [1/1] (0.00ns)   --->   "%res_12_V_write_assign_cast = zext i15 %res_12_V_write_assign to i16" [firmware/nnet_utils/nnet_activation.h:45]   --->   Operation 86 'zext' 'res_12_V_write_assign_cast' <Predicate = true> <Delay = 0.00>
ST_1 : Operation 87 [1/1] (1.18ns)   --->   "%tmp_2_12 = icmp sgt i16 %data_13_V_read_2, 0" [firmware/nnet_utils/nnet_activation.h:45]   --->   Operation 87 'icmp' 'tmp_2_12' <Predicate = true> <Delay = 1.18> <Core = "Cmp">   --->   Core 25 'Cmp' <Latency = 0> <II = 1> <Delay = 1.18> <FuncUnit> <Opcode : 'icmp'> <InPorts = 2> <OutPorts = 1>
ST_1 : Operation 88 [1/1] (0.00ns)   --->   "%tmp_34 = trunc i16 %data_13_V_read_2 to i15" [firmware/nnet_utils/nnet_activation.h:45]   --->   Operation 88 'trunc' 'tmp_34' <Predicate = (tmp_2_12)> <Delay = 0.00>
ST_1 : Operation 89 [1/1] (0.56ns)   --->   "%res_13_V_write_assign = select i1 %tmp_2_12, i15 %tmp_34, i15 0" [firmware/nnet_utils/nnet_activation.h:45]   --->   Operation 89 'select' 'res_13_V_write_assign' <Predicate = true> <Delay = 0.56> <Core = "Sel">   --->   Core 26 'Sel' <Latency = 0> <II = 1> <Delay = 0.56> <FuncUnit> <Opcode : 'select'> <InPorts = 3> <OutPorts = 1>
ST_1 : Operation 90 [1/1] (0.00ns)   --->   "%res_13_V_write_assign_cast = zext i15 %res_13_V_write_assign to i16" [firmware/nnet_utils/nnet_activation.h:45]   --->   Operation 90 'zext' 'res_13_V_write_assign_cast' <Predicate = true> <Delay = 0.00>
ST_1 : Operation 91 [1/1] (1.18ns)   --->   "%tmp_2_13 = icmp sgt i16 %data_14_V_read_2, 0" [firmware/nnet_utils/nnet_activation.h:45]   --->   Operation 91 'icmp' 'tmp_2_13' <Predicate = true> <Delay = 1.18> <Core = "Cmp">   --->   Core 25 'Cmp' <Latency = 0> <II = 1> <Delay = 1.18> <FuncUnit> <Opcode : 'icmp'> <InPorts = 2> <OutPorts = 1>
ST_1 : Operation 92 [1/1] (0.00ns)   --->   "%tmp_35 = trunc i16 %data_14_V_read_2 to i15" [firmware/nnet_utils/nnet_activation.h:45]   --->   Operation 92 'trunc' 'tmp_35' <Predicate = (tmp_2_13)> <Delay = 0.00>
ST_1 : Operation 93 [1/1] (0.56ns)   --->   "%res_14_V_write_assign = select i1 %tmp_2_13, i15 %tmp_35, i15 0" [firmware/nnet_utils/nnet_activation.h:45]   --->   Operation 93 'select' 'res_14_V_write_assign' <Predicate = true> <Delay = 0.56> <Core = "Sel">   --->   Core 26 'Sel' <Latency = 0> <II = 1> <Delay = 0.56> <FuncUnit> <Opcode : 'select'> <InPorts = 3> <OutPorts = 1>
ST_1 : Operation 94 [1/1] (0.00ns)   --->   "%res_14_V_write_assign_cast = zext i15 %res_14_V_write_assign to i16" [firmware/nnet_utils/nnet_activation.h:45]   --->   Operation 94 'zext' 'res_14_V_write_assign_cast' <Predicate = true> <Delay = 0.00>
ST_1 : Operation 95 [1/1] (1.18ns)   --->   "%tmp_2_14 = icmp sgt i16 %data_15_V_read_2, 0" [firmware/nnet_utils/nnet_activation.h:45]   --->   Operation 95 'icmp' 'tmp_2_14' <Predicate = true> <Delay = 1.18> <Core = "Cmp">   --->   Core 25 'Cmp' <Latency = 0> <II = 1> <Delay = 1.18> <FuncUnit> <Opcode : 'icmp'> <InPorts = 2> <OutPorts = 1>
ST_1 : Operation 96 [1/1] (0.00ns)   --->   "%tmp_36 = trunc i16 %data_15_V_read_2 to i15" [firmware/nnet_utils/nnet_activation.h:45]   --->   Operation 96 'trunc' 'tmp_36' <Predicate = (tmp_2_14)> <Delay = 0.00>
ST_1 : Operation 97 [1/1] (0.56ns)   --->   "%res_15_V_write_assign = select i1 %tmp_2_14, i15 %tmp_36, i15 0" [firmware/nnet_utils/nnet_activation.h:45]   --->   Operation 97 'select' 'res_15_V_write_assign' <Predicate = true> <Delay = 0.56> <Core = "Sel">   --->   Core 26 'Sel' <Latency = 0> <II = 1> <Delay = 0.56> <FuncUnit> <Opcode : 'select'> <InPorts = 3> <OutPorts = 1>
ST_1 : Operation 98 [1/1] (0.00ns)   --->   "%res_15_V_write_assign_cast = zext i15 %res_15_V_write_assign to i16" [firmware/nnet_utils/nnet_activation.h:45]   --->   Operation 98 'zext' 'res_15_V_write_assign_cast' <Predicate = true> <Delay = 0.00>
ST_1 : Operation 99 [1/1] (1.18ns)   --->   "%tmp_2_15 = icmp sgt i16 %data_16_V_read_1, 0" [firmware/nnet_utils/nnet_activation.h:45]   --->   Operation 99 'icmp' 'tmp_2_15' <Predicate = true> <Delay = 1.18> <Core = "Cmp">   --->   Core 25 'Cmp' <Latency = 0> <II = 1> <Delay = 1.18> <FuncUnit> <Opcode : 'icmp'> <InPorts = 2> <OutPorts = 1>
ST_1 : Operation 100 [1/1] (0.00ns)   --->   "%tmp_37 = trunc i16 %data_16_V_read_1 to i15" [firmware/nnet_utils/nnet_activation.h:45]   --->   Operation 100 'trunc' 'tmp_37' <Predicate = (tmp_2_15)> <Delay = 0.00>
ST_1 : Operation 101 [1/1] (0.56ns)   --->   "%res_16_V_write_assign = select i1 %tmp_2_15, i15 %tmp_37, i15 0" [firmware/nnet_utils/nnet_activation.h:45]   --->   Operation 101 'select' 'res_16_V_write_assign' <Predicate = true> <Delay = 0.56> <Core = "Sel">   --->   Core 26 'Sel' <Latency = 0> <II = 1> <Delay = 0.56> <FuncUnit> <Opcode : 'select'> <InPorts = 3> <OutPorts = 1>
ST_1 : Operation 102 [1/1] (0.00ns)   --->   "%res_16_V_write_assign_cast = zext i15 %res_16_V_write_assign to i16" [firmware/nnet_utils/nnet_activation.h:45]   --->   Operation 102 'zext' 'res_16_V_write_assign_cast' <Predicate = true> <Delay = 0.00>
ST_1 : Operation 103 [1/1] (1.18ns)   --->   "%tmp_2_16 = icmp sgt i16 %data_17_V_read_1, 0" [firmware/nnet_utils/nnet_activation.h:45]   --->   Operation 103 'icmp' 'tmp_2_16' <Predicate = true> <Delay = 1.18> <Core = "Cmp">   --->   Core 25 'Cmp' <Latency = 0> <II = 1> <Delay = 1.18> <FuncUnit> <Opcode : 'icmp'> <InPorts = 2> <OutPorts = 1>
ST_1 : Operation 104 [1/1] (0.00ns)   --->   "%tmp_38 = trunc i16 %data_17_V_read_1 to i15" [firmware/nnet_utils/nnet_activation.h:45]   --->   Operation 104 'trunc' 'tmp_38' <Predicate = (tmp_2_16)> <Delay = 0.00>
ST_1 : Operation 105 [1/1] (0.56ns)   --->   "%res_17_V_write_assign = select i1 %tmp_2_16, i15 %tmp_38, i15 0" [firmware/nnet_utils/nnet_activation.h:45]   --->   Operation 105 'select' 'res_17_V_write_assign' <Predicate = true> <Delay = 0.56> <Core = "Sel">   --->   Core 26 'Sel' <Latency = 0> <II = 1> <Delay = 0.56> <FuncUnit> <Opcode : 'select'> <InPorts = 3> <OutPorts = 1>
ST_1 : Operation 106 [1/1] (0.00ns)   --->   "%res_17_V_write_assign_cast = zext i15 %res_17_V_write_assign to i16" [firmware/nnet_utils/nnet_activation.h:45]   --->   Operation 106 'zext' 'res_17_V_write_assign_cast' <Predicate = true> <Delay = 0.00>
ST_1 : Operation 107 [1/1] (1.18ns)   --->   "%tmp_2_17 = icmp sgt i16 %data_18_V_read_1, 0" [firmware/nnet_utils/nnet_activation.h:45]   --->   Operation 107 'icmp' 'tmp_2_17' <Predicate = true> <Delay = 1.18> <Core = "Cmp">   --->   Core 25 'Cmp' <Latency = 0> <II = 1> <Delay = 1.18> <FuncUnit> <Opcode : 'icmp'> <InPorts = 2> <OutPorts = 1>
ST_1 : Operation 108 [1/1] (0.00ns)   --->   "%tmp_39 = trunc i16 %data_18_V_read_1 to i15" [firmware/nnet_utils/nnet_activation.h:45]   --->   Operation 108 'trunc' 'tmp_39' <Predicate = (tmp_2_17)> <Delay = 0.00>
ST_1 : Operation 109 [1/1] (0.56ns)   --->   "%res_18_V_write_assign = select i1 %tmp_2_17, i15 %tmp_39, i15 0" [firmware/nnet_utils/nnet_activation.h:45]   --->   Operation 109 'select' 'res_18_V_write_assign' <Predicate = true> <Delay = 0.56> <Core = "Sel">   --->   Core 26 'Sel' <Latency = 0> <II = 1> <Delay = 0.56> <FuncUnit> <Opcode : 'select'> <InPorts = 3> <OutPorts = 1>
ST_1 : Operation 110 [1/1] (0.00ns)   --->   "%res_18_V_write_assign_cast = zext i15 %res_18_V_write_assign to i16" [firmware/nnet_utils/nnet_activation.h:45]   --->   Operation 110 'zext' 'res_18_V_write_assign_cast' <Predicate = true> <Delay = 0.00>
ST_1 : Operation 111 [1/1] (1.18ns)   --->   "%tmp_2_18 = icmp sgt i16 %data_19_V_read_1, 0" [firmware/nnet_utils/nnet_activation.h:45]   --->   Operation 111 'icmp' 'tmp_2_18' <Predicate = true> <Delay = 1.18> <Core = "Cmp">   --->   Core 25 'Cmp' <Latency = 0> <II = 1> <Delay = 1.18> <FuncUnit> <Opcode : 'icmp'> <InPorts = 2> <OutPorts = 1>
ST_1 : Operation 112 [1/1] (0.00ns)   --->   "%tmp_40 = trunc i16 %data_19_V_read_1 to i15" [firmware/nnet_utils/nnet_activation.h:45]   --->   Operation 112 'trunc' 'tmp_40' <Predicate = (tmp_2_18)> <Delay = 0.00>
ST_1 : Operation 113 [1/1] (0.56ns)   --->   "%res_19_V_write_assign = select i1 %tmp_2_18, i15 %tmp_40, i15 0" [firmware/nnet_utils/nnet_activation.h:45]   --->   Operation 113 'select' 'res_19_V_write_assign' <Predicate = true> <Delay = 0.56> <Core = "Sel">   --->   Core 26 'Sel' <Latency = 0> <II = 1> <Delay = 0.56> <FuncUnit> <Opcode : 'select'> <InPorts = 3> <OutPorts = 1>
ST_1 : Operation 114 [1/1] (0.00ns)   --->   "%res_19_V_write_assign_cast = zext i15 %res_19_V_write_assign to i16" [firmware/nnet_utils/nnet_activation.h:45]   --->   Operation 114 'zext' 'res_19_V_write_assign_cast' <Predicate = true> <Delay = 0.00>
ST_1 : Operation 115 [1/1] (1.18ns)   --->   "%tmp_2_19 = icmp sgt i16 %data_20_V_read_1, 0" [firmware/nnet_utils/nnet_activation.h:45]   --->   Operation 115 'icmp' 'tmp_2_19' <Predicate = true> <Delay = 1.18> <Core = "Cmp">   --->   Core 25 'Cmp' <Latency = 0> <II = 1> <Delay = 1.18> <FuncUnit> <Opcode : 'icmp'> <InPorts = 2> <OutPorts = 1>
ST_1 : Operation 116 [1/1] (0.00ns)   --->   "%tmp_41 = trunc i16 %data_20_V_read_1 to i15" [firmware/nnet_utils/nnet_activation.h:45]   --->   Operation 116 'trunc' 'tmp_41' <Predicate = (tmp_2_19)> <Delay = 0.00>
ST_1 : Operation 117 [1/1] (0.56ns)   --->   "%res_20_V_write_assign = select i1 %tmp_2_19, i15 %tmp_41, i15 0" [firmware/nnet_utils/nnet_activation.h:45]   --->   Operation 117 'select' 'res_20_V_write_assign' <Predicate = true> <Delay = 0.56> <Core = "Sel">   --->   Core 26 'Sel' <Latency = 0> <II = 1> <Delay = 0.56> <FuncUnit> <Opcode : 'select'> <InPorts = 3> <OutPorts = 1>
ST_1 : Operation 118 [1/1] (0.00ns)   --->   "%res_20_V_write_assign_cast = zext i15 %res_20_V_write_assign to i16" [firmware/nnet_utils/nnet_activation.h:45]   --->   Operation 118 'zext' 'res_20_V_write_assign_cast' <Predicate = true> <Delay = 0.00>
ST_1 : Operation 119 [1/1] (1.18ns)   --->   "%tmp_2_20 = icmp sgt i16 %data_21_V_read_1, 0" [firmware/nnet_utils/nnet_activation.h:45]   --->   Operation 119 'icmp' 'tmp_2_20' <Predicate = true> <Delay = 1.18> <Core = "Cmp">   --->   Core 25 'Cmp' <Latency = 0> <II = 1> <Delay = 1.18> <FuncUnit> <Opcode : 'icmp'> <InPorts = 2> <OutPorts = 1>
ST_1 : Operation 120 [1/1] (0.00ns)   --->   "%tmp_42 = trunc i16 %data_21_V_read_1 to i15" [firmware/nnet_utils/nnet_activation.h:45]   --->   Operation 120 'trunc' 'tmp_42' <Predicate = (tmp_2_20)> <Delay = 0.00>
ST_1 : Operation 121 [1/1] (0.56ns)   --->   "%res_21_V_write_assign = select i1 %tmp_2_20, i15 %tmp_42, i15 0" [firmware/nnet_utils/nnet_activation.h:45]   --->   Operation 121 'select' 'res_21_V_write_assign' <Predicate = true> <Delay = 0.56> <Core = "Sel">   --->   Core 26 'Sel' <Latency = 0> <II = 1> <Delay = 0.56> <FuncUnit> <Opcode : 'select'> <InPorts = 3> <OutPorts = 1>
ST_1 : Operation 122 [1/1] (0.00ns)   --->   "%res_21_V_write_assign_cast = zext i15 %res_21_V_write_assign to i16" [firmware/nnet_utils/nnet_activation.h:45]   --->   Operation 122 'zext' 'res_21_V_write_assign_cast' <Predicate = true> <Delay = 0.00>
ST_1 : Operation 123 [1/1] (1.18ns)   --->   "%tmp_2_21 = icmp sgt i16 %data_22_V_read_1, 0" [firmware/nnet_utils/nnet_activation.h:45]   --->   Operation 123 'icmp' 'tmp_2_21' <Predicate = true> <Delay = 1.18> <Core = "Cmp">   --->   Core 25 'Cmp' <Latency = 0> <II = 1> <Delay = 1.18> <FuncUnit> <Opcode : 'icmp'> <InPorts = 2> <OutPorts = 1>
ST_1 : Operation 124 [1/1] (0.00ns)   --->   "%tmp_43 = trunc i16 %data_22_V_read_1 to i15" [firmware/nnet_utils/nnet_activation.h:45]   --->   Operation 124 'trunc' 'tmp_43' <Predicate = (tmp_2_21)> <Delay = 0.00>
ST_1 : Operation 125 [1/1] (0.56ns)   --->   "%res_22_V_write_assign = select i1 %tmp_2_21, i15 %tmp_43, i15 0" [firmware/nnet_utils/nnet_activation.h:45]   --->   Operation 125 'select' 'res_22_V_write_assign' <Predicate = true> <Delay = 0.56> <Core = "Sel">   --->   Core 26 'Sel' <Latency = 0> <II = 1> <Delay = 0.56> <FuncUnit> <Opcode : 'select'> <InPorts = 3> <OutPorts = 1>
ST_1 : Operation 126 [1/1] (0.00ns)   --->   "%res_22_V_write_assign_cast = zext i15 %res_22_V_write_assign to i16" [firmware/nnet_utils/nnet_activation.h:45]   --->   Operation 126 'zext' 'res_22_V_write_assign_cast' <Predicate = true> <Delay = 0.00>
ST_1 : Operation 127 [1/1] (1.18ns)   --->   "%tmp_2_22 = icmp sgt i16 %data_23_V_read_1, 0" [firmware/nnet_utils/nnet_activation.h:45]   --->   Operation 127 'icmp' 'tmp_2_22' <Predicate = true> <Delay = 1.18> <Core = "Cmp">   --->   Core 25 'Cmp' <Latency = 0> <II = 1> <Delay = 1.18> <FuncUnit> <Opcode : 'icmp'> <InPorts = 2> <OutPorts = 1>
ST_1 : Operation 128 [1/1] (0.00ns)   --->   "%tmp_44 = trunc i16 %data_23_V_read_1 to i15" [firmware/nnet_utils/nnet_activation.h:45]   --->   Operation 128 'trunc' 'tmp_44' <Predicate = (tmp_2_22)> <Delay = 0.00>
ST_1 : Operation 129 [1/1] (0.56ns)   --->   "%res_23_V_write_assign = select i1 %tmp_2_22, i15 %tmp_44, i15 0" [firmware/nnet_utils/nnet_activation.h:45]   --->   Operation 129 'select' 'res_23_V_write_assign' <Predicate = true> <Delay = 0.56> <Core = "Sel">   --->   Core 26 'Sel' <Latency = 0> <II = 1> <Delay = 0.56> <FuncUnit> <Opcode : 'select'> <InPorts = 3> <OutPorts = 1>
ST_1 : Operation 130 [1/1] (0.00ns)   --->   "%res_23_V_write_assign_cast = zext i15 %res_23_V_write_assign to i16" [firmware/nnet_utils/nnet_activation.h:45]   --->   Operation 130 'zext' 'res_23_V_write_assign_cast' <Predicate = true> <Delay = 0.00>
ST_1 : Operation 131 [1/1] (1.18ns)   --->   "%tmp_2_23 = icmp sgt i16 %data_24_V_read_1, 0" [firmware/nnet_utils/nnet_activation.h:45]   --->   Operation 131 'icmp' 'tmp_2_23' <Predicate = true> <Delay = 1.18> <Core = "Cmp">   --->   Core 25 'Cmp' <Latency = 0> <II = 1> <Delay = 1.18> <FuncUnit> <Opcode : 'icmp'> <InPorts = 2> <OutPorts = 1>
ST_1 : Operation 132 [1/1] (0.00ns)   --->   "%tmp_45 = trunc i16 %data_24_V_read_1 to i15" [firmware/nnet_utils/nnet_activation.h:45]   --->   Operation 132 'trunc' 'tmp_45' <Predicate = (tmp_2_23)> <Delay = 0.00>
ST_1 : Operation 133 [1/1] (0.56ns)   --->   "%res_24_V_write_assign = select i1 %tmp_2_23, i15 %tmp_45, i15 0" [firmware/nnet_utils/nnet_activation.h:45]   --->   Operation 133 'select' 'res_24_V_write_assign' <Predicate = true> <Delay = 0.56> <Core = "Sel">   --->   Core 26 'Sel' <Latency = 0> <II = 1> <Delay = 0.56> <FuncUnit> <Opcode : 'select'> <InPorts = 3> <OutPorts = 1>
ST_1 : Operation 134 [1/1] (0.00ns)   --->   "%res_24_V_write_assign_cast = zext i15 %res_24_V_write_assign to i16" [firmware/nnet_utils/nnet_activation.h:45]   --->   Operation 134 'zext' 'res_24_V_write_assign_cast' <Predicate = true> <Delay = 0.00>
ST_1 : Operation 135 [1/1] (1.18ns)   --->   "%tmp_2_24 = icmp sgt i16 %data_25_V_read_1, 0" [firmware/nnet_utils/nnet_activation.h:45]   --->   Operation 135 'icmp' 'tmp_2_24' <Predicate = true> <Delay = 1.18> <Core = "Cmp">   --->   Core 25 'Cmp' <Latency = 0> <II = 1> <Delay = 1.18> <FuncUnit> <Opcode : 'icmp'> <InPorts = 2> <OutPorts = 1>
ST_1 : Operation 136 [1/1] (0.00ns)   --->   "%tmp_46 = trunc i16 %data_25_V_read_1 to i15" [firmware/nnet_utils/nnet_activation.h:45]   --->   Operation 136 'trunc' 'tmp_46' <Predicate = (tmp_2_24)> <Delay = 0.00>
ST_1 : Operation 137 [1/1] (0.56ns)   --->   "%res_25_V_write_assign = select i1 %tmp_2_24, i15 %tmp_46, i15 0" [firmware/nnet_utils/nnet_activation.h:45]   --->   Operation 137 'select' 'res_25_V_write_assign' <Predicate = true> <Delay = 0.56> <Core = "Sel">   --->   Core 26 'Sel' <Latency = 0> <II = 1> <Delay = 0.56> <FuncUnit> <Opcode : 'select'> <InPorts = 3> <OutPorts = 1>
ST_1 : Operation 138 [1/1] (0.00ns)   --->   "%res_25_V_write_assign_cast = zext i15 %res_25_V_write_assign to i16" [firmware/nnet_utils/nnet_activation.h:45]   --->   Operation 138 'zext' 'res_25_V_write_assign_cast' <Predicate = true> <Delay = 0.00>
ST_1 : Operation 139 [1/1] (1.18ns)   --->   "%tmp_2_25 = icmp sgt i16 %data_26_V_read_1, 0" [firmware/nnet_utils/nnet_activation.h:45]   --->   Operation 139 'icmp' 'tmp_2_25' <Predicate = true> <Delay = 1.18> <Core = "Cmp">   --->   Core 25 'Cmp' <Latency = 0> <II = 1> <Delay = 1.18> <FuncUnit> <Opcode : 'icmp'> <InPorts = 2> <OutPorts = 1>
ST_1 : Operation 140 [1/1] (0.00ns)   --->   "%tmp_47 = trunc i16 %data_26_V_read_1 to i15" [firmware/nnet_utils/nnet_activation.h:45]   --->   Operation 140 'trunc' 'tmp_47' <Predicate = (tmp_2_25)> <Delay = 0.00>
ST_1 : Operation 141 [1/1] (0.56ns)   --->   "%res_26_V_write_assign = select i1 %tmp_2_25, i15 %tmp_47, i15 0" [firmware/nnet_utils/nnet_activation.h:45]   --->   Operation 141 'select' 'res_26_V_write_assign' <Predicate = true> <Delay = 0.56> <Core = "Sel">   --->   Core 26 'Sel' <Latency = 0> <II = 1> <Delay = 0.56> <FuncUnit> <Opcode : 'select'> <InPorts = 3> <OutPorts = 1>
ST_1 : Operation 142 [1/1] (0.00ns)   --->   "%res_26_V_write_assign_cast = zext i15 %res_26_V_write_assign to i16" [firmware/nnet_utils/nnet_activation.h:45]   --->   Operation 142 'zext' 'res_26_V_write_assign_cast' <Predicate = true> <Delay = 0.00>
ST_1 : Operation 143 [1/1] (1.18ns)   --->   "%tmp_2_26 = icmp sgt i16 %data_27_V_read_1, 0" [firmware/nnet_utils/nnet_activation.h:45]   --->   Operation 143 'icmp' 'tmp_2_26' <Predicate = true> <Delay = 1.18> <Core = "Cmp">   --->   Core 25 'Cmp' <Latency = 0> <II = 1> <Delay = 1.18> <FuncUnit> <Opcode : 'icmp'> <InPorts = 2> <OutPorts = 1>
ST_1 : Operation 144 [1/1] (0.00ns)   --->   "%tmp_48 = trunc i16 %data_27_V_read_1 to i15" [firmware/nnet_utils/nnet_activation.h:45]   --->   Operation 144 'trunc' 'tmp_48' <Predicate = (tmp_2_26)> <Delay = 0.00>
ST_1 : Operation 145 [1/1] (0.56ns)   --->   "%res_27_V_write_assign = select i1 %tmp_2_26, i15 %tmp_48, i15 0" [firmware/nnet_utils/nnet_activation.h:45]   --->   Operation 145 'select' 'res_27_V_write_assign' <Predicate = true> <Delay = 0.56> <Core = "Sel">   --->   Core 26 'Sel' <Latency = 0> <II = 1> <Delay = 0.56> <FuncUnit> <Opcode : 'select'> <InPorts = 3> <OutPorts = 1>
ST_1 : Operation 146 [1/1] (0.00ns)   --->   "%res_27_V_write_assign_cast = zext i15 %res_27_V_write_assign to i16" [firmware/nnet_utils/nnet_activation.h:45]   --->   Operation 146 'zext' 'res_27_V_write_assign_cast' <Predicate = true> <Delay = 0.00>
ST_1 : Operation 147 [1/1] (1.18ns)   --->   "%tmp_2_27 = icmp sgt i16 %data_28_V_read_1, 0" [firmware/nnet_utils/nnet_activation.h:45]   --->   Operation 147 'icmp' 'tmp_2_27' <Predicate = true> <Delay = 1.18> <Core = "Cmp">   --->   Core 25 'Cmp' <Latency = 0> <II = 1> <Delay = 1.18> <FuncUnit> <Opcode : 'icmp'> <InPorts = 2> <OutPorts = 1>
ST_1 : Operation 148 [1/1] (0.00ns)   --->   "%tmp_49 = trunc i16 %data_28_V_read_1 to i15" [firmware/nnet_utils/nnet_activation.h:45]   --->   Operation 148 'trunc' 'tmp_49' <Predicate = (tmp_2_27)> <Delay = 0.00>
ST_1 : Operation 149 [1/1] (0.56ns)   --->   "%res_28_V_write_assign = select i1 %tmp_2_27, i15 %tmp_49, i15 0" [firmware/nnet_utils/nnet_activation.h:45]   --->   Operation 149 'select' 'res_28_V_write_assign' <Predicate = true> <Delay = 0.56> <Core = "Sel">   --->   Core 26 'Sel' <Latency = 0> <II = 1> <Delay = 0.56> <FuncUnit> <Opcode : 'select'> <InPorts = 3> <OutPorts = 1>
ST_1 : Operation 150 [1/1] (0.00ns)   --->   "%res_28_V_write_assign_cast = zext i15 %res_28_V_write_assign to i16" [firmware/nnet_utils/nnet_activation.h:45]   --->   Operation 150 'zext' 'res_28_V_write_assign_cast' <Predicate = true> <Delay = 0.00>
ST_1 : Operation 151 [1/1] (1.18ns)   --->   "%tmp_2_28 = icmp sgt i16 %data_29_V_read_1, 0" [firmware/nnet_utils/nnet_activation.h:45]   --->   Operation 151 'icmp' 'tmp_2_28' <Predicate = true> <Delay = 1.18> <Core = "Cmp">   --->   Core 25 'Cmp' <Latency = 0> <II = 1> <Delay = 1.18> <FuncUnit> <Opcode : 'icmp'> <InPorts = 2> <OutPorts = 1>
ST_1 : Operation 152 [1/1] (0.00ns)   --->   "%tmp_50 = trunc i16 %data_29_V_read_1 to i15" [firmware/nnet_utils/nnet_activation.h:45]   --->   Operation 152 'trunc' 'tmp_50' <Predicate = (tmp_2_28)> <Delay = 0.00>
ST_1 : Operation 153 [1/1] (0.56ns)   --->   "%res_29_V_write_assign = select i1 %tmp_2_28, i15 %tmp_50, i15 0" [firmware/nnet_utils/nnet_activation.h:45]   --->   Operation 153 'select' 'res_29_V_write_assign' <Predicate = true> <Delay = 0.56> <Core = "Sel">   --->   Core 26 'Sel' <Latency = 0> <II = 1> <Delay = 0.56> <FuncUnit> <Opcode : 'select'> <InPorts = 3> <OutPorts = 1>
ST_1 : Operation 154 [1/1] (0.00ns)   --->   "%res_29_V_write_assign_cast = zext i15 %res_29_V_write_assign to i16" [firmware/nnet_utils/nnet_activation.h:45]   --->   Operation 154 'zext' 'res_29_V_write_assign_cast' <Predicate = true> <Delay = 0.00>
ST_1 : Operation 155 [1/1] (1.18ns)   --->   "%tmp_2_29 = icmp sgt i16 %data_30_V_read_1, 0" [firmware/nnet_utils/nnet_activation.h:45]   --->   Operation 155 'icmp' 'tmp_2_29' <Predicate = true> <Delay = 1.18> <Core = "Cmp">   --->   Core 25 'Cmp' <Latency = 0> <II = 1> <Delay = 1.18> <FuncUnit> <Opcode : 'icmp'> <InPorts = 2> <OutPorts = 1>
ST_1 : Operation 156 [1/1] (0.00ns)   --->   "%tmp_51 = trunc i16 %data_30_V_read_1 to i15" [firmware/nnet_utils/nnet_activation.h:45]   --->   Operation 156 'trunc' 'tmp_51' <Predicate = (tmp_2_29)> <Delay = 0.00>
ST_1 : Operation 157 [1/1] (0.56ns)   --->   "%res_30_V_write_assign = select i1 %tmp_2_29, i15 %tmp_51, i15 0" [firmware/nnet_utils/nnet_activation.h:45]   --->   Operation 157 'select' 'res_30_V_write_assign' <Predicate = true> <Delay = 0.56> <Core = "Sel">   --->   Core 26 'Sel' <Latency = 0> <II = 1> <Delay = 0.56> <FuncUnit> <Opcode : 'select'> <InPorts = 3> <OutPorts = 1>
ST_1 : Operation 158 [1/1] (0.00ns)   --->   "%res_30_V_write_assign_cast = zext i15 %res_30_V_write_assign to i16" [firmware/nnet_utils/nnet_activation.h:45]   --->   Operation 158 'zext' 'res_30_V_write_assign_cast' <Predicate = true> <Delay = 0.00>
ST_1 : Operation 159 [1/1] (1.18ns)   --->   "%tmp_2_30 = icmp sgt i16 %data_31_V_read_1, 0" [firmware/nnet_utils/nnet_activation.h:45]   --->   Operation 159 'icmp' 'tmp_2_30' <Predicate = true> <Delay = 1.18> <Core = "Cmp">   --->   Core 25 'Cmp' <Latency = 0> <II = 1> <Delay = 1.18> <FuncUnit> <Opcode : 'icmp'> <InPorts = 2> <OutPorts = 1>
ST_1 : Operation 160 [1/1] (0.00ns)   --->   "%tmp_52 = trunc i16 %data_31_V_read_1 to i15" [firmware/nnet_utils/nnet_activation.h:45]   --->   Operation 160 'trunc' 'tmp_52' <Predicate = (tmp_2_30)> <Delay = 0.00>
ST_1 : Operation 161 [1/1] (0.56ns)   --->   "%res_31_V_write_assign = select i1 %tmp_2_30, i15 %tmp_52, i15 0" [firmware/nnet_utils/nnet_activation.h:45]   --->   Operation 161 'select' 'res_31_V_write_assign' <Predicate = true> <Delay = 0.56> <Core = "Sel">   --->   Core 26 'Sel' <Latency = 0> <II = 1> <Delay = 0.56> <FuncUnit> <Opcode : 'select'> <InPorts = 3> <OutPorts = 1>
ST_1 : Operation 162 [1/1] (0.00ns)   --->   "%res_31_V_write_assign_cast = zext i15 %res_31_V_write_assign to i16" [firmware/nnet_utils/nnet_activation.h:45]   --->   Operation 162 'zext' 'res_31_V_write_assign_cast' <Predicate = true> <Delay = 0.00>
ST_1 : Operation 163 [1/1] (0.00ns)   --->   "%mrv = insertvalue { i16, i16, i16, i16, i16, i16, i16, i16, i16, i16, i16, i16, i16, i16, i16, i16, i16, i16, i16, i16, i16, i16, i16, i16, i16, i16, i16, i16, i16, i16, i16, i16 } undef, i16 %res_0_V_write_assign_cast, 0" [firmware/nnet_utils/nnet_activation.h:50]   --->   Operation 163 'insertvalue' 'mrv' <Predicate = true> <Delay = 0.00>
ST_1 : Operation 164 [1/1] (0.00ns)   --->   "%mrv_1 = insertvalue { i16, i16, i16, i16, i16, i16, i16, i16, i16, i16, i16, i16, i16, i16, i16, i16, i16, i16, i16, i16, i16, i16, i16, i16, i16, i16, i16, i16, i16, i16, i16, i16 } %mrv, i16 %res_1_V_write_assign_cast, 1" [firmware/nnet_utils/nnet_activation.h:50]   --->   Operation 164 'insertvalue' 'mrv_1' <Predicate = true> <Delay = 0.00>
ST_1 : Operation 165 [1/1] (0.00ns)   --->   "%mrv_2 = insertvalue { i16, i16, i16, i16, i16, i16, i16, i16, i16, i16, i16, i16, i16, i16, i16, i16, i16, i16, i16, i16, i16, i16, i16, i16, i16, i16, i16, i16, i16, i16, i16, i16 } %mrv_1, i16 %res_2_V_write_assign_cast, 2" [firmware/nnet_utils/nnet_activation.h:50]   --->   Operation 165 'insertvalue' 'mrv_2' <Predicate = true> <Delay = 0.00>
ST_1 : Operation 166 [1/1] (0.00ns)   --->   "%mrv_3 = insertvalue { i16, i16, i16, i16, i16, i16, i16, i16, i16, i16, i16, i16, i16, i16, i16, i16, i16, i16, i16, i16, i16, i16, i16, i16, i16, i16, i16, i16, i16, i16, i16, i16 } %mrv_2, i16 %res_3_V_write_assign_cast, 3" [firmware/nnet_utils/nnet_activation.h:50]   --->   Operation 166 'insertvalue' 'mrv_3' <Predicate = true> <Delay = 0.00>
ST_1 : Operation 167 [1/1] (0.00ns)   --->   "%mrv_4 = insertvalue { i16, i16, i16, i16, i16, i16, i16, i16, i16, i16, i16, i16, i16, i16, i16, i16, i16, i16, i16, i16, i16, i16, i16, i16, i16, i16, i16, i16, i16, i16, i16, i16 } %mrv_3, i16 %res_4_V_write_assign_cast, 4" [firmware/nnet_utils/nnet_activation.h:50]   --->   Operation 167 'insertvalue' 'mrv_4' <Predicate = true> <Delay = 0.00>
ST_1 : Operation 168 [1/1] (0.00ns)   --->   "%mrv_5 = insertvalue { i16, i16, i16, i16, i16, i16, i16, i16, i16, i16, i16, i16, i16, i16, i16, i16, i16, i16, i16, i16, i16, i16, i16, i16, i16, i16, i16, i16, i16, i16, i16, i16 } %mrv_4, i16 %res_5_V_write_assign_cast, 5" [firmware/nnet_utils/nnet_activation.h:50]   --->   Operation 168 'insertvalue' 'mrv_5' <Predicate = true> <Delay = 0.00>
ST_1 : Operation 169 [1/1] (0.00ns)   --->   "%mrv_6 = insertvalue { i16, i16, i16, i16, i16, i16, i16, i16, i16, i16, i16, i16, i16, i16, i16, i16, i16, i16, i16, i16, i16, i16, i16, i16, i16, i16, i16, i16, i16, i16, i16, i16 } %mrv_5, i16 %res_6_V_write_assign_cast, 6" [firmware/nnet_utils/nnet_activation.h:50]   --->   Operation 169 'insertvalue' 'mrv_6' <Predicate = true> <Delay = 0.00>
ST_1 : Operation 170 [1/1] (0.00ns)   --->   "%mrv_7 = insertvalue { i16, i16, i16, i16, i16, i16, i16, i16, i16, i16, i16, i16, i16, i16, i16, i16, i16, i16, i16, i16, i16, i16, i16, i16, i16, i16, i16, i16, i16, i16, i16, i16 } %mrv_6, i16 %res_7_V_write_assign_cast, 7" [firmware/nnet_utils/nnet_activation.h:50]   --->   Operation 170 'insertvalue' 'mrv_7' <Predicate = true> <Delay = 0.00>
ST_1 : Operation 171 [1/1] (0.00ns)   --->   "%mrv_8 = insertvalue { i16, i16, i16, i16, i16, i16, i16, i16, i16, i16, i16, i16, i16, i16, i16, i16, i16, i16, i16, i16, i16, i16, i16, i16, i16, i16, i16, i16, i16, i16, i16, i16 } %mrv_7, i16 %res_8_V_write_assign_cast, 8" [firmware/nnet_utils/nnet_activation.h:50]   --->   Operation 171 'insertvalue' 'mrv_8' <Predicate = true> <Delay = 0.00>
ST_1 : Operation 172 [1/1] (0.00ns)   --->   "%mrv_9 = insertvalue { i16, i16, i16, i16, i16, i16, i16, i16, i16, i16, i16, i16, i16, i16, i16, i16, i16, i16, i16, i16, i16, i16, i16, i16, i16, i16, i16, i16, i16, i16, i16, i16 } %mrv_8, i16 %res_9_V_write_assign_cast, 9" [firmware/nnet_utils/nnet_activation.h:50]   --->   Operation 172 'insertvalue' 'mrv_9' <Predicate = true> <Delay = 0.00>
ST_1 : Operation 173 [1/1] (0.00ns)   --->   "%mrv_10 = insertvalue { i16, i16, i16, i16, i16, i16, i16, i16, i16, i16, i16, i16, i16, i16, i16, i16, i16, i16, i16, i16, i16, i16, i16, i16, i16, i16, i16, i16, i16, i16, i16, i16 } %mrv_9, i16 %res_10_V_write_assign_cast, 10" [firmware/nnet_utils/nnet_activation.h:50]   --->   Operation 173 'insertvalue' 'mrv_10' <Predicate = true> <Delay = 0.00>
ST_1 : Operation 174 [1/1] (0.00ns)   --->   "%mrv_11 = insertvalue { i16, i16, i16, i16, i16, i16, i16, i16, i16, i16, i16, i16, i16, i16, i16, i16, i16, i16, i16, i16, i16, i16, i16, i16, i16, i16, i16, i16, i16, i16, i16, i16 } %mrv_10, i16 %res_11_V_write_assign_cast, 11" [firmware/nnet_utils/nnet_activation.h:50]   --->   Operation 174 'insertvalue' 'mrv_11' <Predicate = true> <Delay = 0.00>
ST_1 : Operation 175 [1/1] (0.00ns)   --->   "%mrv_12 = insertvalue { i16, i16, i16, i16, i16, i16, i16, i16, i16, i16, i16, i16, i16, i16, i16, i16, i16, i16, i16, i16, i16, i16, i16, i16, i16, i16, i16, i16, i16, i16, i16, i16 } %mrv_11, i16 %res_12_V_write_assign_cast, 12" [firmware/nnet_utils/nnet_activation.h:50]   --->   Operation 175 'insertvalue' 'mrv_12' <Predicate = true> <Delay = 0.00>
ST_1 : Operation 176 [1/1] (0.00ns)   --->   "%mrv_13 = insertvalue { i16, i16, i16, i16, i16, i16, i16, i16, i16, i16, i16, i16, i16, i16, i16, i16, i16, i16, i16, i16, i16, i16, i16, i16, i16, i16, i16, i16, i16, i16, i16, i16 } %mrv_12, i16 %res_13_V_write_assign_cast, 13" [firmware/nnet_utils/nnet_activation.h:50]   --->   Operation 176 'insertvalue' 'mrv_13' <Predicate = true> <Delay = 0.00>
ST_1 : Operation 177 [1/1] (0.00ns)   --->   "%mrv_14 = insertvalue { i16, i16, i16, i16, i16, i16, i16, i16, i16, i16, i16, i16, i16, i16, i16, i16, i16, i16, i16, i16, i16, i16, i16, i16, i16, i16, i16, i16, i16, i16, i16, i16 } %mrv_13, i16 %res_14_V_write_assign_cast, 14" [firmware/nnet_utils/nnet_activation.h:50]   --->   Operation 177 'insertvalue' 'mrv_14' <Predicate = true> <Delay = 0.00>
ST_1 : Operation 178 [1/1] (0.00ns)   --->   "%mrv_s = insertvalue { i16, i16, i16, i16, i16, i16, i16, i16, i16, i16, i16, i16, i16, i16, i16, i16, i16, i16, i16, i16, i16, i16, i16, i16, i16, i16, i16, i16, i16, i16, i16, i16 } %mrv_14, i16 %res_15_V_write_assign_cast, 15" [firmware/nnet_utils/nnet_activation.h:50]   --->   Operation 178 'insertvalue' 'mrv_s' <Predicate = true> <Delay = 0.00>
ST_1 : Operation 179 [1/1] (0.00ns)   --->   "%mrv_15 = insertvalue { i16, i16, i16, i16, i16, i16, i16, i16, i16, i16, i16, i16, i16, i16, i16, i16, i16, i16, i16, i16, i16, i16, i16, i16, i16, i16, i16, i16, i16, i16, i16, i16 } %mrv_s, i16 %res_16_V_write_assign_cast, 16" [firmware/nnet_utils/nnet_activation.h:50]   --->   Operation 179 'insertvalue' 'mrv_15' <Predicate = true> <Delay = 0.00>
ST_1 : Operation 180 [1/1] (0.00ns)   --->   "%mrv_16 = insertvalue { i16, i16, i16, i16, i16, i16, i16, i16, i16, i16, i16, i16, i16, i16, i16, i16, i16, i16, i16, i16, i16, i16, i16, i16, i16, i16, i16, i16, i16, i16, i16, i16 } %mrv_15, i16 %res_17_V_write_assign_cast, 17" [firmware/nnet_utils/nnet_activation.h:50]   --->   Operation 180 'insertvalue' 'mrv_16' <Predicate = true> <Delay = 0.00>
ST_1 : Operation 181 [1/1] (0.00ns)   --->   "%mrv_17 = insertvalue { i16, i16, i16, i16, i16, i16, i16, i16, i16, i16, i16, i16, i16, i16, i16, i16, i16, i16, i16, i16, i16, i16, i16, i16, i16, i16, i16, i16, i16, i16, i16, i16 } %mrv_16, i16 %res_18_V_write_assign_cast, 18" [firmware/nnet_utils/nnet_activation.h:50]   --->   Operation 181 'insertvalue' 'mrv_17' <Predicate = true> <Delay = 0.00>
ST_1 : Operation 182 [1/1] (0.00ns)   --->   "%mrv_18 = insertvalue { i16, i16, i16, i16, i16, i16, i16, i16, i16, i16, i16, i16, i16, i16, i16, i16, i16, i16, i16, i16, i16, i16, i16, i16, i16, i16, i16, i16, i16, i16, i16, i16 } %mrv_17, i16 %res_19_V_write_assign_cast, 19" [firmware/nnet_utils/nnet_activation.h:50]   --->   Operation 182 'insertvalue' 'mrv_18' <Predicate = true> <Delay = 0.00>
ST_1 : Operation 183 [1/1] (0.00ns)   --->   "%mrv_19 = insertvalue { i16, i16, i16, i16, i16, i16, i16, i16, i16, i16, i16, i16, i16, i16, i16, i16, i16, i16, i16, i16, i16, i16, i16, i16, i16, i16, i16, i16, i16, i16, i16, i16 } %mrv_18, i16 %res_20_V_write_assign_cast, 20" [firmware/nnet_utils/nnet_activation.h:50]   --->   Operation 183 'insertvalue' 'mrv_19' <Predicate = true> <Delay = 0.00>
ST_1 : Operation 184 [1/1] (0.00ns)   --->   "%mrv_20 = insertvalue { i16, i16, i16, i16, i16, i16, i16, i16, i16, i16, i16, i16, i16, i16, i16, i16, i16, i16, i16, i16, i16, i16, i16, i16, i16, i16, i16, i16, i16, i16, i16, i16 } %mrv_19, i16 %res_21_V_write_assign_cast, 21" [firmware/nnet_utils/nnet_activation.h:50]   --->   Operation 184 'insertvalue' 'mrv_20' <Predicate = true> <Delay = 0.00>
ST_1 : Operation 185 [1/1] (0.00ns)   --->   "%mrv_21 = insertvalue { i16, i16, i16, i16, i16, i16, i16, i16, i16, i16, i16, i16, i16, i16, i16, i16, i16, i16, i16, i16, i16, i16, i16, i16, i16, i16, i16, i16, i16, i16, i16, i16 } %mrv_20, i16 %res_22_V_write_assign_cast, 22" [firmware/nnet_utils/nnet_activation.h:50]   --->   Operation 185 'insertvalue' 'mrv_21' <Predicate = true> <Delay = 0.00>
ST_1 : Operation 186 [1/1] (0.00ns)   --->   "%mrv_22 = insertvalue { i16, i16, i16, i16, i16, i16, i16, i16, i16, i16, i16, i16, i16, i16, i16, i16, i16, i16, i16, i16, i16, i16, i16, i16, i16, i16, i16, i16, i16, i16, i16, i16 } %mrv_21, i16 %res_23_V_write_assign_cast, 23" [firmware/nnet_utils/nnet_activation.h:50]   --->   Operation 186 'insertvalue' 'mrv_22' <Predicate = true> <Delay = 0.00>
ST_1 : Operation 187 [1/1] (0.00ns)   --->   "%mrv_23 = insertvalue { i16, i16, i16, i16, i16, i16, i16, i16, i16, i16, i16, i16, i16, i16, i16, i16, i16, i16, i16, i16, i16, i16, i16, i16, i16, i16, i16, i16, i16, i16, i16, i16 } %mrv_22, i16 %res_24_V_write_assign_cast, 24" [firmware/nnet_utils/nnet_activation.h:50]   --->   Operation 187 'insertvalue' 'mrv_23' <Predicate = true> <Delay = 0.00>
ST_1 : Operation 188 [1/1] (0.00ns)   --->   "%mrv_24 = insertvalue { i16, i16, i16, i16, i16, i16, i16, i16, i16, i16, i16, i16, i16, i16, i16, i16, i16, i16, i16, i16, i16, i16, i16, i16, i16, i16, i16, i16, i16, i16, i16, i16 } %mrv_23, i16 %res_25_V_write_assign_cast, 25" [firmware/nnet_utils/nnet_activation.h:50]   --->   Operation 188 'insertvalue' 'mrv_24' <Predicate = true> <Delay = 0.00>
ST_1 : Operation 189 [1/1] (0.00ns)   --->   "%mrv_25 = insertvalue { i16, i16, i16, i16, i16, i16, i16, i16, i16, i16, i16, i16, i16, i16, i16, i16, i16, i16, i16, i16, i16, i16, i16, i16, i16, i16, i16, i16, i16, i16, i16, i16 } %mrv_24, i16 %res_26_V_write_assign_cast, 26" [firmware/nnet_utils/nnet_activation.h:50]   --->   Operation 189 'insertvalue' 'mrv_25' <Predicate = true> <Delay = 0.00>
ST_1 : Operation 190 [1/1] (0.00ns)   --->   "%mrv_26 = insertvalue { i16, i16, i16, i16, i16, i16, i16, i16, i16, i16, i16, i16, i16, i16, i16, i16, i16, i16, i16, i16, i16, i16, i16, i16, i16, i16, i16, i16, i16, i16, i16, i16 } %mrv_25, i16 %res_27_V_write_assign_cast, 27" [firmware/nnet_utils/nnet_activation.h:50]   --->   Operation 190 'insertvalue' 'mrv_26' <Predicate = true> <Delay = 0.00>
ST_1 : Operation 191 [1/1] (0.00ns)   --->   "%mrv_27 = insertvalue { i16, i16, i16, i16, i16, i16, i16, i16, i16, i16, i16, i16, i16, i16, i16, i16, i16, i16, i16, i16, i16, i16, i16, i16, i16, i16, i16, i16, i16, i16, i16, i16 } %mrv_26, i16 %res_28_V_write_assign_cast, 28" [firmware/nnet_utils/nnet_activation.h:50]   --->   Operation 191 'insertvalue' 'mrv_27' <Predicate = true> <Delay = 0.00>
ST_1 : Operation 192 [1/1] (0.00ns)   --->   "%mrv_28 = insertvalue { i16, i16, i16, i16, i16, i16, i16, i16, i16, i16, i16, i16, i16, i16, i16, i16, i16, i16, i16, i16, i16, i16, i16, i16, i16, i16, i16, i16, i16, i16, i16, i16 } %mrv_27, i16 %res_29_V_write_assign_cast, 29" [firmware/nnet_utils/nnet_activation.h:50]   --->   Operation 192 'insertvalue' 'mrv_28' <Predicate = true> <Delay = 0.00>
ST_1 : Operation 193 [1/1] (0.00ns)   --->   "%mrv_29 = insertvalue { i16, i16, i16, i16, i16, i16, i16, i16, i16, i16, i16, i16, i16, i16, i16, i16, i16, i16, i16, i16, i16, i16, i16, i16, i16, i16, i16, i16, i16, i16, i16, i16 } %mrv_28, i16 %res_30_V_write_assign_cast, 30" [firmware/nnet_utils/nnet_activation.h:50]   --->   Operation 193 'insertvalue' 'mrv_29' <Predicate = true> <Delay = 0.00>
ST_1 : Operation 194 [1/1] (0.00ns)   --->   "%mrv_30 = insertvalue { i16, i16, i16, i16, i16, i16, i16, i16, i16, i16, i16, i16, i16, i16, i16, i16, i16, i16, i16, i16, i16, i16, i16, i16, i16, i16, i16, i16, i16, i16, i16, i16 } %mrv_29, i16 %res_31_V_write_assign_cast, 31" [firmware/nnet_utils/nnet_activation.h:50]   --->   Operation 194 'insertvalue' 'mrv_30' <Predicate = true> <Delay = 0.00>
ST_1 : Operation 195 [1/1] (0.00ns)   --->   "ret { i16, i16, i16, i16, i16, i16, i16, i16, i16, i16, i16, i16, i16, i16, i16, i16, i16, i16, i16, i16, i16, i16, i16, i16, i16, i16, i16, i16, i16, i16, i16, i16 } %mrv_30" [firmware/nnet_utils/nnet_activation.h:50]   --->   Operation 195 'ret' <Predicate = true> <Delay = 0.00>


============================================================
+ Verbose Summary: Timing violations
============================================================
Target clock period: 5ns, clock uncertainty: 0.625ns.

 <State 1>: 1.75ns
The critical path consists of the following:
	wire read on port 'data_31_V_read' (firmware/nnet_utils/nnet_activation.h:39) [33]  (0 ns)
	'icmp' operation ('tmp_2_30', firmware/nnet_utils/nnet_activation.h:45) [190]  (1.18 ns)
	'select' operation ('res[31].V', firmware/nnet_utils/nnet_activation.h:45) [192]  (0.565 ns)


============================================================
+ Verbose Summary: Binding
============================================================
N/A
* FSMD analyzer results:
  - Output states:
 - Input state : 
  - Chain level:
	State 1


============================================================
+ Verbose Summary: Datapath Resource usage 
============================================================
N/A
