

================================================================
== Vivado HLS Report for 'dense_latency_ap_fixed_ap_fixed_16_6_5_3_0_config2_0_0_0_0_0_0_0_0_0'
================================================================
* Date:           Fri Oct 20 13:53:11 2023

* Version:        2018.3 (Build 2405991 on Thu Dec 06 23:56:15 MST 2018)
* Project:        myproject_prj
* Solution:       solution1
* Product family: virtex7
* Target device:  xc7vx485tffg1761-2


================================================================
== Performance Estimates
================================================================
+ Timing (ns): 
    * Summary: 
    +--------+-------+----------+------------+
    |  Clock | Target| Estimated| Uncertainty|
    +--------+-------+----------+------------+
    |ap_clk  |   5.00|     3.720|        0.62|
    +--------+-------+----------+------------+

+ Latency (clock cycles): 
    * Summary: 
    +-----+-----+-----+-----+----------+
    |  Latency  |  Interval | Pipeline |
    | min | max | min | max |   Type   |
    +-----+-----+-----+-----+----------+
    |    1|    1|    1|    1| function |
    +-----+-----+-----+-----+----------+

    + Detail: 
        * Instance: 
        N/A

        * Loop: 
        N/A



================================================================
== Utilization Estimates
================================================================
* Summary: 
+-----------------+---------+-------+--------+--------+
|       Name      | BRAM_18K| DSP48E|   FF   |   LUT  |
+-----------------+---------+-------+--------+--------+
|DSP              |        -|      -|       -|       -|
|Expression       |        -|     15|       0|     392|
|FIFO             |        -|      -|       -|       -|
|Instance         |        -|      -|       -|       -|
|Memory           |        -|      -|       -|       -|
|Multiplexer      |        -|      -|       -|      72|
|Register         |        -|      -|     381|       -|
+-----------------+---------+-------+--------+--------+
|Total            |        0|     15|     381|     464|
+-----------------+---------+-------+--------+--------+
|Available        |     2060|   2800|  607200|  303600|
+-----------------+---------+-------+--------+--------+
|Utilization (%)  |        0|   ~0  |   ~0   |   ~0   |
+-----------------+---------+-------+--------+--------+

+ Detail: 
    * Instance: 
    N/A

    * DSP48: 
    N/A

    * Memory: 
    N/A

    * FIFO: 
    N/A

    * Expression: 
    +---------------------------------+----------+-------+---+----+------------+------------+
    |          Variable Name          | Operation| DSP48E| FF| LUT| Bitwidth P0| Bitwidth P1|
    +---------------------------------+----------+-------+---+----+------------+------------+
    |r_V_10_0_1_fu_104_p2             |     *    |      1|  0|   6|           9|          16|
    |r_V_10_0_2_fu_107_p2             |     *    |      1|  0|   6|          10|          16|
    |r_V_10_0_3_fu_101_p2             |     *    |      1|  0|   6|           9|          16|
    |r_V_10_0_4_fu_103_p2             |     *    |      1|  0|   6|           9|          16|
    |r_V_10_0_6_fu_105_p2             |     *    |      1|  0|   6|          10|          16|
    |r_V_10_0_7_fu_102_p2             |     *    |      1|  0|   6|          10|          16|
    |r_V_10_1_1_fu_99_p2              |     *    |      1|  0|   6|          10|          16|
    |r_V_10_1_2_fu_109_p2             |     *    |      1|  0|   6|          10|          16|
    |r_V_10_1_3_fu_106_p2             |     *    |      1|  0|   6|           9|          16|
    |r_V_10_1_4_fu_98_p2              |     *    |      1|  0|   6|          11|          16|
    |r_V_10_1_5_fu_113_p2             |     *    |      1|  0|   6|           7|          16|
    |r_V_10_1_6_fu_111_p2             |     *    |      1|  0|   6|          10|          16|
    |r_V_10_1_7_fu_112_p2             |     *    |      1|  0|   6|           9|          16|
    |r_V_10_1_fu_108_p2               |     *    |      1|  0|   6|           9|          16|
    |r_V_s_fu_110_p2                  |     *    |      1|  0|   6|          10|          16|
    |acc_1_V_fu_1441_p2               |     +    |      0|  0|  16|          16|          16|
    |acc_2_V_fu_1452_p2               |     +    |      0|  0|  16|          16|          16|
    |acc_3_V_fu_1462_p2               |     +    |      0|  0|  16|          16|          16|
    |acc_4_V_fu_1472_p2               |     +    |      0|  0|  16|          16|          16|
    |acc_5_V_fu_1487_p2               |     +    |      0|  0|  23|          16|          16|
    |acc_6_V_fu_1498_p2               |     +    |      0|  0|  16|          16|          16|
    |acc_7_V_fu_1509_p2               |     +    |      0|  0|  16|          16|          16|
    |res_0_V_write_assign_fu_1431_p2  |     +    |      0|  0|  16|          16|          16|
    |tmp2_fu_1426_p2                  |     +    |      0|  0|  16|           8|          16|
    |tmp3_fu_1436_p2                  |     +    |      0|  0|  16|           7|          16|
    |tmp4_fu_1447_p2                  |     +    |      0|  0|  16|           8|          16|
    |tmp5_fu_1457_p2                  |     +    |      0|  0|  16|           9|          16|
    |tmp6_fu_1467_p2                  |     +    |      0|  0|  16|           9|          16|
    |tmp7_fu_1477_p2                  |     +    |      0|  0|  22|           7|          15|
    |tmp8_fu_1493_p2                  |     +    |      0|  0|  16|           6|          16|
    |tmp9_fu_1503_p2                  |     +    |      0|  0|  16|           8|          16|
    |r_V_10_0_5_fu_1404_p2            |     -    |      0|  0|  33|          26|          26|
    +---------------------------------+----------+-------+---+----+------------+------------+
    |Total                            |          |     15|  0| 392|         358|         521|
    +---------------------------------+----------+-------+---+----+------------+------------+

    * Multiplexer: 
    +-------------+----+-----------+-----+-----------+
    |     Name    | LUT| Input Size| Bits| Total Bits|
    +-------------+----+-----------+-----+-----------+
    |ap_return_0  |   9|          2|   16|         32|
    |ap_return_1  |   9|          2|   16|         32|
    |ap_return_2  |   9|          2|   16|         32|
    |ap_return_3  |   9|          2|   16|         32|
    |ap_return_4  |   9|          2|   16|         32|
    |ap_return_5  |   9|          2|   16|         32|
    |ap_return_6  |   9|          2|   16|         32|
    |ap_return_7  |   9|          2|   16|         32|
    +-------------+----+-----------+-----+-----------+
    |Total        |  72|         16|  128|        256|
    +-------------+----+-----------+-----+-----------+

    * Register: 
    +---------------------+----+----+-----+-----------+
    |         Name        | FF | LUT| Bits| Const Bits|
    +---------------------+----+----+-----+-----------+
    |ap_ce_reg            |   1|   0|    1|          0|
    |ap_return_0_int_reg  |  16|   0|   16|          0|
    |ap_return_1_int_reg  |  16|   0|   16|          0|
    |ap_return_2_int_reg  |  16|   0|   16|          0|
    |ap_return_3_int_reg  |  16|   0|   16|          0|
    |ap_return_4_int_reg  |  16|   0|   16|          0|
    |ap_return_5_int_reg  |  16|   0|   16|          0|
    |ap_return_6_int_reg  |  16|   0|   16|          0|
    |ap_return_7_int_reg  |  16|   0|   16|          0|
    |tmp_29_reg_1638      |  15|   0|   15|          0|
    |tmp_33_0_2_reg_1578  |  16|   0|   16|          0|
    |tmp_33_0_3_reg_1583  |  16|   0|   16|          0|
    |tmp_33_0_4_reg_1588  |  16|   0|   16|          0|
    |tmp_33_0_6_reg_1593  |  16|   0|   16|          0|
    |tmp_33_0_7_reg_1598  |  16|   0|   16|          0|
    |tmp_33_1_1_reg_1608  |  16|   0|   16|          0|
    |tmp_33_1_2_reg_1613  |  16|   0|   16|          0|
    |tmp_33_1_3_reg_1618  |  16|   0|   16|          0|
    |tmp_33_1_4_reg_1623  |  16|   0|   16|          0|
    |tmp_33_1_6_reg_1633  |  16|   0|   16|          0|
    |tmp_33_1_reg_1603    |  16|   0|   16|          0|
    |tmp_36_reg_1628      |  14|   0|   14|          0|
    |tmp_3_reg_1568       |  16|   0|   16|          0|
    |tmp_reg_1562         |  16|   0|   16|          0|
    |tmp_s_reg_1573       |  15|   0|   15|          0|
    +---------------------+----+----+-----+-----------+
    |Total                | 381|   0|  381|          0|
    +---------------------+----+----+-----+-----------+



================================================================
== Interface
================================================================
* Summary: 
+-------------+-----+-----+------------+------------------------------------------------------------------------+--------------+
|  RTL Ports  | Dir | Bits|  Protocol  |                              Source Object                             |    C Type    |
+-------------+-----+-----+------------+------------------------------------------------------------------------+--------------+
|ap_clk       |  in |    1| ap_ctrl_hs | dense_latency<ap_fixed,ap_fixed<16,6,5,3,0>,config2>.0.0.0.0.0.0.0.0.0 | return value |
|ap_rst       |  in |    1| ap_ctrl_hs | dense_latency<ap_fixed,ap_fixed<16,6,5,3,0>,config2>.0.0.0.0.0.0.0.0.0 | return value |
|ap_return_0  | out |   16| ap_ctrl_hs | dense_latency<ap_fixed,ap_fixed<16,6,5,3,0>,config2>.0.0.0.0.0.0.0.0.0 | return value |
|ap_return_1  | out |   16| ap_ctrl_hs | dense_latency<ap_fixed,ap_fixed<16,6,5,3,0>,config2>.0.0.0.0.0.0.0.0.0 | return value |
|ap_return_2  | out |   16| ap_ctrl_hs | dense_latency<ap_fixed,ap_fixed<16,6,5,3,0>,config2>.0.0.0.0.0.0.0.0.0 | return value |
|ap_return_3  | out |   16| ap_ctrl_hs | dense_latency<ap_fixed,ap_fixed<16,6,5,3,0>,config2>.0.0.0.0.0.0.0.0.0 | return value |
|ap_return_4  | out |   16| ap_ctrl_hs | dense_latency<ap_fixed,ap_fixed<16,6,5,3,0>,config2>.0.0.0.0.0.0.0.0.0 | return value |
|ap_return_5  | out |   16| ap_ctrl_hs | dense_latency<ap_fixed,ap_fixed<16,6,5,3,0>,config2>.0.0.0.0.0.0.0.0.0 | return value |
|ap_return_6  | out |   16| ap_ctrl_hs | dense_latency<ap_fixed,ap_fixed<16,6,5,3,0>,config2>.0.0.0.0.0.0.0.0.0 | return value |
|ap_return_7  | out |   16| ap_ctrl_hs | dense_latency<ap_fixed,ap_fixed<16,6,5,3,0>,config2>.0.0.0.0.0.0.0.0.0 | return value |
|ap_ce        |  in |    1| ap_ctrl_hs | dense_latency<ap_fixed,ap_fixed<16,6,5,3,0>,config2>.0.0.0.0.0.0.0.0.0 | return value |
|data_V_read  |  in |   32|   ap_none  |                               data_V_read                              |    scalar    |
+-------------+-----+-----+------------+------------------------------------------------------------------------+--------------+

