

================================================================
== Vivado HLS Report for 'dense_latency_ap_fixed_ap_fixed_18_6_5_3_0_config4_0_0_0_0_0'
================================================================
* Date:           Thu Jan 11 15:19:10 2024

* Version:        2018.3 (Build 2405991 on Thu Dec 06 23:56:15 MST 2018)
* Project:        myproject_prj
* Solution:       solution1
* Product family: virtex7
* Target device:  xc7vx485tffg1761-2


================================================================
== Performance Estimates
================================================================
+ Timing (ns): 
    * Summary: 
    +--------+-------+----------+------------+
    |  Clock | Target| Estimated| Uncertainty|
    +--------+-------+----------+------------+
    |ap_clk  |   5.00|     4.135|        0.62|
    +--------+-------+----------+------------+

+ Latency (clock cycles): 
    * Summary: 
    +-----+-----+-----+-----+----------+
    |  Latency  |  Interval | Pipeline |
    | min | max | min | max |   Type   |
    +-----+-----+-----+-----+----------+
    |    2|    2|    1|    1| function |
    +-----+-----+-----+-----+----------+

    + Detail: 
        * Instance: 
        N/A

        * Loop: 
        N/A

============================================================
+ Verbose Summary: Synthesis Manager
============================================================
InlineROM: 1
ExposeGlobal: 0
============================================================
+ Verbose Summary: CDFG Model
============================================================
IsTopModel: 0
ResetActiveHigh: 1
IsCombinational: 0
IsDatapathOnly: 0
HasWiredReturn: 1
HasMFsm: 2
HasVarLatency: 0
IsPipeline: 1
IsRtlPipelined: 1
IsInstanceOverlapped: 0
IsDontTouch: 0
HasImplIP: 0
IsGatedGlobalClock: 0

+ Individual pipeline summary: 
  * Pipeline-0: initiation interval (II) = 1, depth = 3


============================================================
+ Verbose Summary: Schedule
============================================================
* Number of FSM states : 3
* Pipeline : 1
  Pipeline-0 : II = 1, D = 3, States = { 1 2 3 }
* Dataflow Pipeline: 0

* FSM state transitions: 
1 --> 
	2  / true
2 --> 
	3  / true
3 --> 

* FSM state operations: 

State 1 <SV = 0> <Delay = 3.74>
ST_1 : Operation 4 [1/1] (0.00ns)   --->   "%data_7_V_read_2 = call i18 @_ssdm_op_Read.ap_auto.i18(i18 %data_7_V_read)" [firmware/nnet_utils/nnet_dense_latency.h:13]   --->   Operation 4 'read' 'data_7_V_read_2' <Predicate = true> <Delay = 0.00>
ST_1 : Operation 5 [1/1] (0.00ns)   --->   "%data_6_V_read_2 = call i18 @_ssdm_op_Read.ap_auto.i18(i18 %data_6_V_read)" [firmware/nnet_utils/nnet_dense_latency.h:13]   --->   Operation 5 'read' 'data_6_V_read_2' <Predicate = true> <Delay = 0.00>
ST_1 : Operation 6 [1/1] (0.00ns)   --->   "%data_5_V_read_2 = call i18 @_ssdm_op_Read.ap_auto.i18(i18 %data_5_V_read)" [firmware/nnet_utils/nnet_dense_latency.h:13]   --->   Operation 6 'read' 'data_5_V_read_2' <Predicate = true> <Delay = 0.00>
ST_1 : Operation 7 [1/1] (0.00ns)   --->   "%data_4_V_read_2 = call i18 @_ssdm_op_Read.ap_auto.i18(i18 %data_4_V_read)" [firmware/nnet_utils/nnet_dense_latency.h:13]   --->   Operation 7 'read' 'data_4_V_read_2' <Predicate = true> <Delay = 0.00>
ST_1 : Operation 8 [1/1] (0.00ns)   --->   "%data_3_V_read_4 = call i18 @_ssdm_op_Read.ap_auto.i18(i18 %data_3_V_read)" [firmware/nnet_utils/nnet_dense_latency.h:13]   --->   Operation 8 'read' 'data_3_V_read_4' <Predicate = true> <Delay = 0.00>
ST_1 : Operation 9 [1/1] (0.00ns)   --->   "%data_2_V_read_4 = call i18 @_ssdm_op_Read.ap_auto.i18(i18 %data_2_V_read)" [firmware/nnet_utils/nnet_dense_latency.h:13]   --->   Operation 9 'read' 'data_2_V_read_4' <Predicate = true> <Delay = 0.00>
ST_1 : Operation 10 [1/1] (0.00ns)   --->   "%data_1_V_read_4 = call i18 @_ssdm_op_Read.ap_auto.i18(i18 %data_1_V_read)" [firmware/nnet_utils/nnet_dense_latency.h:13]   --->   Operation 10 'read' 'data_1_V_read_4' <Predicate = true> <Delay = 0.00>
ST_1 : Operation 11 [1/1] (0.00ns)   --->   "%data_0_V_read_4 = call i18 @_ssdm_op_Read.ap_auto.i18(i18 %data_0_V_read)" [firmware/nnet_utils/nnet_dense_latency.h:13]   --->   Operation 11 'read' 'data_0_V_read_4' <Predicate = true> <Delay = 0.00>
ST_1 : Operation 12 [1/1] (0.00ns)   --->   "%r_V_cast = sext i18 %data_0_V_read_4 to i30" [firmware/nnet_utils/nnet_mult.h:73->firmware/nnet_utils/nnet_dense_latency.h:42]   --->   Operation 12 'sext' 'r_V_cast' <Predicate = true> <Delay = 0.00>
ST_1 : Operation 13 [1/1] (3.74ns)   --->   "%r_V_8 = mul i30 %r_V_cast, -2039" [firmware/nnet_utils/nnet_mult.h:73->firmware/nnet_utils/nnet_dense_latency.h:42]   --->   Operation 13 'mul' 'r_V_8' <Predicate = true> <Delay = 3.74> <Core = "Mul">   --->   Core 16 'Mul' <Latency = 0> <II = 1> <Delay = 3.74> <FuncUnit> <Opcode : 'mul'> <InPorts = 2> <OutPorts = 1>
ST_1 : Operation 14 [1/1] (0.00ns)   --->   "%tmp_1 = call i18 @_ssdm_op_PartSelect.i18.i30.i32.i32(i30 %r_V_8, i32 12, i32 29)" [firmware/nnet_utils/nnet_dense_latency.h:42]   --->   Operation 14 'partselect' 'tmp_1' <Predicate = true> <Delay = 0.00>
ST_1 : Operation 15 [1/1] (3.74ns)   --->   "%r_V_8_0_1 = mul i30 %r_V_cast, -1068" [firmware/nnet_utils/nnet_mult.h:73->firmware/nnet_utils/nnet_dense_latency.h:42]   --->   Operation 15 'mul' 'r_V_8_0_1' <Predicate = true> <Delay = 3.74> <Core = "Mul">   --->   Core 16 'Mul' <Latency = 0> <II = 1> <Delay = 3.74> <FuncUnit> <Opcode : 'mul'> <InPorts = 2> <OutPorts = 1>
ST_1 : Operation 16 [1/1] (0.00ns)   --->   "%tmp_17_0_1 = call i18 @_ssdm_op_PartSelect.i18.i30.i32.i32(i30 %r_V_8_0_1, i32 12, i32 29)" [firmware/nnet_utils/nnet_dense_latency.h:42]   --->   Operation 16 'partselect' 'tmp_17_0_1' <Predicate = true> <Delay = 0.00>
ST_1 : Operation 17 [1/1] (3.74ns)   --->   "%r_V_8_0_2 = mul i30 %r_V_cast, 1240" [firmware/nnet_utils/nnet_mult.h:73->firmware/nnet_utils/nnet_dense_latency.h:42]   --->   Operation 17 'mul' 'r_V_8_0_2' <Predicate = true> <Delay = 3.74> <Core = "Mul">   --->   Core 16 'Mul' <Latency = 0> <II = 1> <Delay = 3.74> <FuncUnit> <Opcode : 'mul'> <InPorts = 2> <OutPorts = 1>
ST_1 : Operation 18 [1/1] (0.00ns)   --->   "%tmp_17_0_2 = call i18 @_ssdm_op_PartSelect.i18.i30.i32.i32(i30 %r_V_8_0_2, i32 12, i32 29)" [firmware/nnet_utils/nnet_dense_latency.h:42]   --->   Operation 18 'partselect' 'tmp_17_0_2' <Predicate = true> <Delay = 0.00>
ST_1 : Operation 19 [1/1] (3.74ns)   --->   "%r_V_8_0_3 = mul i30 %r_V_cast, 2377" [firmware/nnet_utils/nnet_mult.h:73->firmware/nnet_utils/nnet_dense_latency.h:42]   --->   Operation 19 'mul' 'r_V_8_0_3' <Predicate = true> <Delay = 3.74> <Core = "Mul">   --->   Core 16 'Mul' <Latency = 0> <II = 1> <Delay = 3.74> <FuncUnit> <Opcode : 'mul'> <InPorts = 2> <OutPorts = 1>
ST_1 : Operation 20 [1/1] (0.00ns)   --->   "%tmp_17_0_3 = call i18 @_ssdm_op_PartSelect.i18.i30.i32.i32(i30 %r_V_8_0_3, i32 12, i32 29)" [firmware/nnet_utils/nnet_dense_latency.h:42]   --->   Operation 20 'partselect' 'tmp_17_0_3' <Predicate = true> <Delay = 0.00>
ST_1 : Operation 21 [1/1] (0.00ns)   --->   "%r_V_1_cast1 = sext i18 %data_1_V_read_4 to i28" [firmware/nnet_utils/nnet_mult.h:73->firmware/nnet_utils/nnet_dense_latency.h:42]   --->   Operation 21 'sext' 'r_V_1_cast1' <Predicate = true> <Delay = 0.00>
ST_1 : Operation 22 [1/1] (0.00ns)   --->   "%r_V_1_cast = sext i18 %data_1_V_read_4 to i30" [firmware/nnet_utils/nnet_mult.h:73->firmware/nnet_utils/nnet_dense_latency.h:42]   --->   Operation 22 'sext' 'r_V_1_cast' <Predicate = true> <Delay = 0.00>
ST_1 : Operation 23 [1/1] (3.74ns)   --->   "%r_V_8_1 = mul i30 %r_V_1_cast, -1782" [firmware/nnet_utils/nnet_mult.h:73->firmware/nnet_utils/nnet_dense_latency.h:42]   --->   Operation 23 'mul' 'r_V_8_1' <Predicate = true> <Delay = 3.74> <Core = "Mul">   --->   Core 16 'Mul' <Latency = 0> <II = 1> <Delay = 3.74> <FuncUnit> <Opcode : 'mul'> <InPorts = 2> <OutPorts = 1>
ST_1 : Operation 24 [1/1] (0.00ns)   --->   "%tmp_17_1 = call i18 @_ssdm_op_PartSelect.i18.i30.i32.i32(i30 %r_V_8_1, i32 12, i32 29)" [firmware/nnet_utils/nnet_dense_latency.h:42]   --->   Operation 24 'partselect' 'tmp_17_1' <Predicate = true> <Delay = 0.00>
ST_1 : Operation 25 [1/1] (3.74ns)   --->   "%r_V_8_1_1 = mul i30 %r_V_1_cast, 6050" [firmware/nnet_utils/nnet_mult.h:73->firmware/nnet_utils/nnet_dense_latency.h:42]   --->   Operation 25 'mul' 'r_V_8_1_1' <Predicate = true> <Delay = 3.74> <Core = "Mul">   --->   Core 16 'Mul' <Latency = 0> <II = 1> <Delay = 3.74> <FuncUnit> <Opcode : 'mul'> <InPorts = 2> <OutPorts = 1>
ST_1 : Operation 26 [1/1] (0.00ns)   --->   "%tmp_17_1_1 = call i18 @_ssdm_op_PartSelect.i18.i30.i32.i32(i30 %r_V_8_1_1, i32 12, i32 29)" [firmware/nnet_utils/nnet_dense_latency.h:42]   --->   Operation 26 'partselect' 'tmp_17_1_1' <Predicate = true> <Delay = 0.00>
ST_1 : Operation 27 [1/1] (3.74ns)   --->   "%r_V_8_1_2 = mul i28 %r_V_1_cast1, -352" [firmware/nnet_utils/nnet_mult.h:73->firmware/nnet_utils/nnet_dense_latency.h:42]   --->   Operation 27 'mul' 'r_V_8_1_2' <Predicate = true> <Delay = 3.74> <Core = "Mul">   --->   Core 16 'Mul' <Latency = 0> <II = 1> <Delay = 3.74> <FuncUnit> <Opcode : 'mul'> <InPorts = 2> <OutPorts = 1>
ST_1 : Operation 28 [1/1] (0.00ns)   --->   "%tmp_4 = call i16 @_ssdm_op_PartSelect.i16.i28.i32.i32(i28 %r_V_8_1_2, i32 12, i32 27)" [firmware/nnet_utils/nnet_dense_latency.h:42]   --->   Operation 28 'partselect' 'tmp_4' <Predicate = true> <Delay = 0.00>
ST_1 : Operation 29 [1/1] (3.74ns)   --->   "%r_V_8_1_3 = mul i30 %r_V_1_cast, 7072" [firmware/nnet_utils/nnet_mult.h:73->firmware/nnet_utils/nnet_dense_latency.h:42]   --->   Operation 29 'mul' 'r_V_8_1_3' <Predicate = true> <Delay = 3.74> <Core = "Mul">   --->   Core 16 'Mul' <Latency = 0> <II = 1> <Delay = 3.74> <FuncUnit> <Opcode : 'mul'> <InPorts = 2> <OutPorts = 1>
ST_1 : Operation 30 [1/1] (0.00ns)   --->   "%tmp_17_1_3 = call i18 @_ssdm_op_PartSelect.i18.i30.i32.i32(i30 %r_V_8_1_3, i32 12, i32 29)" [firmware/nnet_utils/nnet_dense_latency.h:42]   --->   Operation 30 'partselect' 'tmp_17_1_3' <Predicate = true> <Delay = 0.00>
ST_1 : Operation 31 [1/1] (0.00ns)   --->   "%r_V_2_cast1 = sext i18 %data_2_V_read_4 to i27" [firmware/nnet_utils/nnet_mult.h:73->firmware/nnet_utils/nnet_dense_latency.h:42]   --->   Operation 31 'sext' 'r_V_2_cast1' <Predicate = true> <Delay = 0.00>
ST_1 : Operation 32 [1/1] (0.00ns)   --->   "%r_V_2_cast2 = sext i18 %data_2_V_read_4 to i30" [firmware/nnet_utils/nnet_mult.h:73->firmware/nnet_utils/nnet_dense_latency.h:42]   --->   Operation 32 'sext' 'r_V_2_cast2' <Predicate = true> <Delay = 0.00>
ST_1 : Operation 33 [1/1] (0.00ns)   --->   "%r_V_2_cast = sext i18 %data_2_V_read_4 to i29" [firmware/nnet_utils/nnet_mult.h:73->firmware/nnet_utils/nnet_dense_latency.h:42]   --->   Operation 33 'sext' 'r_V_2_cast' <Predicate = true> <Delay = 0.00>
ST_1 : Operation 34 [1/1] (3.74ns)   --->   "%r_V_8_2 = mul i29 %r_V_2_cast, -925" [firmware/nnet_utils/nnet_mult.h:73->firmware/nnet_utils/nnet_dense_latency.h:42]   --->   Operation 34 'mul' 'r_V_8_2' <Predicate = true> <Delay = 3.74> <Core = "Mul">   --->   Core 16 'Mul' <Latency = 0> <II = 1> <Delay = 3.74> <FuncUnit> <Opcode : 'mul'> <InPorts = 2> <OutPorts = 1>
ST_1 : Operation 35 [1/1] (0.00ns)   --->   "%tmp_7 = call i17 @_ssdm_op_PartSelect.i17.i29.i32.i32(i29 %r_V_8_2, i32 12, i32 28)" [firmware/nnet_utils/nnet_dense_latency.h:42]   --->   Operation 35 'partselect' 'tmp_7' <Predicate = true> <Delay = 0.00>
ST_1 : Operation 36 [1/1] (3.74ns)   --->   "%r_V_8_2_1 = mul i30 %r_V_2_cast2, -1061" [firmware/nnet_utils/nnet_mult.h:73->firmware/nnet_utils/nnet_dense_latency.h:42]   --->   Operation 36 'mul' 'r_V_8_2_1' <Predicate = true> <Delay = 3.74> <Core = "Mul">   --->   Core 16 'Mul' <Latency = 0> <II = 1> <Delay = 3.74> <FuncUnit> <Opcode : 'mul'> <InPorts = 2> <OutPorts = 1>
ST_1 : Operation 37 [1/1] (0.00ns)   --->   "%tmp_17_2_1 = call i18 @_ssdm_op_PartSelect.i18.i30.i32.i32(i30 %r_V_8_2_1, i32 12, i32 29)" [firmware/nnet_utils/nnet_dense_latency.h:42]   --->   Operation 37 'partselect' 'tmp_17_2_1' <Predicate = true> <Delay = 0.00>
ST_1 : Operation 38 [1/1] (3.74ns)   --->   "%r_V_8_2_2 = mul i27 %r_V_2_cast1, 231" [firmware/nnet_utils/nnet_mult.h:73->firmware/nnet_utils/nnet_dense_latency.h:42]   --->   Operation 38 'mul' 'r_V_8_2_2' <Predicate = true> <Delay = 3.74> <Core = "Mul">   --->   Core 16 'Mul' <Latency = 0> <II = 1> <Delay = 3.74> <FuncUnit> <Opcode : 'mul'> <InPorts = 2> <OutPorts = 1>
ST_1 : Operation 39 [1/1] (0.00ns)   --->   "%tmp_s = call i15 @_ssdm_op_PartSelect.i15.i27.i32.i32(i27 %r_V_8_2_2, i32 12, i32 26)" [firmware/nnet_utils/nnet_dense_latency.h:42]   --->   Operation 39 'partselect' 'tmp_s' <Predicate = true> <Delay = 0.00>
ST_1 : Operation 40 [1/1] (3.74ns)   --->   "%r_V_8_2_3 = mul i30 %r_V_2_cast2, 2514" [firmware/nnet_utils/nnet_mult.h:73->firmware/nnet_utils/nnet_dense_latency.h:42]   --->   Operation 40 'mul' 'r_V_8_2_3' <Predicate = true> <Delay = 3.74> <Core = "Mul">   --->   Core 16 'Mul' <Latency = 0> <II = 1> <Delay = 3.74> <FuncUnit> <Opcode : 'mul'> <InPorts = 2> <OutPorts = 1>
ST_1 : Operation 41 [1/1] (0.00ns)   --->   "%tmp_17_2_3 = call i18 @_ssdm_op_PartSelect.i18.i30.i32.i32(i30 %r_V_8_2_3, i32 12, i32 29)" [firmware/nnet_utils/nnet_dense_latency.h:42]   --->   Operation 41 'partselect' 'tmp_17_2_3' <Predicate = true> <Delay = 0.00>
ST_1 : Operation 42 [1/1] (0.00ns)   --->   "%r_V_3_cast = sext i18 %data_3_V_read_4 to i30" [firmware/nnet_utils/nnet_mult.h:73->firmware/nnet_utils/nnet_dense_latency.h:42]   --->   Operation 42 'sext' 'r_V_3_cast' <Predicate = true> <Delay = 0.00>
ST_1 : Operation 43 [1/1] (3.74ns)   --->   "%r_V_8_3 = mul i30 %r_V_3_cast, 1992" [firmware/nnet_utils/nnet_mult.h:73->firmware/nnet_utils/nnet_dense_latency.h:42]   --->   Operation 43 'mul' 'r_V_8_3' <Predicate = true> <Delay = 3.74> <Core = "Mul">   --->   Core 16 'Mul' <Latency = 0> <II = 1> <Delay = 3.74> <FuncUnit> <Opcode : 'mul'> <InPorts = 2> <OutPorts = 1>
ST_1 : Operation 44 [1/1] (0.00ns)   --->   "%tmp_17_3 = call i18 @_ssdm_op_PartSelect.i18.i30.i32.i32(i30 %r_V_8_3, i32 12, i32 29)" [firmware/nnet_utils/nnet_dense_latency.h:42]   --->   Operation 44 'partselect' 'tmp_17_3' <Predicate = true> <Delay = 0.00>
ST_1 : Operation 45 [1/1] (3.74ns)   --->   "%r_V_8_3_1 = mul i30 %r_V_3_cast, 2883" [firmware/nnet_utils/nnet_mult.h:73->firmware/nnet_utils/nnet_dense_latency.h:42]   --->   Operation 45 'mul' 'r_V_8_3_1' <Predicate = true> <Delay = 3.74> <Core = "Mul">   --->   Core 16 'Mul' <Latency = 0> <II = 1> <Delay = 3.74> <FuncUnit> <Opcode : 'mul'> <InPorts = 2> <OutPorts = 1>
ST_1 : Operation 46 [1/1] (0.00ns)   --->   "%tmp_17_3_1 = call i18 @_ssdm_op_PartSelect.i18.i30.i32.i32(i30 %r_V_8_3_1, i32 12, i32 29)" [firmware/nnet_utils/nnet_dense_latency.h:42]   --->   Operation 46 'partselect' 'tmp_17_3_1' <Predicate = true> <Delay = 0.00>
ST_1 : Operation 47 [1/1] (3.74ns)   --->   "%r_V_8_3_2 = mul i30 %r_V_3_cast, -2020" [firmware/nnet_utils/nnet_mult.h:73->firmware/nnet_utils/nnet_dense_latency.h:42]   --->   Operation 47 'mul' 'r_V_8_3_2' <Predicate = true> <Delay = 3.74> <Core = "Mul">   --->   Core 16 'Mul' <Latency = 0> <II = 1> <Delay = 3.74> <FuncUnit> <Opcode : 'mul'> <InPorts = 2> <OutPorts = 1>
ST_1 : Operation 48 [1/1] (0.00ns)   --->   "%tmp_17_3_2 = call i18 @_ssdm_op_PartSelect.i18.i30.i32.i32(i30 %r_V_8_3_2, i32 12, i32 29)" [firmware/nnet_utils/nnet_dense_latency.h:42]   --->   Operation 48 'partselect' 'tmp_17_3_2' <Predicate = true> <Delay = 0.00>
ST_1 : Operation 49 [1/1] (3.74ns)   --->   "%r_V_8_3_3 = mul i30 %r_V_3_cast, -1983" [firmware/nnet_utils/nnet_mult.h:73->firmware/nnet_utils/nnet_dense_latency.h:42]   --->   Operation 49 'mul' 'r_V_8_3_3' <Predicate = true> <Delay = 3.74> <Core = "Mul">   --->   Core 16 'Mul' <Latency = 0> <II = 1> <Delay = 3.74> <FuncUnit> <Opcode : 'mul'> <InPorts = 2> <OutPorts = 1>
ST_1 : Operation 50 [1/1] (0.00ns)   --->   "%tmp_17_3_3 = call i18 @_ssdm_op_PartSelect.i18.i30.i32.i32(i30 %r_V_8_3_3, i32 12, i32 29)" [firmware/nnet_utils/nnet_dense_latency.h:42]   --->   Operation 50 'partselect' 'tmp_17_3_3' <Predicate = true> <Delay = 0.00>

State 2 <SV = 1> <Delay = 3.74>
ST_2 : Operation 51 [1/1] (0.00ns)   --->   "%tmp_5 = sext i16 %tmp_4 to i18" [firmware/nnet_utils/nnet_dense_latency.h:42]   --->   Operation 51 'sext' 'tmp_5' <Predicate = true> <Delay = 0.00>
ST_2 : Operation 52 [1/1] (0.00ns)   --->   "%tmp_8 = sext i17 %tmp_7 to i18" [firmware/nnet_utils/nnet_dense_latency.h:42]   --->   Operation 52 'sext' 'tmp_8' <Predicate = true> <Delay = 0.00>
ST_2 : Operation 53 [1/1] (0.00ns)   --->   "%tmp_2 = sext i15 %tmp_s to i18" [firmware/nnet_utils/nnet_dense_latency.h:42]   --->   Operation 53 'sext' 'tmp_2' <Predicate = true> <Delay = 0.00>
ST_2 : Operation 54 [1/1] (0.00ns)   --->   "%r_V_4_cast = sext i18 %data_4_V_read_2 to i29" [firmware/nnet_utils/nnet_mult.h:73->firmware/nnet_utils/nnet_dense_latency.h:42]   --->   Operation 54 'sext' 'r_V_4_cast' <Predicate = true> <Delay = 0.00>
ST_2 : Operation 55 [1/1] (0.00ns)   --->   "%r_V_4_cast1 = sext i18 %data_4_V_read_2 to i30" [firmware/nnet_utils/nnet_mult.h:73->firmware/nnet_utils/nnet_dense_latency.h:42]   --->   Operation 55 'sext' 'r_V_4_cast1' <Predicate = true> <Delay = 0.00>
ST_2 : Operation 56 [1/1] (3.74ns)   --->   "%r_V_8_4 = mul i30 %r_V_4_cast1, -1827" [firmware/nnet_utils/nnet_mult.h:73->firmware/nnet_utils/nnet_dense_latency.h:42]   --->   Operation 56 'mul' 'r_V_8_4' <Predicate = true> <Delay = 3.74> <Core = "Mul">   --->   Core 16 'Mul' <Latency = 0> <II = 1> <Delay = 3.74> <FuncUnit> <Opcode : 'mul'> <InPorts = 2> <OutPorts = 1>
ST_2 : Operation 57 [1/1] (0.00ns)   --->   "%tmp_17_4 = call i18 @_ssdm_op_PartSelect.i18.i30.i32.i32(i30 %r_V_8_4, i32 12, i32 29)" [firmware/nnet_utils/nnet_dense_latency.h:42]   --->   Operation 57 'partselect' 'tmp_17_4' <Predicate = true> <Delay = 0.00>
ST_2 : Operation 58 [1/1] (3.74ns)   --->   "%r_V_8_4_1 = mul i30 %r_V_4_cast1, -2413" [firmware/nnet_utils/nnet_mult.h:73->firmware/nnet_utils/nnet_dense_latency.h:42]   --->   Operation 58 'mul' 'r_V_8_4_1' <Predicate = true> <Delay = 3.74> <Core = "Mul">   --->   Core 16 'Mul' <Latency = 0> <II = 1> <Delay = 3.74> <FuncUnit> <Opcode : 'mul'> <InPorts = 2> <OutPorts = 1>
ST_2 : Operation 59 [1/1] (0.00ns)   --->   "%tmp_17_4_1 = call i18 @_ssdm_op_PartSelect.i18.i30.i32.i32(i30 %r_V_8_4_1, i32 12, i32 29)" [firmware/nnet_utils/nnet_dense_latency.h:42]   --->   Operation 59 'partselect' 'tmp_17_4_1' <Predicate = true> <Delay = 0.00>
ST_2 : Operation 60 [1/1] (0.00ns)   --->   "%p_shl2 = call i26 @_ssdm_op_BitConcatenate.i26.i18.i8(i18 %data_4_V_read_2, i8 0)" [firmware/nnet_utils/nnet_mult.h:73->firmware/nnet_utils/nnet_dense_latency.h:42]   --->   Operation 60 'bitconcatenate' 'p_shl2' <Predicate = true> <Delay = 0.00>
ST_2 : Operation 61 [1/1] (0.00ns)   --->   "%p_shl2_cast = sext i26 %p_shl2 to i27" [firmware/nnet_utils/nnet_mult.h:73->firmware/nnet_utils/nnet_dense_latency.h:42]   --->   Operation 61 'sext' 'p_shl2_cast' <Predicate = true> <Delay = 0.00>
ST_2 : Operation 62 [1/1] (0.00ns) (grouped into TernaryAdder)   --->   "%p_neg = sub i27 0, %p_shl2_cast" [firmware/nnet_utils/nnet_mult.h:73->firmware/nnet_utils/nnet_dense_latency.h:42]   --->   Operation 62 'sub' 'p_neg' <Predicate = true> <Delay = 0.00> <Core = "TAddSub">   --->   Core 84 'TAddSub' <Latency = 0> <II = 1> <Delay = 1.03> <IPBlock> <Opcode : 'add' 'sub'> <InPorts = 3> <OutPorts = 1> <Sync> <CReg>
ST_2 : Operation 63 [1/1] (0.00ns)   --->   "%p_shl3 = call i24 @_ssdm_op_BitConcatenate.i24.i18.i6(i18 %data_4_V_read_2, i6 0)" [firmware/nnet_utils/nnet_mult.h:73->firmware/nnet_utils/nnet_dense_latency.h:42]   --->   Operation 63 'bitconcatenate' 'p_shl3' <Predicate = true> <Delay = 0.00>
ST_2 : Operation 64 [1/1] (0.00ns)   --->   "%p_shl3_cast = sext i24 %p_shl3 to i27" [firmware/nnet_utils/nnet_mult.h:73->firmware/nnet_utils/nnet_dense_latency.h:42]   --->   Operation 64 'sext' 'p_shl3_cast' <Predicate = true> <Delay = 0.00>
ST_2 : Operation 65 [1/1] (2.18ns) (root node of TernaryAdder)   --->   "%r_V_8_4_2 = sub i27 %p_neg, %p_shl3_cast" [firmware/nnet_utils/nnet_mult.h:73->firmware/nnet_utils/nnet_dense_latency.h:42]   --->   Operation 65 'sub' 'r_V_8_4_2' <Predicate = true> <Delay = 2.18> <Core = "TAddSub">   --->   Core 84 'TAddSub' <Latency = 0> <II = 1> <Delay = 1.03> <IPBlock> <Opcode : 'add' 'sub'> <InPorts = 3> <OutPorts = 1> <Sync> <CReg>
ST_2 : Operation 66 [1/1] (0.00ns)   --->   "%tmp_3 = call i15 @_ssdm_op_PartSelect.i15.i27.i32.i32(i27 %r_V_8_4_2, i32 12, i32 26)" [firmware/nnet_utils/nnet_dense_latency.h:42]   --->   Operation 66 'partselect' 'tmp_3' <Predicate = true> <Delay = 0.00>
ST_2 : Operation 67 [1/1] (3.74ns)   --->   "%r_V_8_4_3 = mul i29 %r_V_4_cast, -551" [firmware/nnet_utils/nnet_mult.h:73->firmware/nnet_utils/nnet_dense_latency.h:42]   --->   Operation 67 'mul' 'r_V_8_4_3' <Predicate = true> <Delay = 3.74> <Core = "Mul">   --->   Core 16 'Mul' <Latency = 0> <II = 1> <Delay = 3.74> <FuncUnit> <Opcode : 'mul'> <InPorts = 2> <OutPorts = 1>
ST_2 : Operation 68 [1/1] (0.00ns)   --->   "%tmp_9 = call i17 @_ssdm_op_PartSelect.i17.i29.i32.i32(i29 %r_V_8_4_3, i32 12, i32 28)" [firmware/nnet_utils/nnet_dense_latency.h:42]   --->   Operation 68 'partselect' 'tmp_9' <Predicate = true> <Delay = 0.00>
ST_2 : Operation 69 [1/1] (0.00ns)   --->   "%r_V_5_cast1 = sext i18 %data_5_V_read_2 to i29" [firmware/nnet_utils/nnet_mult.h:73->firmware/nnet_utils/nnet_dense_latency.h:42]   --->   Operation 69 'sext' 'r_V_5_cast1' <Predicate = true> <Delay = 0.00>
ST_2 : Operation 70 [1/1] (0.00ns)   --->   "%r_V_5_cast = sext i18 %data_5_V_read_2 to i30" [firmware/nnet_utils/nnet_mult.h:73->firmware/nnet_utils/nnet_dense_latency.h:42]   --->   Operation 70 'sext' 'r_V_5_cast' <Predicate = true> <Delay = 0.00>
ST_2 : Operation 71 [1/1] (3.74ns)   --->   "%r_V_8_5 = mul i30 %r_V_5_cast, 2757" [firmware/nnet_utils/nnet_mult.h:73->firmware/nnet_utils/nnet_dense_latency.h:42]   --->   Operation 71 'mul' 'r_V_8_5' <Predicate = true> <Delay = 3.74> <Core = "Mul">   --->   Core 16 'Mul' <Latency = 0> <II = 1> <Delay = 3.74> <FuncUnit> <Opcode : 'mul'> <InPorts = 2> <OutPorts = 1>
ST_2 : Operation 72 [1/1] (0.00ns)   --->   "%tmp_17_5 = call i18 @_ssdm_op_PartSelect.i18.i30.i32.i32(i30 %r_V_8_5, i32 12, i32 29)" [firmware/nnet_utils/nnet_dense_latency.h:42]   --->   Operation 72 'partselect' 'tmp_17_5' <Predicate = true> <Delay = 0.00>
ST_2 : Operation 73 [1/1] (3.74ns)   --->   "%r_V_8_5_1 = mul i29 %r_V_5_cast1, -905" [firmware/nnet_utils/nnet_mult.h:73->firmware/nnet_utils/nnet_dense_latency.h:42]   --->   Operation 73 'mul' 'r_V_8_5_1' <Predicate = true> <Delay = 3.74> <Core = "Mul">   --->   Core 16 'Mul' <Latency = 0> <II = 1> <Delay = 3.74> <FuncUnit> <Opcode : 'mul'> <InPorts = 2> <OutPorts = 1>
ST_2 : Operation 74 [1/1] (0.00ns)   --->   "%tmp_11 = call i17 @_ssdm_op_PartSelect.i17.i29.i32.i32(i29 %r_V_8_5_1, i32 12, i32 28)" [firmware/nnet_utils/nnet_dense_latency.h:42]   --->   Operation 74 'partselect' 'tmp_11' <Predicate = true> <Delay = 0.00>
ST_2 : Operation 75 [1/1] (3.74ns)   --->   "%r_V_8_5_2 = mul i30 %r_V_5_cast, 1128" [firmware/nnet_utils/nnet_mult.h:73->firmware/nnet_utils/nnet_dense_latency.h:42]   --->   Operation 75 'mul' 'r_V_8_5_2' <Predicate = true> <Delay = 3.74> <Core = "Mul">   --->   Core 16 'Mul' <Latency = 0> <II = 1> <Delay = 3.74> <FuncUnit> <Opcode : 'mul'> <InPorts = 2> <OutPorts = 1>
ST_2 : Operation 76 [1/1] (0.00ns)   --->   "%tmp_17_5_2 = call i18 @_ssdm_op_PartSelect.i18.i30.i32.i32(i30 %r_V_8_5_2, i32 12, i32 29)" [firmware/nnet_utils/nnet_dense_latency.h:42]   --->   Operation 76 'partselect' 'tmp_17_5_2' <Predicate = true> <Delay = 0.00>
ST_2 : Operation 77 [1/1] (3.74ns)   --->   "%r_V_8_5_3 = mul i30 %r_V_5_cast, -2828" [firmware/nnet_utils/nnet_mult.h:73->firmware/nnet_utils/nnet_dense_latency.h:42]   --->   Operation 77 'mul' 'r_V_8_5_3' <Predicate = true> <Delay = 3.74> <Core = "Mul">   --->   Core 16 'Mul' <Latency = 0> <II = 1> <Delay = 3.74> <FuncUnit> <Opcode : 'mul'> <InPorts = 2> <OutPorts = 1>
ST_2 : Operation 78 [1/1] (0.00ns)   --->   "%tmp_17_5_3 = call i18 @_ssdm_op_PartSelect.i18.i30.i32.i32(i30 %r_V_8_5_3, i32 12, i32 29)" [firmware/nnet_utils/nnet_dense_latency.h:42]   --->   Operation 78 'partselect' 'tmp_17_5_3' <Predicate = true> <Delay = 0.00>
ST_2 : Operation 79 [1/1] (0.00ns)   --->   "%r_V_6_cast1 = sext i18 %data_6_V_read_2 to i30" [firmware/nnet_utils/nnet_mult.h:73->firmware/nnet_utils/nnet_dense_latency.h:42]   --->   Operation 79 'sext' 'r_V_6_cast1' <Predicate = true> <Delay = 0.00>
ST_2 : Operation 80 [1/1] (0.00ns)   --->   "%r_V_6_cast = sext i18 %data_6_V_read_2 to i29" [firmware/nnet_utils/nnet_mult.h:73->firmware/nnet_utils/nnet_dense_latency.h:42]   --->   Operation 80 'sext' 'r_V_6_cast' <Predicate = true> <Delay = 0.00>
ST_2 : Operation 81 [1/1] (3.74ns)   --->   "%r_V_8_6 = mul i29 %r_V_6_cast, 796" [firmware/nnet_utils/nnet_mult.h:73->firmware/nnet_utils/nnet_dense_latency.h:42]   --->   Operation 81 'mul' 'r_V_8_6' <Predicate = true> <Delay = 3.74> <Core = "Mul">   --->   Core 16 'Mul' <Latency = 0> <II = 1> <Delay = 3.74> <FuncUnit> <Opcode : 'mul'> <InPorts = 2> <OutPorts = 1>
ST_2 : Operation 82 [1/1] (0.00ns)   --->   "%tmp_13 = call i17 @_ssdm_op_PartSelect.i17.i29.i32.i32(i29 %r_V_8_6, i32 12, i32 28)" [firmware/nnet_utils/nnet_dense_latency.h:42]   --->   Operation 82 'partselect' 'tmp_13' <Predicate = true> <Delay = 0.00>
ST_2 : Operation 83 [1/1] (3.74ns)   --->   "%r_V_8_6_1 = mul i30 %r_V_6_cast1, 9162" [firmware/nnet_utils/nnet_mult.h:73->firmware/nnet_utils/nnet_dense_latency.h:42]   --->   Operation 83 'mul' 'r_V_8_6_1' <Predicate = true> <Delay = 3.74> <Core = "Mul">   --->   Core 16 'Mul' <Latency = 0> <II = 1> <Delay = 3.74> <FuncUnit> <Opcode : 'mul'> <InPorts = 2> <OutPorts = 1>
ST_2 : Operation 84 [1/1] (0.00ns)   --->   "%tmp_17_6_1 = call i18 @_ssdm_op_PartSelect.i18.i30.i32.i32(i30 %r_V_8_6_1, i32 12, i32 29)" [firmware/nnet_utils/nnet_dense_latency.h:42]   --->   Operation 84 'partselect' 'tmp_17_6_1' <Predicate = true> <Delay = 0.00>
ST_2 : Operation 85 [1/1] (3.74ns)   --->   "%r_V_8_6_2 = mul i30 %r_V_6_cast1, -1556" [firmware/nnet_utils/nnet_mult.h:73->firmware/nnet_utils/nnet_dense_latency.h:42]   --->   Operation 85 'mul' 'r_V_8_6_2' <Predicate = true> <Delay = 3.74> <Core = "Mul">   --->   Core 16 'Mul' <Latency = 0> <II = 1> <Delay = 3.74> <FuncUnit> <Opcode : 'mul'> <InPorts = 2> <OutPorts = 1>
ST_2 : Operation 86 [1/1] (0.00ns)   --->   "%tmp_17_6_2 = call i18 @_ssdm_op_PartSelect.i18.i30.i32.i32(i30 %r_V_8_6_2, i32 12, i32 29)" [firmware/nnet_utils/nnet_dense_latency.h:42]   --->   Operation 86 'partselect' 'tmp_17_6_2' <Predicate = true> <Delay = 0.00>
ST_2 : Operation 87 [1/1] (3.74ns)   --->   "%r_V_8_6_3 = mul i30 %r_V_6_cast1, 13399" [firmware/nnet_utils/nnet_mult.h:73->firmware/nnet_utils/nnet_dense_latency.h:42]   --->   Operation 87 'mul' 'r_V_8_6_3' <Predicate = true> <Delay = 3.74> <Core = "Mul">   --->   Core 16 'Mul' <Latency = 0> <II = 1> <Delay = 3.74> <FuncUnit> <Opcode : 'mul'> <InPorts = 2> <OutPorts = 1>
ST_2 : Operation 88 [1/1] (0.00ns)   --->   "%tmp_17_6_3 = call i18 @_ssdm_op_PartSelect.i18.i30.i32.i32(i30 %r_V_8_6_3, i32 12, i32 29)" [firmware/nnet_utils/nnet_dense_latency.h:42]   --->   Operation 88 'partselect' 'tmp_17_6_3' <Predicate = true> <Delay = 0.00>
ST_2 : Operation 89 [1/1] (0.00ns)   --->   "%r_V_7_cast = sext i18 %data_7_V_read_2 to i30" [firmware/nnet_utils/nnet_mult.h:73->firmware/nnet_utils/nnet_dense_latency.h:42]   --->   Operation 89 'sext' 'r_V_7_cast' <Predicate = true> <Delay = 0.00>
ST_2 : Operation 90 [1/1] (3.74ns)   --->   "%r_V_8_7 = mul i30 %r_V_7_cast, 2316" [firmware/nnet_utils/nnet_mult.h:73->firmware/nnet_utils/nnet_dense_latency.h:42]   --->   Operation 90 'mul' 'r_V_8_7' <Predicate = true> <Delay = 3.74> <Core = "Mul">   --->   Core 16 'Mul' <Latency = 0> <II = 1> <Delay = 3.74> <FuncUnit> <Opcode : 'mul'> <InPorts = 2> <OutPorts = 1>
ST_2 : Operation 91 [1/1] (0.00ns)   --->   "%tmp_17_7 = call i18 @_ssdm_op_PartSelect.i18.i30.i32.i32(i30 %r_V_8_7, i32 12, i32 29)" [firmware/nnet_utils/nnet_dense_latency.h:42]   --->   Operation 91 'partselect' 'tmp_17_7' <Predicate = true> <Delay = 0.00>
ST_2 : Operation 92 [1/1] (3.74ns)   --->   "%r_V_8_7_1 = mul i30 %r_V_7_cast, 11726" [firmware/nnet_utils/nnet_mult.h:73->firmware/nnet_utils/nnet_dense_latency.h:42]   --->   Operation 92 'mul' 'r_V_8_7_1' <Predicate = true> <Delay = 3.74> <Core = "Mul">   --->   Core 16 'Mul' <Latency = 0> <II = 1> <Delay = 3.74> <FuncUnit> <Opcode : 'mul'> <InPorts = 2> <OutPorts = 1>
ST_2 : Operation 93 [1/1] (0.00ns)   --->   "%tmp_17_7_1 = call i18 @_ssdm_op_PartSelect.i18.i30.i32.i32(i30 %r_V_8_7_1, i32 12, i32 29)" [firmware/nnet_utils/nnet_dense_latency.h:42]   --->   Operation 93 'partselect' 'tmp_17_7_1' <Predicate = true> <Delay = 0.00>
ST_2 : Operation 94 [1/1] (0.00ns)   --->   "%p_shl = call i24 @_ssdm_op_BitConcatenate.i24.i18.i6(i18 %data_7_V_read_2, i6 0)" [firmware/nnet_utils/nnet_mult.h:73->firmware/nnet_utils/nnet_dense_latency.h:42]   --->   Operation 94 'bitconcatenate' 'p_shl' <Predicate = true> <Delay = 0.00>
ST_2 : Operation 95 [1/1] (0.00ns)   --->   "%p_shl_cast = sext i24 %p_shl to i25" [firmware/nnet_utils/nnet_mult.h:73->firmware/nnet_utils/nnet_dense_latency.h:42]   --->   Operation 95 'sext' 'p_shl_cast' <Predicate = true> <Delay = 0.00>
ST_2 : Operation 96 [1/1] (0.00ns)   --->   "%p_shl1 = call i22 @_ssdm_op_BitConcatenate.i22.i18.i4(i18 %data_7_V_read_2, i4 0)" [firmware/nnet_utils/nnet_mult.h:73->firmware/nnet_utils/nnet_dense_latency.h:42]   --->   Operation 96 'bitconcatenate' 'p_shl1' <Predicate = true> <Delay = 0.00>
ST_2 : Operation 97 [1/1] (0.00ns)   --->   "%p_shl1_cast = sext i22 %p_shl1 to i25" [firmware/nnet_utils/nnet_mult.h:73->firmware/nnet_utils/nnet_dense_latency.h:42]   --->   Operation 97 'sext' 'p_shl1_cast' <Predicate = true> <Delay = 0.00>
ST_2 : Operation 98 [1/1] (1.41ns)   --->   "%r_V_8_7_2 = add i25 %p_shl_cast, %p_shl1_cast" [firmware/nnet_utils/nnet_mult.h:73->firmware/nnet_utils/nnet_dense_latency.h:42]   --->   Operation 98 'add' 'r_V_8_7_2' <Predicate = true> <Delay = 1.41> <Core = "AddSub">   --->   Core 14 'AddSub' <Latency = 0> <II = 1> <Delay = 1.33> <FuncUnit> <Opcode : 'add' 'sub'> <InPorts = 2> <OutPorts = 1>
ST_2 : Operation 99 [1/1] (0.00ns)   --->   "%tmp_15 = call i13 @_ssdm_op_PartSelect.i13.i25.i32.i32(i25 %r_V_8_7_2, i32 12, i32 24)" [firmware/nnet_utils/nnet_dense_latency.h:42]   --->   Operation 99 'partselect' 'tmp_15' <Predicate = true> <Delay = 0.00>
ST_2 : Operation 100 [1/1] (3.74ns)   --->   "%r_V_8_7_3 = mul i30 %r_V_7_cast, 8325" [firmware/nnet_utils/nnet_mult.h:73->firmware/nnet_utils/nnet_dense_latency.h:42]   --->   Operation 100 'mul' 'r_V_8_7_3' <Predicate = true> <Delay = 3.74> <Core = "Mul">   --->   Core 16 'Mul' <Latency = 0> <II = 1> <Delay = 3.74> <FuncUnit> <Opcode : 'mul'> <InPorts = 2> <OutPorts = 1>
ST_2 : Operation 101 [1/1] (0.00ns)   --->   "%tmp_17_7_3 = call i18 @_ssdm_op_PartSelect.i18.i30.i32.i32(i30 %r_V_8_7_3, i32 12, i32 29)" [firmware/nnet_utils/nnet_dense_latency.h:42]   --->   Operation 101 'partselect' 'tmp_17_7_3' <Predicate = true> <Delay = 0.00>
ST_2 : Operation 102 [1/1] (1.33ns)   --->   "%tmp4 = add i18 %tmp_17_1, %tmp_1" [firmware/nnet_utils/nnet_dense_latency.h:58]   --->   Operation 102 'add' 'tmp4' <Predicate = true> <Delay = 1.33> <Core = "AddSub">   --->   Core 14 'AddSub' <Latency = 0> <II = 1> <Delay = 1.33> <FuncUnit> <Opcode : 'add' 'sub'> <InPorts = 2> <OutPorts = 1>
ST_2 : Operation 103 [1/1] (0.00ns) (grouped into TernaryAdder)   --->   "%tmp5 = add i18 %tmp_17_3, %tmp_8" [firmware/nnet_utils/nnet_dense_latency.h:58]   --->   Operation 103 'add' 'tmp5' <Predicate = true> <Delay = 0.00> <Core = "TAddSub">   --->   Core 84 'TAddSub' <Latency = 0> <II = 1> <Delay = 1.03> <IPBlock> <Opcode : 'add' 'sub'> <InPorts = 3> <OutPorts = 1> <Sync> <CReg>
ST_2 : Operation 104 [1/1] (2.06ns) (root node of TernaryAdder)   --->   "%tmp = add i18 %tmp4, %tmp5" [firmware/nnet_utils/nnet_dense_latency.h:58]   --->   Operation 104 'add' 'tmp' <Predicate = true> <Delay = 2.06> <Core = "TAddSub">   --->   Core 84 'TAddSub' <Latency = 0> <II = 1> <Delay = 1.03> <IPBlock> <Opcode : 'add' 'sub'> <InPorts = 3> <OutPorts = 1> <Sync> <CReg>
ST_2 : Operation 105 [1/1] (1.33ns)   --->   "%tmp1 = add i18 %tmp_17_1_1, %tmp_17_0_1" [firmware/nnet_utils/nnet_dense_latency.h:58]   --->   Operation 105 'add' 'tmp1' <Predicate = true> <Delay = 1.33> <Core = "AddSub">   --->   Core 14 'AddSub' <Latency = 0> <II = 1> <Delay = 1.33> <FuncUnit> <Opcode : 'add' 'sub'> <InPorts = 2> <OutPorts = 1>
ST_2 : Operation 106 [1/1] (0.00ns) (grouped into TernaryAdder)   --->   "%tmp2 = add i18 %tmp_17_3_1, %tmp_17_2_1" [firmware/nnet_utils/nnet_dense_latency.h:58]   --->   Operation 106 'add' 'tmp2' <Predicate = true> <Delay = 0.00> <Core = "TAddSub">   --->   Core 84 'TAddSub' <Latency = 0> <II = 1> <Delay = 1.03> <IPBlock> <Opcode : 'add' 'sub'> <InPorts = 3> <OutPorts = 1> <Sync> <CReg>
ST_2 : Operation 107 [1/1] (2.06ns) (root node of TernaryAdder)   --->   "%tmp3 = add i18 %tmp1, %tmp2" [firmware/nnet_utils/nnet_dense_latency.h:58]   --->   Operation 107 'add' 'tmp3' <Predicate = true> <Delay = 2.06> <Core = "TAddSub">   --->   Core 84 'TAddSub' <Latency = 0> <II = 1> <Delay = 1.03> <IPBlock> <Opcode : 'add' 'sub'> <InPorts = 3> <OutPorts = 1> <Sync> <CReg>
ST_2 : Operation 108 [1/1] (1.33ns)   --->   "%tmp14 = add i18 %tmp_17_0_2, %tmp_5" [firmware/nnet_utils/nnet_dense_latency.h:58]   --->   Operation 108 'add' 'tmp14' <Predicate = true> <Delay = 1.33> <Core = "AddSub">   --->   Core 14 'AddSub' <Latency = 0> <II = 1> <Delay = 1.33> <FuncUnit> <Opcode : 'add' 'sub'> <InPorts = 2> <OutPorts = 1>
ST_2 : Operation 109 [1/1] (0.00ns) (grouped into TernaryAdder)   --->   "%tmp15 = add i18 %tmp_17_3_2, %tmp_2" [firmware/nnet_utils/nnet_dense_latency.h:58]   --->   Operation 109 'add' 'tmp15' <Predicate = true> <Delay = 0.00> <Core = "TAddSub">   --->   Core 84 'TAddSub' <Latency = 0> <II = 1> <Delay = 1.03> <IPBlock> <Opcode : 'add' 'sub'> <InPorts = 3> <OutPorts = 1> <Sync> <CReg>
ST_2 : Operation 110 [1/1] (2.06ns) (root node of TernaryAdder)   --->   "%tmp16 = add i18 %tmp14, %tmp15" [firmware/nnet_utils/nnet_dense_latency.h:58]   --->   Operation 110 'add' 'tmp16' <Predicate = true> <Delay = 2.06> <Core = "TAddSub">   --->   Core 84 'TAddSub' <Latency = 0> <II = 1> <Delay = 1.03> <IPBlock> <Opcode : 'add' 'sub'> <InPorts = 3> <OutPorts = 1> <Sync> <CReg>
ST_2 : Operation 111 [1/1] (1.33ns)   --->   "%tmp20 = add i18 %tmp_17_1_3, %tmp_17_0_3" [firmware/nnet_utils/nnet_dense_latency.h:58]   --->   Operation 111 'add' 'tmp20' <Predicate = true> <Delay = 1.33> <Core = "AddSub">   --->   Core 14 'AddSub' <Latency = 0> <II = 1> <Delay = 1.33> <FuncUnit> <Opcode : 'add' 'sub'> <InPorts = 2> <OutPorts = 1>
ST_2 : Operation 112 [1/1] (0.00ns) (grouped into TernaryAdder)   --->   "%tmp21 = add i18 %tmp_17_3_3, %tmp_17_2_3" [firmware/nnet_utils/nnet_dense_latency.h:58]   --->   Operation 112 'add' 'tmp21' <Predicate = true> <Delay = 0.00> <Core = "TAddSub">   --->   Core 84 'TAddSub' <Latency = 0> <II = 1> <Delay = 1.03> <IPBlock> <Opcode : 'add' 'sub'> <InPorts = 3> <OutPorts = 1> <Sync> <CReg>
ST_2 : Operation 113 [1/1] (2.06ns) (root node of TernaryAdder)   --->   "%tmp22 = add i18 %tmp20, %tmp21" [firmware/nnet_utils/nnet_dense_latency.h:58]   --->   Operation 113 'add' 'tmp22' <Predicate = true> <Delay = 2.06> <Core = "TAddSub">   --->   Core 84 'TAddSub' <Latency = 0> <II = 1> <Delay = 1.03> <IPBlock> <Opcode : 'add' 'sub'> <InPorts = 3> <OutPorts = 1> <Sync> <CReg>

State 3 <SV = 2> <Delay = 4.13>
ST_3 : Operation 114 [1/1] (0.00ns)   --->   "call void (...)* @_ssdm_op_SpecPipeline(i32 1, i32 1, i32 1, i32 0, [1 x i8]* @p_str7) nounwind" [firmware/nnet_utils/nnet_dense_latency.h:26]   --->   Operation 114 'specpipeline' <Predicate = true> <Delay = 0.00>
ST_3 : Operation 115 [1/1] (0.00ns)   --->   "call void (...)* @_ssdm_op_SpecResourceLimit(i32 32, [4 x i8]* @p_str9, [1 x i8]* @p_str7, [1 x i8]* @p_str7, [1 x i8]* @p_str7) nounwind" [firmware/nnet_utils/nnet_dense_latency.h:33]   --->   Operation 115 'specresourcelimit' <Predicate = true> <Delay = 0.00>
ST_3 : Operation 116 [1/1] (0.00ns)   --->   "%tmp_6 = sext i15 %tmp_3 to i18" [firmware/nnet_utils/nnet_dense_latency.h:42]   --->   Operation 116 'sext' 'tmp_6' <Predicate = true> <Delay = 0.00>
ST_3 : Operation 117 [1/1] (0.00ns)   --->   "%tmp_10 = sext i17 %tmp_9 to i18" [firmware/nnet_utils/nnet_dense_latency.h:42]   --->   Operation 117 'sext' 'tmp_10' <Predicate = true> <Delay = 0.00>
ST_3 : Operation 118 [1/1] (0.00ns)   --->   "%tmp_12 = sext i17 %tmp_11 to i18" [firmware/nnet_utils/nnet_dense_latency.h:42]   --->   Operation 118 'sext' 'tmp_12' <Predicate = true> <Delay = 0.00>
ST_3 : Operation 119 [1/1] (0.00ns)   --->   "%tmp_14 = sext i17 %tmp_13 to i18" [firmware/nnet_utils/nnet_dense_latency.h:42]   --->   Operation 119 'sext' 'tmp_14' <Predicate = true> <Delay = 0.00>
ST_3 : Operation 120 [1/1] (0.00ns)   --->   "%tmp_16 = sext i13 %tmp_15 to i18" [firmware/nnet_utils/nnet_dense_latency.h:42]   --->   Operation 120 'sext' 'tmp_16' <Predicate = true> <Delay = 0.00>
ST_3 : Operation 121 [1/1] (1.33ns)   --->   "%tmp7 = add i18 %tmp_17_5, %tmp_17_4" [firmware/nnet_utils/nnet_dense_latency.h:58]   --->   Operation 121 'add' 'tmp7' <Predicate = true> <Delay = 1.33> <Core = "AddSub">   --->   Core 14 'AddSub' <Latency = 0> <II = 1> <Delay = 1.33> <FuncUnit> <Opcode : 'add' 'sub'> <InPorts = 2> <OutPorts = 1>
ST_3 : Operation 122 [1/1] (0.00ns) (grouped into TernaryAdder)   --->   "%tmp9 = add i18 %tmp_17_7, -15" [firmware/nnet_utils/nnet_dense_latency.h:58]   --->   Operation 122 'add' 'tmp9' <Predicate = true> <Delay = 0.00> <Core = "TAddSub">   --->   Core 84 'TAddSub' <Latency = 0> <II = 1> <Delay = 1.03> <IPBlock> <Opcode : 'add' 'sub'> <InPorts = 3> <OutPorts = 1> <Sync> <CReg>
ST_3 : Operation 123 [1/1] (2.06ns) (root node of TernaryAdder)   --->   "%tmp8 = add i18 %tmp_14, %tmp9" [firmware/nnet_utils/nnet_dense_latency.h:58]   --->   Operation 123 'add' 'tmp8' <Predicate = true> <Delay = 2.06> <Core = "TAddSub">   --->   Core 84 'TAddSub' <Latency = 0> <II = 1> <Delay = 1.03> <IPBlock> <Opcode : 'add' 'sub'> <InPorts = 3> <OutPorts = 1> <Sync> <CReg>
ST_3 : Operation 124 [1/1] (0.00ns) (grouped into TernaryAdder)   --->   "%tmp6 = add i18 %tmp7, %tmp8" [firmware/nnet_utils/nnet_dense_latency.h:58]   --->   Operation 124 'add' 'tmp6' <Predicate = true> <Delay = 0.00> <Core = "TAddSub">   --->   Core 84 'TAddSub' <Latency = 0> <II = 1> <Delay = 1.03> <IPBlock> <Opcode : 'add' 'sub'> <InPorts = 3> <OutPorts = 1> <Sync> <CReg>
ST_3 : Operation 125 [1/1] (2.06ns) (root node of TernaryAdder)   --->   "%res_0_V_write_assign = add i18 %tmp, %tmp6" [firmware/nnet_utils/nnet_dense_latency.h:58]   --->   Operation 125 'add' 'res_0_V_write_assign' <Predicate = true> <Delay = 2.06> <Core = "TAddSub">   --->   Core 84 'TAddSub' <Latency = 0> <II = 1> <Delay = 1.03> <IPBlock> <Opcode : 'add' 'sub'> <InPorts = 3> <OutPorts = 1> <Sync> <CReg>
ST_3 : Operation 126 [1/1] (1.33ns)   --->   "%tmp10 = add i18 %tmp_12, %tmp_17_4_1" [firmware/nnet_utils/nnet_dense_latency.h:58]   --->   Operation 126 'add' 'tmp10' <Predicate = true> <Delay = 1.33> <Core = "AddSub">   --->   Core 14 'AddSub' <Latency = 0> <II = 1> <Delay = 1.33> <FuncUnit> <Opcode : 'add' 'sub'> <InPorts = 2> <OutPorts = 1>
ST_3 : Operation 127 [1/1] (0.00ns) (grouped into TernaryAdder)   --->   "%tmp11 = add i18 %tmp_17_7_1, -2213" [firmware/nnet_utils/nnet_dense_latency.h:58]   --->   Operation 127 'add' 'tmp11' <Predicate = true> <Delay = 0.00> <Core = "TAddSub">   --->   Core 84 'TAddSub' <Latency = 0> <II = 1> <Delay = 1.03> <IPBlock> <Opcode : 'add' 'sub'> <InPorts = 3> <OutPorts = 1> <Sync> <CReg>
ST_3 : Operation 128 [1/1] (2.06ns) (root node of TernaryAdder)   --->   "%tmp12 = add i18 %tmp_17_6_1, %tmp11" [firmware/nnet_utils/nnet_dense_latency.h:58]   --->   Operation 128 'add' 'tmp12' <Predicate = true> <Delay = 2.06> <Core = "TAddSub">   --->   Core 84 'TAddSub' <Latency = 0> <II = 1> <Delay = 1.03> <IPBlock> <Opcode : 'add' 'sub'> <InPorts = 3> <OutPorts = 1> <Sync> <CReg>
ST_3 : Operation 129 [1/1] (0.00ns) (grouped into TernaryAdder)   --->   "%tmp13 = add i18 %tmp10, %tmp12" [firmware/nnet_utils/nnet_dense_latency.h:58]   --->   Operation 129 'add' 'tmp13' <Predicate = true> <Delay = 0.00> <Core = "TAddSub">   --->   Core 84 'TAddSub' <Latency = 0> <II = 1> <Delay = 1.03> <IPBlock> <Opcode : 'add' 'sub'> <InPorts = 3> <OutPorts = 1> <Sync> <CReg>
ST_3 : Operation 130 [1/1] (2.06ns) (root node of TernaryAdder)   --->   "%acc_1_V = add i18 %tmp3, %tmp13" [firmware/nnet_utils/nnet_dense_latency.h:58]   --->   Operation 130 'add' 'acc_1_V' <Predicate = true> <Delay = 2.06> <Core = "TAddSub">   --->   Core 84 'TAddSub' <Latency = 0> <II = 1> <Delay = 1.03> <IPBlock> <Opcode : 'add' 'sub'> <InPorts = 3> <OutPorts = 1> <Sync> <CReg>
ST_3 : Operation 131 [1/1] (1.33ns)   --->   "%tmp17 = add i18 %tmp_17_5_2, %tmp_6" [firmware/nnet_utils/nnet_dense_latency.h:58]   --->   Operation 131 'add' 'tmp17' <Predicate = true> <Delay = 1.33> <Core = "AddSub">   --->   Core 14 'AddSub' <Latency = 0> <II = 1> <Delay = 1.33> <FuncUnit> <Opcode : 'add' 'sub'> <InPorts = 2> <OutPorts = 1>
ST_3 : Operation 132 [1/1] (1.33ns)   --->   "%tmp18 = add i18 %tmp_16, %tmp_17_6_2" [firmware/nnet_utils/nnet_dense_latency.h:58]   --->   Operation 132 'add' 'tmp18' <Predicate = true> <Delay = 1.33> <Core = "AddSub">   --->   Core 14 'AddSub' <Latency = 0> <II = 1> <Delay = 1.33> <FuncUnit> <Opcode : 'add' 'sub'> <InPorts = 2> <OutPorts = 1>
ST_3 : Operation 133 [1/1] (0.00ns) (grouped into TernaryAdder)   --->   "%tmp19 = add i18 %tmp17, %tmp18" [firmware/nnet_utils/nnet_dense_latency.h:58]   --->   Operation 133 'add' 'tmp19' <Predicate = true> <Delay = 0.00> <Core = "TAddSub">   --->   Core 84 'TAddSub' <Latency = 0> <II = 1> <Delay = 1.03> <IPBlock> <Opcode : 'add' 'sub'> <InPorts = 3> <OutPorts = 1> <Sync> <CReg>
ST_3 : Operation 134 [1/1] (2.06ns) (root node of TernaryAdder)   --->   "%acc_2_V = add i18 %tmp16, %tmp19" [firmware/nnet_utils/nnet_dense_latency.h:58]   --->   Operation 134 'add' 'acc_2_V' <Predicate = true> <Delay = 2.06> <Core = "TAddSub">   --->   Core 84 'TAddSub' <Latency = 0> <II = 1> <Delay = 1.03> <IPBlock> <Opcode : 'add' 'sub'> <InPorts = 3> <OutPorts = 1> <Sync> <CReg>
ST_3 : Operation 135 [1/1] (1.33ns)   --->   "%tmp23 = add i18 %tmp_17_5_3, %tmp_10" [firmware/nnet_utils/nnet_dense_latency.h:58]   --->   Operation 135 'add' 'tmp23' <Predicate = true> <Delay = 1.33> <Core = "AddSub">   --->   Core 14 'AddSub' <Latency = 0> <II = 1> <Delay = 1.33> <FuncUnit> <Opcode : 'add' 'sub'> <InPorts = 2> <OutPorts = 1>
ST_3 : Operation 136 [1/1] (0.00ns) (grouped into TernaryAdder)   --->   "%tmp24 = add i18 %tmp_17_7_3, -2405" [firmware/nnet_utils/nnet_dense_latency.h:58]   --->   Operation 136 'add' 'tmp24' <Predicate = true> <Delay = 0.00> <Core = "TAddSub">   --->   Core 84 'TAddSub' <Latency = 0> <II = 1> <Delay = 1.03> <IPBlock> <Opcode : 'add' 'sub'> <InPorts = 3> <OutPorts = 1> <Sync> <CReg>
ST_3 : Operation 137 [1/1] (2.06ns) (root node of TernaryAdder)   --->   "%tmp25 = add i18 %tmp_17_6_3, %tmp24" [firmware/nnet_utils/nnet_dense_latency.h:58]   --->   Operation 137 'add' 'tmp25' <Predicate = true> <Delay = 2.06> <Core = "TAddSub">   --->   Core 84 'TAddSub' <Latency = 0> <II = 1> <Delay = 1.03> <IPBlock> <Opcode : 'add' 'sub'> <InPorts = 3> <OutPorts = 1> <Sync> <CReg>
ST_3 : Operation 138 [1/1] (0.00ns) (grouped into TernaryAdder)   --->   "%tmp26 = add i18 %tmp23, %tmp25" [firmware/nnet_utils/nnet_dense_latency.h:58]   --->   Operation 138 'add' 'tmp26' <Predicate = true> <Delay = 0.00> <Core = "TAddSub">   --->   Core 84 'TAddSub' <Latency = 0> <II = 1> <Delay = 1.03> <IPBlock> <Opcode : 'add' 'sub'> <InPorts = 3> <OutPorts = 1> <Sync> <CReg>
ST_3 : Operation 139 [1/1] (2.06ns) (root node of TernaryAdder)   --->   "%acc_3_V = add i18 %tmp22, %tmp26" [firmware/nnet_utils/nnet_dense_latency.h:58]   --->   Operation 139 'add' 'acc_3_V' <Predicate = true> <Delay = 2.06> <Core = "TAddSub">   --->   Core 84 'TAddSub' <Latency = 0> <II = 1> <Delay = 1.03> <IPBlock> <Opcode : 'add' 'sub'> <InPorts = 3> <OutPorts = 1> <Sync> <CReg>
ST_3 : Operation 140 [1/1] (0.00ns)   --->   "%mrv = insertvalue { i18, i18, i18, i18 } undef, i18 %res_0_V_write_assign, 0" [firmware/nnet_utils/nnet_dense_latency.h:68]   --->   Operation 140 'insertvalue' 'mrv' <Predicate = true> <Delay = 0.00>
ST_3 : Operation 141 [1/1] (0.00ns)   --->   "%mrv_1 = insertvalue { i18, i18, i18, i18 } %mrv, i18 %acc_1_V, 1" [firmware/nnet_utils/nnet_dense_latency.h:68]   --->   Operation 141 'insertvalue' 'mrv_1' <Predicate = true> <Delay = 0.00>
ST_3 : Operation 142 [1/1] (0.00ns)   --->   "%mrv_2 = insertvalue { i18, i18, i18, i18 } %mrv_1, i18 %acc_2_V, 2" [firmware/nnet_utils/nnet_dense_latency.h:68]   --->   Operation 142 'insertvalue' 'mrv_2' <Predicate = true> <Delay = 0.00>
ST_3 : Operation 143 [1/1] (0.00ns)   --->   "%mrv_3 = insertvalue { i18, i18, i18, i18 } %mrv_2, i18 %acc_3_V, 3" [firmware/nnet_utils/nnet_dense_latency.h:68]   --->   Operation 143 'insertvalue' 'mrv_3' <Predicate = true> <Delay = 0.00>
ST_3 : Operation 144 [1/1] (0.00ns)   --->   "ret { i18, i18, i18, i18 } %mrv_3" [firmware/nnet_utils/nnet_dense_latency.h:68]   --->   Operation 144 'ret' <Predicate = true> <Delay = 0.00>


============================================================
+ Verbose Summary: Timing violations
============================================================
Target clock period: 5ns, clock uncertainty: 0.625ns.

 <State 1>: 3.74ns
The critical path consists of the following:
	wire read on port 'data_3_V_read' (firmware/nnet_utils/nnet_dense_latency.h:13) [13]  (0 ns)
	'mul' operation ('r_V_8_3', firmware/nnet_utils/nnet_mult.h:73->firmware/nnet_utils/nnet_dense_latency.h:42) [53]  (3.74 ns)

 <State 2>: 3.74ns
The critical path consists of the following:
	'mul' operation ('r_V_8_4_3', firmware/nnet_utils/nnet_mult.h:73->firmware/nnet_utils/nnet_dense_latency.h:42) [75]  (3.74 ns)

 <State 3>: 4.13ns
The critical path consists of the following:
	'add' operation ('tmp8', firmware/nnet_utils/nnet_dense_latency.h:58) [119]  (2.07 ns)
	'add' operation ('tmp6', firmware/nnet_utils/nnet_dense_latency.h:58) [120]  (0 ns)
	'add' operation ('res[0].V', firmware/nnet_utils/nnet_dense_latency.h:58) [121]  (2.07 ns)


============================================================
+ Verbose Summary: Binding
============================================================
N/A
* FSMD analyzer results:
  - Output states:
 - Input state : 
  - Chain level:
	State 1
	State 2
	State 3


============================================================
+ Verbose Summary: Datapath Resource usage 
============================================================
N/A
