

================================================================
== Vivado HLS Report for 'dense_latency_ap_fixed_16_6_5_3_0_ap_fixed_16_6_5_3_0_config6_0_0'
================================================================
* Date:           Wed Oct 18 12:23:01 2023

* Version:        2018.3 (Build 2405991 on Thu Dec 06 23:56:15 MST 2018)
* Project:        myproject_prj
* Solution:       solution1
* Product family: virtex7
* Target device:  xc7vx485tffg1761-2


================================================================
== Performance Estimates
================================================================
+ Timing (ns): 
    * Summary: 
    +--------+-------+----------+------------+
    |  Clock | Target| Estimated| Uncertainty|
    +--------+-------+----------+------------+
    |ap_clk  |   5.00|     4.082|        0.62|
    +--------+-------+----------+------------+

+ Latency (clock cycles): 
    * Summary: 
    +-----+-----+-----+-----+----------+
    |  Latency  |  Interval | Pipeline |
    | min | max | min | max |   Type   |
    +-----+-----+-----+-----+----------+
    |    1|    1|    1|    1| function |
    +-----+-----+-----+-----+----------+

    + Detail: 
        * Instance: 
        N/A

        * Loop: 
        N/A



================================================================
== Utilization Estimates
================================================================
* Summary: 
+-----------------+---------+-------+--------+--------+
|       Name      | BRAM_18K| DSP48E|   FF   |   LUT  |
+-----------------+---------+-------+--------+--------+
|DSP              |        -|      -|       -|       -|
|Expression       |        -|      4|       0|      88|
|FIFO             |        -|      -|       -|       -|
|Instance         |        -|      -|       -|       -|
|Memory           |        -|      -|       -|       -|
|Multiplexer      |        -|      -|       -|       9|
|Register         |        -|      -|      77|       -|
+-----------------+---------+-------+--------+--------+
|Total            |        0|      4|      77|      97|
+-----------------+---------+-------+--------+--------+
|Available        |     2060|   2800|  607200|  303600|
+-----------------+---------+-------+--------+--------+
|Utilization (%)  |        0|   ~0  |   ~0   |   ~0   |
+-----------------+---------+-------+--------+--------+

+ Detail: 
    * Instance: 
    N/A

    * DSP48: 
    N/A

    * Memory: 
    N/A

    * FIFO: 
    N/A

    * Expression: 
    +------------------------------+----------+-------+---+----+------------+------------+
    |         Variable Name        | Operation| DSP48E| FF| LUT| Bitwidth P0| Bitwidth P1|
    +------------------------------+----------+-------+---+----+------------+------------+
    |r_V_6_1_fu_81_p2              |     *    |      1|  0|   6|          16|           6|
    |r_V_6_2_fu_78_p2              |     *    |      1|  0|   6|          16|           8|
    |r_V_6_3_fu_80_p2              |     *    |      1|  0|   6|          16|          10|
    |r_V_6_fu_79_p2                |     *    |      1|  0|   6|          16|          11|
    |res_V_write_assign_fu_257_p2  |     +    |      0|  0|  16|          16|          16|
    |tmp1_fu_251_p2                |     +    |      0|  0|  16|          16|          16|
    |tmp2_fu_246_p2                |     +    |      0|  0|  16|          16|           9|
    |tmp_fu_241_p2                 |     +    |      0|  0|  16|          16|          16|
    +------------------------------+----------+-------+---+----+------------+------------+
    |Total                         |          |      4|  0|  88|         128|          92|
    +------------------------------+----------+-------+---+----+------------+------------+

    * Multiplexer: 
    +-----------+----+-----------+-----+-----------+
    |    Name   | LUT| Input Size| Bits| Total Bits|
    +-----------+----+-----------+-----+-----------+
    |ap_return  |   9|          2|   16|         32|
    +-----------+----+-----------+-----+-----------+
    |Total      |   9|          2|   16|         32|
    +-----------+----+-----------+-----+-----------+

    * Register: 
    +-------------------+----+----+-----+-----------+
    |        Name       | FF | LUT| Bits| Const Bits|
    +-------------------+----+----+-----+-----------+
    |ap_ce_reg          |   1|   0|    1|          0|
    |ap_return_int_reg  |  16|   0|   16|          0|
    |tmp_5_3_reg_278    |  16|   0|   16|          0|
    |tmp_5_reg_263      |  16|   0|   16|          0|
    |tmp_6_reg_268      |  13|   0|   13|          0|
    |tmp_9_reg_273      |  15|   0|   15|          0|
    +-------------------+----+----+-----+-----------+
    |Total              |  77|   0|   77|          0|
    +-------------------+----+----+-----+-----------+



================================================================
== Interface
================================================================
* Summary: 
+---------------+-----+-----+------------+--------------------------------------------------------------------------------+--------------+
|   RTL Ports   | Dir | Bits|  Protocol  |                                  Source Object                                 |    C Type    |
+---------------+-----+-----+------------+--------------------------------------------------------------------------------+--------------+
|ap_clk         |  in |    1| ap_ctrl_hs | dense_latency<ap_fixed<16, 6, 5, 3, 0>, ap_fixed<16, 6, 5, 3, 0>, config6>.0.0 | return value |
|ap_rst         |  in |    1| ap_ctrl_hs | dense_latency<ap_fixed<16, 6, 5, 3, 0>, ap_fixed<16, 6, 5, 3, 0>, config6>.0.0 | return value |
|ap_return      | out |   16| ap_ctrl_hs | dense_latency<ap_fixed<16, 6, 5, 3, 0>, ap_fixed<16, 6, 5, 3, 0>, config6>.0.0 | return value |
|ap_ce          |  in |    1| ap_ctrl_hs | dense_latency<ap_fixed<16, 6, 5, 3, 0>, ap_fixed<16, 6, 5, 3, 0>, config6>.0.0 | return value |
|data_0_V_read  |  in |   16|   ap_none  |                                  data_0_V_read                                 |    scalar    |
|data_1_V_read  |  in |   16|   ap_none  |                                  data_1_V_read                                 |    scalar    |
|data_2_V_read  |  in |   16|   ap_none  |                                  data_2_V_read                                 |    scalar    |
|data_3_V_read  |  in |   16|   ap_none  |                                  data_3_V_read                                 |    scalar    |
+---------------+-----+-----+------------+--------------------------------------------------------------------------------+--------------+

============================================================
+ Verbose Summary: Synthesis Manager
============================================================
InlineROM: 1
ExposeGlobal: 0
============================================================
+ Verbose Summary: CDFG Model
============================================================
IsTopModel: 0
ResetActiveHigh: 1
IsCombinational: 2
IsDatapathOnly: 1
HasWiredReturn: 1
HasMFsm: 2
HasVarLatency: 0
IsPipeline: 1
IsRtlPipelined: 1
IsInstanceOverlapped: 0
IsDontTouch: 0
HasImplIP: 0
IsGatedGlobalClock: 0

+ Individual pipeline summary: 
  * Pipeline-0: initiation interval (II) = 1, depth = 2


============================================================
+ Verbose Summary: Schedule
============================================================
* Number of FSM states : 2
* Pipeline : 1
  Pipeline-0 : II = 1, D = 2, States = { 1 2 }
* Dataflow Pipeline: 0

* FSM state transitions: 
1 --> 
	2  / true
2 --> 

* FSM state operations: 

State 1 <SV = 0> <Delay = 3.72>
ST_1 : Operation 3 [1/1] (0.00ns)   --->   "%data_3_V_read_3 = call i16 @_ssdm_op_Read.ap_auto.i16(i16 %data_3_V_read)" [firmware/nnet_utils/nnet_dense_latency.h:13]   --->   Operation 3 'read' 'data_3_V_read_3' <Predicate = true> <Delay = 0.00>
ST_1 : Operation 4 [1/1] (0.00ns)   --->   "%data_2_V_read_3 = call i16 @_ssdm_op_Read.ap_auto.i16(i16 %data_2_V_read)" [firmware/nnet_utils/nnet_dense_latency.h:13]   --->   Operation 4 'read' 'data_2_V_read_3' <Predicate = true> <Delay = 0.00>
ST_1 : Operation 5 [1/1] (0.00ns)   --->   "%data_1_V_read_3 = call i16 @_ssdm_op_Read.ap_auto.i16(i16 %data_1_V_read)" [firmware/nnet_utils/nnet_dense_latency.h:13]   --->   Operation 5 'read' 'data_1_V_read_3' <Predicate = true> <Delay = 0.00>
ST_1 : Operation 6 [1/1] (0.00ns)   --->   "%data_0_V_read_3 = call i16 @_ssdm_op_Read.ap_auto.i16(i16 %data_0_V_read)" [firmware/nnet_utils/nnet_dense_latency.h:13]   --->   Operation 6 'read' 'data_0_V_read_3' <Predicate = true> <Delay = 0.00>
ST_1 : Operation 7 [1/1] (0.00ns)   --->   "%r_V_cast = sext i16 %data_0_V_read_3 to i26" [firmware/nnet_utils/nnet_mult.h:73->firmware/nnet_utils/nnet_dense_latency.h:42]   --->   Operation 7 'sext' 'r_V_cast' <Predicate = true> <Delay = 0.00>
ST_1 : Operation 8 [1/1] (3.72ns)   --->   "%r_V_6 = mul i26 %r_V_cast, -778" [firmware/nnet_utils/nnet_mult.h:73->firmware/nnet_utils/nnet_dense_latency.h:42]   --->   Operation 8 'mul' 'r_V_6' <Predicate = true> <Delay = 3.72> <Core = "Mul">   --->   Core 16 'Mul' <Latency = 0> <II = 1> <Delay = 3.72> <FuncUnit> <Opcode : 'mul'> <InPorts = 2> <OutPorts = 1>
ST_1 : Operation 9 [1/1] (0.00ns)   --->   "%tmp_5 = call i16 @_ssdm_op_PartSelect.i16.i26.i32.i32(i26 %r_V_6, i32 10, i32 25)" [firmware/nnet_utils/nnet_dense_latency.h:42]   --->   Operation 9 'partselect' 'tmp_5' <Predicate = true> <Delay = 0.00>
ST_1 : Operation 10 [1/1] (0.00ns)   --->   "%r_V_1_cast = sext i16 %data_1_V_read_3 to i23" [firmware/nnet_utils/nnet_mult.h:73->firmware/nnet_utils/nnet_dense_latency.h:42]   --->   Operation 10 'sext' 'r_V_1_cast' <Predicate = true> <Delay = 0.00>
ST_1 : Operation 11 [1/1] (3.72ns)   --->   "%r_V_6_1 = mul i23 %r_V_1_cast, 47" [firmware/nnet_utils/nnet_mult.h:73->firmware/nnet_utils/nnet_dense_latency.h:42]   --->   Operation 11 'mul' 'r_V_6_1' <Predicate = true> <Delay = 3.72> <Core = "Mul">   --->   Core 16 'Mul' <Latency = 0> <II = 1> <Delay = 3.72> <FuncUnit> <Opcode : 'mul'> <InPorts = 2> <OutPorts = 1>
ST_1 : Operation 12 [1/1] (0.00ns)   --->   "%tmp_6 = call i13 @_ssdm_op_PartSelect.i13.i23.i32.i32(i23 %r_V_6_1, i32 10, i32 22)" [firmware/nnet_utils/nnet_dense_latency.h:42]   --->   Operation 12 'partselect' 'tmp_6' <Predicate = true> <Delay = 0.00>
ST_1 : Operation 13 [1/1] (0.00ns)   --->   "%r_V_2_cast = sext i16 %data_2_V_read_3 to i25" [firmware/nnet_utils/nnet_mult.h:73->firmware/nnet_utils/nnet_dense_latency.h:42]   --->   Operation 13 'sext' 'r_V_2_cast' <Predicate = true> <Delay = 0.00>
ST_1 : Operation 14 [1/1] (3.72ns)   --->   "%r_V_6_2 = mul i25 %r_V_2_cast, 228" [firmware/nnet_utils/nnet_mult.h:73->firmware/nnet_utils/nnet_dense_latency.h:42]   --->   Operation 14 'mul' 'r_V_6_2' <Predicate = true> <Delay = 3.72> <Core = "Mul">   --->   Core 16 'Mul' <Latency = 0> <II = 1> <Delay = 3.72> <FuncUnit> <Opcode : 'mul'> <InPorts = 2> <OutPorts = 1>
ST_1 : Operation 15 [1/1] (0.00ns)   --->   "%tmp_9 = call i15 @_ssdm_op_PartSelect.i15.i25.i32.i32(i25 %r_V_6_2, i32 10, i32 24)" [firmware/nnet_utils/nnet_dense_latency.h:42]   --->   Operation 15 'partselect' 'tmp_9' <Predicate = true> <Delay = 0.00>
ST_1 : Operation 16 [1/1] (0.00ns)   --->   "%r_V_3_cast = sext i16 %data_3_V_read_3 to i26" [firmware/nnet_utils/nnet_mult.h:73->firmware/nnet_utils/nnet_dense_latency.h:42]   --->   Operation 16 'sext' 'r_V_3_cast' <Predicate = true> <Delay = 0.00>
ST_1 : Operation 17 [1/1] (3.72ns)   --->   "%r_V_6_3 = mul i26 %r_V_3_cast, 879" [firmware/nnet_utils/nnet_mult.h:73->firmware/nnet_utils/nnet_dense_latency.h:42]   --->   Operation 17 'mul' 'r_V_6_3' <Predicate = true> <Delay = 3.72> <Core = "Mul">   --->   Core 16 'Mul' <Latency = 0> <II = 1> <Delay = 3.72> <FuncUnit> <Opcode : 'mul'> <InPorts = 2> <OutPorts = 1>
ST_1 : Operation 18 [1/1] (0.00ns)   --->   "%tmp_5_3 = call i16 @_ssdm_op_PartSelect.i16.i26.i32.i32(i26 %r_V_6_3, i32 10, i32 25)" [firmware/nnet_utils/nnet_dense_latency.h:42]   --->   Operation 18 'partselect' 'tmp_5_3' <Predicate = true> <Delay = 0.00>

State 2 <SV = 1> <Delay = 4.08>
ST_2 : Operation 19 [1/1] (0.00ns)   --->   "call void (...)* @_ssdm_op_SpecPipeline(i32 1, i32 1, i32 1, i32 0, [1 x i8]* @p_str7) nounwind" [firmware/nnet_utils/nnet_dense_latency.h:26]   --->   Operation 19 'specpipeline' <Predicate = true> <Delay = 0.00>
ST_2 : Operation 20 [1/1] (0.00ns)   --->   "call void (...)* @_ssdm_op_SpecResourceLimit(i32 4, [4 x i8]* @p_str9, [1 x i8]* @p_str7, [1 x i8]* @p_str7, [1 x i8]* @p_str7) nounwind" [firmware/nnet_utils/nnet_dense_latency.h:33]   --->   Operation 20 'specresourcelimit' <Predicate = true> <Delay = 0.00>
ST_2 : Operation 21 [1/1] (0.00ns)   --->   "%tmp_7 = sext i13 %tmp_6 to i16" [firmware/nnet_utils/nnet_dense_latency.h:42]   --->   Operation 21 'sext' 'tmp_7' <Predicate = true> <Delay = 0.00>
ST_2 : Operation 22 [1/1] (0.00ns)   --->   "%tmp_s = sext i15 %tmp_9 to i16" [firmware/nnet_utils/nnet_dense_latency.h:42]   --->   Operation 22 'sext' 'tmp_s' <Predicate = true> <Delay = 0.00>
ST_2 : Operation 23 [1/1] (0.00ns)   --->   "call void (...)* @_ssdm_op_SpecLoopName([11 x i8]* @p_str12) nounwind" [firmware/nnet_utils/nnet_dense_latency.h:48]   --->   Operation 23 'specloopname' <Predicate = true> <Delay = 0.00>
ST_2 : Operation 24 [1/1] (0.00ns) (grouped into TernaryAdder)   --->   "%tmp = add i16 %tmp_5, %tmp_7" [firmware/nnet_utils/nnet_dense_latency.h:58]   --->   Operation 24 'add' 'tmp' <Predicate = true> <Delay = 0.00> <Core = "TAddSub">   --->   Core 84 'TAddSub' <Latency = 0> <II = 1> <Delay = 1.02> <IPBlock> <Opcode : 'add' 'sub'> <InPorts = 3> <OutPorts = 1> <Sync> <CReg>
ST_2 : Operation 25 [1/1] (0.00ns) (grouped into TernaryAdder)   --->   "%tmp2 = add i16 %tmp_5_3, 489" [firmware/nnet_utils/nnet_dense_latency.h:58]   --->   Operation 25 'add' 'tmp2' <Predicate = true> <Delay = 0.00> <Core = "TAddSub">   --->   Core 84 'TAddSub' <Latency = 0> <II = 1> <Delay = 1.02> <IPBlock> <Opcode : 'add' 'sub'> <InPorts = 3> <OutPorts = 1> <Sync> <CReg>
ST_2 : Operation 26 [1/1] (2.04ns) (root node of TernaryAdder)   --->   "%tmp1 = add i16 %tmp2, %tmp_s" [firmware/nnet_utils/nnet_dense_latency.h:58]   --->   Operation 26 'add' 'tmp1' <Predicate = true> <Delay = 2.04> <Core = "TAddSub">   --->   Core 84 'TAddSub' <Latency = 0> <II = 1> <Delay = 1.02> <IPBlock> <Opcode : 'add' 'sub'> <InPorts = 3> <OutPorts = 1> <Sync> <CReg>
ST_2 : Operation 27 [1/1] (2.04ns) (root node of TernaryAdder)   --->   "%res_V_write_assign = add i16 %tmp1, %tmp" [firmware/nnet_utils/nnet_dense_latency.h:58]   --->   Operation 27 'add' 'res_V_write_assign' <Predicate = true> <Delay = 2.04> <Core = "TAddSub">   --->   Core 84 'TAddSub' <Latency = 0> <II = 1> <Delay = 1.02> <IPBlock> <Opcode : 'add' 'sub'> <InPorts = 3> <OutPorts = 1> <Sync> <CReg>
ST_2 : Operation 28 [1/1] (0.00ns)   --->   "call void (...)* @_ssdm_op_SpecLoopName([7 x i8]* @p_str15) nounwind" [firmware/nnet_utils/nnet_dense_latency.h:64]   --->   Operation 28 'specloopname' <Predicate = true> <Delay = 0.00>
ST_2 : Operation 29 [1/1] (0.00ns)   --->   "ret i16 %res_V_write_assign" [firmware/nnet_utils/nnet_dense_latency.h:68]   --->   Operation 29 'ret' <Predicate = true> <Delay = 0.00>


============================================================
+ Verbose Summary: Binding
============================================================
STG Binding: 
---------------- STG Properties BEGIN ----------------
- Is combinational: 0
- Is one-state seq: 0
- Is datapath-only: 1
- Is pipelined: 1
- Is top level: 0
Port [ Return ] is wired: 1; IO mode=ap_ctrl_hs:ce=0
Port [ data_0_V_read]:  wired=1; compound=0; hidden=0; nouse=0; global=0; static=0; extern=0; dir=0; type=0; pingpong=0; private_global=0; IO mode=ap_none:ce=0
Port [ data_1_V_read]:  wired=1; compound=0; hidden=0; nouse=0; global=0; static=0; extern=0; dir=0; type=0; pingpong=0; private_global=0; IO mode=ap_none:ce=0
Port [ data_2_V_read]:  wired=1; compound=0; hidden=0; nouse=0; global=0; static=0; extern=0; dir=0; type=0; pingpong=0; private_global=0; IO mode=ap_none:ce=0
Port [ data_3_V_read]:  wired=1; compound=0; hidden=0; nouse=0; global=0; static=0; extern=0; dir=0; type=0; pingpong=0; private_global=0; IO mode=ap_none:ce=0
---------------- STG Properties END ------------------

---------------- Datapath Model BEGIN ----------------

<LifeTime>
<method=bitvector/>
data_3_V_read_3    (read             ) [ 000]
data_2_V_read_3    (read             ) [ 000]
data_1_V_read_3    (read             ) [ 000]
data_0_V_read_3    (read             ) [ 000]
r_V_cast           (sext             ) [ 000]
r_V_6              (mul              ) [ 000]
tmp_5              (partselect       ) [ 011]
r_V_1_cast         (sext             ) [ 000]
r_V_6_1            (mul              ) [ 000]
tmp_6              (partselect       ) [ 011]
r_V_2_cast         (sext             ) [ 000]
r_V_6_2            (mul              ) [ 000]
tmp_9              (partselect       ) [ 011]
r_V_3_cast         (sext             ) [ 000]
r_V_6_3            (mul              ) [ 000]
tmp_5_3            (partselect       ) [ 011]
StgValue_19        (specpipeline     ) [ 000]
StgValue_20        (specresourcelimit) [ 000]
tmp_7              (sext             ) [ 000]
tmp_s              (sext             ) [ 000]
StgValue_23        (specloopname     ) [ 000]
tmp                (add              ) [ 000]
tmp2               (add              ) [ 000]
tmp1               (add              ) [ 000]
res_V_write_assign (add              ) [ 000]
StgValue_28        (specloopname     ) [ 000]
StgValue_29        (ret              ) [ 000]
</LifeTime>

<model>

<comp_list>
<comp id="0" class="1000" name="data_0_V_read">
<pin_list>
<pin id="1" dir="1" index="0" bw="1" slack="0"/>
</pin_list>
<bind>
<StgValue><ssdm name="data_0_V_read"/></StgValue>
</bind>
</comp>

<comp id="2" class="1000" name="data_1_V_read">
<pin_list>
<pin id="3" dir="1" index="0" bw="1" slack="0"/>
</pin_list>
<bind>
<StgValue><ssdm name="data_1_V_read"/></StgValue>
</bind>
</comp>

<comp id="4" class="1000" name="data_2_V_read">
<pin_list>
<pin id="5" dir="1" index="0" bw="1" slack="0"/>
</pin_list>
<bind>
<StgValue><ssdm name="data_2_V_read"/></StgValue>
</bind>
</comp>

<comp id="6" class="1000" name="data_3_V_read">
<pin_list>
<pin id="7" dir="1" index="0" bw="1" slack="0"/>
</pin_list>
<bind>
<StgValue><ssdm name="data_3_V_read"/></StgValue>
</bind>
</comp>

<comp id="8" class="1001" name="const_8">
<pin_list>
<pin id="9" dir="1" index="0" bw="1" slack="0"/>
</pin_list>
<bind>
<StgValue><ssdm name="_ssdm_op_Read.ap_auto.i16"/></StgValue>
</bind>
</comp>

<comp id="10" class="1001" name="const_10">
<pin_list>
<pin id="11" dir="1" index="0" bw="1" slack="0"/>
</pin_list>
<bind>
<StgValue><ssdm name=""/></StgValue>
</bind>
</comp>

<comp id="12" class="1001" name="const_12">
<pin_list>
<pin id="13" dir="1" index="0" bw="1" slack="0"/>
</pin_list>
<bind>
<StgValue><ssdm name="_ssdm_op_PartSelect.i16.i26.i32.i32"/></StgValue>
</bind>
</comp>

<comp id="14" class="1001" name="const_14">
<pin_list>
<pin id="15" dir="1" index="0" bw="1" slack="0"/>
</pin_list>
<bind>
<StgValue><ssdm name=""/></StgValue>
</bind>
</comp>

<comp id="16" class="1001" name="const_16">
<pin_list>
<pin id="17" dir="1" index="0" bw="1" slack="0"/>
</pin_list>
<bind>
<StgValue><ssdm name=""/></StgValue>
</bind>
</comp>

<comp id="18" class="1001" name="const_18">
<pin_list>
<pin id="19" dir="1" index="0" bw="1" slack="0"/>
</pin_list>
<bind>
<StgValue><ssdm name=""/></StgValue>
</bind>
</comp>

<comp id="20" class="1001" name="const_20">
<pin_list>
<pin id="21" dir="1" index="0" bw="1" slack="0"/>
</pin_list>
<bind>
<StgValue><ssdm name="_ssdm_op_PartSelect.i13.i23.i32.i32"/></StgValue>
</bind>
</comp>

<comp id="22" class="1001" name="const_22">
<pin_list>
<pin id="23" dir="1" index="0" bw="1" slack="0"/>
</pin_list>
<bind>
<StgValue><ssdm name=""/></StgValue>
</bind>
</comp>

<comp id="24" class="1001" name="const_24">
<pin_list>
<pin id="25" dir="1" index="0" bw="1" slack="0"/>
</pin_list>
<bind>
<StgValue><ssdm name=""/></StgValue>
</bind>
</comp>

<comp id="26" class="1001" name="const_26">
<pin_list>
<pin id="27" dir="1" index="0" bw="1" slack="0"/>
</pin_list>
<bind>
<StgValue><ssdm name="_ssdm_op_PartSelect.i15.i25.i32.i32"/></StgValue>
</bind>
</comp>

<comp id="28" class="1001" name="const_28">
<pin_list>
<pin id="29" dir="1" index="0" bw="1" slack="0"/>
</pin_list>
<bind>
<StgValue><ssdm name=""/></StgValue>
</bind>
</comp>

<comp id="30" class="1001" name="const_30">
<pin_list>
<pin id="31" dir="1" index="0" bw="1" slack="0"/>
</pin_list>
<bind>
<StgValue><ssdm name=""/></StgValue>
</bind>
</comp>

<comp id="32" class="1001" name="const_32">
<pin_list>
<pin id="33" dir="1" index="0" bw="1" slack="2147483647"/>
</pin_list>
<bind>
<StgValue><ssdm name="_ssdm_op_SpecPipeline"/></StgValue>
</bind>
</comp>

<comp id="34" class="1001" name="const_34">
<pin_list>
<pin id="35" dir="1" index="0" bw="1" slack="2147483647"/>
</pin_list>
<bind>
<StgValue><ssdm name=""/></StgValue>
</bind>
</comp>

<comp id="36" class="1001" name="const_36">
<pin_list>
<pin id="37" dir="1" index="0" bw="1" slack="2147483647"/>
</pin_list>
<bind>
<StgValue><ssdm name=""/></StgValue>
</bind>
</comp>

<comp id="38" class="1001" name="const_38">
<pin_list>
<pin id="39" dir="1" index="0" bw="1" slack="2147483647"/>
</pin_list>
<bind>
<StgValue><ssdm name="p_str7"/></StgValue>
</bind>
</comp>

<comp id="40" class="1001" name="const_40">
<pin_list>
<pin id="41" dir="1" index="0" bw="1" slack="2147483647"/>
</pin_list>
<bind>
<StgValue><ssdm name="_ssdm_op_SpecResourceLimit"/></StgValue>
</bind>
</comp>

<comp id="42" class="1001" name="const_42">
<pin_list>
<pin id="43" dir="1" index="0" bw="1" slack="2147483647"/>
</pin_list>
<bind>
<StgValue><ssdm name=""/></StgValue>
</bind>
</comp>

<comp id="44" class="1001" name="const_44">
<pin_list>
<pin id="45" dir="1" index="0" bw="1" slack="2147483647"/>
</pin_list>
<bind>
<StgValue><ssdm name="p_str9"/></StgValue>
</bind>
</comp>

<comp id="46" class="1001" name="const_46">
<pin_list>
<pin id="47" dir="1" index="0" bw="1" slack="2147483647"/>
</pin_list>
<bind>
<StgValue><ssdm name="_ssdm_op_SpecLoopName"/></StgValue>
</bind>
</comp>

<comp id="48" class="1001" name="const_48">
<pin_list>
<pin id="49" dir="1" index="0" bw="1" slack="2147483647"/>
</pin_list>
<bind>
<StgValue><ssdm name="p_str12"/></StgValue>
</bind>
</comp>

<comp id="50" class="1001" name="const_50">
<pin_list>
<pin id="51" dir="1" index="0" bw="1" slack="0"/>
</pin_list>
<bind>
<StgValue><ssdm name=""/></StgValue>
</bind>
</comp>

<comp id="52" class="1001" name="const_52">
<pin_list>
<pin id="53" dir="1" index="0" bw="1" slack="2147483647"/>
</pin_list>
<bind>
<StgValue><ssdm name="p_str15"/></StgValue>
</bind>
</comp>

<comp id="54" class="1004" name="data_3_V_read_3_read_fu_54">
<pin_list>
<pin id="55" dir="0" index="0" bw="16" slack="0"/>
<pin id="56" dir="0" index="1" bw="16" slack="0"/>
<pin id="57" dir="1" index="2" bw="16" slack="0"/>
</pin_list>
<bind>
<opcode="read(1150) " fcode="read"/>
<opset="data_3_V_read_3/1 "/>
</bind>
</comp>

<comp id="60" class="1004" name="data_2_V_read_3_read_fu_60">
<pin_list>
<pin id="61" dir="0" index="0" bw="16" slack="0"/>
<pin id="62" dir="0" index="1" bw="16" slack="0"/>
<pin id="63" dir="1" index="2" bw="16" slack="0"/>
</pin_list>
<bind>
<opcode="read(1150) " fcode="read"/>
<opset="data_2_V_read_3/1 "/>
</bind>
</comp>

<comp id="66" class="1004" name="data_1_V_read_3_read_fu_66">
<pin_list>
<pin id="67" dir="0" index="0" bw="16" slack="0"/>
<pin id="68" dir="0" index="1" bw="16" slack="0"/>
<pin id="69" dir="1" index="2" bw="16" slack="0"/>
</pin_list>
<bind>
<opcode="read(1150) " fcode="read"/>
<opset="data_1_V_read_3/1 "/>
</bind>
</comp>

<comp id="72" class="1004" name="data_0_V_read_3_read_fu_72">
<pin_list>
<pin id="73" dir="0" index="0" bw="16" slack="0"/>
<pin id="74" dir="0" index="1" bw="16" slack="0"/>
<pin id="75" dir="1" index="2" bw="16" slack="0"/>
</pin_list>
<bind>
<opcode="read(1150) " fcode="read"/>
<opset="data_0_V_read_3/1 "/>
</bind>
</comp>

<comp id="78" class="1004" name="r_V_6_2_fu_78">
<pin_list>
<pin id="154" dir="0" index="0" bw="16" slack="0"/>
<pin id="155" dir="0" index="1" bw="9" slack="0"/>
<pin id="156" dir="1" index="2" bw="25" slack="0"/>
</pin_list>
<bind>
<opcode="mul(12) " fcode="mul"/>
<opset="r_V_6_2/1 "/>
</bind>
</comp>

<comp id="79" class="1004" name="r_V_6_fu_79">
<pin_list>
<pin id="146" dir="0" index="0" bw="16" slack="0"/>
<pin id="147" dir="0" index="1" bw="11" slack="0"/>
<pin id="148" dir="1" index="2" bw="26" slack="0"/>
</pin_list>
<bind>
<opcode="mul(12) " fcode="mul"/>
<opset="r_V_6/1 "/>
</bind>
</comp>

<comp id="80" class="1004" name="r_V_6_3_fu_80">
<pin_list>
<pin id="158" dir="0" index="0" bw="16" slack="0"/>
<pin id="159" dir="0" index="1" bw="11" slack="0"/>
<pin id="160" dir="1" index="2" bw="26" slack="0"/>
</pin_list>
<bind>
<opcode="mul(12) " fcode="mul"/>
<opset="r_V_6_3/1 "/>
</bind>
</comp>

<comp id="81" class="1004" name="r_V_6_1_fu_81">
<pin_list>
<pin id="150" dir="0" index="0" bw="16" slack="0"/>
<pin id="151" dir="0" index="1" bw="7" slack="0"/>
<pin id="152" dir="1" index="2" bw="23" slack="0"/>
</pin_list>
<bind>
<opcode="mul(12) " fcode="mul"/>
<opset="r_V_6_1/1 "/>
</bind>
</comp>

<comp id="175" class="1004" name="r_V_cast_fu_175">
<pin_list>
<pin id="176" dir="0" index="0" bw="16" slack="0"/>
<pin id="177" dir="1" index="1" bw="26" slack="0"/>
</pin_list>
<bind>
<opcode="sext(35) " fcode="sext"/>
<opset="r_V_cast/1 "/>
</bind>
</comp>

<comp id="180" class="1004" name="tmp_5_fu_180">
<pin_list>
<pin id="181" dir="0" index="0" bw="16" slack="0"/>
<pin id="182" dir="0" index="1" bw="26" slack="0"/>
<pin id="183" dir="0" index="2" bw="5" slack="0"/>
<pin id="184" dir="0" index="3" bw="6" slack="0"/>
<pin id="185" dir="1" index="4" bw="16" slack="1"/>
</pin_list>
<bind>
<opcode="partselect(1002) " fcode="partselect"/>
<opset="tmp_5/1 "/>
</bind>
</comp>

<comp id="190" class="1004" name="r_V_1_cast_fu_190">
<pin_list>
<pin id="191" dir="0" index="0" bw="16" slack="0"/>
<pin id="192" dir="1" index="1" bw="23" slack="0"/>
</pin_list>
<bind>
<opcode="sext(35) " fcode="sext"/>
<opset="r_V_1_cast/1 "/>
</bind>
</comp>

<comp id="195" class="1004" name="tmp_6_fu_195">
<pin_list>
<pin id="196" dir="0" index="0" bw="13" slack="0"/>
<pin id="197" dir="0" index="1" bw="23" slack="0"/>
<pin id="198" dir="0" index="2" bw="5" slack="0"/>
<pin id="199" dir="0" index="3" bw="6" slack="0"/>
<pin id="200" dir="1" index="4" bw="13" slack="1"/>
</pin_list>
<bind>
<opcode="partselect(1002) " fcode="partselect"/>
<opset="tmp_6/1 "/>
</bind>
</comp>

<comp id="205" class="1004" name="r_V_2_cast_fu_205">
<pin_list>
<pin id="206" dir="0" index="0" bw="16" slack="0"/>
<pin id="207" dir="1" index="1" bw="25" slack="0"/>
</pin_list>
<bind>
<opcode="sext(35) " fcode="sext"/>
<opset="r_V_2_cast/1 "/>
</bind>
</comp>

<comp id="210" class="1004" name="tmp_9_fu_210">
<pin_list>
<pin id="211" dir="0" index="0" bw="15" slack="0"/>
<pin id="212" dir="0" index="1" bw="25" slack="0"/>
<pin id="213" dir="0" index="2" bw="5" slack="0"/>
<pin id="214" dir="0" index="3" bw="6" slack="0"/>
<pin id="215" dir="1" index="4" bw="15" slack="1"/>
</pin_list>
<bind>
<opcode="partselect(1002) " fcode="partselect"/>
<opset="tmp_9/1 "/>
</bind>
</comp>

<comp id="220" class="1004" name="r_V_3_cast_fu_220">
<pin_list>
<pin id="221" dir="0" index="0" bw="16" slack="0"/>
<pin id="222" dir="1" index="1" bw="26" slack="0"/>
</pin_list>
<bind>
<opcode="sext(35) " fcode="sext"/>
<opset="r_V_3_cast/1 "/>
</bind>
</comp>

<comp id="225" class="1004" name="tmp_5_3_fu_225">
<pin_list>
<pin id="226" dir="0" index="0" bw="16" slack="0"/>
<pin id="227" dir="0" index="1" bw="26" slack="0"/>
<pin id="228" dir="0" index="2" bw="5" slack="0"/>
<pin id="229" dir="0" index="3" bw="6" slack="0"/>
<pin id="230" dir="1" index="4" bw="16" slack="1"/>
</pin_list>
<bind>
<opcode="partselect(1002) " fcode="partselect"/>
<opset="tmp_5_3/1 "/>
</bind>
</comp>

<comp id="235" class="1004" name="tmp_7_fu_235">
<pin_list>
<pin id="236" dir="0" index="0" bw="13" slack="1"/>
<pin id="237" dir="1" index="1" bw="16" slack="0"/>
</pin_list>
<bind>
<opcode="sext(35) " fcode="sext"/>
<opset="tmp_7/2 "/>
</bind>
</comp>

<comp id="238" class="1004" name="tmp_s_fu_238">
<pin_list>
<pin id="239" dir="0" index="0" bw="15" slack="1"/>
<pin id="240" dir="1" index="1" bw="16" slack="0"/>
</pin_list>
<bind>
<opcode="sext(35) " fcode="sext"/>
<opset="tmp_s/2 "/>
</bind>
</comp>

<comp id="241" class="1004" name="tmp_fu_241">
<pin_list>
<pin id="242" dir="0" index="0" bw="16" slack="1"/>
<pin id="243" dir="0" index="1" bw="13" slack="0"/>
<pin id="244" dir="1" index="2" bw="16" slack="0"/>
</pin_list>
<bind>
<opcode="add(8) " fcode="add"/>
<opset="tmp/2 "/>
</bind>
</comp>

<comp id="246" class="1004" name="tmp2_fu_246">
<pin_list>
<pin id="247" dir="0" index="0" bw="16" slack="1"/>
<pin id="248" dir="0" index="1" bw="10" slack="0"/>
<pin id="249" dir="1" index="2" bw="16" slack="0"/>
</pin_list>
<bind>
<opcode="add(8) " fcode="add"/>
<opset="tmp2/2 "/>
</bind>
</comp>

<comp id="251" class="1004" name="tmp1_fu_251">
<pin_list>
<pin id="252" dir="0" index="0" bw="16" slack="0"/>
<pin id="253" dir="0" index="1" bw="15" slack="0"/>
<pin id="254" dir="1" index="2" bw="16" slack="0"/>
</pin_list>
<bind>
<opcode="add(8) " fcode="add"/>
<opset="tmp1/2 "/>
</bind>
</comp>

<comp id="257" class="1004" name="res_V_write_assign_fu_257">
<pin_list>
<pin id="258" dir="0" index="0" bw="16" slack="0"/>
<pin id="259" dir="0" index="1" bw="16" slack="0"/>
<pin id="260" dir="1" index="2" bw="16" slack="2147483647"/>
</pin_list>
<bind>
<opcode="add(8) " fcode="add"/>
<opset="res_V_write_assign/2 "/>
</bind>
</comp>

<comp id="263" class="1005" name="tmp_5_reg_263">
<pin_list>
<pin id="264" dir="0" index="0" bw="16" slack="1"/>
<pin id="265" dir="1" index="1" bw="16" slack="1"/>
</pin_list>
<bind>
<opset="tmp_5 "/>
</bind>
</comp>

<comp id="268" class="1005" name="tmp_6_reg_268">
<pin_list>
<pin id="269" dir="0" index="0" bw="13" slack="1"/>
<pin id="270" dir="1" index="1" bw="13" slack="1"/>
</pin_list>
<bind>
<opset="tmp_6 "/>
</bind>
</comp>

<comp id="273" class="1005" name="tmp_9_reg_273">
<pin_list>
<pin id="274" dir="0" index="0" bw="15" slack="1"/>
<pin id="275" dir="1" index="1" bw="15" slack="1"/>
</pin_list>
<bind>
<opset="tmp_9 "/>
</bind>
</comp>

<comp id="278" class="1005" name="tmp_5_3_reg_278">
<pin_list>
<pin id="279" dir="0" index="0" bw="16" slack="1"/>
<pin id="280" dir="1" index="1" bw="16" slack="1"/>
</pin_list>
<bind>
<opset="tmp_5_3 "/>
</bind>
</comp>

</comp_list>

<net_list>
<net id="58"><net_src comp="8" pin="0"/><net_sink comp="54" pin=0"/></net>

<net id="59"><net_src comp="6" pin="0"/><net_sink comp="54" pin=1"/></net>

<net id="64"><net_src comp="8" pin="0"/><net_sink comp="60" pin=0"/></net>

<net id="65"><net_src comp="4" pin="0"/><net_sink comp="60" pin=1"/></net>

<net id="70"><net_src comp="8" pin="0"/><net_sink comp="66" pin=0"/></net>

<net id="71"><net_src comp="2" pin="0"/><net_sink comp="66" pin=1"/></net>

<net id="76"><net_src comp="8" pin="0"/><net_sink comp="72" pin=0"/></net>

<net id="77"><net_src comp="0" pin="0"/><net_sink comp="72" pin=1"/></net>

<net id="149"><net_src comp="10" pin="0"/><net_sink comp="79" pin=1"/></net>

<net id="153"><net_src comp="18" pin="0"/><net_sink comp="81" pin=1"/></net>

<net id="157"><net_src comp="24" pin="0"/><net_sink comp="78" pin=1"/></net>

<net id="161"><net_src comp="30" pin="0"/><net_sink comp="80" pin=1"/></net>

<net id="178"><net_src comp="72" pin="2"/><net_sink comp="175" pin=0"/></net>

<net id="179"><net_src comp="175" pin="1"/><net_sink comp="79" pin=0"/></net>

<net id="186"><net_src comp="12" pin="0"/><net_sink comp="180" pin=0"/></net>

<net id="187"><net_src comp="79" pin="2"/><net_sink comp="180" pin=1"/></net>

<net id="188"><net_src comp="14" pin="0"/><net_sink comp="180" pin=2"/></net>

<net id="189"><net_src comp="16" pin="0"/><net_sink comp="180" pin=3"/></net>

<net id="193"><net_src comp="66" pin="2"/><net_sink comp="190" pin=0"/></net>

<net id="194"><net_src comp="190" pin="1"/><net_sink comp="81" pin=0"/></net>

<net id="201"><net_src comp="20" pin="0"/><net_sink comp="195" pin=0"/></net>

<net id="202"><net_src comp="81" pin="2"/><net_sink comp="195" pin=1"/></net>

<net id="203"><net_src comp="14" pin="0"/><net_sink comp="195" pin=2"/></net>

<net id="204"><net_src comp="22" pin="0"/><net_sink comp="195" pin=3"/></net>

<net id="208"><net_src comp="60" pin="2"/><net_sink comp="205" pin=0"/></net>

<net id="209"><net_src comp="205" pin="1"/><net_sink comp="78" pin=0"/></net>

<net id="216"><net_src comp="26" pin="0"/><net_sink comp="210" pin=0"/></net>

<net id="217"><net_src comp="78" pin="2"/><net_sink comp="210" pin=1"/></net>

<net id="218"><net_src comp="14" pin="0"/><net_sink comp="210" pin=2"/></net>

<net id="219"><net_src comp="28" pin="0"/><net_sink comp="210" pin=3"/></net>

<net id="223"><net_src comp="54" pin="2"/><net_sink comp="220" pin=0"/></net>

<net id="224"><net_src comp="220" pin="1"/><net_sink comp="80" pin=0"/></net>

<net id="231"><net_src comp="12" pin="0"/><net_sink comp="225" pin=0"/></net>

<net id="232"><net_src comp="80" pin="2"/><net_sink comp="225" pin=1"/></net>

<net id="233"><net_src comp="14" pin="0"/><net_sink comp="225" pin=2"/></net>

<net id="234"><net_src comp="16" pin="0"/><net_sink comp="225" pin=3"/></net>

<net id="245"><net_src comp="235" pin="1"/><net_sink comp="241" pin=1"/></net>

<net id="250"><net_src comp="50" pin="0"/><net_sink comp="246" pin=1"/></net>

<net id="255"><net_src comp="246" pin="2"/><net_sink comp="251" pin=0"/></net>

<net id="256"><net_src comp="238" pin="1"/><net_sink comp="251" pin=1"/></net>

<net id="261"><net_src comp="251" pin="2"/><net_sink comp="257" pin=0"/></net>

<net id="262"><net_src comp="241" pin="2"/><net_sink comp="257" pin=1"/></net>

<net id="266"><net_src comp="180" pin="4"/><net_sink comp="263" pin=0"/></net>

<net id="267"><net_src comp="263" pin="1"/><net_sink comp="241" pin=0"/></net>

<net id="271"><net_src comp="195" pin="4"/><net_sink comp="268" pin=0"/></net>

<net id="272"><net_src comp="268" pin="1"/><net_sink comp="235" pin=0"/></net>

<net id="276"><net_src comp="210" pin="4"/><net_sink comp="273" pin=0"/></net>

<net id="277"><net_src comp="273" pin="1"/><net_sink comp="238" pin=0"/></net>

<net id="281"><net_src comp="225" pin="4"/><net_sink comp="278" pin=0"/></net>

<net id="282"><net_src comp="278" pin="1"/><net_sink comp="246" pin=0"/></net>

</net_list>

</model> 
---------------- Datapath Model END ------------------

* FSMD analyzer results:
  - Output states:
	Port: data_0_V_read | {}
	Port: data_1_V_read | {}
	Port: data_2_V_read | {}
	Port: data_3_V_read | {}
 - Input state : 
	Port: dense_latency<ap_fixed<16, 6, 5, 3, 0>, ap_fixed<16, 6, 5, 3, 0>, config6>.0.0 : data_0_V_read | {1 }
	Port: dense_latency<ap_fixed<16, 6, 5, 3, 0>, ap_fixed<16, 6, 5, 3, 0>, config6>.0.0 : data_1_V_read | {1 }
	Port: dense_latency<ap_fixed<16, 6, 5, 3, 0>, ap_fixed<16, 6, 5, 3, 0>, config6>.0.0 : data_2_V_read | {1 }
	Port: dense_latency<ap_fixed<16, 6, 5, 3, 0>, ap_fixed<16, 6, 5, 3, 0>, config6>.0.0 : data_3_V_read | {1 }
  - Chain level:
	State 1
		r_V_6 : 1
		tmp_5 : 2
		r_V_6_1 : 1
		tmp_6 : 2
		r_V_6_2 : 1
		tmp_9 : 2
		r_V_6_3 : 1
		tmp_5_3 : 2
	State 2
		tmp : 1
		tmp1 : 1
		res_V_write_assign : 2
		StgValue_29 : 3


============================================================
+ Verbose Summary: Datapath Resource usage 
============================================================

* Functional unit list:
|----------|----------------------------|---------|---------|---------|
| Operation|       Functional Unit      |  DSP48E |    FF   |   LUT   |
|----------|----------------------------|---------|---------|---------|
|          |         tmp_fu_241         |    0    |    0    |    16   |
|    add   |         tmp2_fu_246        |    0    |    0    |    16   |
|          |         tmp1_fu_251        |    0    |    0    |    16   |
|          |  res_V_write_assign_fu_257 |    0    |    0    |    16   |
|----------|----------------------------|---------|---------|---------|
|          |        r_V_6_2_fu_78       |    1    |    0    |    6    |
|    mul   |         r_V_6_fu_79        |    1    |    0    |    6    |
|          |        r_V_6_3_fu_80       |    1    |    0    |    6    |
|          |        r_V_6_1_fu_81       |    1    |    0    |    6    |
|----------|----------------------------|---------|---------|---------|
|          | data_3_V_read_3_read_fu_54 |    0    |    0    |    0    |
|   read   | data_2_V_read_3_read_fu_60 |    0    |    0    |    0    |
|          | data_1_V_read_3_read_fu_66 |    0    |    0    |    0    |
|          | data_0_V_read_3_read_fu_72 |    0    |    0    |    0    |
|----------|----------------------------|---------|---------|---------|
|          |       r_V_cast_fu_175      |    0    |    0    |    0    |
|          |      r_V_1_cast_fu_190     |    0    |    0    |    0    |
|   sext   |      r_V_2_cast_fu_205     |    0    |    0    |    0    |
|          |      r_V_3_cast_fu_220     |    0    |    0    |    0    |
|          |        tmp_7_fu_235        |    0    |    0    |    0    |
|          |        tmp_s_fu_238        |    0    |    0    |    0    |
|----------|----------------------------|---------|---------|---------|
|          |        tmp_5_fu_180        |    0    |    0    |    0    |
|partselect|        tmp_6_fu_195        |    0    |    0    |    0    |
|          |        tmp_9_fu_210        |    0    |    0    |    0    |
|          |       tmp_5_3_fu_225       |    0    |    0    |    0    |
|----------|----------------------------|---------|---------|---------|
|   Total  |                            |    4    |    0    |    88   |
|----------|----------------------------|---------|---------|---------|

Memories:
N/A

* Register list:
+---------------+--------+
|               |   FF   |
+---------------+--------+
|tmp_5_3_reg_278|   16   |
| tmp_5_reg_263 |   16   |
| tmp_6_reg_268 |   13   |
| tmp_9_reg_273 |   15   |
+---------------+--------+
|     Total     |   60   |
+---------------+--------+

* Multiplexer (MUX) list: 
|--------|------|------|------|--------|
|  Comp  |  Pin | Size |  BW  | S x BW |
|--------|------|------|------|--------|
|  Total |      |      |      |    0   |
|--------|------|------|------|--------|



* Summary:
+-----------+--------+--------+--------+
|           | DSP48E |   FF   |   LUT  |
+-----------+--------+--------+--------+
|  Function |    4   |    0   |   88   |
|   Memory  |    -   |    -   |    -   |
|Multiplexer|    -   |    -   |    -   |
|  Register |    -   |   60   |    -   |
+-----------+--------+--------+--------+
|   Total   |    4   |   60   |   88   |
+-----------+--------+--------+--------+
