

================================================================
== Vivado HLS Report for 'dense_latency_ap_fixed_ap_fixed_16_6_5_3_0_config2_0_0_0_0_0_0_0_0_0'
================================================================
* Date:           Wed Oct 18 15:01:03 2023

* Version:        2018.3 (Build 2405991 on Thu Dec 06 23:56:15 MST 2018)
* Project:        myproject_prj
* Solution:       solution1
* Product family: virtex7
* Target device:  xc7vx485tffg1761-2


================================================================
== Performance Estimates
================================================================
+ Timing (ns): 
    * Summary: 
    +--------+-------+----------+------------+
    |  Clock | Target| Estimated| Uncertainty|
    +--------+-------+----------+------------+
    |ap_clk  |   5.00|     4.028|        0.62|
    +--------+-------+----------+------------+

+ Latency (clock cycles): 
    * Summary: 
    +-----+-----+-----+-----+----------+
    |  Latency  |  Interval | Pipeline |
    | min | max | min | max |   Type   |
    +-----+-----+-----+-----+----------+
    |    1|    1|    1|    1| function |
    +-----+-----+-----+-----+----------+

    + Detail: 
        * Instance: 
        N/A

        * Loop: 
        N/A



================================================================
== Utilization Estimates
================================================================
* Summary: 
+-----------------+---------+-------+--------+--------+
|       Name      | BRAM_18K| DSP48E|   FF   |   LUT  |
+-----------------+---------+-------+--------+--------+
|DSP              |        -|      -|       -|       -|
|Expression       |        -|     13|       0|     442|
|FIFO             |        -|      -|       -|       -|
|Instance         |        -|      -|       -|       -|
|Memory           |        -|      -|       -|       -|
|Multiplexer      |        -|      -|       -|      72|
|Register         |        -|      -|     363|       -|
+-----------------+---------+-------+--------+--------+
|Total            |        0|     13|     363|     514|
+-----------------+---------+-------+--------+--------+
|Available        |     2060|   2800|  607200|  303600|
+-----------------+---------+-------+--------+--------+
|Utilization (%)  |        0|   ~0  |   ~0   |   ~0   |
+-----------------+---------+-------+--------+--------+

+ Detail: 
    * Instance: 
    N/A

    * DSP48: 
    N/A

    * Memory: 
    N/A

    * FIFO: 
    N/A

    * Expression: 
    +---------------------------------+----------+-------+---+----+------------+------------+
    |          Variable Name          | Operation| DSP48E| FF| LUT| Bitwidth P0| Bitwidth P1|
    +---------------------------------+----------+-------+---+----+------------+------------+
    |r_V_10_0_1_fu_126_p2             |     *    |      1|  0|   6|          10|          16|
    |r_V_10_0_2_fu_130_p2             |     *    |      1|  0|   6|           7|          16|
    |r_V_10_0_3_fu_131_p2             |     *    |      1|  0|   6|          11|          16|
    |r_V_10_0_4_fu_120_p2             |     *    |      1|  0|   6|           9|          16|
    |r_V_10_0_5_fu_132_p2             |     *    |      1|  0|   6|           7|          16|
    |r_V_10_0_6_fu_118_p2             |     *    |      1|  0|   6|           9|          16|
    |r_V_10_1_1_fu_124_p2             |     *    |      1|  0|   6|          10|          16|
    |r_V_10_1_2_fu_127_p2             |     *    |      1|  0|   6|          12|          16|
    |r_V_10_1_3_fu_121_p2             |     *    |      1|  0|   6|           9|          16|
    |r_V_10_1_4_fu_133_p2             |     *    |      1|  0|   6|          11|          16|
    |r_V_10_1_6_fu_122_p2             |     *    |      1|  0|   6|          11|          16|
    |r_V_10_1_7_fu_125_p2             |     *    |      1|  0|   6|          10|          16|
    |r_V_s_fu_119_p2                  |     *    |      1|  0|   6|          11|          16|
    |acc_1_V_fu_1374_p2               |     +    |      0|  0|  16|          16|          16|
    |acc_2_V_fu_1384_p2               |     +    |      0|  0|  16|          16|          16|
    |acc_3_V_fu_1395_p2               |     +    |      0|  0|  16|          16|          16|
    |acc_4_V_fu_1405_p2               |     +    |      0|  0|  16|          16|          16|
    |acc_5_V_fu_1421_p2               |     +    |      0|  0|  22|          15|          15|
    |acc_6_V_fu_1436_p2               |     +    |      0|  0|  16|          16|          16|
    |acc_7_V_fu_1446_p2               |     +    |      0|  0|  16|          16|          16|
    |r_V_10_1_fu_1292_p2              |     +    |      0|  0|  27|          20|          20|
    |res_0_V_write_assign_fu_1364_p2  |     +    |      0|  0|  23|          16|          16|
    |tmp10_fu_1400_p2                 |     +    |      0|  0|  16|           6|          16|
    |tmp11_fu_1411_p2                 |     +    |      0|  0|  20|           8|          13|
    |tmp12_fu_1431_p2                 |     +    |      0|  0|  16|          11|          16|
    |tmp13_fu_1441_p2                 |     +    |      0|  0|  16|           9|          16|
    |tmp6_fu_1354_p2                  |     +    |      0|  0|  18|           8|          11|
    |tmp7_fu_1369_p2                  |     +    |      0|  0|  16|           8|          16|
    |tmp8_fu_1379_p2                  |     +    |      0|  0|  16|           9|          16|
    |tmp9_fu_1390_p2                  |     +    |      0|  0|  16|           8|          16|
    |r_V_10_0_7_fu_1262_p2            |     -    |      0|  0|  33|          26|          26|
    |r_V_10_1_5_fu_1334_p2            |     -    |      0|  0|  29|          22|          22|
    +---------------------------------+----------+-------+---+----+------------+------------+
    |Total                            |          |     13|  0| 442|         389|         523|
    +---------------------------------+----------+-------+---+----+------------+------------+

    * Multiplexer: 
    +-------------+----+-----------+-----+-----------+
    |     Name    | LUT| Input Size| Bits| Total Bits|
    +-------------+----+-----------+-----+-----------+
    |ap_return_0  |   9|          2|   16|         32|
    |ap_return_1  |   9|          2|   16|         32|
    |ap_return_2  |   9|          2|   16|         32|
    |ap_return_3  |   9|          2|   16|         32|
    |ap_return_4  |   9|          2|   16|         32|
    |ap_return_5  |   9|          2|   16|         32|
    |ap_return_6  |   9|          2|   16|         32|
    |ap_return_7  |   9|          2|   16|         32|
    +-------------+----+-----------+-----+-----------+
    |Total        |  72|         16|  128|        256|
    +-------------+----+-----------+-----+-----------+

    * Register: 
    +---------------------+----+----+-----+-----------+
    |         Name        | FF | LUT| Bits| Const Bits|
    +---------------------+----+----+-----+-----------+
    |ap_ce_reg            |   1|   0|    1|          0|
    |ap_return_0_int_reg  |  16|   0|   16|          0|
    |ap_return_1_int_reg  |  16|   0|   16|          0|
    |ap_return_2_int_reg  |  16|   0|   16|          0|
    |ap_return_3_int_reg  |  16|   0|   16|          0|
    |ap_return_4_int_reg  |  16|   0|   16|          0|
    |ap_return_5_int_reg  |  16|   0|   16|          0|
    |ap_return_6_int_reg  |  16|   0|   16|          0|
    |ap_return_7_int_reg  |  16|   0|   16|          0|
    |tmp_21_reg_1526      |  15|   0|   15|          0|
    |tmp_27_reg_1531      |  14|   0|   14|          0|
    |tmp_2_reg_1541       |  16|   0|   16|          0|
    |tmp_33_0_1_reg_1511  |  16|   0|   16|          0|
    |tmp_33_0_3_reg_1521  |  16|   0|   16|          0|
    |tmp_33_0_6_reg_1536  |  16|   0|   16|          0|
    |tmp_33_1_1_reg_1549  |  16|   0|   16|          0|
    |tmp_33_1_2_reg_1554  |  16|   0|   16|          0|
    |tmp_33_1_3_reg_1559  |  16|   0|   16|          0|
    |tmp_33_1_4_reg_1564  |  16|   0|   16|          0|
    |tmp_33_1_6_reg_1569  |  16|   0|   16|          0|
    |tmp_33_1_7_reg_1574  |  16|   0|   16|          0|
    |tmp_3_reg_1506       |  16|   0|   16|          0|
    |tmp_reg_1500         |  16|   0|   16|          0|
    |tmp_s_reg_1516       |  13|   0|   13|          0|
    +---------------------+----+----+-----+-----------+
    |Total                | 363|   0|  363|          0|
    +---------------------+----+----+-----+-----------+



================================================================
== Interface
================================================================
* Summary: 
+-------------+-----+-----+------------+------------------------------------------------------------------------+--------------+
|  RTL Ports  | Dir | Bits|  Protocol  |                              Source Object                             |    C Type    |
+-------------+-----+-----+------------+------------------------------------------------------------------------+--------------+
|ap_clk       |  in |    1| ap_ctrl_hs | dense_latency<ap_fixed,ap_fixed<16,6,5,3,0>,config2>.0.0.0.0.0.0.0.0.0 | return value |
|ap_rst       |  in |    1| ap_ctrl_hs | dense_latency<ap_fixed,ap_fixed<16,6,5,3,0>,config2>.0.0.0.0.0.0.0.0.0 | return value |
|ap_return_0  | out |   16| ap_ctrl_hs | dense_latency<ap_fixed,ap_fixed<16,6,5,3,0>,config2>.0.0.0.0.0.0.0.0.0 | return value |
|ap_return_1  | out |   16| ap_ctrl_hs | dense_latency<ap_fixed,ap_fixed<16,6,5,3,0>,config2>.0.0.0.0.0.0.0.0.0 | return value |
|ap_return_2  | out |   16| ap_ctrl_hs | dense_latency<ap_fixed,ap_fixed<16,6,5,3,0>,config2>.0.0.0.0.0.0.0.0.0 | return value |
|ap_return_3  | out |   16| ap_ctrl_hs | dense_latency<ap_fixed,ap_fixed<16,6,5,3,0>,config2>.0.0.0.0.0.0.0.0.0 | return value |
|ap_return_4  | out |   16| ap_ctrl_hs | dense_latency<ap_fixed,ap_fixed<16,6,5,3,0>,config2>.0.0.0.0.0.0.0.0.0 | return value |
|ap_return_5  | out |   16| ap_ctrl_hs | dense_latency<ap_fixed,ap_fixed<16,6,5,3,0>,config2>.0.0.0.0.0.0.0.0.0 | return value |
|ap_return_6  | out |   16| ap_ctrl_hs | dense_latency<ap_fixed,ap_fixed<16,6,5,3,0>,config2>.0.0.0.0.0.0.0.0.0 | return value |
|ap_return_7  | out |   16| ap_ctrl_hs | dense_latency<ap_fixed,ap_fixed<16,6,5,3,0>,config2>.0.0.0.0.0.0.0.0.0 | return value |
|ap_ce        |  in |    1| ap_ctrl_hs | dense_latency<ap_fixed,ap_fixed<16,6,5,3,0>,config2>.0.0.0.0.0.0.0.0.0 | return value |
|data_V_read  |  in |   32|   ap_none  |                               data_V_read                              |    scalar    |
+-------------+-----+-----+------------+------------------------------------------------------------------------+--------------+

