

================================================================
== Vivado HLS Report for 'dense_latency_0_0_0_0_0_0_0_0_0_0_0_0_0_0_0_0_0_0_0_0_0_0_0_0_0_0_0_0_0_0_0_0_0'
================================================================
* Date:           Wed Oct 18 13:28:38 2023

* Version:        2018.3 (Build 2405991 on Thu Dec 06 23:56:15 MST 2018)
* Project:        myproject_prj
* Solution:       solution1
* Product family: virtex7
* Target device:  xc7vx485tffg1761-2


================================================================
== Performance Estimates
================================================================
+ Timing (ns): 
    * Summary: 
    +--------+-------+----------+------------+
    |  Clock | Target| Estimated| Uncertainty|
    +--------+-------+----------+------------+
    |ap_clk  |   5.00|     4.022|        0.62|
    +--------+-------+----------+------------+

+ Latency (clock cycles): 
    * Summary: 
    +-----+-----+-----+-----+----------+
    |  Latency  |  Interval | Pipeline |
    | min | max | min | max |   Type   |
    +-----+-----+-----+-----+----------+
    |    1|    1|    1|    1| function |
    +-----+-----+-----+-----+----------+

    + Detail: 
        * Instance: 
        N/A

        * Loop: 
        N/A



================================================================
== Utilization Estimates
================================================================
* Summary: 
+-----------------+---------+-------+--------+--------+
|       Name      | BRAM_18K| DSP48E|   FF   |   LUT  |
+-----------------+---------+-------+--------+--------+
|DSP              |        -|      -|       -|       -|
|Expression       |        -|     48|       0|    1851|
|FIFO             |        -|      -|       -|       -|
|Instance         |        -|      -|       -|       -|
|Memory           |        -|      -|       -|       -|
|Multiplexer      |        -|      -|       -|     288|
|Register         |        -|      -|    1329|       -|
+-----------------+---------+-------+--------+--------+
|Total            |        0|     48|    1329|    2139|
+-----------------+---------+-------+--------+--------+
|Available        |     2060|   2800|  607200|  303600|
+-----------------+---------+-------+--------+--------+
|Utilization (%)  |        0|      1|   ~0   |   ~0   |
+-----------------+---------+-------+--------+--------+

+ Detail: 
    * Instance: 
    N/A

    * DSP48: 
    N/A

    * Memory: 
    N/A

    * FIFO: 
    N/A

    * Expression: 
    +----------------------------------+----------+-------+---+----+------------+------------+
    |           Variable Name          | Operation| DSP48E| FF| LUT| Bitwidth P0| Bitwidth P1|
    +----------------------------------+----------+-------+---+----+------------+------------+
    |r_V_10_0_10_fu_293_p2             |     *    |      1|  0|   6|           6|          16|
    |r_V_10_0_11_fu_269_p2             |     *    |      1|  0|   6|           8|          16|
    |r_V_10_0_13_fu_257_p2             |     *    |      1|  0|   6|           8|          16|
    |r_V_10_0_14_fu_307_p2             |     *    |      1|  0|   6|           9|          16|
    |r_V_10_0_15_fu_256_p2             |     *    |      1|  0|   6|           8|          16|
    |r_V_10_0_16_fu_262_p2             |     *    |      1|  0|   6|           5|          16|
    |r_V_10_0_17_fu_291_p2             |     *    |      1|  0|   6|           9|          16|
    |r_V_10_0_18_fu_292_p2             |     *    |      1|  0|   6|           9|          16|
    |r_V_10_0_19_fu_290_p2             |     *    |      1|  0|   6|           9|          16|
    |r_V_10_0_1_fu_273_p2              |     *    |      1|  0|   6|           6|          16|
    |r_V_10_0_21_fu_313_p2             |     *    |      1|  0|   6|           9|          16|
    |r_V_10_0_22_fu_265_p2             |     *    |      1|  0|   6|           9|          16|
    |r_V_10_0_23_fu_264_p2             |     *    |      1|  0|   6|           9|          16|
    |r_V_10_0_26_fu_255_p2             |     *    |      1|  0|   6|           8|          16|
    |r_V_10_0_29_fu_301_p2             |     *    |      1|  0|   6|           6|          16|
    |r_V_10_0_2_fu_272_p2              |     *    |      1|  0|   6|           9|          16|
    |r_V_10_0_30_fu_302_p2             |     *    |      1|  0|   6|           8|          16|
    |r_V_10_0_3_fu_300_p2              |     *    |      1|  0|   6|           8|          16|
    |r_V_10_0_5_fu_285_p2              |     *    |      1|  0|   6|           8|          16|
    |r_V_10_0_6_fu_310_p2              |     *    |      1|  0|   6|           7|          16|
    |r_V_10_0_8_fu_317_p2              |     *    |      1|  0|   6|           9|          16|
    |r_V_10_0_9_fu_309_p2              |     *    |      1|  0|   6|           9|          16|
    |r_V_10_0_s_fu_280_p2              |     *    |      1|  0|   6|           9|          16|
    |r_V_10_1_11_fu_260_p2             |     *    |      1|  0|   6|           9|          16|
    |r_V_10_1_12_fu_271_p2             |     *    |      1|  0|   6|          10|          16|
    |r_V_10_1_14_fu_270_p2             |     *    |      1|  0|   6|           8|          16|
    |r_V_10_1_15_fu_294_p2             |     *    |      1|  0|   6|           9|          16|
    |r_V_10_1_16_fu_288_p2             |     *    |      1|  0|   6|           8|          16|
    |r_V_10_1_18_fu_287_p2             |     *    |      1|  0|   6|           8|          16|
    |r_V_10_1_19_fu_308_p2             |     *    |      1|  0|   6|           7|          16|
    |r_V_10_1_1_fu_259_p2              |     *    |      1|  0|   6|          10|          16|
    |r_V_10_1_20_fu_314_p2             |     *    |      1|  0|   6|           8|          16|
    |r_V_10_1_22_fu_278_p2             |     *    |      1|  0|   6|          10|          16|
    |r_V_10_1_23_fu_305_p2             |     *    |      1|  0|   6|           9|          16|
    |r_V_10_1_24_fu_267_p2             |     *    |      1|  0|   6|           7|          16|
    |r_V_10_1_25_fu_304_p2             |     *    |      1|  0|   6|           9|          16|
    |r_V_10_1_27_fu_315_p2             |     *    |      1|  0|   6|           9|          16|
    |r_V_10_1_28_fu_279_p2             |     *    |      1|  0|   6|           9|          16|
    |r_V_10_1_2_fu_275_p2              |     *    |      1|  0|   6|          10|          16|
    |r_V_10_1_3_fu_298_p2              |     *    |      1|  0|   6|           9|          16|
    |r_V_10_1_4_fu_311_p2              |     *    |      1|  0|   6|           8|          16|
    |r_V_10_1_5_fu_268_p2              |     *    |      1|  0|   6|           9|          16|
    |r_V_10_1_7_fu_299_p2              |     *    |      1|  0|   6|           9|          16|
    |r_V_10_1_8_fu_316_p2              |     *    |      1|  0|   6|           9|          16|
    |r_V_10_1_9_fu_266_p2              |     *    |      1|  0|   6|           9|          16|
    |r_V_10_1_fu_261_p2                |     *    |      1|  0|   6|           9|          16|
    |r_V_10_1_s_fu_283_p2              |     *    |      1|  0|   6|          10|          16|
    |r_V_s_fu_295_p2                   |     *    |      1|  0|   6|           8|          16|
    |acc_10_V_fu_14196_p2              |     +    |      0|  0|  16|          16|          16|
    |acc_11_V_fu_14208_p2              |     +    |      0|  0|  16|          15|          15|
    |acc_12_V_fu_14224_p2              |     +    |      0|  0|  16|          16|          16|
    |acc_13_V_fu_14235_p2              |     +    |      0|  0|  16|          16|          16|
    |acc_14_V_fu_14251_p2              |     +    |      0|  0|  23|          16|          16|
    |acc_15_V_fu_14267_p2              |     +    |      0|  0|  23|          16|          16|
    |acc_16_V_fu_14279_p2              |     +    |      0|  0|  16|          16|          16|
    |acc_17_V_fu_14291_p2              |     +    |      0|  0|  16|          16|          16|
    |acc_18_V_fu_14307_p2              |     +    |      0|  0|  23|          16|          16|
    |acc_19_V_fu_14322_p2              |     +    |      0|  0|  23|          16|          16|
    |acc_1_V_fu_14085_p2               |     +    |      0|  0|  16|          16|          16|
    |acc_20_V_fu_14337_p2              |     +    |      0|  0|  23|          16|          16|
    |acc_21_V_fu_14352_p2              |     +    |      0|  0|  23|          16|          16|
    |acc_22_V_fu_14368_p2              |     +    |      0|  0|  23|          16|          16|
    |acc_23_V_fu_14378_p2              |     +    |      0|  0|  16|          16|          16|
    |acc_24_V_fu_14389_p2              |     +    |      0|  0|  16|          16|          16|
    |acc_25_V_fu_14400_p2              |     +    |      0|  0|  16|          15|          15|
    |acc_26_V_fu_14416_p2              |     +    |      0|  0|  16|          16|          16|
    |acc_27_V_fu_14428_p2              |     +    |      0|  0|  16|          16|          16|
    |acc_28_V_fu_14440_p2              |     +    |      0|  0|  16|          16|          16|
    |acc_29_V_fu_14452_p2              |     +    |      0|  0|  16|          16|          16|
    |acc_2_V_fu_14096_p2               |     +    |      0|  0|  16|          16|          16|
    |acc_30_V_fu_14464_p2              |     +    |      0|  0|  16|          15|          15|
    |acc_31_V_fu_14480_p2              |     +    |      0|  0|  16|          16|          16|
    |acc_3_V_fu_14107_p2               |     +    |      0|  0|  16|          16|          16|
    |acc_4_V_fu_14119_p2               |     +    |      0|  0|  16|          16|          16|
    |acc_5_V_fu_14131_p2               |     +    |      0|  0|  16|          16|          16|
    |acc_6_V_fu_14147_p2               |     +    |      0|  0|  22|          15|          15|
    |acc_7_V_fu_14162_p2               |     +    |      0|  0|  16|          16|          16|
    |acc_8_V_fu_14174_p2               |     +    |      0|  0|  16|          16|          16|
    |acc_9_V_fu_14185_p2               |     +    |      0|  0|  16|          16|          16|
    |r_V_10_0_4_fu_13651_p2            |     +    |      0|  0|  30|          23|          23|
    |r_V_10_1_10_fu_13919_p2           |     +    |      0|  0|  31|          24|          24|
    |res_0_V_write_assign_fu_14074_p2  |     +    |      0|  0|  16|          16|          16|
    |tmp29_fu_14068_p2                 |     +    |      0|  0|  16|           7|          16|
    |tmp30_fu_14080_p2                 |     +    |      0|  0|  16|           9|          16|
    |tmp31_fu_14091_p2                 |     +    |      0|  0|  16|           9|          16|
    |tmp32_fu_14102_p2                 |     +    |      0|  0|  16|           9|          16|
    |tmp33_fu_14113_p2                 |     +    |      0|  0|  16|           9|          16|
    |tmp34_fu_14125_p2                 |     +    |      0|  0|  16|           7|          16|
    |tmp35_fu_14137_p2                 |     +    |      0|  0|  15|           8|           8|
    |tmp36_fu_14157_p2                 |     +    |      0|  0|  16|           8|          16|
    |tmp37_fu_14168_p2                 |     +    |      0|  0|  16|           9|          16|
    |tmp38_fu_14180_p2                 |     +    |      0|  0|  16|           9|          16|
    |tmp39_fu_14191_p2                 |     +    |      0|  0|  16|           9|          16|
    |tmp40_fu_14202_p2                 |     +    |      0|  0|  16|           9|          15|
    |tmp41_fu_14218_p2                 |     +    |      0|  0|  16|           9|          16|
    |tmp42_fu_14230_p2                 |     +    |      0|  0|  16|           8|          16|
    |tmp43_fu_14241_p2                 |     +    |      0|  0|  20|           5|          13|
    |tmp44_fu_14257_p2                 |     +    |      0|  0|  22|           8|          15|
    |tmp45_fu_14273_p2                 |     +    |      0|  0|  16|           7|          16|
    |tmp46_fu_14285_p2                 |     +    |      0|  0|  16|           8|          16|
    |tmp47_fu_14297_p2                 |     +    |      0|  0|  18|           7|          11|
    |tmp48_fu_14312_p2                 |     +    |      0|  0|  22|           1|          15|
    |tmp49_fu_14327_p2                 |     +    |      0|  0|  22|           9|          15|
    |tmp50_fu_14342_p2                 |     +    |      0|  0|  22|           9|          15|
    |tmp51_fu_14358_p2                 |     +    |      0|  0|  20|           8|          13|
    |tmp52_fu_14373_p2                 |     +    |      0|  0|  16|           9|          16|
    |tmp53_fu_14384_p2                 |     +    |      0|  0|  16|           9|          16|
    |tmp54_fu_14394_p2                 |     +    |      0|  0|  16|           9|          15|
    |tmp55_fu_14410_p2                 |     +    |      0|  0|  16|           9|          16|
    |tmp56_fu_14422_p2                 |     +    |      0|  0|  16|           7|          16|
    |tmp57_fu_14434_p2                 |     +    |      0|  0|  16|           8|          16|
    |tmp58_fu_14446_p2                 |     +    |      0|  0|  16|           9|          16|
    |tmp59_fu_14458_p2                 |     +    |      0|  0|  16|           8|          15|
    |tmp60_fu_14474_p2                 |     +    |      0|  0|  16|           8|          16|
    |p_neg5_fu_13501_p2                |     -    |      0|  0|  16|           1|          20|
    |p_neg_fu_13183_p2                 |     -    |      0|  0|  31|           1|          24|
    |r_V_10_0_12_fu_13734_p2           |     -    |      0|  0|  29|          22|          22|
    |r_V_10_0_20_fu_13189_p2           |     -    |      0|  0|  31|          24|          24|
    |r_V_10_0_24_fu_13783_p2           |     -    |      0|  0|  30|          23|          23|
    |r_V_10_0_25_fu_13235_p2           |     -    |      0|  0|  31|          24|          24|
    |r_V_10_0_27_fu_13820_p2           |     -    |      0|  0|  31|          24|          24|
    |r_V_10_0_28_fu_13839_p2           |     -    |      0|  0|  31|          24|          24|
    |r_V_10_0_7_fu_13677_p2            |     -    |      0|  0|  30|           1|          23|
    |r_V_10_1_13_fu_13953_p2           |     -    |      0|  0|  29|          22|          22|
    |r_V_10_1_17_fu_13507_p2           |     -    |      0|  0|  16|          20|          20|
    |r_V_10_1_21_fu_13994_p2           |     -    |      0|  0|  29|          22|          22|
    |r_V_10_1_26_fu_14042_p2           |     -    |      0|  0|  32|          25|          25|
    |r_V_10_1_6_fu_13879_p2            |     -    |      0|  0|  24|           1|          17|
    +----------------------------------+----------+-------+---+----+------------+------------+
    |Total                             |          |     48|  0|1851|        1451|        2123|
    +----------------------------------+----------+-------+---+----+------------+------------+

    * Multiplexer: 
    +--------------+----+-----------+-----+-----------+
    |     Name     | LUT| Input Size| Bits| Total Bits|
    +--------------+----+-----------+-----+-----------+
    |ap_return_0   |   9|          2|   16|         32|
    |ap_return_1   |   9|          2|   16|         32|
    |ap_return_10  |   9|          2|   16|         32|
    |ap_return_11  |   9|          2|   16|         32|
    |ap_return_12  |   9|          2|   16|         32|
    |ap_return_13  |   9|          2|   16|         32|
    |ap_return_14  |   9|          2|   16|         32|
    |ap_return_15  |   9|          2|   16|         32|
    |ap_return_16  |   9|          2|   16|         32|
    |ap_return_17  |   9|          2|   16|         32|
    |ap_return_18  |   9|          2|   16|         32|
    |ap_return_19  |   9|          2|   16|         32|
    |ap_return_2   |   9|          2|   16|         32|
    |ap_return_20  |   9|          2|   16|         32|
    |ap_return_21  |   9|          2|   16|         32|
    |ap_return_22  |   9|          2|   16|         32|
    |ap_return_23  |   9|          2|   16|         32|
    |ap_return_24  |   9|          2|   16|         32|
    |ap_return_25  |   9|          2|   16|         32|
    |ap_return_26  |   9|          2|   16|         32|
    |ap_return_27  |   9|          2|   16|         32|
    |ap_return_28  |   9|          2|   16|         32|
    |ap_return_29  |   9|          2|   16|         32|
    |ap_return_3   |   9|          2|   16|         32|
    |ap_return_30  |   9|          2|   16|         32|
    |ap_return_31  |   9|          2|   16|         32|
    |ap_return_4   |   9|          2|   16|         32|
    |ap_return_5   |   9|          2|   16|         32|
    |ap_return_6   |   9|          2|   16|         32|
    |ap_return_7   |   9|          2|   16|         32|
    |ap_return_8   |   9|          2|   16|         32|
    |ap_return_9   |   9|          2|   16|         32|
    +--------------+----+-----------+-----+-----------+
    |Total         | 288|         64|  512|       1024|
    +--------------+----+-----------+-----+-----------+

    * Register: 
    +----------------------+----+----+-----+-----------+
    |         Name         | FF | LUT| Bits| Const Bits|
    +----------------------+----+----+-----+-----------+
    |ap_ce_reg             |   1|   0|    1|          0|
    |ap_return_0_int_reg   |  16|   0|   16|          0|
    |ap_return_10_int_reg  |  16|   0|   16|          0|
    |ap_return_11_int_reg  |  16|   0|   16|          0|
    |ap_return_12_int_reg  |  16|   0|   16|          0|
    |ap_return_13_int_reg  |  16|   0|   16|          0|
    |ap_return_14_int_reg  |  16|   0|   16|          0|
    |ap_return_15_int_reg  |  16|   0|   16|          0|
    |ap_return_16_int_reg  |  16|   0|   16|          0|
    |ap_return_17_int_reg  |  16|   0|   16|          0|
    |ap_return_18_int_reg  |  16|   0|   16|          0|
    |ap_return_19_int_reg  |  16|   0|   16|          0|
    |ap_return_1_int_reg   |  16|   0|   16|          0|
    |ap_return_20_int_reg  |  16|   0|   16|          0|
    |ap_return_21_int_reg  |  16|   0|   16|          0|
    |ap_return_22_int_reg  |  16|   0|   16|          0|
    |ap_return_23_int_reg  |  16|   0|   16|          0|
    |ap_return_24_int_reg  |  16|   0|   16|          0|
    |ap_return_25_int_reg  |  16|   0|   16|          0|
    |ap_return_26_int_reg  |  16|   0|   16|          0|
    |ap_return_27_int_reg  |  16|   0|   16|          0|
    |ap_return_28_int_reg  |  16|   0|   16|          0|
    |ap_return_29_int_reg  |  16|   0|   16|          0|
    |ap_return_2_int_reg   |  16|   0|   16|          0|
    |ap_return_30_int_reg  |  16|   0|   16|          0|
    |ap_return_31_int_reg  |  16|   0|   16|          0|
    |ap_return_3_int_reg   |  16|   0|   16|          0|
    |ap_return_4_int_reg   |  16|   0|   16|          0|
    |ap_return_5_int_reg   |  16|   0|   16|          0|
    |ap_return_6_int_reg   |  16|   0|   16|          0|
    |ap_return_7_int_reg   |  16|   0|   16|          0|
    |ap_return_8_int_reg   |  16|   0|   16|          0|
    |ap_return_9_int_reg   |  16|   0|   16|          0|
    |p_neg_reg_14778       |  17|   0|   24|          7|
    |p_shl10_reg_14884     |  16|   0|   17|          1|
    |tmp_2_reg_14824       |  16|   0|   16|          0|
    |tmp_33_0_1_reg_14768  |  16|   0|   16|          0|
    |tmp_33_0_2_reg_14773  |  16|   0|   16|          0|
    |tmp_33_0_3_reg_14789  |  16|   0|   16|          0|
    |tmp_33_0_4_reg_14799  |  16|   0|   16|          0|
    |tmp_33_0_s_reg_14763  |  16|   0|   16|          0|
    |tmp_33_1_1_reg_14839  |  16|   0|   16|          0|
    |tmp_33_1_2_reg_14844  |  16|   0|   16|          0|
    |tmp_33_1_3_reg_14849  |  16|   0|   16|          0|
    |tmp_33_1_4_reg_14895  |  16|   0|   16|          0|
    |tmp_33_1_5_reg_14935  |  16|   0|   16|          0|
    |tmp_33_1_6_reg_14940  |  16|   0|   16|          0|
    |tmp_33_1_7_reg_14864  |  16|   0|   16|          0|
    |tmp_33_1_9_reg_14874  |  16|   0|   16|          0|
    |tmp_33_1_s_reg_14879  |  16|   0|   16|          0|
    |tmp_370_reg_14693     |  13|   0|   13|          0|
    |tmp_372_reg_14698     |  15|   0|   15|          0|
    |tmp_374_reg_14703     |  15|   0|   15|          0|
    |tmp_378_reg_14708     |  14|   0|   14|          0|
    |tmp_382_reg_14718     |  15|   0|   15|          0|
    |tmp_384_reg_14723     |  15|   0|   15|          0|
    |tmp_386_reg_14728     |  15|   0|   15|          0|
    |tmp_388_reg_14738     |  15|   0|   15|          0|
    |tmp_392_reg_14743     |  15|   0|   15|          0|
    |tmp_394_reg_14748     |  15|   0|   15|          0|
    |tmp_396_reg_14753     |  14|   0|   14|          0|
    |tmp_398_reg_14758     |  12|   0|   12|          0|
    |tmp_400_reg_14784     |  14|   0|   14|          0|
    |tmp_402_reg_14794     |  15|   0|   15|          0|
    |tmp_404_reg_14804     |  14|   0|   14|          0|
    |tmp_406_reg_14809     |  14|   0|   14|          0|
    |tmp_412_reg_14819     |  14|   0|   14|          0|
    |tmp_414_reg_14834     |  15|   0|   15|          0|
    |tmp_416_reg_14854     |  15|   0|   15|          0|
    |tmp_418_reg_14859     |  15|   0|   15|          0|
    |tmp_420_reg_14869     |  15|   0|   15|          0|
    |tmp_422_reg_14890     |  15|   0|   15|          0|
    |tmp_425_reg_14905     |  15|   0|   15|          0|
    |tmp_427_reg_14910     |  15|   0|   15|          0|
    |tmp_429_reg_14950     |  15|   0|   15|          0|
    |tmp_433_reg_14955     |  15|   0|   15|          0|
    |tmp_435_reg_14960     |  15|   0|   15|          0|
    |tmp_659_reg_14713     |  14|   0|   14|          0|
    |tmp_660_reg_14733     |  13|   0|   13|          0|
    |tmp_662_reg_14814     |  12|   0|   12|          0|
    |tmp_666_reg_14900     |  14|   0|   14|          0|
    |tmp_667_reg_14915     |  10|   0|   10|          0|
    |tmp_668_reg_14920     |  14|   0|   14|          0|
    |tmp_669_reg_14925     |  14|   0|   14|          0|
    |tmp_670_reg_14930     |  14|   0|   14|          0|
    |tmp_672_reg_14945     |  14|   0|   14|          0|
    |tmp_reg_14678         |  16|   0|   16|          0|
    |tmp_s_reg_14688       |  14|   0|   14|          0|
    +----------------------+----+----+-----+-----------+
    |Total                 |1329|   0| 1337|          8|
    +----------------------+----+----+-----+-----------+



================================================================
== Interface
================================================================
* Summary: 
+--------------+-----+-----+------------+---------------------------------------------------------------------------------+--------------+
|   RTL Ports  | Dir | Bits|  Protocol  |                                  Source Object                                  |    C Type    |
+--------------+-----+-----+------------+---------------------------------------------------------------------------------+--------------+
|ap_clk        |  in |    1| ap_ctrl_hs | dense_latency.0.0.0.0.0.0.0.0.0.0.0.0.0.0.0.0.0.0.0.0.0.0.0.0.0.0.0.0.0.0.0.0.0 | return value |
|ap_rst        |  in |    1| ap_ctrl_hs | dense_latency.0.0.0.0.0.0.0.0.0.0.0.0.0.0.0.0.0.0.0.0.0.0.0.0.0.0.0.0.0.0.0.0.0 | return value |
|ap_return_0   | out |   16| ap_ctrl_hs | dense_latency.0.0.0.0.0.0.0.0.0.0.0.0.0.0.0.0.0.0.0.0.0.0.0.0.0.0.0.0.0.0.0.0.0 | return value |
|ap_return_1   | out |   16| ap_ctrl_hs | dense_latency.0.0.0.0.0.0.0.0.0.0.0.0.0.0.0.0.0.0.0.0.0.0.0.0.0.0.0.0.0.0.0.0.0 | return value |
|ap_return_2   | out |   16| ap_ctrl_hs | dense_latency.0.0.0.0.0.0.0.0.0.0.0.0.0.0.0.0.0.0.0.0.0.0.0.0.0.0.0.0.0.0.0.0.0 | return value |
|ap_return_3   | out |   16| ap_ctrl_hs | dense_latency.0.0.0.0.0.0.0.0.0.0.0.0.0.0.0.0.0.0.0.0.0.0.0.0.0.0.0.0.0.0.0.0.0 | return value |
|ap_return_4   | out |   16| ap_ctrl_hs | dense_latency.0.0.0.0.0.0.0.0.0.0.0.0.0.0.0.0.0.0.0.0.0.0.0.0.0.0.0.0.0.0.0.0.0 | return value |
|ap_return_5   | out |   16| ap_ctrl_hs | dense_latency.0.0.0.0.0.0.0.0.0.0.0.0.0.0.0.0.0.0.0.0.0.0.0.0.0.0.0.0.0.0.0.0.0 | return value |
|ap_return_6   | out |   16| ap_ctrl_hs | dense_latency.0.0.0.0.0.0.0.0.0.0.0.0.0.0.0.0.0.0.0.0.0.0.0.0.0.0.0.0.0.0.0.0.0 | return value |
|ap_return_7   | out |   16| ap_ctrl_hs | dense_latency.0.0.0.0.0.0.0.0.0.0.0.0.0.0.0.0.0.0.0.0.0.0.0.0.0.0.0.0.0.0.0.0.0 | return value |
|ap_return_8   | out |   16| ap_ctrl_hs | dense_latency.0.0.0.0.0.0.0.0.0.0.0.0.0.0.0.0.0.0.0.0.0.0.0.0.0.0.0.0.0.0.0.0.0 | return value |
|ap_return_9   | out |   16| ap_ctrl_hs | dense_latency.0.0.0.0.0.0.0.0.0.0.0.0.0.0.0.0.0.0.0.0.0.0.0.0.0.0.0.0.0.0.0.0.0 | return value |
|ap_return_10  | out |   16| ap_ctrl_hs | dense_latency.0.0.0.0.0.0.0.0.0.0.0.0.0.0.0.0.0.0.0.0.0.0.0.0.0.0.0.0.0.0.0.0.0 | return value |
|ap_return_11  | out |   16| ap_ctrl_hs | dense_latency.0.0.0.0.0.0.0.0.0.0.0.0.0.0.0.0.0.0.0.0.0.0.0.0.0.0.0.0.0.0.0.0.0 | return value |
|ap_return_12  | out |   16| ap_ctrl_hs | dense_latency.0.0.0.0.0.0.0.0.0.0.0.0.0.0.0.0.0.0.0.0.0.0.0.0.0.0.0.0.0.0.0.0.0 | return value |
|ap_return_13  | out |   16| ap_ctrl_hs | dense_latency.0.0.0.0.0.0.0.0.0.0.0.0.0.0.0.0.0.0.0.0.0.0.0.0.0.0.0.0.0.0.0.0.0 | return value |
|ap_return_14  | out |   16| ap_ctrl_hs | dense_latency.0.0.0.0.0.0.0.0.0.0.0.0.0.0.0.0.0.0.0.0.0.0.0.0.0.0.0.0.0.0.0.0.0 | return value |
|ap_return_15  | out |   16| ap_ctrl_hs | dense_latency.0.0.0.0.0.0.0.0.0.0.0.0.0.0.0.0.0.0.0.0.0.0.0.0.0.0.0.0.0.0.0.0.0 | return value |
|ap_return_16  | out |   16| ap_ctrl_hs | dense_latency.0.0.0.0.0.0.0.0.0.0.0.0.0.0.0.0.0.0.0.0.0.0.0.0.0.0.0.0.0.0.0.0.0 | return value |
|ap_return_17  | out |   16| ap_ctrl_hs | dense_latency.0.0.0.0.0.0.0.0.0.0.0.0.0.0.0.0.0.0.0.0.0.0.0.0.0.0.0.0.0.0.0.0.0 | return value |
|ap_return_18  | out |   16| ap_ctrl_hs | dense_latency.0.0.0.0.0.0.0.0.0.0.0.0.0.0.0.0.0.0.0.0.0.0.0.0.0.0.0.0.0.0.0.0.0 | return value |
|ap_return_19  | out |   16| ap_ctrl_hs | dense_latency.0.0.0.0.0.0.0.0.0.0.0.0.0.0.0.0.0.0.0.0.0.0.0.0.0.0.0.0.0.0.0.0.0 | return value |
|ap_return_20  | out |   16| ap_ctrl_hs | dense_latency.0.0.0.0.0.0.0.0.0.0.0.0.0.0.0.0.0.0.0.0.0.0.0.0.0.0.0.0.0.0.0.0.0 | return value |
|ap_return_21  | out |   16| ap_ctrl_hs | dense_latency.0.0.0.0.0.0.0.0.0.0.0.0.0.0.0.0.0.0.0.0.0.0.0.0.0.0.0.0.0.0.0.0.0 | return value |
|ap_return_22  | out |   16| ap_ctrl_hs | dense_latency.0.0.0.0.0.0.0.0.0.0.0.0.0.0.0.0.0.0.0.0.0.0.0.0.0.0.0.0.0.0.0.0.0 | return value |
|ap_return_23  | out |   16| ap_ctrl_hs | dense_latency.0.0.0.0.0.0.0.0.0.0.0.0.0.0.0.0.0.0.0.0.0.0.0.0.0.0.0.0.0.0.0.0.0 | return value |
|ap_return_24  | out |   16| ap_ctrl_hs | dense_latency.0.0.0.0.0.0.0.0.0.0.0.0.0.0.0.0.0.0.0.0.0.0.0.0.0.0.0.0.0.0.0.0.0 | return value |
|ap_return_25  | out |   16| ap_ctrl_hs | dense_latency.0.0.0.0.0.0.0.0.0.0.0.0.0.0.0.0.0.0.0.0.0.0.0.0.0.0.0.0.0.0.0.0.0 | return value |
|ap_return_26  | out |   16| ap_ctrl_hs | dense_latency.0.0.0.0.0.0.0.0.0.0.0.0.0.0.0.0.0.0.0.0.0.0.0.0.0.0.0.0.0.0.0.0.0 | return value |
|ap_return_27  | out |   16| ap_ctrl_hs | dense_latency.0.0.0.0.0.0.0.0.0.0.0.0.0.0.0.0.0.0.0.0.0.0.0.0.0.0.0.0.0.0.0.0.0 | return value |
|ap_return_28  | out |   16| ap_ctrl_hs | dense_latency.0.0.0.0.0.0.0.0.0.0.0.0.0.0.0.0.0.0.0.0.0.0.0.0.0.0.0.0.0.0.0.0.0 | return value |
|ap_return_29  | out |   16| ap_ctrl_hs | dense_latency.0.0.0.0.0.0.0.0.0.0.0.0.0.0.0.0.0.0.0.0.0.0.0.0.0.0.0.0.0.0.0.0.0 | return value |
|ap_return_30  | out |   16| ap_ctrl_hs | dense_latency.0.0.0.0.0.0.0.0.0.0.0.0.0.0.0.0.0.0.0.0.0.0.0.0.0.0.0.0.0.0.0.0.0 | return value |
|ap_return_31  | out |   16| ap_ctrl_hs | dense_latency.0.0.0.0.0.0.0.0.0.0.0.0.0.0.0.0.0.0.0.0.0.0.0.0.0.0.0.0.0.0.0.0.0 | return value |
|ap_ce         |  in |    1| ap_ctrl_hs | dense_latency.0.0.0.0.0.0.0.0.0.0.0.0.0.0.0.0.0.0.0.0.0.0.0.0.0.0.0.0.0.0.0.0.0 | return value |
|data_V_read   |  in |   32|   ap_none  |                                   data_V_read                                   |    scalar    |
+--------------+-----+-----+------------+---------------------------------------------------------------------------------+--------------+

