

================================================================
== Vivado HLS Report for 'dense_latency_ap_fixed_16_6_5_3_0_ap_fixed_16_6_5_3_0_config6_0_0'
================================================================
* Date:           Wed Oct 18 13:28:46 2023

* Version:        2018.3 (Build 2405991 on Thu Dec 06 23:56:15 MST 2018)
* Project:        myproject_prj
* Solution:       solution1
* Product family: virtex7
* Target device:  xc7vx485tffg1761-2


================================================================
== Performance Estimates
================================================================
+ Timing (ns): 
    * Summary: 
    +--------+-------+----------+------------+
    |  Clock | Target| Estimated| Uncertainty|
    +--------+-------+----------+------------+
    |ap_clk  |   5.00|     4.082|        0.62|
    +--------+-------+----------+------------+

+ Latency (clock cycles): 
    * Summary: 
    +-----+-----+-----+-----+----------+
    |  Latency  |  Interval | Pipeline |
    | min | max | min | max |   Type   |
    +-----+-----+-----+-----+----------+
    |    2|    2|    1|    1| function |
    +-----+-----+-----+-----+----------+

    + Detail: 
        * Instance: 
        N/A

        * Loop: 
        N/A



================================================================
== Utilization Estimates
================================================================
* Summary: 
+-----------------+---------+-------+--------+--------+
|       Name      | BRAM_18K| DSP48E|   FF   |   LUT  |
+-----------------+---------+-------+--------+--------+
|DSP              |        -|      -|       -|       -|
|Expression       |        -|     16|       0|     380|
|FIFO             |        -|      -|       -|       -|
|Instance         |        -|      -|       -|       -|
|Memory           |        -|      -|       -|       -|
|Multiplexer      |        -|      -|       -|       9|
|Register         |        -|      -|     607|       -|
+-----------------+---------+-------+--------+--------+
|Total            |        0|     16|     607|     389|
+-----------------+---------+-------+--------+--------+
|Available        |     2060|   2800|  607200|  303600|
+-----------------+---------+-------+--------+--------+
|Utilization (%)  |        0|   ~0  |   ~0   |   ~0   |
+-----------------+---------+-------+--------+--------+

+ Detail: 
    * Instance: 
    N/A

    * DSP48: 
    N/A

    * Memory: 
    N/A

    * FIFO: 
    N/A

    * Expression: 
    +-------------------------------+----------+-------+---+----+------------+------------+
    |         Variable Name         | Operation| DSP48E| FF| LUT| Bitwidth P0| Bitwidth P1|
    +-------------------------------+----------+-------+---+----+------------+------------+
    |r_V_6_10_fu_201_p2             |     *    |      1|  0|   6|          16|           9|
    |r_V_6_11_fu_205_p2             |     *    |      1|  0|   6|          16|           9|
    |r_V_6_12_fu_207_p2             |     *    |      1|  0|   6|          16|          10|
    |r_V_6_13_fu_208_p2             |     *    |      1|  0|   6|          16|           8|
    |r_V_6_14_fu_194_p2             |     *    |      1|  0|   6|          16|           9|
    |r_V_6_1_fu_199_p2              |     *    |      1|  0|   6|          16|          10|
    |r_V_6_2_fu_209_p2              |     *    |      1|  0|   6|          16|           9|
    |r_V_6_3_fu_202_p2              |     *    |      1|  0|   6|          16|           9|
    |r_V_6_4_fu_197_p2              |     *    |      1|  0|   6|          16|           9|
    |r_V_6_5_fu_198_p2              |     *    |      1|  0|   6|          16|           9|
    |r_V_6_6_fu_200_p2              |     *    |      1|  0|   6|          16|           9|
    |r_V_6_7_fu_206_p2              |     *    |      1|  0|   6|          16|           9|
    |r_V_6_8_fu_203_p2              |     *    |      1|  0|   6|          16|          10|
    |r_V_6_9_fu_196_p2              |     *    |      1|  0|   6|          16|           9|
    |r_V_6_fu_195_p2                |     *    |      1|  0|   6|          16|          10|
    |r_V_6_s_fu_204_p2              |     *    |      1|  0|   6|          16|          10|
    |res_V_write_assign_fu_1664_p2  |     +    |      0|  0|  16|          16|          16|
    |tmp10_fu_1625_p2               |     +    |      0|  0|  23|          16|          16|
    |tmp11_fu_1645_p2               |     +    |      0|  0|  16|          16|          16|
    |tmp12_fu_1629_p2               |     +    |      0|  0|  16|          16|          16|
    |tmp13_fu_1639_p2               |     +    |      0|  0|  16|          16|          16|
    |tmp14_fu_1634_p2               |     +    |      0|  0|  16|          16|           8|
    |tmp1_fu_1601_p2                |     +    |      0|  0|  16|          16|          16|
    |tmp2_fu_1593_p2                |     +    |      0|  0|  16|          16|          16|
    |tmp3_fu_1597_p2                |     +    |      0|  0|  23|          16|          16|
    |tmp4_fu_1615_p2                |     +    |      0|  0|  16|          16|          16|
    |tmp5_fu_1607_p2                |     +    |      0|  0|  16|          16|          16|
    |tmp6_fu_1611_p2                |     +    |      0|  0|  23|          16|          16|
    |tmp7_fu_1659_p2                |     +    |      0|  0|  16|          16|          16|
    |tmp8_fu_1655_p2                |     +    |      0|  0|  16|          16|          16|
    |tmp9_fu_1621_p2                |     +    |      0|  0|  23|          16|          16|
    |tmp_fu_1651_p2                 |     +    |      0|  0|  16|          16|          16|
    +-------------------------------+----------+-------+---+----+------------+------------+
    |Total                          |          |     16|  0| 380|         512|         396|
    +-------------------------------+----------+-------+---+----+------------+------------+

    * Multiplexer: 
    +-----------+----+-----------+-----+-----------+
    |    Name   | LUT| Input Size| Bits| Total Bits|
    +-----------+----+-----------+-----+-----------+
    |ap_return  |   9|          2|   16|         32|
    +-----------+----+-----------+-----+-----------+
    |Total      |   9|          2|   16|         32|
    +-----------+----+-----------+-----+-----------+

    * Register: 
    +------------------------+----+----+-----+-----------+
    |          Name          | FF | LUT| Bits| Const Bits|
    +------------------------+----+----+-----+-----------+
    |ap_ce_reg               |   1|   0|    1|          0|
    |ap_return_int_reg       |  16|   0|   16|          0|
    |data_0_V_read_int_reg   |  16|   0|   16|          0|
    |data_10_V_read_int_reg  |  16|   0|   16|          0|
    |data_11_V_read_int_reg  |  16|   0|   16|          0|
    |data_12_V_read_int_reg  |  16|   0|   16|          0|
    |data_13_V_read_int_reg  |  16|   0|   16|          0|
    |data_14_V_read_int_reg  |  16|   0|   16|          0|
    |data_15_V_read_int_reg  |  16|   0|   16|          0|
    |data_1_V_read_int_reg   |  16|   0|   16|          0|
    |data_2_V_read_int_reg   |  16|   0|   16|          0|
    |data_3_V_read_int_reg   |  16|   0|   16|          0|
    |data_4_V_read_int_reg   |  16|   0|   16|          0|
    |data_5_V_read_int_reg   |  16|   0|   16|          0|
    |data_6_V_read_int_reg   |  16|   0|   16|          0|
    |data_7_V_read_int_reg   |  16|   0|   16|          0|
    |data_8_V_read_int_reg   |  16|   0|   16|          0|
    |data_9_V_read_int_reg   |  16|   0|   16|          0|
    |tmp10_reg_1765          |  16|   0|   16|          0|
    |tmp11_reg_1770          |  16|   0|   16|          0|
    |tmp1_reg_1750           |  16|   0|   16|          0|
    |tmp4_reg_1755           |  16|   0|   16|          0|
    |tmp9_reg_1760           |  16|   0|   16|          0|
    |tmp_5_10_reg_1725       |  16|   0|   16|          0|
    |tmp_5_11_reg_1735       |  16|   0|   16|          0|
    |tmp_5_12_reg_1745       |  16|   0|   16|          0|
    |tmp_5_1_reg_1675        |  16|   0|   16|          0|
    |tmp_5_2_reg_1680        |  16|   0|   16|          0|
    |tmp_5_3_reg_1685        |  16|   0|   16|          0|
    |tmp_5_4_reg_1690        |  16|   0|   16|          0|
    |tmp_5_5_reg_1695        |  16|   0|   16|          0|
    |tmp_5_6_reg_1700        |  16|   0|   16|          0|
    |tmp_5_7_reg_1705        |  16|   0|   16|          0|
    |tmp_5_8_reg_1710        |  16|   0|   16|          0|
    |tmp_5_9_reg_1715        |  16|   0|   16|          0|
    |tmp_5_reg_1670          |  16|   0|   16|          0|
    |tmp_5_s_reg_1720        |  16|   0|   16|          0|
    |tmp_6_reg_1730          |  15|   0|   15|          0|
    |tmp_9_reg_1740          |  15|   0|   15|          0|
    +------------------------+----+----+-----+-----------+
    |Total                   | 607|   0|  607|          0|
    +------------------------+----+----+-----+-----------+



================================================================
== Interface
================================================================
* Summary: 
+----------------+-----+-----+------------+--------------------------------------------------------------------------------+--------------+
|    RTL Ports   | Dir | Bits|  Protocol  |                                  Source Object                                 |    C Type    |
+----------------+-----+-----+------------+--------------------------------------------------------------------------------+--------------+
|ap_clk          |  in |    1| ap_ctrl_hs | dense_latency<ap_fixed<16, 6, 5, 3, 0>, ap_fixed<16, 6, 5, 3, 0>, config6>.0.0 | return value |
|ap_rst          |  in |    1| ap_ctrl_hs | dense_latency<ap_fixed<16, 6, 5, 3, 0>, ap_fixed<16, 6, 5, 3, 0>, config6>.0.0 | return value |
|ap_return       | out |   16| ap_ctrl_hs | dense_latency<ap_fixed<16, 6, 5, 3, 0>, ap_fixed<16, 6, 5, 3, 0>, config6>.0.0 | return value |
|ap_ce           |  in |    1| ap_ctrl_hs | dense_latency<ap_fixed<16, 6, 5, 3, 0>, ap_fixed<16, 6, 5, 3, 0>, config6>.0.0 | return value |
|data_0_V_read   |  in |   16|   ap_none  |                                  data_0_V_read                                 |    scalar    |
|data_1_V_read   |  in |   16|   ap_none  |                                  data_1_V_read                                 |    scalar    |
|data_2_V_read   |  in |   16|   ap_none  |                                  data_2_V_read                                 |    scalar    |
|data_3_V_read   |  in |   16|   ap_none  |                                  data_3_V_read                                 |    scalar    |
|data_4_V_read   |  in |   16|   ap_none  |                                  data_4_V_read                                 |    scalar    |
|data_5_V_read   |  in |   16|   ap_none  |                                  data_5_V_read                                 |    scalar    |
|data_6_V_read   |  in |   16|   ap_none  |                                  data_6_V_read                                 |    scalar    |
|data_7_V_read   |  in |   16|   ap_none  |                                  data_7_V_read                                 |    scalar    |
|data_8_V_read   |  in |   16|   ap_none  |                                  data_8_V_read                                 |    scalar    |
|data_9_V_read   |  in |   16|   ap_none  |                                  data_9_V_read                                 |    scalar    |
|data_10_V_read  |  in |   16|   ap_none  |                                 data_10_V_read                                 |    scalar    |
|data_11_V_read  |  in |   16|   ap_none  |                                 data_11_V_read                                 |    scalar    |
|data_12_V_read  |  in |   16|   ap_none  |                                 data_12_V_read                                 |    scalar    |
|data_13_V_read  |  in |   16|   ap_none  |                                 data_13_V_read                                 |    scalar    |
|data_14_V_read  |  in |   16|   ap_none  |                                 data_14_V_read                                 |    scalar    |
|data_15_V_read  |  in |   16|   ap_none  |                                 data_15_V_read                                 |    scalar    |
+----------------+-----+-----+------------+--------------------------------------------------------------------------------+--------------+

