

================================================================
== Vivado HLS Report for 'dense_latency_ap_fixed_ap_fixed_16_6_5_3_0_config4_0_0_0_0_0'
================================================================
* Date:           Fri Oct 20 13:53:10 2023

* Version:        2018.3 (Build 2405991 on Thu Dec 06 23:56:15 MST 2018)
* Project:        myproject_prj
* Solution:       solution1
* Product family: virtex7
* Target device:  xc7vx485tffg1761-2


================================================================
== Performance Estimates
================================================================
+ Timing (ns): 
    * Summary: 
    +--------+-------+----------+------------+
    |  Clock | Target| Estimated| Uncertainty|
    +--------+-------+----------+------------+
    |ap_clk  |   5.00|     4.082|        0.62|
    +--------+-------+----------+------------+

+ Latency (clock cycles): 
    * Summary: 
    +-----+-----+-----+-----+----------+
    |  Latency  |  Interval | Pipeline |
    | min | max | min | max |   Type   |
    +-----+-----+-----+-----+----------+
    |    2|    2|    1|    1| function |
    +-----+-----+-----+-----+----------+

    + Detail: 
        * Instance: 
        N/A

        * Loop: 
        N/A

============================================================
+ Verbose Summary: Synthesis Manager
============================================================
InlineROM: 1
ExposeGlobal: 0
============================================================
+ Verbose Summary: CDFG Model
============================================================
IsTopModel: 0
ResetActiveHigh: 1
IsCombinational: 0
IsDatapathOnly: 0
HasWiredReturn: 1
HasMFsm: 2
HasVarLatency: 0
IsPipeline: 1
IsRtlPipelined: 1
IsInstanceOverlapped: 0
IsDontTouch: 0
HasImplIP: 0
IsGatedGlobalClock: 0

+ Individual pipeline summary: 
  * Pipeline-0: initiation interval (II) = 1, depth = 3


============================================================
+ Verbose Summary: Schedule
============================================================
* Number of FSM states : 3
* Pipeline : 1
  Pipeline-0 : II = 1, D = 3, States = { 1 2 3 }
* Dataflow Pipeline: 0

* FSM state transitions: 
1 --> 
	2  / true
2 --> 
	3  / true
3 --> 

* FSM state operations: 

State 1 <SV = 0> <Delay = 3.72>
ST_1 : Operation 4 [1/1] (0.00ns)   --->   "%data_7_V_read11 = call i16 @_ssdm_op_Read.ap_auto.i16(i16 %data_7_V_read)" [firmware/nnet_utils/nnet_dense_latency.h:13]   --->   Operation 4 'read' 'data_7_V_read11' <Predicate = true> <Delay = 0.00>
ST_1 : Operation 5 [1/1] (0.00ns)   --->   "%data_6_V_read_2 = call i16 @_ssdm_op_Read.ap_auto.i16(i16 %data_6_V_read)" [firmware/nnet_utils/nnet_dense_latency.h:13]   --->   Operation 5 'read' 'data_6_V_read_2' <Predicate = true> <Delay = 0.00>
ST_1 : Operation 6 [1/1] (0.00ns)   --->   "%data_5_V_read_2 = call i16 @_ssdm_op_Read.ap_auto.i16(i16 %data_5_V_read)" [firmware/nnet_utils/nnet_dense_latency.h:13]   --->   Operation 6 'read' 'data_5_V_read_2' <Predicate = true> <Delay = 0.00>
ST_1 : Operation 7 [1/1] (0.00ns)   --->   "%data_4_V_read_2 = call i16 @_ssdm_op_Read.ap_auto.i16(i16 %data_4_V_read)" [firmware/nnet_utils/nnet_dense_latency.h:13]   --->   Operation 7 'read' 'data_4_V_read_2' <Predicate = true> <Delay = 0.00>
ST_1 : Operation 8 [1/1] (0.00ns)   --->   "%data_3_V_read_4 = call i16 @_ssdm_op_Read.ap_auto.i16(i16 %data_3_V_read)" [firmware/nnet_utils/nnet_dense_latency.h:13]   --->   Operation 8 'read' 'data_3_V_read_4' <Predicate = true> <Delay = 0.00>
ST_1 : Operation 9 [1/1] (0.00ns)   --->   "%data_2_V_read_4 = call i16 @_ssdm_op_Read.ap_auto.i16(i16 %data_2_V_read)" [firmware/nnet_utils/nnet_dense_latency.h:13]   --->   Operation 9 'read' 'data_2_V_read_4' <Predicate = true> <Delay = 0.00>
ST_1 : Operation 10 [1/1] (0.00ns)   --->   "%data_1_V_read_4 = call i16 @_ssdm_op_Read.ap_auto.i16(i16 %data_1_V_read)" [firmware/nnet_utils/nnet_dense_latency.h:13]   --->   Operation 10 'read' 'data_1_V_read_4' <Predicate = true> <Delay = 0.00>
ST_1 : Operation 11 [1/1] (0.00ns)   --->   "%data_0_V_read_4 = call i16 @_ssdm_op_Read.ap_auto.i16(i16 %data_0_V_read)" [firmware/nnet_utils/nnet_dense_latency.h:13]   --->   Operation 11 'read' 'data_0_V_read_4' <Predicate = true> <Delay = 0.00>
ST_1 : Operation 12 [1/1] (0.00ns)   --->   "%r_V_cast = sext i16 %data_0_V_read_4 to i26" [firmware/nnet_utils/nnet_mult.h:73->firmware/nnet_utils/nnet_dense_latency.h:42]   --->   Operation 12 'sext' 'r_V_cast' <Predicate = true> <Delay = 0.00>
ST_1 : Operation 13 [1/1] (3.72ns)   --->   "%r_V_8 = mul i26 %r_V_cast, 394" [firmware/nnet_utils/nnet_mult.h:73->firmware/nnet_utils/nnet_dense_latency.h:42]   --->   Operation 13 'mul' 'r_V_8' <Predicate = true> <Delay = 3.72> <Core = "Mul">   --->   Core 16 'Mul' <Latency = 0> <II = 1> <Delay = 3.72> <FuncUnit> <Opcode : 'mul'> <InPorts = 2> <OutPorts = 1>
ST_1 : Operation 14 [1/1] (0.00ns)   --->   "%tmp_1 = call i16 @_ssdm_op_PartSelect.i16.i26.i32.i32(i26 %r_V_8, i32 10, i32 25)" [firmware/nnet_utils/nnet_dense_latency.h:42]   --->   Operation 14 'partselect' 'tmp_1' <Predicate = true> <Delay = 0.00>
ST_1 : Operation 15 [1/1] (3.72ns)   --->   "%r_V_8_0_1 = mul i26 %r_V_cast, -335" [firmware/nnet_utils/nnet_mult.h:73->firmware/nnet_utils/nnet_dense_latency.h:42]   --->   Operation 15 'mul' 'r_V_8_0_1' <Predicate = true> <Delay = 3.72> <Core = "Mul">   --->   Core 16 'Mul' <Latency = 0> <II = 1> <Delay = 3.72> <FuncUnit> <Opcode : 'mul'> <InPorts = 2> <OutPorts = 1>
ST_1 : Operation 16 [1/1] (0.00ns)   --->   "%tmp_17_0_1 = call i16 @_ssdm_op_PartSelect.i16.i26.i32.i32(i26 %r_V_8_0_1, i32 10, i32 25)" [firmware/nnet_utils/nnet_dense_latency.h:42]   --->   Operation 16 'partselect' 'tmp_17_0_1' <Predicate = true> <Delay = 0.00>
ST_1 : Operation 17 [1/1] (3.72ns)   --->   "%r_V_8_0_2 = mul i26 %r_V_cast, 943" [firmware/nnet_utils/nnet_mult.h:73->firmware/nnet_utils/nnet_dense_latency.h:42]   --->   Operation 17 'mul' 'r_V_8_0_2' <Predicate = true> <Delay = 3.72> <Core = "Mul">   --->   Core 16 'Mul' <Latency = 0> <II = 1> <Delay = 3.72> <FuncUnit> <Opcode : 'mul'> <InPorts = 2> <OutPorts = 1>
ST_1 : Operation 18 [1/1] (0.00ns)   --->   "%tmp_17_0_2 = call i16 @_ssdm_op_PartSelect.i16.i26.i32.i32(i26 %r_V_8_0_2, i32 10, i32 25)" [firmware/nnet_utils/nnet_dense_latency.h:42]   --->   Operation 18 'partselect' 'tmp_17_0_2' <Predicate = true> <Delay = 0.00>
ST_1 : Operation 19 [1/1] (0.00ns)   --->   "%p_shl6 = call i22 @_ssdm_op_BitConcatenate.i22.i16.i6(i16 %data_0_V_read_4, i6 0)" [firmware/nnet_utils/nnet_mult.h:73->firmware/nnet_utils/nnet_dense_latency.h:42]   --->   Operation 19 'bitconcatenate' 'p_shl6' <Predicate = true> <Delay = 0.00>
ST_1 : Operation 20 [1/1] (0.00ns)   --->   "%p_shl6_cast = sext i22 %p_shl6 to i23" [firmware/nnet_utils/nnet_mult.h:73->firmware/nnet_utils/nnet_dense_latency.h:42]   --->   Operation 20 'sext' 'p_shl6_cast' <Predicate = true> <Delay = 0.00>
ST_1 : Operation 21 [1/1] (0.00ns) (grouped into TernaryAdder)   --->   "%p_neg7 = sub i23 0, %p_shl6_cast" [firmware/nnet_utils/nnet_mult.h:73->firmware/nnet_utils/nnet_dense_latency.h:42]   --->   Operation 21 'sub' 'p_neg7' <Predicate = true> <Delay = 0.00> <Core = "TAddSub">   --->   Core 84 'TAddSub' <Latency = 0> <II = 1> <Delay = 1.02> <IPBlock> <Opcode : 'add' 'sub'> <InPorts = 3> <OutPorts = 1> <Sync> <CReg>
ST_1 : Operation 22 [1/1] (0.00ns)   --->   "%p_shl8 = call i17 @_ssdm_op_BitConcatenate.i17.i16.i1(i16 %data_0_V_read_4, i1 false)" [firmware/nnet_utils/nnet_mult.h:73->firmware/nnet_utils/nnet_dense_latency.h:42]   --->   Operation 22 'bitconcatenate' 'p_shl8' <Predicate = true> <Delay = 0.00>
ST_1 : Operation 23 [1/1] (0.00ns)   --->   "%p_shl8_cast = sext i17 %p_shl8 to i23" [firmware/nnet_utils/nnet_mult.h:73->firmware/nnet_utils/nnet_dense_latency.h:42]   --->   Operation 23 'sext' 'p_shl8_cast' <Predicate = true> <Delay = 0.00>
ST_1 : Operation 24 [1/1] (2.13ns) (root node of TernaryAdder)   --->   "%r_V_8_0_3 = sub i23 %p_neg7, %p_shl8_cast" [firmware/nnet_utils/nnet_mult.h:73->firmware/nnet_utils/nnet_dense_latency.h:42]   --->   Operation 24 'sub' 'r_V_8_0_3' <Predicate = true> <Delay = 2.13> <Core = "TAddSub">   --->   Core 84 'TAddSub' <Latency = 0> <II = 1> <Delay = 1.02> <IPBlock> <Opcode : 'add' 'sub'> <InPorts = 3> <OutPorts = 1> <Sync> <CReg>
ST_1 : Operation 25 [1/1] (0.00ns)   --->   "%tmp_4 = call i13 @_ssdm_op_PartSelect.i13.i23.i32.i32(i23 %r_V_8_0_3, i32 10, i32 22)" [firmware/nnet_utils/nnet_dense_latency.h:42]   --->   Operation 25 'partselect' 'tmp_4' <Predicate = true> <Delay = 0.00>
ST_1 : Operation 26 [1/1] (0.00ns)   --->   "%r_V_1_cast1 = sext i16 %data_1_V_read_4 to i23" [firmware/nnet_utils/nnet_mult.h:73->firmware/nnet_utils/nnet_dense_latency.h:42]   --->   Operation 26 'sext' 'r_V_1_cast1' <Predicate = true> <Delay = 0.00>
ST_1 : Operation 27 [1/1] (0.00ns)   --->   "%r_V_1_cast = sext i16 %data_1_V_read_4 to i26" [firmware/nnet_utils/nnet_mult.h:73->firmware/nnet_utils/nnet_dense_latency.h:42]   --->   Operation 27 'sext' 'r_V_1_cast' <Predicate = true> <Delay = 0.00>
ST_1 : Operation 28 [1/1] (3.72ns)   --->   "%r_V_8_1 = mul i26 %r_V_1_cast, 642" [firmware/nnet_utils/nnet_mult.h:73->firmware/nnet_utils/nnet_dense_latency.h:42]   --->   Operation 28 'mul' 'r_V_8_1' <Predicate = true> <Delay = 3.72> <Core = "Mul">   --->   Core 16 'Mul' <Latency = 0> <II = 1> <Delay = 3.72> <FuncUnit> <Opcode : 'mul'> <InPorts = 2> <OutPorts = 1>
ST_1 : Operation 29 [1/1] (0.00ns)   --->   "%tmp_17_1 = call i16 @_ssdm_op_PartSelect.i16.i26.i32.i32(i26 %r_V_8_1, i32 10, i32 25)" [firmware/nnet_utils/nnet_dense_latency.h:42]   --->   Operation 29 'partselect' 'tmp_17_1' <Predicate = true> <Delay = 0.00>
ST_1 : Operation 30 [1/1] (3.72ns)   --->   "%r_V_8_1_1 = mul i23 %r_V_1_cast1, 44" [firmware/nnet_utils/nnet_mult.h:73->firmware/nnet_utils/nnet_dense_latency.h:42]   --->   Operation 30 'mul' 'r_V_8_1_1' <Predicate = true> <Delay = 3.72> <Core = "Mul">   --->   Core 16 'Mul' <Latency = 0> <II = 1> <Delay = 3.72> <FuncUnit> <Opcode : 'mul'> <InPorts = 2> <OutPorts = 1>
ST_1 : Operation 31 [1/1] (0.00ns)   --->   "%tmp_7 = call i13 @_ssdm_op_PartSelect.i13.i23.i32.i32(i23 %r_V_8_1_1, i32 10, i32 22)" [firmware/nnet_utils/nnet_dense_latency.h:42]   --->   Operation 31 'partselect' 'tmp_7' <Predicate = true> <Delay = 0.00>
ST_1 : Operation 32 [1/1] (3.72ns)   --->   "%r_V_8_1_2 = mul i26 %r_V_1_cast, -872" [firmware/nnet_utils/nnet_mult.h:73->firmware/nnet_utils/nnet_dense_latency.h:42]   --->   Operation 32 'mul' 'r_V_8_1_2' <Predicate = true> <Delay = 3.72> <Core = "Mul">   --->   Core 16 'Mul' <Latency = 0> <II = 1> <Delay = 3.72> <FuncUnit> <Opcode : 'mul'> <InPorts = 2> <OutPorts = 1>
ST_1 : Operation 33 [1/1] (0.00ns)   --->   "%tmp_17_1_2 = call i16 @_ssdm_op_PartSelect.i16.i26.i32.i32(i26 %r_V_8_1_2, i32 10, i32 25)" [firmware/nnet_utils/nnet_dense_latency.h:42]   --->   Operation 33 'partselect' 'tmp_17_1_2' <Predicate = true> <Delay = 0.00>
ST_1 : Operation 34 [1/1] (3.72ns)   --->   "%r_V_8_1_3 = mul i26 %r_V_1_cast, 718" [firmware/nnet_utils/nnet_mult.h:73->firmware/nnet_utils/nnet_dense_latency.h:42]   --->   Operation 34 'mul' 'r_V_8_1_3' <Predicate = true> <Delay = 3.72> <Core = "Mul">   --->   Core 16 'Mul' <Latency = 0> <II = 1> <Delay = 3.72> <FuncUnit> <Opcode : 'mul'> <InPorts = 2> <OutPorts = 1>
ST_1 : Operation 35 [1/1] (0.00ns)   --->   "%tmp_17_1_3 = call i16 @_ssdm_op_PartSelect.i16.i26.i32.i32(i26 %r_V_8_1_3, i32 10, i32 25)" [firmware/nnet_utils/nnet_dense_latency.h:42]   --->   Operation 35 'partselect' 'tmp_17_1_3' <Predicate = true> <Delay = 0.00>
ST_1 : Operation 36 [1/1] (0.00ns)   --->   "%r_V_2_cast1 = sext i16 %data_2_V_read_4 to i26" [firmware/nnet_utils/nnet_mult.h:73->firmware/nnet_utils/nnet_dense_latency.h:42]   --->   Operation 36 'sext' 'r_V_2_cast1' <Predicate = true> <Delay = 0.00>
ST_1 : Operation 37 [1/1] (0.00ns)   --->   "%r_V_2_cast = sext i16 %data_2_V_read_4 to i25" [firmware/nnet_utils/nnet_mult.h:73->firmware/nnet_utils/nnet_dense_latency.h:42]   --->   Operation 37 'sext' 'r_V_2_cast' <Predicate = true> <Delay = 0.00>
ST_1 : Operation 38 [1/1] (3.72ns)   --->   "%r_V_8_2 = mul i25 %r_V_2_cast, 172" [firmware/nnet_utils/nnet_mult.h:73->firmware/nnet_utils/nnet_dense_latency.h:42]   --->   Operation 38 'mul' 'r_V_8_2' <Predicate = true> <Delay = 3.72> <Core = "Mul">   --->   Core 16 'Mul' <Latency = 0> <II = 1> <Delay = 3.72> <FuncUnit> <Opcode : 'mul'> <InPorts = 2> <OutPorts = 1>
ST_1 : Operation 39 [1/1] (0.00ns)   --->   "%tmp_s = call i15 @_ssdm_op_PartSelect.i15.i25.i32.i32(i25 %r_V_8_2, i32 10, i32 24)" [firmware/nnet_utils/nnet_dense_latency.h:42]   --->   Operation 39 'partselect' 'tmp_s' <Predicate = true> <Delay = 0.00>
ST_1 : Operation 40 [1/1] (3.72ns)   --->   "%r_V_8_2_1 = mul i26 %r_V_2_cast1, -374" [firmware/nnet_utils/nnet_mult.h:73->firmware/nnet_utils/nnet_dense_latency.h:42]   --->   Operation 40 'mul' 'r_V_8_2_1' <Predicate = true> <Delay = 3.72> <Core = "Mul">   --->   Core 16 'Mul' <Latency = 0> <II = 1> <Delay = 3.72> <FuncUnit> <Opcode : 'mul'> <InPorts = 2> <OutPorts = 1>
ST_1 : Operation 41 [1/1] (0.00ns)   --->   "%tmp_17_2_1 = call i16 @_ssdm_op_PartSelect.i16.i26.i32.i32(i26 %r_V_8_2_1, i32 10, i32 25)" [firmware/nnet_utils/nnet_dense_latency.h:42]   --->   Operation 41 'partselect' 'tmp_17_2_1' <Predicate = true> <Delay = 0.00>
ST_1 : Operation 42 [1/1] (3.72ns)   --->   "%r_V_8_2_2 = mul i26 %r_V_2_cast1, 700" [firmware/nnet_utils/nnet_mult.h:73->firmware/nnet_utils/nnet_dense_latency.h:42]   --->   Operation 42 'mul' 'r_V_8_2_2' <Predicate = true> <Delay = 3.72> <Core = "Mul">   --->   Core 16 'Mul' <Latency = 0> <II = 1> <Delay = 3.72> <FuncUnit> <Opcode : 'mul'> <InPorts = 2> <OutPorts = 1>
ST_1 : Operation 43 [1/1] (0.00ns)   --->   "%tmp_17_2_2 = call i16 @_ssdm_op_PartSelect.i16.i26.i32.i32(i26 %r_V_8_2_2, i32 10, i32 25)" [firmware/nnet_utils/nnet_dense_latency.h:42]   --->   Operation 43 'partselect' 'tmp_17_2_2' <Predicate = true> <Delay = 0.00>
ST_1 : Operation 44 [1/1] (3.72ns)   --->   "%r_V_8_2_3 = mul i26 %r_V_2_cast1, 828" [firmware/nnet_utils/nnet_mult.h:73->firmware/nnet_utils/nnet_dense_latency.h:42]   --->   Operation 44 'mul' 'r_V_8_2_3' <Predicate = true> <Delay = 3.72> <Core = "Mul">   --->   Core 16 'Mul' <Latency = 0> <II = 1> <Delay = 3.72> <FuncUnit> <Opcode : 'mul'> <InPorts = 2> <OutPorts = 1>
ST_1 : Operation 45 [1/1] (0.00ns)   --->   "%tmp_17_2_3 = call i16 @_ssdm_op_PartSelect.i16.i26.i32.i32(i26 %r_V_8_2_3, i32 10, i32 25)" [firmware/nnet_utils/nnet_dense_latency.h:42]   --->   Operation 45 'partselect' 'tmp_17_2_3' <Predicate = true> <Delay = 0.00>
ST_1 : Operation 46 [1/1] (0.00ns)   --->   "%r_V_3_cast1 = sext i16 %data_3_V_read_4 to i26" [firmware/nnet_utils/nnet_mult.h:73->firmware/nnet_utils/nnet_dense_latency.h:42]   --->   Operation 46 'sext' 'r_V_3_cast1' <Predicate = true> <Delay = 0.00>
ST_1 : Operation 47 [1/1] (0.00ns)   --->   "%r_V_3_cast = sext i16 %data_3_V_read_4 to i25" [firmware/nnet_utils/nnet_mult.h:73->firmware/nnet_utils/nnet_dense_latency.h:42]   --->   Operation 47 'sext' 'r_V_3_cast' <Predicate = true> <Delay = 0.00>
ST_1 : Operation 48 [1/1] (3.72ns)   --->   "%r_V_8_3 = mul i25 %r_V_3_cast, 202" [firmware/nnet_utils/nnet_mult.h:73->firmware/nnet_utils/nnet_dense_latency.h:42]   --->   Operation 48 'mul' 'r_V_8_3' <Predicate = true> <Delay = 3.72> <Core = "Mul">   --->   Core 16 'Mul' <Latency = 0> <II = 1> <Delay = 3.72> <FuncUnit> <Opcode : 'mul'> <InPorts = 2> <OutPorts = 1>
ST_1 : Operation 49 [1/1] (0.00ns)   --->   "%tmp_3 = call i15 @_ssdm_op_PartSelect.i15.i25.i32.i32(i25 %r_V_8_3, i32 10, i32 24)" [firmware/nnet_utils/nnet_dense_latency.h:42]   --->   Operation 49 'partselect' 'tmp_3' <Predicate = true> <Delay = 0.00>
ST_1 : Operation 50 [1/1] (3.72ns)   --->   "%r_V_8_3_1 = mul i26 %r_V_3_cast1, -477" [firmware/nnet_utils/nnet_mult.h:73->firmware/nnet_utils/nnet_dense_latency.h:42]   --->   Operation 50 'mul' 'r_V_8_3_1' <Predicate = true> <Delay = 3.72> <Core = "Mul">   --->   Core 16 'Mul' <Latency = 0> <II = 1> <Delay = 3.72> <FuncUnit> <Opcode : 'mul'> <InPorts = 2> <OutPorts = 1>
ST_1 : Operation 51 [1/1] (0.00ns)   --->   "%tmp_17_3_1 = call i16 @_ssdm_op_PartSelect.i16.i26.i32.i32(i26 %r_V_8_3_1, i32 10, i32 25)" [firmware/nnet_utils/nnet_dense_latency.h:42]   --->   Operation 51 'partselect' 'tmp_17_3_1' <Predicate = true> <Delay = 0.00>
ST_1 : Operation 52 [1/1] (3.72ns)   --->   "%r_V_8_3_2 = mul i26 %r_V_3_cast1, 1179" [firmware/nnet_utils/nnet_mult.h:73->firmware/nnet_utils/nnet_dense_latency.h:42]   --->   Operation 52 'mul' 'r_V_8_3_2' <Predicate = true> <Delay = 3.72> <Core = "Mul">   --->   Core 16 'Mul' <Latency = 0> <II = 1> <Delay = 3.72> <FuncUnit> <Opcode : 'mul'> <InPorts = 2> <OutPorts = 1>
ST_1 : Operation 53 [1/1] (0.00ns)   --->   "%tmp_17_3_2 = call i16 @_ssdm_op_PartSelect.i16.i26.i32.i32(i26 %r_V_8_3_2, i32 10, i32 25)" [firmware/nnet_utils/nnet_dense_latency.h:42]   --->   Operation 53 'partselect' 'tmp_17_3_2' <Predicate = true> <Delay = 0.00>
ST_1 : Operation 54 [1/1] (3.72ns)   --->   "%r_V_8_3_3 = mul i26 %r_V_3_cast1, -589" [firmware/nnet_utils/nnet_mult.h:73->firmware/nnet_utils/nnet_dense_latency.h:42]   --->   Operation 54 'mul' 'r_V_8_3_3' <Predicate = true> <Delay = 3.72> <Core = "Mul">   --->   Core 16 'Mul' <Latency = 0> <II = 1> <Delay = 3.72> <FuncUnit> <Opcode : 'mul'> <InPorts = 2> <OutPorts = 1>
ST_1 : Operation 55 [1/1] (0.00ns)   --->   "%tmp_17_3_3 = call i16 @_ssdm_op_PartSelect.i16.i26.i32.i32(i26 %r_V_8_3_3, i32 10, i32 25)" [firmware/nnet_utils/nnet_dense_latency.h:42]   --->   Operation 55 'partselect' 'tmp_17_3_3' <Predicate = true> <Delay = 0.00>

State 2 <SV = 1> <Delay = 3.72>
ST_2 : Operation 56 [1/1] (0.00ns)   --->   "%tmp_5 = sext i13 %tmp_4 to i16" [firmware/nnet_utils/nnet_dense_latency.h:42]   --->   Operation 56 'sext' 'tmp_5' <Predicate = true> <Delay = 0.00>
ST_2 : Operation 57 [1/1] (0.00ns)   --->   "%tmp_8 = sext i13 %tmp_7 to i16" [firmware/nnet_utils/nnet_dense_latency.h:42]   --->   Operation 57 'sext' 'tmp_8' <Predicate = true> <Delay = 0.00>
ST_2 : Operation 58 [1/1] (0.00ns)   --->   "%tmp_2 = sext i15 %tmp_s to i16" [firmware/nnet_utils/nnet_dense_latency.h:42]   --->   Operation 58 'sext' 'tmp_2' <Predicate = true> <Delay = 0.00>
ST_2 : Operation 59 [1/1] (0.00ns)   --->   "%tmp_6 = sext i15 %tmp_3 to i16" [firmware/nnet_utils/nnet_dense_latency.h:42]   --->   Operation 59 'sext' 'tmp_6' <Predicate = true> <Delay = 0.00>
ST_2 : Operation 60 [1/1] (0.00ns)   --->   "%r_V_4_cast = sext i16 %data_4_V_read_2 to i25" [firmware/nnet_utils/nnet_mult.h:73->firmware/nnet_utils/nnet_dense_latency.h:42]   --->   Operation 60 'sext' 'r_V_4_cast' <Predicate = true> <Delay = 0.00>
ST_2 : Operation 61 [1/1] (0.00ns)   --->   "%r_V_4_cast1 = sext i16 %data_4_V_read_2 to i26" [firmware/nnet_utils/nnet_mult.h:73->firmware/nnet_utils/nnet_dense_latency.h:42]   --->   Operation 61 'sext' 'r_V_4_cast1' <Predicate = true> <Delay = 0.00>
ST_2 : Operation 62 [1/1] (0.00ns)   --->   "%p_shl4 = call i19 @_ssdm_op_BitConcatenate.i19.i16.i3(i16 %data_4_V_read_2, i3 0)" [firmware/nnet_utils/nnet_mult.h:73->firmware/nnet_utils/nnet_dense_latency.h:42]   --->   Operation 62 'bitconcatenate' 'p_shl4' <Predicate = true> <Delay = 0.00>
ST_2 : Operation 63 [1/1] (0.00ns)   --->   "%p_shl4_cast = sext i19 %p_shl4 to i20" [firmware/nnet_utils/nnet_mult.h:73->firmware/nnet_utils/nnet_dense_latency.h:42]   --->   Operation 63 'sext' 'p_shl4_cast' <Predicate = true> <Delay = 0.00>
ST_2 : Operation 64 [1/1] (0.00ns)   --->   "%p_shl5 = call i17 @_ssdm_op_BitConcatenate.i17.i16.i1(i16 %data_4_V_read_2, i1 false)" [firmware/nnet_utils/nnet_mult.h:73->firmware/nnet_utils/nnet_dense_latency.h:42]   --->   Operation 64 'bitconcatenate' 'p_shl5' <Predicate = true> <Delay = 0.00>
ST_2 : Operation 65 [1/1] (0.00ns)   --->   "%p_shl5_cast = sext i17 %p_shl5 to i20" [firmware/nnet_utils/nnet_mult.h:73->firmware/nnet_utils/nnet_dense_latency.h:42]   --->   Operation 65 'sext' 'p_shl5_cast' <Predicate = true> <Delay = 0.00>
ST_2 : Operation 66 [1/1] (1.34ns)   --->   "%r_V_8_4 = add i20 %p_shl4_cast, %p_shl5_cast" [firmware/nnet_utils/nnet_mult.h:73->firmware/nnet_utils/nnet_dense_latency.h:42]   --->   Operation 66 'add' 'r_V_8_4' <Predicate = true> <Delay = 1.34> <Core = "AddSub">   --->   Core 14 'AddSub' <Latency = 0> <II = 1> <Delay = 1.31> <FuncUnit> <Opcode : 'add' 'sub'> <InPorts = 2> <OutPorts = 1>
ST_2 : Operation 67 [1/1] (0.00ns)   --->   "%tmp_9 = call i10 @_ssdm_op_PartSelect.i10.i20.i32.i32(i20 %r_V_8_4, i32 10, i32 19)" [firmware/nnet_utils/nnet_dense_latency.h:42]   --->   Operation 67 'partselect' 'tmp_9' <Predicate = true> <Delay = 0.00>
ST_2 : Operation 68 [1/1] (3.72ns)   --->   "%r_V_8_4_1 = mul i26 %r_V_4_cast1, 704" [firmware/nnet_utils/nnet_mult.h:73->firmware/nnet_utils/nnet_dense_latency.h:42]   --->   Operation 68 'mul' 'r_V_8_4_1' <Predicate = true> <Delay = 3.72> <Core = "Mul">   --->   Core 16 'Mul' <Latency = 0> <II = 1> <Delay = 3.72> <FuncUnit> <Opcode : 'mul'> <InPorts = 2> <OutPorts = 1>
ST_2 : Operation 69 [1/1] (0.00ns)   --->   "%tmp_17_4_1 = call i16 @_ssdm_op_PartSelect.i16.i26.i32.i32(i26 %r_V_8_4_1, i32 10, i32 25)" [firmware/nnet_utils/nnet_dense_latency.h:42]   --->   Operation 69 'partselect' 'tmp_17_4_1' <Predicate = true> <Delay = 0.00>
ST_2 : Operation 70 [1/1] (3.72ns)   --->   "%r_V_8_4_2 = mul i25 %r_V_4_cast, -134" [firmware/nnet_utils/nnet_mult.h:73->firmware/nnet_utils/nnet_dense_latency.h:42]   --->   Operation 70 'mul' 'r_V_8_4_2' <Predicate = true> <Delay = 3.72> <Core = "Mul">   --->   Core 16 'Mul' <Latency = 0> <II = 1> <Delay = 3.72> <FuncUnit> <Opcode : 'mul'> <InPorts = 2> <OutPorts = 1>
ST_2 : Operation 71 [1/1] (0.00ns)   --->   "%tmp_11 = call i15 @_ssdm_op_PartSelect.i15.i25.i32.i32(i25 %r_V_8_4_2, i32 10, i32 24)" [firmware/nnet_utils/nnet_dense_latency.h:42]   --->   Operation 71 'partselect' 'tmp_11' <Predicate = true> <Delay = 0.00>
ST_2 : Operation 72 [1/1] (3.72ns)   --->   "%r_V_8_4_3 = mul i25 %r_V_4_cast, -220" [firmware/nnet_utils/nnet_mult.h:73->firmware/nnet_utils/nnet_dense_latency.h:42]   --->   Operation 72 'mul' 'r_V_8_4_3' <Predicate = true> <Delay = 3.72> <Core = "Mul">   --->   Core 16 'Mul' <Latency = 0> <II = 1> <Delay = 3.72> <FuncUnit> <Opcode : 'mul'> <InPorts = 2> <OutPorts = 1>
ST_2 : Operation 73 [1/1] (0.00ns)   --->   "%tmp_13 = call i15 @_ssdm_op_PartSelect.i15.i25.i32.i32(i25 %r_V_8_4_3, i32 10, i32 24)" [firmware/nnet_utils/nnet_dense_latency.h:42]   --->   Operation 73 'partselect' 'tmp_13' <Predicate = true> <Delay = 0.00>
ST_2 : Operation 74 [1/1] (0.00ns)   --->   "%r_V_5_cast1 = sext i16 %data_5_V_read_2 to i23" [firmware/nnet_utils/nnet_mult.h:73->firmware/nnet_utils/nnet_dense_latency.h:42]   --->   Operation 74 'sext' 'r_V_5_cast1' <Predicate = true> <Delay = 0.00>
ST_2 : Operation 75 [1/1] (0.00ns)   --->   "%r_V_5_cast = sext i16 %data_5_V_read_2 to i26" [firmware/nnet_utils/nnet_mult.h:73->firmware/nnet_utils/nnet_dense_latency.h:42]   --->   Operation 75 'sext' 'r_V_5_cast' <Predicate = true> <Delay = 0.00>
ST_2 : Operation 76 [1/1] (3.72ns)   --->   "%r_V_8_5 = mul i26 %r_V_5_cast, 330" [firmware/nnet_utils/nnet_mult.h:73->firmware/nnet_utils/nnet_dense_latency.h:42]   --->   Operation 76 'mul' 'r_V_8_5' <Predicate = true> <Delay = 3.72> <Core = "Mul">   --->   Core 16 'Mul' <Latency = 0> <II = 1> <Delay = 3.72> <FuncUnit> <Opcode : 'mul'> <InPorts = 2> <OutPorts = 1>
ST_2 : Operation 77 [1/1] (0.00ns)   --->   "%tmp_17_5 = call i16 @_ssdm_op_PartSelect.i16.i26.i32.i32(i26 %r_V_8_5, i32 10, i32 25)" [firmware/nnet_utils/nnet_dense_latency.h:42]   --->   Operation 77 'partselect' 'tmp_17_5' <Predicate = true> <Delay = 0.00>
ST_2 : Operation 78 [1/1] (3.72ns)   --->   "%r_V_8_5_1 = mul i26 %r_V_5_cast, -741" [firmware/nnet_utils/nnet_mult.h:73->firmware/nnet_utils/nnet_dense_latency.h:42]   --->   Operation 78 'mul' 'r_V_8_5_1' <Predicate = true> <Delay = 3.72> <Core = "Mul">   --->   Core 16 'Mul' <Latency = 0> <II = 1> <Delay = 3.72> <FuncUnit> <Opcode : 'mul'> <InPorts = 2> <OutPorts = 1>
ST_2 : Operation 79 [1/1] (0.00ns)   --->   "%tmp_17_5_1 = call i16 @_ssdm_op_PartSelect.i16.i26.i32.i32(i26 %r_V_8_5_1, i32 10, i32 25)" [firmware/nnet_utils/nnet_dense_latency.h:42]   --->   Operation 79 'partselect' 'tmp_17_5_1' <Predicate = true> <Delay = 0.00>
ST_2 : Operation 80 [1/1] (3.72ns)   --->   "%r_V_8_5_2 = mul i26 %r_V_5_cast, 432" [firmware/nnet_utils/nnet_mult.h:73->firmware/nnet_utils/nnet_dense_latency.h:42]   --->   Operation 80 'mul' 'r_V_8_5_2' <Predicate = true> <Delay = 3.72> <Core = "Mul">   --->   Core 16 'Mul' <Latency = 0> <II = 1> <Delay = 3.72> <FuncUnit> <Opcode : 'mul'> <InPorts = 2> <OutPorts = 1>
ST_2 : Operation 81 [1/1] (0.00ns)   --->   "%tmp_17_5_2 = call i16 @_ssdm_op_PartSelect.i16.i26.i32.i32(i26 %r_V_8_5_2, i32 10, i32 25)" [firmware/nnet_utils/nnet_dense_latency.h:42]   --->   Operation 81 'partselect' 'tmp_17_5_2' <Predicate = true> <Delay = 0.00>
ST_2 : Operation 82 [1/1] (3.72ns)   --->   "%r_V_8_5_3 = mul i23 %r_V_5_cast1, 37" [firmware/nnet_utils/nnet_mult.h:73->firmware/nnet_utils/nnet_dense_latency.h:42]   --->   Operation 82 'mul' 'r_V_8_5_3' <Predicate = true> <Delay = 3.72> <Core = "Mul">   --->   Core 16 'Mul' <Latency = 0> <II = 1> <Delay = 3.72> <FuncUnit> <Opcode : 'mul'> <InPorts = 2> <OutPorts = 1>
ST_2 : Operation 83 [1/1] (0.00ns)   --->   "%tmp_15 = call i13 @_ssdm_op_PartSelect.i13.i23.i32.i32(i23 %r_V_8_5_3, i32 10, i32 22)" [firmware/nnet_utils/nnet_dense_latency.h:42]   --->   Operation 83 'partselect' 'tmp_15' <Predicate = true> <Delay = 0.00>
ST_2 : Operation 84 [1/1] (0.00ns)   --->   "%r_V_6_cast1 = sext i16 %data_6_V_read_2 to i24" [firmware/nnet_utils/nnet_mult.h:73->firmware/nnet_utils/nnet_dense_latency.h:42]   --->   Operation 84 'sext' 'r_V_6_cast1' <Predicate = true> <Delay = 0.00>
ST_2 : Operation 85 [1/1] (0.00ns)   --->   "%r_V_6_cast2 = sext i16 %data_6_V_read_2 to i22" [firmware/nnet_utils/nnet_mult.h:73->firmware/nnet_utils/nnet_dense_latency.h:42]   --->   Operation 85 'sext' 'r_V_6_cast2' <Predicate = true> <Delay = 0.00>
ST_2 : Operation 86 [1/1] (0.00ns)   --->   "%r_V_6_cast = sext i16 %data_6_V_read_2 to i26" [firmware/nnet_utils/nnet_mult.h:73->firmware/nnet_utils/nnet_dense_latency.h:42]   --->   Operation 86 'sext' 'r_V_6_cast' <Predicate = true> <Delay = 0.00>
ST_2 : Operation 87 [1/1] (3.72ns)   --->   "%r_V_8_6 = mul i26 %r_V_6_cast, -719" [firmware/nnet_utils/nnet_mult.h:73->firmware/nnet_utils/nnet_dense_latency.h:42]   --->   Operation 87 'mul' 'r_V_8_6' <Predicate = true> <Delay = 3.72> <Core = "Mul">   --->   Core 16 'Mul' <Latency = 0> <II = 1> <Delay = 3.72> <FuncUnit> <Opcode : 'mul'> <InPorts = 2> <OutPorts = 1>
ST_2 : Operation 88 [1/1] (0.00ns)   --->   "%tmp_17_6 = call i16 @_ssdm_op_PartSelect.i16.i26.i32.i32(i26 %r_V_8_6, i32 10, i32 25)" [firmware/nnet_utils/nnet_dense_latency.h:42]   --->   Operation 88 'partselect' 'tmp_17_6' <Predicate = true> <Delay = 0.00>
ST_2 : Operation 89 [1/1] (0.00ns)   --->   "%tmp_17 = call i21 @_ssdm_op_BitConcatenate.i21.i16.i5(i16 %data_6_V_read_2, i5 0)" [firmware/nnet_utils/nnet_dense_latency.h:13]   --->   Operation 89 'bitconcatenate' 'tmp_17' <Predicate = true> <Delay = 0.00>
ST_2 : Operation 90 [1/1] (0.00ns)   --->   "%p_shl2 = sext i21 %tmp_17 to i22" [firmware/nnet_utils/nnet_mult.h:73->firmware/nnet_utils/nnet_dense_latency.h:42]   --->   Operation 90 'sext' 'p_shl2' <Predicate = true> <Delay = 0.00>
ST_2 : Operation 91 [1/1] (1.37ns)   --->   "%r_V_8_6_1 = sub i22 %r_V_6_cast2, %p_shl2" [firmware/nnet_utils/nnet_mult.h:73->firmware/nnet_utils/nnet_dense_latency.h:42]   --->   Operation 91 'sub' 'r_V_8_6_1' <Predicate = true> <Delay = 1.37> <Core = "AddSub">   --->   Core 14 'AddSub' <Latency = 0> <II = 1> <Delay = 1.31> <FuncUnit> <Opcode : 'add' 'sub'> <InPorts = 2> <OutPorts = 1>
ST_2 : Operation 92 [1/1] (0.00ns)   --->   "%tmp_18 = call i12 @_ssdm_op_PartSelect.i12.i22.i32.i32(i22 %r_V_8_6_1, i32 10, i32 21)" [firmware/nnet_utils/nnet_mult.h:73->firmware/nnet_utils/nnet_dense_latency.h:42]   --->   Operation 92 'partselect' 'tmp_18' <Predicate = true> <Delay = 0.00>
ST_2 : Operation 93 [1/1] (3.72ns)   --->   "%r_V_8_6_2 = mul i24 %r_V_6_cast1, 70" [firmware/nnet_utils/nnet_mult.h:73->firmware/nnet_utils/nnet_dense_latency.h:42]   --->   Operation 93 'mul' 'r_V_8_6_2' <Predicate = true> <Delay = 3.72> <Core = "Mul">   --->   Core 16 'Mul' <Latency = 0> <II = 1> <Delay = 3.72> <FuncUnit> <Opcode : 'mul'> <InPorts = 2> <OutPorts = 1>
ST_2 : Operation 94 [1/1] (0.00ns)   --->   "%tmp_19 = call i14 @_ssdm_op_PartSelect.i14.i24.i32.i32(i24 %r_V_8_6_2, i32 10, i32 23)" [firmware/nnet_utils/nnet_dense_latency.h:42]   --->   Operation 94 'partselect' 'tmp_19' <Predicate = true> <Delay = 0.00>
ST_2 : Operation 95 [1/1] (3.72ns)   --->   "%r_V_8_6_3 = mul i22 %r_V_6_cast2, -29" [firmware/nnet_utils/nnet_mult.h:73->firmware/nnet_utils/nnet_dense_latency.h:42]   --->   Operation 95 'mul' 'r_V_8_6_3' <Predicate = true> <Delay = 3.72> <Core = "Mul">   --->   Core 16 'Mul' <Latency = 0> <II = 1> <Delay = 3.72> <FuncUnit> <Opcode : 'mul'> <InPorts = 2> <OutPorts = 1>
ST_2 : Operation 96 [1/1] (0.00ns)   --->   "%tmp_21 = call i12 @_ssdm_op_PartSelect.i12.i22.i32.i32(i22 %r_V_8_6_3, i32 10, i32 21)" [firmware/nnet_utils/nnet_dense_latency.h:42]   --->   Operation 96 'partselect' 'tmp_21' <Predicate = true> <Delay = 0.00>
ST_2 : Operation 97 [1/1] (0.00ns)   --->   "%r_V_7_cast = sext i16 %data_7_V_read11 to i25" [firmware/nnet_utils/nnet_mult.h:73->firmware/nnet_utils/nnet_dense_latency.h:42]   --->   Operation 97 'sext' 'r_V_7_cast' <Predicate = true> <Delay = 0.00>
ST_2 : Operation 98 [1/1] (0.00ns)   --->   "%r_V_7_cast1 = sext i16 %data_7_V_read11 to i26" [firmware/nnet_utils/nnet_mult.h:73->firmware/nnet_utils/nnet_dense_latency.h:42]   --->   Operation 98 'sext' 'r_V_7_cast1' <Predicate = true> <Delay = 0.00>
ST_2 : Operation 99 [1/1] (3.72ns)   --->   "%r_V_8_7 = mul i26 %r_V_7_cast1, 302" [firmware/nnet_utils/nnet_mult.h:73->firmware/nnet_utils/nnet_dense_latency.h:42]   --->   Operation 99 'mul' 'r_V_8_7' <Predicate = true> <Delay = 3.72> <Core = "Mul">   --->   Core 16 'Mul' <Latency = 0> <II = 1> <Delay = 3.72> <FuncUnit> <Opcode : 'mul'> <InPorts = 2> <OutPorts = 1>
ST_2 : Operation 100 [1/1] (0.00ns)   --->   "%tmp_17_7 = call i16 @_ssdm_op_PartSelect.i16.i26.i32.i32(i26 %r_V_8_7, i32 10, i32 25)" [firmware/nnet_utils/nnet_dense_latency.h:42]   --->   Operation 100 'partselect' 'tmp_17_7' <Predicate = true> <Delay = 0.00>
ST_2 : Operation 101 [1/1] (0.00ns)   --->   "%p_shl = call i21 @_ssdm_op_BitConcatenate.i21.i16.i5(i16 %data_7_V_read11, i5 0)" [firmware/nnet_utils/nnet_mult.h:73->firmware/nnet_utils/nnet_dense_latency.h:42]   --->   Operation 101 'bitconcatenate' 'p_shl' <Predicate = true> <Delay = 0.00>
ST_2 : Operation 102 [1/1] (0.00ns)   --->   "%p_shl_cast = sext i21 %p_shl to i22" [firmware/nnet_utils/nnet_mult.h:73->firmware/nnet_utils/nnet_dense_latency.h:42]   --->   Operation 102 'sext' 'p_shl_cast' <Predicate = true> <Delay = 0.00>
ST_2 : Operation 103 [1/1] (0.00ns) (grouped into TernaryAdder)   --->   "%p_neg = sub i22 0, %p_shl_cast" [firmware/nnet_utils/nnet_mult.h:73->firmware/nnet_utils/nnet_dense_latency.h:42]   --->   Operation 103 'sub' 'p_neg' <Predicate = true> <Delay = 0.00> <Core = "TAddSub">   --->   Core 84 'TAddSub' <Latency = 0> <II = 1> <Delay = 1.02> <IPBlock> <Opcode : 'add' 'sub'> <InPorts = 3> <OutPorts = 1> <Sync> <CReg>
ST_2 : Operation 104 [1/1] (0.00ns)   --->   "%p_shl1 = call i19 @_ssdm_op_BitConcatenate.i19.i16.i3(i16 %data_7_V_read11, i3 0)" [firmware/nnet_utils/nnet_mult.h:73->firmware/nnet_utils/nnet_dense_latency.h:42]   --->   Operation 104 'bitconcatenate' 'p_shl1' <Predicate = true> <Delay = 0.00>
ST_2 : Operation 105 [1/1] (0.00ns)   --->   "%p_shl1_cast = sext i19 %p_shl1 to i22" [firmware/nnet_utils/nnet_mult.h:73->firmware/nnet_utils/nnet_dense_latency.h:42]   --->   Operation 105 'sext' 'p_shl1_cast' <Predicate = true> <Delay = 0.00>
ST_2 : Operation 106 [1/1] (2.12ns) (root node of TernaryAdder)   --->   "%r_V_8_7_1 = sub i22 %p_neg, %p_shl1_cast" [firmware/nnet_utils/nnet_mult.h:73->firmware/nnet_utils/nnet_dense_latency.h:42]   --->   Operation 106 'sub' 'r_V_8_7_1' <Predicate = true> <Delay = 2.12> <Core = "TAddSub">   --->   Core 84 'TAddSub' <Latency = 0> <II = 1> <Delay = 1.02> <IPBlock> <Opcode : 'add' 'sub'> <InPorts = 3> <OutPorts = 1> <Sync> <CReg>
ST_2 : Operation 107 [1/1] (0.00ns)   --->   "%tmp_23 = call i12 @_ssdm_op_PartSelect.i12.i22.i32.i32(i22 %r_V_8_7_1, i32 10, i32 21)" [firmware/nnet_utils/nnet_mult.h:73->firmware/nnet_utils/nnet_dense_latency.h:42]   --->   Operation 107 'partselect' 'tmp_23' <Predicate = true> <Delay = 0.00>
ST_2 : Operation 108 [1/1] (0.00ns)   --->   "%tmp_25_cast = sext i12 %tmp_23 to i13" [firmware/nnet_utils/nnet_mult.h:73->firmware/nnet_utils/nnet_dense_latency.h:42]   --->   Operation 108 'sext' 'tmp_25_cast' <Predicate = true> <Delay = 0.00>
ST_2 : Operation 109 [1/1] (3.72ns)   --->   "%r_V_8_7_2 = mul i25 %r_V_7_cast, 200" [firmware/nnet_utils/nnet_mult.h:73->firmware/nnet_utils/nnet_dense_latency.h:42]   --->   Operation 109 'mul' 'r_V_8_7_2' <Predicate = true> <Delay = 3.72> <Core = "Mul">   --->   Core 16 'Mul' <Latency = 0> <II = 1> <Delay = 3.72> <FuncUnit> <Opcode : 'mul'> <InPorts = 2> <OutPorts = 1>
ST_2 : Operation 110 [1/1] (0.00ns)   --->   "%tmp_24 = call i15 @_ssdm_op_PartSelect.i15.i25.i32.i32(i25 %r_V_8_7_2, i32 10, i32 24)" [firmware/nnet_utils/nnet_dense_latency.h:42]   --->   Operation 110 'partselect' 'tmp_24' <Predicate = true> <Delay = 0.00>
ST_2 : Operation 111 [1/1] (3.72ns)   --->   "%r_V_8_7_3 = mul i25 %r_V_7_cast, 145" [firmware/nnet_utils/nnet_mult.h:73->firmware/nnet_utils/nnet_dense_latency.h:42]   --->   Operation 111 'mul' 'r_V_8_7_3' <Predicate = true> <Delay = 3.72> <Core = "Mul">   --->   Core 16 'Mul' <Latency = 0> <II = 1> <Delay = 3.72> <FuncUnit> <Opcode : 'mul'> <InPorts = 2> <OutPorts = 1>
ST_2 : Operation 112 [1/1] (0.00ns)   --->   "%tmp_26 = call i15 @_ssdm_op_PartSelect.i15.i25.i32.i32(i25 %r_V_8_7_3, i32 10, i32 24)" [firmware/nnet_utils/nnet_dense_latency.h:42]   --->   Operation 112 'partselect' 'tmp_26' <Predicate = true> <Delay = 0.00>
ST_2 : Operation 113 [1/1] (1.30ns)   --->   "%tmp9 = add i16 %tmp_17_1, %tmp_1" [firmware/nnet_utils/nnet_dense_latency.h:58]   --->   Operation 113 'add' 'tmp9' <Predicate = true> <Delay = 1.30> <Core = "AddSub">   --->   Core 14 'AddSub' <Latency = 0> <II = 1> <Delay = 1.31> <FuncUnit> <Opcode : 'add' 'sub'> <InPorts = 2> <OutPorts = 1>
ST_2 : Operation 114 [1/1] (0.00ns) (grouped into TernaryAdder)   --->   "%tmp10 = add i16 %tmp_6, %tmp_2" [firmware/nnet_utils/nnet_dense_latency.h:58]   --->   Operation 114 'add' 'tmp10' <Predicate = true> <Delay = 0.00> <Core = "TAddSub">   --->   Core 84 'TAddSub' <Latency = 0> <II = 1> <Delay = 1.02> <IPBlock> <Opcode : 'add' 'sub'> <InPorts = 3> <OutPorts = 1> <Sync> <CReg>
ST_2 : Operation 115 [1/1] (2.04ns) (root node of TernaryAdder)   --->   "%tmp = add i16 %tmp9, %tmp10" [firmware/nnet_utils/nnet_dense_latency.h:58]   --->   Operation 115 'add' 'tmp' <Predicate = true> <Delay = 2.04> <Core = "TAddSub">   --->   Core 84 'TAddSub' <Latency = 0> <II = 1> <Delay = 1.02> <IPBlock> <Opcode : 'add' 'sub'> <InPorts = 3> <OutPorts = 1> <Sync> <CReg>
ST_2 : Operation 116 [1/1] (1.30ns)   --->   "%tmp16 = add i16 %tmp_8, %tmp_17_0_1" [firmware/nnet_utils/nnet_dense_latency.h:58]   --->   Operation 116 'add' 'tmp16' <Predicate = true> <Delay = 1.30> <Core = "AddSub">   --->   Core 14 'AddSub' <Latency = 0> <II = 1> <Delay = 1.31> <FuncUnit> <Opcode : 'add' 'sub'> <InPorts = 2> <OutPorts = 1>
ST_2 : Operation 117 [1/1] (0.00ns) (grouped into TernaryAdder)   --->   "%tmp17 = add i16 %tmp_17_3_1, %tmp_17_2_1" [firmware/nnet_utils/nnet_dense_latency.h:58]   --->   Operation 117 'add' 'tmp17' <Predicate = true> <Delay = 0.00> <Core = "TAddSub">   --->   Core 84 'TAddSub' <Latency = 0> <II = 1> <Delay = 1.02> <IPBlock> <Opcode : 'add' 'sub'> <InPorts = 3> <OutPorts = 1> <Sync> <CReg>
ST_2 : Operation 118 [1/1] (2.04ns) (root node of TernaryAdder)   --->   "%tmp15 = add i16 %tmp16, %tmp17" [firmware/nnet_utils/nnet_dense_latency.h:58]   --->   Operation 118 'add' 'tmp15' <Predicate = true> <Delay = 2.04> <Core = "TAddSub">   --->   Core 84 'TAddSub' <Latency = 0> <II = 1> <Delay = 1.02> <IPBlock> <Opcode : 'add' 'sub'> <InPorts = 3> <OutPorts = 1> <Sync> <CReg>
ST_2 : Operation 119 [1/1] (1.33ns)   --->   "%tmp21 = add i13 %tmp_25_cast, 159" [firmware/nnet_utils/nnet_dense_latency.h:58]   --->   Operation 119 'add' 'tmp21' <Predicate = true> <Delay = 1.33> <Core = "AddSub">   --->   Core 14 'AddSub' <Latency = 0> <II = 1> <Delay = 1.31> <FuncUnit> <Opcode : 'add' 'sub'> <InPorts = 2> <OutPorts = 1>
ST_2 : Operation 120 [1/1] (1.30ns)   --->   "%tmp23 = add i16 %tmp_17_1_2, %tmp_17_0_2" [firmware/nnet_utils/nnet_dense_latency.h:58]   --->   Operation 120 'add' 'tmp23' <Predicate = true> <Delay = 1.30> <Core = "AddSub">   --->   Core 14 'AddSub' <Latency = 0> <II = 1> <Delay = 1.31> <FuncUnit> <Opcode : 'add' 'sub'> <InPorts = 2> <OutPorts = 1>
ST_2 : Operation 121 [1/1] (0.00ns) (grouped into TernaryAdder)   --->   "%tmp24 = add i16 %tmp_17_3_2, %tmp_17_2_2" [firmware/nnet_utils/nnet_dense_latency.h:58]   --->   Operation 121 'add' 'tmp24' <Predicate = true> <Delay = 0.00> <Core = "TAddSub">   --->   Core 84 'TAddSub' <Latency = 0> <II = 1> <Delay = 1.02> <IPBlock> <Opcode : 'add' 'sub'> <InPorts = 3> <OutPorts = 1> <Sync> <CReg>
ST_2 : Operation 122 [1/1] (2.04ns) (root node of TernaryAdder)   --->   "%tmp22 = add i16 %tmp23, %tmp24" [firmware/nnet_utils/nnet_dense_latency.h:58]   --->   Operation 122 'add' 'tmp22' <Predicate = true> <Delay = 2.04> <Core = "TAddSub">   --->   Core 84 'TAddSub' <Latency = 0> <II = 1> <Delay = 1.02> <IPBlock> <Opcode : 'add' 'sub'> <InPorts = 3> <OutPorts = 1> <Sync> <CReg>
ST_2 : Operation 123 [1/1] (1.30ns)   --->   "%tmp30 = add i16 %tmp_17_1_3, %tmp_5" [firmware/nnet_utils/nnet_dense_latency.h:58]   --->   Operation 123 'add' 'tmp30' <Predicate = true> <Delay = 1.30> <Core = "AddSub">   --->   Core 14 'AddSub' <Latency = 0> <II = 1> <Delay = 1.31> <FuncUnit> <Opcode : 'add' 'sub'> <InPorts = 2> <OutPorts = 1>
ST_2 : Operation 124 [1/1] (0.00ns) (grouped into TernaryAdder)   --->   "%tmp31 = add i16 %tmp_17_3_3, %tmp_17_2_3" [firmware/nnet_utils/nnet_dense_latency.h:58]   --->   Operation 124 'add' 'tmp31' <Predicate = true> <Delay = 0.00> <Core = "TAddSub">   --->   Core 84 'TAddSub' <Latency = 0> <II = 1> <Delay = 1.02> <IPBlock> <Opcode : 'add' 'sub'> <InPorts = 3> <OutPorts = 1> <Sync> <CReg>
ST_2 : Operation 125 [1/1] (2.04ns) (root node of TernaryAdder)   --->   "%tmp29 = add i16 %tmp30, %tmp31" [firmware/nnet_utils/nnet_dense_latency.h:58]   --->   Operation 125 'add' 'tmp29' <Predicate = true> <Delay = 2.04> <Core = "TAddSub">   --->   Core 84 'TAddSub' <Latency = 0> <II = 1> <Delay = 1.02> <IPBlock> <Opcode : 'add' 'sub'> <InPorts = 3> <OutPorts = 1> <Sync> <CReg>

State 3 <SV = 2> <Delay = 4.08>
ST_3 : Operation 126 [1/1] (0.00ns)   --->   "call void (...)* @_ssdm_op_SpecPipeline(i32 1, i32 1, i32 1, i32 0, [1 x i8]* @p_str7) nounwind" [firmware/nnet_utils/nnet_dense_latency.h:26]   --->   Operation 126 'specpipeline' <Predicate = true> <Delay = 0.00>
ST_3 : Operation 127 [1/1] (0.00ns)   --->   "call void (...)* @_ssdm_op_SpecResourceLimit(i32 32, [4 x i8]* @p_str9, [1 x i8]* @p_str7, [1 x i8]* @p_str7, [1 x i8]* @p_str7) nounwind" [firmware/nnet_utils/nnet_dense_latency.h:33]   --->   Operation 127 'specresourcelimit' <Predicate = true> <Delay = 0.00>
ST_3 : Operation 128 [1/1] (0.00ns)   --->   "%tmp_10 = sext i10 %tmp_9 to i16" [firmware/nnet_utils/nnet_dense_latency.h:42]   --->   Operation 128 'sext' 'tmp_10' <Predicate = true> <Delay = 0.00>
ST_3 : Operation 129 [1/1] (0.00ns)   --->   "%tmp_12 = sext i15 %tmp_11 to i16" [firmware/nnet_utils/nnet_dense_latency.h:42]   --->   Operation 129 'sext' 'tmp_12' <Predicate = true> <Delay = 0.00>
ST_3 : Operation 130 [1/1] (0.00ns)   --->   "%tmp_14 = sext i15 %tmp_13 to i16" [firmware/nnet_utils/nnet_dense_latency.h:42]   --->   Operation 130 'sext' 'tmp_14' <Predicate = true> <Delay = 0.00>
ST_3 : Operation 131 [1/1] (0.00ns)   --->   "%tmp_16 = sext i13 %tmp_15 to i16" [firmware/nnet_utils/nnet_dense_latency.h:42]   --->   Operation 131 'sext' 'tmp_16' <Predicate = true> <Delay = 0.00>
ST_3 : Operation 132 [1/1] (0.00ns)   --->   "%tmp_19_cast = sext i12 %tmp_18 to i14" [firmware/nnet_utils/nnet_mult.h:73->firmware/nnet_utils/nnet_dense_latency.h:42]   --->   Operation 132 'sext' 'tmp_19_cast' <Predicate = true> <Delay = 0.00>
ST_3 : Operation 133 [1/1] (0.00ns)   --->   "%tmp_20 = sext i14 %tmp_19 to i16" [firmware/nnet_utils/nnet_dense_latency.h:42]   --->   Operation 133 'sext' 'tmp_20' <Predicate = true> <Delay = 0.00>
ST_3 : Operation 134 [1/1] (0.00ns)   --->   "%tmp_22 = sext i12 %tmp_21 to i16" [firmware/nnet_utils/nnet_dense_latency.h:42]   --->   Operation 134 'sext' 'tmp_22' <Predicate = true> <Delay = 0.00>
ST_3 : Operation 135 [1/1] (0.00ns)   --->   "%tmp_25 = sext i15 %tmp_24 to i16" [firmware/nnet_utils/nnet_dense_latency.h:42]   --->   Operation 135 'sext' 'tmp_25' <Predicate = true> <Delay = 0.00>
ST_3 : Operation 136 [1/1] (0.00ns)   --->   "%tmp_27 = sext i15 %tmp_26 to i16" [firmware/nnet_utils/nnet_dense_latency.h:42]   --->   Operation 136 'sext' 'tmp_27' <Predicate = true> <Delay = 0.00>
ST_3 : Operation 137 [1/1] (1.30ns)   --->   "%tmp12 = add i16 %tmp_17_5, %tmp_10" [firmware/nnet_utils/nnet_dense_latency.h:58]   --->   Operation 137 'add' 'tmp12' <Predicate = true> <Delay = 1.30> <Core = "AddSub">   --->   Core 14 'AddSub' <Latency = 0> <II = 1> <Delay = 1.31> <FuncUnit> <Opcode : 'add' 'sub'> <InPorts = 2> <OutPorts = 1>
ST_3 : Operation 138 [1/1] (0.00ns) (grouped into TernaryAdder)   --->   "%tmp14 = add i16 %tmp_17_7, -277" [firmware/nnet_utils/nnet_dense_latency.h:58]   --->   Operation 138 'add' 'tmp14' <Predicate = true> <Delay = 0.00> <Core = "TAddSub">   --->   Core 84 'TAddSub' <Latency = 0> <II = 1> <Delay = 1.02> <IPBlock> <Opcode : 'add' 'sub'> <InPorts = 3> <OutPorts = 1> <Sync> <CReg>
ST_3 : Operation 139 [1/1] (2.04ns) (root node of TernaryAdder)   --->   "%tmp13 = add i16 %tmp_17_6, %tmp14" [firmware/nnet_utils/nnet_dense_latency.h:58]   --->   Operation 139 'add' 'tmp13' <Predicate = true> <Delay = 2.04> <Core = "TAddSub">   --->   Core 84 'TAddSub' <Latency = 0> <II = 1> <Delay = 1.02> <IPBlock> <Opcode : 'add' 'sub'> <InPorts = 3> <OutPorts = 1> <Sync> <CReg>
ST_3 : Operation 140 [1/1] (0.00ns) (grouped into TernaryAdder)   --->   "%tmp11 = add i16 %tmp12, %tmp13" [firmware/nnet_utils/nnet_dense_latency.h:58]   --->   Operation 140 'add' 'tmp11' <Predicate = true> <Delay = 0.00> <Core = "TAddSub">   --->   Core 84 'TAddSub' <Latency = 0> <II = 1> <Delay = 1.02> <IPBlock> <Opcode : 'add' 'sub'> <InPorts = 3> <OutPorts = 1> <Sync> <CReg>
ST_3 : Operation 141 [1/1] (2.04ns) (root node of TernaryAdder)   --->   "%res_0_V_write_assign = add i16 %tmp, %tmp11" [firmware/nnet_utils/nnet_dense_latency.h:58]   --->   Operation 141 'add' 'res_0_V_write_assign' <Predicate = true> <Delay = 2.04> <Core = "TAddSub">   --->   Core 84 'TAddSub' <Latency = 0> <II = 1> <Delay = 1.02> <IPBlock> <Opcode : 'add' 'sub'> <InPorts = 3> <OutPorts = 1> <Sync> <CReg>
ST_3 : Operation 142 [1/1] (1.30ns)   --->   "%tmp19 = add i16 %tmp_17_5_1, %tmp_17_4_1" [firmware/nnet_utils/nnet_dense_latency.h:58]   --->   Operation 142 'add' 'tmp19' <Predicate = true> <Delay = 1.30> <Core = "AddSub">   --->   Core 14 'AddSub' <Latency = 0> <II = 1> <Delay = 1.31> <FuncUnit> <Opcode : 'add' 'sub'> <InPorts = 2> <OutPorts = 1>
ST_3 : Operation 143 [1/1] (0.00ns)   --->   "%tmp21_cast = sext i13 %tmp21 to i14" [firmware/nnet_utils/nnet_dense_latency.h:58]   --->   Operation 143 'sext' 'tmp21_cast' <Predicate = true> <Delay = 0.00>
ST_3 : Operation 144 [1/1] (1.32ns)   --->   "%tmp20 = add i14 %tmp_19_cast, %tmp21_cast" [firmware/nnet_utils/nnet_dense_latency.h:58]   --->   Operation 144 'add' 'tmp20' <Predicate = true> <Delay = 1.32> <Core = "AddSub">   --->   Core 14 'AddSub' <Latency = 0> <II = 1> <Delay = 1.31> <FuncUnit> <Opcode : 'add' 'sub'> <InPorts = 2> <OutPorts = 1>
ST_3 : Operation 145 [1/1] (0.00ns)   --->   "%tmp20_cast = sext i14 %tmp20 to i16" [firmware/nnet_utils/nnet_dense_latency.h:58]   --->   Operation 145 'sext' 'tmp20_cast' <Predicate = true> <Delay = 0.00>
ST_3 : Operation 146 [1/1] (0.00ns) (grouped into TernaryAdder)   --->   "%tmp18 = add i16 %tmp19, %tmp20_cast" [firmware/nnet_utils/nnet_dense_latency.h:58]   --->   Operation 146 'add' 'tmp18' <Predicate = true> <Delay = 0.00> <Core = "TAddSub">   --->   Core 84 'TAddSub' <Latency = 0> <II = 1> <Delay = 1.02> <IPBlock> <Opcode : 'add' 'sub'> <InPorts = 3> <OutPorts = 1> <Sync> <CReg>
ST_3 : Operation 147 [1/1] (2.04ns) (root node of TernaryAdder)   --->   "%acc_1_V = add i16 %tmp15, %tmp18" [firmware/nnet_utils/nnet_dense_latency.h:58]   --->   Operation 147 'add' 'acc_1_V' <Predicate = true> <Delay = 2.04> <Core = "TAddSub">   --->   Core 84 'TAddSub' <Latency = 0> <II = 1> <Delay = 1.02> <IPBlock> <Opcode : 'add' 'sub'> <InPorts = 3> <OutPorts = 1> <Sync> <CReg>
ST_3 : Operation 148 [1/1] (1.30ns)   --->   "%tmp26 = add i16 %tmp_17_5_2, %tmp_12" [firmware/nnet_utils/nnet_dense_latency.h:58]   --->   Operation 148 'add' 'tmp26' <Predicate = true> <Delay = 1.30> <Core = "AddSub">   --->   Core 14 'AddSub' <Latency = 0> <II = 1> <Delay = 1.31> <FuncUnit> <Opcode : 'add' 'sub'> <InPorts = 2> <OutPorts = 1>
ST_3 : Operation 149 [1/1] (0.00ns) (grouped into TernaryAdder)   --->   "%tmp28 = add i16 %tmp_25, 358" [firmware/nnet_utils/nnet_dense_latency.h:58]   --->   Operation 149 'add' 'tmp28' <Predicate = true> <Delay = 0.00> <Core = "TAddSub">   --->   Core 84 'TAddSub' <Latency = 0> <II = 1> <Delay = 1.02> <IPBlock> <Opcode : 'add' 'sub'> <InPorts = 3> <OutPorts = 1> <Sync> <CReg>
ST_3 : Operation 150 [1/1] (2.04ns) (root node of TernaryAdder)   --->   "%tmp27 = add i16 %tmp_20, %tmp28" [firmware/nnet_utils/nnet_dense_latency.h:58]   --->   Operation 150 'add' 'tmp27' <Predicate = true> <Delay = 2.04> <Core = "TAddSub">   --->   Core 84 'TAddSub' <Latency = 0> <II = 1> <Delay = 1.02> <IPBlock> <Opcode : 'add' 'sub'> <InPorts = 3> <OutPorts = 1> <Sync> <CReg>
ST_3 : Operation 151 [1/1] (0.00ns) (grouped into TernaryAdder)   --->   "%tmp25 = add i16 %tmp26, %tmp27" [firmware/nnet_utils/nnet_dense_latency.h:58]   --->   Operation 151 'add' 'tmp25' <Predicate = true> <Delay = 0.00> <Core = "TAddSub">   --->   Core 84 'TAddSub' <Latency = 0> <II = 1> <Delay = 1.02> <IPBlock> <Opcode : 'add' 'sub'> <InPorts = 3> <OutPorts = 1> <Sync> <CReg>
ST_3 : Operation 152 [1/1] (2.04ns) (root node of TernaryAdder)   --->   "%acc_2_V = add i16 %tmp22, %tmp25" [firmware/nnet_utils/nnet_dense_latency.h:58]   --->   Operation 152 'add' 'acc_2_V' <Predicate = true> <Delay = 2.04> <Core = "TAddSub">   --->   Core 84 'TAddSub' <Latency = 0> <II = 1> <Delay = 1.02> <IPBlock> <Opcode : 'add' 'sub'> <InPorts = 3> <OutPorts = 1> <Sync> <CReg>
ST_3 : Operation 153 [1/1] (1.31ns)   --->   "%tmp33 = add i16 %tmp_16, %tmp_14" [firmware/nnet_utils/nnet_dense_latency.h:58]   --->   Operation 153 'add' 'tmp33' <Predicate = true> <Delay = 1.31> <Core = "AddSub">   --->   Core 14 'AddSub' <Latency = 0> <II = 1> <Delay = 1.31> <FuncUnit> <Opcode : 'add' 'sub'> <InPorts = 2> <OutPorts = 1>
ST_3 : Operation 154 [1/1] (0.00ns) (grouped into TernaryAdder)   --->   "%tmp35 = add i16 %tmp_27, -114" [firmware/nnet_utils/nnet_dense_latency.h:58]   --->   Operation 154 'add' 'tmp35' <Predicate = true> <Delay = 0.00> <Core = "TAddSub">   --->   Core 84 'TAddSub' <Latency = 0> <II = 1> <Delay = 1.02> <IPBlock> <Opcode : 'add' 'sub'> <InPorts = 3> <OutPorts = 1> <Sync> <CReg>
ST_3 : Operation 155 [1/1] (2.04ns) (root node of TernaryAdder)   --->   "%tmp34 = add i16 %tmp_22, %tmp35" [firmware/nnet_utils/nnet_dense_latency.h:58]   --->   Operation 155 'add' 'tmp34' <Predicate = true> <Delay = 2.04> <Core = "TAddSub">   --->   Core 84 'TAddSub' <Latency = 0> <II = 1> <Delay = 1.02> <IPBlock> <Opcode : 'add' 'sub'> <InPorts = 3> <OutPorts = 1> <Sync> <CReg>
ST_3 : Operation 156 [1/1] (0.00ns) (grouped into TernaryAdder)   --->   "%tmp32 = add i16 %tmp33, %tmp34" [firmware/nnet_utils/nnet_dense_latency.h:58]   --->   Operation 156 'add' 'tmp32' <Predicate = true> <Delay = 0.00> <Core = "TAddSub">   --->   Core 84 'TAddSub' <Latency = 0> <II = 1> <Delay = 1.02> <IPBlock> <Opcode : 'add' 'sub'> <InPorts = 3> <OutPorts = 1> <Sync> <CReg>
ST_3 : Operation 157 [1/1] (2.04ns) (root node of TernaryAdder)   --->   "%acc_3_V = add i16 %tmp29, %tmp32" [firmware/nnet_utils/nnet_dense_latency.h:58]   --->   Operation 157 'add' 'acc_3_V' <Predicate = true> <Delay = 2.04> <Core = "TAddSub">   --->   Core 84 'TAddSub' <Latency = 0> <II = 1> <Delay = 1.02> <IPBlock> <Opcode : 'add' 'sub'> <InPorts = 3> <OutPorts = 1> <Sync> <CReg>
ST_3 : Operation 158 [1/1] (0.00ns)   --->   "%mrv = insertvalue { i16, i16, i16, i16 } undef, i16 %res_0_V_write_assign, 0" [firmware/nnet_utils/nnet_dense_latency.h:68]   --->   Operation 158 'insertvalue' 'mrv' <Predicate = true> <Delay = 0.00>
ST_3 : Operation 159 [1/1] (0.00ns)   --->   "%mrv_1 = insertvalue { i16, i16, i16, i16 } %mrv, i16 %acc_1_V, 1" [firmware/nnet_utils/nnet_dense_latency.h:68]   --->   Operation 159 'insertvalue' 'mrv_1' <Predicate = true> <Delay = 0.00>
ST_3 : Operation 160 [1/1] (0.00ns)   --->   "%mrv_2 = insertvalue { i16, i16, i16, i16 } %mrv_1, i16 %acc_2_V, 2" [firmware/nnet_utils/nnet_dense_latency.h:68]   --->   Operation 160 'insertvalue' 'mrv_2' <Predicate = true> <Delay = 0.00>
ST_3 : Operation 161 [1/1] (0.00ns)   --->   "%mrv_3 = insertvalue { i16, i16, i16, i16 } %mrv_2, i16 %acc_3_V, 3" [firmware/nnet_utils/nnet_dense_latency.h:68]   --->   Operation 161 'insertvalue' 'mrv_3' <Predicate = true> <Delay = 0.00>
ST_3 : Operation 162 [1/1] (0.00ns)   --->   "ret { i16, i16, i16, i16 } %mrv_3" [firmware/nnet_utils/nnet_dense_latency.h:68]   --->   Operation 162 'ret' <Predicate = true> <Delay = 0.00>


============================================================
+ Verbose Summary: Timing violations
============================================================
Target clock period: 5ns, clock uncertainty: 0.625ns.

 <State 1>: 3.72ns
The critical path consists of the following:
	wire read on port 'data_3_V_read' (firmware/nnet_utils/nnet_dense_latency.h:13) [13]  (0 ns)
	'mul' operation ('r_V_8_3', firmware/nnet_utils/nnet_mult.h:73->firmware/nnet_utils/nnet_dense_latency.h:42) [58]  (3.72 ns)

 <State 2>: 3.72ns
The critical path consists of the following:
	'mul' operation ('r_V_8_4_2', firmware/nnet_utils/nnet_mult.h:73->firmware/nnet_utils/nnet_dense_latency.h:42) [78]  (3.72 ns)

 <State 3>: 4.08ns
The critical path consists of the following:
	'add' operation ('tmp27', firmware/nnet_utils/nnet_dense_latency.h:58) [152]  (2.04 ns)
	'add' operation ('tmp25', firmware/nnet_utils/nnet_dense_latency.h:58) [153]  (0 ns)
	'add' operation ('acc[2].V', firmware/nnet_utils/nnet_dense_latency.h:58) [154]  (2.04 ns)


============================================================
+ Verbose Summary: Binding
============================================================
N/A
* FSMD analyzer results:
  - Output states:
 - Input state : 
  - Chain level:
	State 1
	State 2
	State 3


============================================================
+ Verbose Summary: Datapath Resource usage 
============================================================
N/A
